CRITICAL - 2020-06-27 11:48:22 --> Undefined index: nombre
#0 C:\xampp\htdocs\the-final-boss\app\Views\common\formheader.php(85): CodeIgniter\Debug\Exceptions->errorHandler(8, 'Undefined index...', 'C:\\xampp\\htdocs...', 85, Array)
#1 C:\xampp\htdocs\the-final-boss\system\View\View.php(246): include('C:\\xampp\\htdocs...')
#2 C:\xampp\htdocs\the-final-boss\system\Common.php(1087): CodeIgniter\View\View->render('common/formhead...', Array, true)
#3 C:\xampp\htdocs\the-final-boss\app\Views\contenidos\paginas\editPage.php(2): view('common/formhead...', Array)
#4 C:\xampp\htdocs\the-final-boss\system\View\View.php(246): include('C:\\xampp\\htdocs...')
#5 C:\xampp\htdocs\the-final-boss\system\Common.php(1087): CodeIgniter\View\View->render('contenidos/pagi...', Array, true)
#6 C:\xampp\htdocs\the-final-boss\app\Controllers\Content.php(186): view('contenidos/pagi...', Array)
#7 C:\xampp\htdocs\the-final-boss\system\CodeIgniter.php(914): App\Controllers\Content->editPagina('1')
#8 C:\xampp\htdocs\the-final-boss\system\CodeIgniter.php(400): CodeIgniter\CodeIgniter->runController(Object(App\Controllers\Content))
#9 C:\xampp\htdocs\the-final-boss\system\CodeIgniter.php(308): CodeIgniter\CodeIgniter->handleRequest(NULL, Object(Config\Cache), false)
#10 C:\xampp\htdocs\the-final-boss\public\index.php(45): CodeIgniter\CodeIgniter->run()
#11 {main}
CRITICAL - 2020-06-27 11:48:28 --> Undefined index: nombre
#0 C:\xampp\htdocs\the-final-boss\app\Views\common\basicheader.php(84): CodeIgniter\Debug\Exceptions->errorHandler(8, 'Undefined index...', 'C:\\xampp\\htdocs...', 84, Array)
#1 C:\xampp\htdocs\the-final-boss\system\View\View.php(246): include('C:\\xampp\\htdocs...')
#2 C:\xampp\htdocs\the-final-boss\system\Common.php(1087): CodeIgniter\View\View->render('common/basichea...', Array, true)
#3 C:\xampp\htdocs\the-final-boss\app\Views\contenidos\paginas\showListOfPages.php(2): view('common/basichea...', Array)
#4 C:\xampp\htdocs\the-final-boss\system\View\View.php(246): include('C:\\xampp\\htdocs...')
#5 C:\xampp\htdocs\the-final-boss\system\Common.php(1087): CodeIgniter\View\View->render('contenidos/pagi...', Array, true)
#6 C:\xampp\htdocs\the-final-boss\app\Controllers\Content.php(201): view('contenidos/pagi...', Array)
#7 C:\xampp\htdocs\the-final-boss\system\CodeIgniter.php(914): App\Controllers\Content->verpaginas()
#8 C:\xampp\htdocs\the-final-boss\system\CodeIgniter.php(400): CodeIgniter\CodeIgniter->runController(Object(App\Controllers\Content))
#9 C:\xampp\htdocs\the-final-boss\system\CodeIgniter.php(308): CodeIgniter\CodeIgniter->handleRequest(NULL, Object(Config\Cache), false)
#10 C:\xampp\htdocs\the-final-boss\public\index.php(45): CodeIgniter\CodeIgniter->run()
#11 {main}
