CRITICAL - 2020-07-11 10:22:21 --> The original file is not a valid file.
#0 C:\Users\ahft_\Documents\Tareas\Universidad\UDABOL\Investigacion Operativa\XAMPP\htdocs\the-final-boss\system\HTTP\Files\UploadedFile.php(172): CodeIgniter\HTTP\Exceptions\HTTPException::forInvalidFile()
#1 C:\Users\ahft_\Documents\Tareas\Universidad\UDABOL\Investigacion Operativa\XAMPP\htdocs\the-final-boss\app\Controllers\Content.php(89): CodeIgniter\HTTP\Files\UploadedFile->move('C:\\Users\\ahft_\\...', 'PHISHING EN FAC...')
#2 C:\Users\ahft_\Documents\Tareas\Universidad\UDABOL\Investigacion Operativa\XAMPP\htdocs\the-final-boss\app\Controllers\Content.php(126): App\Controllers\Content->guardar_imagen_principal()
#3 C:\Users\ahft_\Documents\Tareas\Universidad\UDABOL\Investigacion Operativa\XAMPP\htdocs\the-final-boss\system\CodeIgniter.php(914): App\Controllers\Content->editArticulo('42')
#4 C:\Users\ahft_\Documents\Tareas\Universidad\UDABOL\Investigacion Operativa\XAMPP\htdocs\the-final-boss\system\CodeIgniter.php(400): CodeIgniter\CodeIgniter->runController(Object(App\Controllers\Content))
#5 C:\Users\ahft_\Documents\Tareas\Universidad\UDABOL\Investigacion Operativa\XAMPP\htdocs\the-final-boss\system\CodeIgniter.php(308): CodeIgniter\CodeIgniter->handleRequest(NULL, Object(Config\Cache), false)
#6 C:\Users\ahft_\Documents\Tareas\Universidad\UDABOL\Investigacion Operativa\XAMPP\htdocs\the-final-boss\public\index.php(45): CodeIgniter\CodeIgniter->run()
#7 {main}
CRITICAL - 2020-07-11 10:45:23 --> syntax error, unexpected '}', expecting ';' or ','
#0 C:\Users\ahft_\Documents\Tareas\Universidad\UDABOL\Investigacion Operativa\XAMPP\htdocs\the-final-boss\system\Common.php(1087): CodeIgniter\View\View->render('common/formcont...', Array, true)
#1 C:\Users\ahft_\Documents\Tareas\Universidad\UDABOL\Investigacion Operativa\XAMPP\htdocs\the-final-boss\app\Views\contenidos\articulos\editArticle.php(28): view('common/formcont...')
#2 C:\Users\ahft_\Documents\Tareas\Universidad\UDABOL\Investigacion Operativa\XAMPP\htdocs\the-final-boss\system\View\View.php(246): include('C:\\Users\\ahft_\\...')
#3 C:\Users\ahft_\Documents\Tareas\Universidad\UDABOL\Investigacion Operativa\XAMPP\htdocs\the-final-boss\system\Common.php(1087): CodeIgniter\View\View->render('contenidos/arti...', Array, true)
#4 C:\Users\ahft_\Documents\Tareas\Universidad\UDABOL\Investigacion Operativa\XAMPP\htdocs\the-final-boss\app\Controllers\Content.php(147): view('contenidos/arti...', Array)
#5 C:\Users\ahft_\Documents\Tareas\Universidad\UDABOL\Investigacion Operativa\XAMPP\htdocs\the-final-boss\system\CodeIgniter.php(914): App\Controllers\Content->editArticulo('42')
#6 C:\Users\ahft_\Documents\Tareas\Universidad\UDABOL\Investigacion Operativa\XAMPP\htdocs\the-final-boss\system\CodeIgniter.php(400): CodeIgniter\CodeIgniter->runController(Object(App\Controllers\Content))
#7 C:\Users\ahft_\Documents\Tareas\Universidad\UDABOL\Investigacion Operativa\XAMPP\htdocs\the-final-boss\system\CodeIgniter.php(308): CodeIgniter\CodeIgniter->handleRequest(NULL, Object(Config\Cache), false)
#8 C:\Users\ahft_\Documents\Tareas\Universidad\UDABOL\Investigacion Operativa\XAMPP\htdocs\the-final-boss\public\index.php(45): CodeIgniter\CodeIgniter->run()
#9 {main}
CRITICAL - 2020-07-11 10:46:21 --> Undefined index: categoria
#0 C:\Users\ahft_\Documents\Tareas\Universidad\UDABOL\Investigacion Operativa\XAMPP\htdocs\the-final-boss\app\Views\common\formcontent.php(98): CodeIgniter\Debug\Exceptions->errorHandler(8, 'Undefined index...', 'C:\\Users\\ahft_\\...', 98, Array)
#1 C:\Users\ahft_\Documents\Tareas\Universidad\UDABOL\Investigacion Operativa\XAMPP\htdocs\the-final-boss\system\View\View.php(246): include('C:\\Users\\ahft_\\...')
#2 C:\Users\ahft_\Documents\Tareas\Universidad\UDABOL\Investigacion Operativa\XAMPP\htdocs\the-final-boss\system\Common.php(1087): CodeIgniter\View\View->render('common/formcont...', Array, true)
#3 C:\Users\ahft_\Documents\Tareas\Universidad\UDABOL\Investigacion Operativa\XAMPP\htdocs\the-final-boss\app\Views\contenidos\articulos\createArticle.php(27): view('common/formcont...')
#4 C:\Users\ahft_\Documents\Tareas\Universidad\UDABOL\Investigacion Operativa\XAMPP\htdocs\the-final-boss\system\View\View.php(246): include('C:\\Users\\ahft_\\...')
#5 C:\Users\ahft_\Documents\Tareas\Universidad\UDABOL\Investigacion Operativa\XAMPP\htdocs\the-final-boss\system\Common.php(1087): CodeIgniter\View\View->render('contenidos/arti...', Array, true)
#6 C:\Users\ahft_\Documents\Tareas\Universidad\UDABOL\Investigacion Operativa\XAMPP\htdocs\the-final-boss\app\Controllers\Content.php(125): view('contenidos/arti...', Array)
#7 C:\Users\ahft_\Documents\Tareas\Universidad\UDABOL\Investigacion Operativa\XAMPP\htdocs\the-final-boss\system\CodeIgniter.php(914): App\Controllers\Content->crearArticulo()
#8 C:\Users\ahft_\Documents\Tareas\Universidad\UDABOL\Investigacion Operativa\XAMPP\htdocs\the-final-boss\system\CodeIgniter.php(400): CodeIgniter\CodeIgniter->runController(Object(App\Controllers\Content))
#9 C:\Users\ahft_\Documents\Tareas\Universidad\UDABOL\Investigacion Operativa\XAMPP\htdocs\the-final-boss\system\CodeIgniter.php(308): CodeIgniter\CodeIgniter->handleRequest(NULL, Object(Config\Cache), false)
#10 C:\Users\ahft_\Documents\Tareas\Universidad\UDABOL\Investigacion Operativa\XAMPP\htdocs\the-final-boss\public\index.php(45): CodeIgniter\CodeIgniter->run()
#11 {main}
CRITICAL - 2020-07-11 11:13:30 --> scandir(http://localhost/the-final-boss/public/topimgs): failed to open dir: not implemented
#0 [internal function]: CodeIgniter\Debug\Exceptions->errorHandler(2, 'scandir(http://...', 'C:\\Users\\ahft_\\...', 382, Array)
#1 C:\Users\ahft_\Documents\Tareas\Universidad\UDABOL\Investigacion Operativa\XAMPP\htdocs\the-final-boss\app\Controllers\Content.php(382): scandir('http://localhos...')
#2 C:\Users\ahft_\Documents\Tareas\Universidad\UDABOL\Investigacion Operativa\XAMPP\htdocs\the-final-boss\system\CodeIgniter.php(914): App\Controllers\Content->admin_imgs()
#3 C:\Users\ahft_\Documents\Tareas\Universidad\UDABOL\Investigacion Operativa\XAMPP\htdocs\the-final-boss\system\CodeIgniter.php(400): CodeIgniter\CodeIgniter->runController(Object(App\Controllers\Content))
#4 C:\Users\ahft_\Documents\Tareas\Universidad\UDABOL\Investigacion Operativa\XAMPP\htdocs\the-final-boss\system\CodeIgniter.php(308): CodeIgniter\CodeIgniter->handleRequest(NULL, Object(Config\Cache), false)
#5 C:\Users\ahft_\Documents\Tareas\Universidad\UDABOL\Investigacion Operativa\XAMPP\htdocs\the-final-boss\public\index.php(45): CodeIgniter\CodeIgniter->run()
#6 {main}
CRITICAL - 2020-07-11 11:15:43 --> opendir(http://localhost/the-final-boss/public/topimgs): failed to open dir: not implemented
#0 [internal function]: CodeIgniter\Debug\Exceptions->errorHandler(2, 'opendir(http://...', 'C:\\Users\\ahft_\\...', 383, Array)
#1 C:\Users\ahft_\Documents\Tareas\Universidad\UDABOL\Investigacion Operativa\XAMPP\htdocs\the-final-boss\app\Controllers\Content.php(383): opendir('http://localhos...')
#2 C:\Users\ahft_\Documents\Tareas\Universidad\UDABOL\Investigacion Operativa\XAMPP\htdocs\the-final-boss\system\CodeIgniter.php(914): App\Controllers\Content->admin_imgs()
#3 C:\Users\ahft_\Documents\Tareas\Universidad\UDABOL\Investigacion Operativa\XAMPP\htdocs\the-final-boss\system\CodeIgniter.php(400): CodeIgniter\CodeIgniter->runController(Object(App\Controllers\Content))
#4 C:\Users\ahft_\Documents\Tareas\Universidad\UDABOL\Investigacion Operativa\XAMPP\htdocs\the-final-boss\system\CodeIgniter.php(308): CodeIgniter\CodeIgniter->handleRequest(NULL, Object(Config\Cache), false)
#5 C:\Users\ahft_\Documents\Tareas\Universidad\UDABOL\Investigacion Operativa\XAMPP\htdocs\the-final-boss\public\index.php(45): CodeIgniter\CodeIgniter->run()
#6 {main}
CRITICAL - 2020-07-11 11:16:09 --> opendir(http://localhost/the-final-boss/public/index.php/topimgs): failed to open dir: not implemented
#0 [internal function]: CodeIgniter\Debug\Exceptions->errorHandler(2, 'opendir(http://...', 'C:\\Users\\ahft_\\...', 383, Array)
#1 C:\Users\ahft_\Documents\Tareas\Universidad\UDABOL\Investigacion Operativa\XAMPP\htdocs\the-final-boss\app\Controllers\Content.php(383): opendir('http://localhos...')
#2 C:\Users\ahft_\Documents\Tareas\Universidad\UDABOL\Investigacion Operativa\XAMPP\htdocs\the-final-boss\system\CodeIgniter.php(914): App\Controllers\Content->admin_imgs()
#3 C:\Users\ahft_\Documents\Tareas\Universidad\UDABOL\Investigacion Operativa\XAMPP\htdocs\the-final-boss\system\CodeIgniter.php(400): CodeIgniter\CodeIgniter->runController(Object(App\Controllers\Content))
#4 C:\Users\ahft_\Documents\Tareas\Universidad\UDABOL\Investigacion Operativa\XAMPP\htdocs\the-final-boss\system\CodeIgniter.php(308): CodeIgniter\CodeIgniter->handleRequest(NULL, Object(Config\Cache), false)
#5 C:\Users\ahft_\Documents\Tareas\Universidad\UDABOL\Investigacion Operativa\XAMPP\htdocs\the-final-boss\public\index.php(45): CodeIgniter\CodeIgniter->run()
#6 {main}
CRITICAL - 2020-07-11 11:16:31 --> opendir(http://localhost/the-final-boss/public/media_images): failed to open dir: not implemented
#0 [internal function]: CodeIgniter\Debug\Exceptions->errorHandler(2, 'opendir(http://...', 'C:\\Users\\ahft_\\...', 384, Array)
#1 C:\Users\ahft_\Documents\Tareas\Universidad\UDABOL\Investigacion Operativa\XAMPP\htdocs\the-final-boss\app\Controllers\Content.php(384): opendir('http://localhos...')
#2 C:\Users\ahft_\Documents\Tareas\Universidad\UDABOL\Investigacion Operativa\XAMPP\htdocs\the-final-boss\system\CodeIgniter.php(914): App\Controllers\Content->admin_imgs()
#3 C:\Users\ahft_\Documents\Tareas\Universidad\UDABOL\Investigacion Operativa\XAMPP\htdocs\the-final-boss\system\CodeIgniter.php(400): CodeIgniter\CodeIgniter->runController(Object(App\Controllers\Content))
#4 C:\Users\ahft_\Documents\Tareas\Universidad\UDABOL\Investigacion Operativa\XAMPP\htdocs\the-final-boss\system\CodeIgniter.php(308): CodeIgniter\CodeIgniter->handleRequest(NULL, Object(Config\Cache), false)
#5 C:\Users\ahft_\Documents\Tareas\Universidad\UDABOL\Investigacion Operativa\XAMPP\htdocs\the-final-boss\public\index.php(45): CodeIgniter\CodeIgniter->run()
#6 {main}
CRITICAL - 2020-07-11 11:16:49 --> scandir() expects parameter 1 to be a valid path, resource given
#0 [internal function]: CodeIgniter\Debug\Exceptions->errorHandler(2, 'scandir() expec...', 'C:\\Users\\ahft_\\...', 386, Array)
#1 C:\Users\ahft_\Documents\Tareas\Universidad\UDABOL\Investigacion Operativa\XAMPP\htdocs\the-final-boss\app\Controllers\Content.php(386): scandir(Resource id #115)
#2 C:\Users\ahft_\Documents\Tareas\Universidad\UDABOL\Investigacion Operativa\XAMPP\htdocs\the-final-boss\system\CodeIgniter.php(914): App\Controllers\Content->admin_imgs()
#3 C:\Users\ahft_\Documents\Tareas\Universidad\UDABOL\Investigacion Operativa\XAMPP\htdocs\the-final-boss\system\CodeIgniter.php(400): CodeIgniter\CodeIgniter->runController(Object(App\Controllers\Content))
#4 C:\Users\ahft_\Documents\Tareas\Universidad\UDABOL\Investigacion Operativa\XAMPP\htdocs\the-final-boss\system\CodeIgniter.php(308): CodeIgniter\CodeIgniter->handleRequest(NULL, Object(Config\Cache), false)
#5 C:\Users\ahft_\Documents\Tareas\Universidad\UDABOL\Investigacion Operativa\XAMPP\htdocs\the-final-boss\public\index.php(45): CodeIgniter\CodeIgniter->run()
#6 {main}
CRITICAL - 2020-07-11 11:18:51 --> scandir() expects parameter 1 to be a valid path, resource given
#0 [internal function]: CodeIgniter\Debug\Exceptions->errorHandler(2, 'scandir() expec...', 'C:\\Users\\ahft_\\...', 386, Array)
#1 C:\Users\ahft_\Documents\Tareas\Universidad\UDABOL\Investigacion Operativa\XAMPP\htdocs\the-final-boss\app\Controllers\Content.php(386): scandir(Resource id #116)
#2 C:\Users\ahft_\Documents\Tareas\Universidad\UDABOL\Investigacion Operativa\XAMPP\htdocs\the-final-boss\system\CodeIgniter.php(914): App\Controllers\Content->admin_imgs()
#3 C:\Users\ahft_\Documents\Tareas\Universidad\UDABOL\Investigacion Operativa\XAMPP\htdocs\the-final-boss\system\CodeIgniter.php(400): CodeIgniter\CodeIgniter->runController(Object(App\Controllers\Content))
#4 C:\Users\ahft_\Documents\Tareas\Universidad\UDABOL\Investigacion Operativa\XAMPP\htdocs\the-final-boss\system\CodeIgniter.php(308): CodeIgniter\CodeIgniter->handleRequest(NULL, Object(Config\Cache), false)
#5 C:\Users\ahft_\Documents\Tareas\Universidad\UDABOL\Investigacion Operativa\XAMPP\htdocs\the-final-boss\public\index.php(45): CodeIgniter\CodeIgniter->run()
#6 {main}
CRITICAL - 2020-07-11 11:20:39 --> scandir() expects parameter 1 to be a valid path, resource given
#0 [internal function]: CodeIgniter\Debug\Exceptions->errorHandler(2, 'scandir() expec...', 'C:\\Users\\ahft_\\...', 387, Array)
#1 C:\Users\ahft_\Documents\Tareas\Universidad\UDABOL\Investigacion Operativa\XAMPP\htdocs\the-final-boss\app\Controllers\Content.php(387): scandir(Resource id #116)
#2 C:\Users\ahft_\Documents\Tareas\Universidad\UDABOL\Investigacion Operativa\XAMPP\htdocs\the-final-boss\system\CodeIgniter.php(914): App\Controllers\Content->admin_imgs()
#3 C:\Users\ahft_\Documents\Tareas\Universidad\UDABOL\Investigacion Operativa\XAMPP\htdocs\the-final-boss\system\CodeIgniter.php(400): CodeIgniter\CodeIgniter->runController(Object(App\Controllers\Content))
#4 C:\Users\ahft_\Documents\Tareas\Universidad\UDABOL\Investigacion Operativa\XAMPP\htdocs\the-final-boss\system\CodeIgniter.php(308): CodeIgniter\CodeIgniter->handleRequest(NULL, Object(Config\Cache), false)
#5 C:\Users\ahft_\Documents\Tareas\Universidad\UDABOL\Investigacion Operativa\XAMPP\htdocs\the-final-boss\public\index.php(45): CodeIgniter\CodeIgniter->run()
#6 {main}
CRITICAL - 2020-07-11 11:26:23 --> syntax error, unexpected 'class' (T_CLASS), expecting ';' or ','
#0 C:\Users\ahft_\Documents\Tareas\Universidad\UDABOL\Investigacion Operativa\XAMPP\htdocs\the-final-boss\system\Common.php(1087): CodeIgniter\View\View->render('contenidos/imag...', Array, true)
#1 C:\Users\ahft_\Documents\Tareas\Universidad\UDABOL\Investigacion Operativa\XAMPP\htdocs\the-final-boss\app\Controllers\Content.php(386): view('contenidos/imag...', Array)
#2 C:\Users\ahft_\Documents\Tareas\Universidad\UDABOL\Investigacion Operativa\XAMPP\htdocs\the-final-boss\system\CodeIgniter.php(914): App\Controllers\Content->admin_imgs()
#3 C:\Users\ahft_\Documents\Tareas\Universidad\UDABOL\Investigacion Operativa\XAMPP\htdocs\the-final-boss\system\CodeIgniter.php(400): CodeIgniter\CodeIgniter->runController(Object(App\Controllers\Content))
#4 C:\Users\ahft_\Documents\Tareas\Universidad\UDABOL\Investigacion Operativa\XAMPP\htdocs\the-final-boss\system\CodeIgniter.php(308): CodeIgniter\CodeIgniter->handleRequest(NULL, Object(Config\Cache), false)
#5 C:\Users\ahft_\Documents\Tareas\Universidad\UDABOL\Investigacion Operativa\XAMPP\htdocs\the-final-boss\public\index.php(45): CodeIgniter\CodeIgniter->run()
#6 {main}
