CRITICAL - 2020-07-12 08:19:48 --> Undefined index: 
#0 C:\xamppp\htdocs\the-final-boss\system\HTTP\URI.php(261): CodeIgniter\Debug\Exceptions->errorHandler(8, 'Undefined index...', 'C:\\xamppp\\htdoc...', 261, Array)
#1 C:\xamppp\htdocs\the-final-boss\system\HTTP\URI.php(1002): CodeIgniter\HTTP\URI->getAuthority()
#2 C:\xamppp\htdocs\the-final-boss\system\Helpers\url_helper.php(128): CodeIgniter\HTTP\URI->resolveRelativeURI('http://localhos...')
#3 C:\xamppp\htdocs\the-final-boss\app\Views\frontend\articulos.php(87): base_url('http://localhos...')
#4 C:\xamppp\htdocs\the-final-boss\system\View\View.php(246): include('C:\\xamppp\\htdoc...')
#5 C:\xamppp\htdocs\the-final-boss\system\Common.php(1087): CodeIgniter\View\View->render('frontend/articu...', Array, true)
#6 C:\xamppp\htdocs\the-final-boss\app\Controllers\Blog.php(11): view('frontend/articu...', Array)
#7 C:\xamppp\htdocs\the-final-boss\system\CodeIgniter.php(914): App\Controllers\Blog->index()
#8 C:\xamppp\htdocs\the-final-boss\system\CodeIgniter.php(400): CodeIgniter\CodeIgniter->runController(Object(App\Controllers\Blog))
#9 C:\xamppp\htdocs\the-final-boss\system\CodeIgniter.php(308): CodeIgniter\CodeIgniter->handleRequest(NULL, Object(Config\Cache), false)
#10 C:\xamppp\htdocs\the-final-boss\public\index.php(45): CodeIgniter\CodeIgniter->run()
#11 {main}
CRITICAL - 2020-07-12 08:20:17 --> Undefined index: 
#0 C:\xamppp\htdocs\the-final-boss\system\HTTP\URI.php(261): CodeIgniter\Debug\Exceptions->errorHandler(8, 'Undefined index...', 'C:\\xamppp\\htdoc...', 261, Array)
#1 C:\xamppp\htdocs\the-final-boss\system\HTTP\URI.php(1002): CodeIgniter\HTTP\URI->getAuthority()
#2 C:\xamppp\htdocs\the-final-boss\system\Helpers\url_helper.php(128): CodeIgniter\HTTP\URI->resolveRelativeURI('http://localhos...')
#3 C:\xamppp\htdocs\the-final-boss\app\Views\frontend\articulos.php(87): base_url('http://localhos...')
#4 C:\xamppp\htdocs\the-final-boss\system\View\View.php(246): include('C:\\xamppp\\htdoc...')
#5 C:\xamppp\htdocs\the-final-boss\system\Common.php(1087): CodeIgniter\View\View->render('frontend/articu...', Array, true)
#6 C:\xamppp\htdocs\the-final-boss\app\Controllers\Blog.php(11): view('frontend/articu...', Array)
#7 C:\xamppp\htdocs\the-final-boss\system\CodeIgniter.php(914): App\Controllers\Blog->index()
#8 C:\xamppp\htdocs\the-final-boss\system\CodeIgniter.php(400): CodeIgniter\CodeIgniter->runController(Object(App\Controllers\Blog))
#9 C:\xamppp\htdocs\the-final-boss\system\CodeIgniter.php(308): CodeIgniter\CodeIgniter->handleRequest(NULL, Object(Config\Cache), false)
#10 C:\xamppp\htdocs\the-final-boss\public\index.php(45): CodeIgniter\CodeIgniter->run()
#11 {main}
CRITICAL - 2020-07-12 08:20:20 --> Undefined index: 
#0 C:\xamppp\htdocs\the-final-boss\system\HTTP\URI.php(261): CodeIgniter\Debug\Exceptions->errorHandler(8, 'Undefined index...', 'C:\\xamppp\\htdoc...', 261, Array)
#1 C:\xamppp\htdocs\the-final-boss\system\HTTP\URI.php(1002): CodeIgniter\HTTP\URI->getAuthority()
#2 C:\xamppp\htdocs\the-final-boss\system\Helpers\url_helper.php(128): CodeIgniter\HTTP\URI->resolveRelativeURI('http://localhos...')
#3 C:\xamppp\htdocs\the-final-boss\app\Views\frontend\articulos.php(87): base_url('http://localhos...')
#4 C:\xamppp\htdocs\the-final-boss\system\View\View.php(246): include('C:\\xamppp\\htdoc...')
#5 C:\xamppp\htdocs\the-final-boss\system\Common.php(1087): CodeIgniter\View\View->render('frontend/articu...', Array, true)
#6 C:\xamppp\htdocs\the-final-boss\app\Controllers\Blog.php(11): view('frontend/articu...', Array)
#7 C:\xamppp\htdocs\the-final-boss\system\CodeIgniter.php(914): App\Controllers\Blog->index()
#8 C:\xamppp\htdocs\the-final-boss\system\CodeIgniter.php(400): CodeIgniter\CodeIgniter->runController(Object(App\Controllers\Blog))
#9 C:\xamppp\htdocs\the-final-boss\system\CodeIgniter.php(308): CodeIgniter\CodeIgniter->handleRequest(NULL, Object(Config\Cache), false)
#10 C:\xamppp\htdocs\the-final-boss\public\index.php(45): CodeIgniter\CodeIgniter->run()
#11 {main}
CRITICAL - 2020-07-12 08:20:59 --> Undefined index: 
#0 C:\xamppp\htdocs\the-final-boss\system\HTTP\URI.php(261): CodeIgniter\Debug\Exceptions->errorHandler(8, 'Undefined index...', 'C:\\xamppp\\htdoc...', 261, Array)
#1 C:\xamppp\htdocs\the-final-boss\system\HTTP\URI.php(1002): CodeIgniter\HTTP\URI->getAuthority()
#2 C:\xamppp\htdocs\the-final-boss\system\Helpers\url_helper.php(128): CodeIgniter\HTTP\URI->resolveRelativeURI('http://localhos...')
#3 C:\xamppp\htdocs\the-final-boss\app\Views\frontend\articulos.php(87): base_url('http://localhos...')
#4 C:\xamppp\htdocs\the-final-boss\system\View\View.php(246): include('C:\\xamppp\\htdoc...')
#5 C:\xamppp\htdocs\the-final-boss\system\Common.php(1087): CodeIgniter\View\View->render('frontend/articu...', Array, true)
#6 C:\xamppp\htdocs\the-final-boss\app\Controllers\Blog.php(11): view('frontend/articu...', Array)
#7 C:\xamppp\htdocs\the-final-boss\system\CodeIgniter.php(914): App\Controllers\Blog->index()
#8 C:\xamppp\htdocs\the-final-boss\system\CodeIgniter.php(400): CodeIgniter\CodeIgniter->runController(Object(App\Controllers\Blog))
#9 C:\xamppp\htdocs\the-final-boss\system\CodeIgniter.php(308): CodeIgniter\CodeIgniter->handleRequest(NULL, Object(Config\Cache), false)
#10 C:\xamppp\htdocs\the-final-boss\public\index.php(45): CodeIgniter\CodeIgniter->run()
#11 {main}
CRITICAL - 2020-07-12 08:21:07 --> scandir(C:\xamppp\htdocs\the-final-boss\public\media_images,C:\xamppp\htdocs\the-final-boss\public\media_images): El sistema no puede encontrar el archivo especificado. (code: 2)
#0 [internal function]: CodeIgniter\Debug\Exceptions->errorHandler(2, 'scandir(C:\\xamp...', 'C:\\xamppp\\htdoc...', 384, Array)
#1 C:\xamppp\htdocs\the-final-boss\app\Controllers\Content.php(384): scandir('C:\\xamppp\\htdoc...')
#2 C:\xamppp\htdocs\the-final-boss\system\CodeIgniter.php(914): App\Controllers\Content->admin_imgs()
#3 C:\xamppp\htdocs\the-final-boss\system\CodeIgniter.php(400): CodeIgniter\CodeIgniter->runController(Object(App\Controllers\Content))
#4 C:\xamppp\htdocs\the-final-boss\system\CodeIgniter.php(308): CodeIgniter\CodeIgniter->handleRequest(NULL, Object(Config\Cache), false)
#5 C:\xamppp\htdocs\the-final-boss\public\index.php(45): CodeIgniter\CodeIgniter->run()
#6 {main}
CRITICAL - 2020-07-12 08:27:53 --> Undefined index: 
#0 C:\xamppp\htdocs\the-final-boss\system\HTTP\URI.php(261): CodeIgniter\Debug\Exceptions->errorHandler(8, 'Undefined index...', 'C:\\xamppp\\htdoc...', 261, Array)
#1 C:\xamppp\htdocs\the-final-boss\system\HTTP\URI.php(1002): CodeIgniter\HTTP\URI->getAuthority()
#2 C:\xamppp\htdocs\the-final-boss\system\Helpers\url_helper.php(128): CodeIgniter\HTTP\URI->resolveRelativeURI('http://localhos...')
#3 C:\xamppp\htdocs\the-final-boss\app\Views\frontend\articulos.php(87): base_url('http://localhos...')
#4 C:\xamppp\htdocs\the-final-boss\system\View\View.php(246): include('C:\\xamppp\\htdoc...')
#5 C:\xamppp\htdocs\the-final-boss\system\Common.php(1087): CodeIgniter\View\View->render('frontend/articu...', Array, true)
#6 C:\xamppp\htdocs\the-final-boss\app\Controllers\Blog.php(11): view('frontend/articu...', Array)
#7 C:\xamppp\htdocs\the-final-boss\system\CodeIgniter.php(914): App\Controllers\Blog->index()
#8 C:\xamppp\htdocs\the-final-boss\system\CodeIgniter.php(400): CodeIgniter\CodeIgniter->runController(Object(App\Controllers\Blog))
#9 C:\xamppp\htdocs\the-final-boss\system\CodeIgniter.php(308): CodeIgniter\CodeIgniter->handleRequest(NULL, Object(Config\Cache), false)
#10 C:\xamppp\htdocs\the-final-boss\public\index.php(45): CodeIgniter\CodeIgniter->run()
#11 {main}
CRITICAL - 2020-07-12 08:32:12 --> Undefined index: 
#0 C:\xamppp\htdocs\the-final-boss\system\HTTP\URI.php(261): CodeIgniter\Debug\Exceptions->errorHandler(8, 'Undefined index...', 'C:\\xamppp\\htdoc...', 261, Array)
#1 C:\xamppp\htdocs\the-final-boss\system\HTTP\URI.php(1002): CodeIgniter\HTTP\URI->getAuthority()
#2 C:\xamppp\htdocs\the-final-boss\system\Helpers\url_helper.php(128): CodeIgniter\HTTP\URI->resolveRelativeURI('http://localhos...')
#3 C:\xamppp\htdocs\the-final-boss\app\Views\frontend\articulos.php(87): base_url('http://localhos...')
#4 C:\xamppp\htdocs\the-final-boss\system\View\View.php(246): include('C:\\xamppp\\htdoc...')
#5 C:\xamppp\htdocs\the-final-boss\system\Common.php(1087): CodeIgniter\View\View->render('frontend/articu...', Array, true)
#6 C:\xamppp\htdocs\the-final-boss\app\Controllers\Blog.php(11): view('frontend/articu...', Array)
#7 C:\xamppp\htdocs\the-final-boss\system\CodeIgniter.php(914): App\Controllers\Blog->index()
#8 C:\xamppp\htdocs\the-final-boss\system\CodeIgniter.php(400): CodeIgniter\CodeIgniter->runController(Object(App\Controllers\Blog))
#9 C:\xamppp\htdocs\the-final-boss\system\CodeIgniter.php(308): CodeIgniter\CodeIgniter->handleRequest(NULL, Object(Config\Cache), false)
#10 C:\xamppp\htdocs\the-final-boss\public\index.php(45): CodeIgniter\CodeIgniter->run()
#11 {main}
CRITICAL - 2020-07-12 08:32:12 --> Undefined index: 
#0 C:\xamppp\htdocs\the-final-boss\system\HTTP\URI.php(261): CodeIgniter\Debug\Exceptions->errorHandler(8, 'Undefined index...', 'C:\\xamppp\\htdoc...', 261, Array)
#1 C:\xamppp\htdocs\the-final-boss\system\HTTP\URI.php(1002): CodeIgniter\HTTP\URI->getAuthority()
#2 C:\xamppp\htdocs\the-final-boss\system\Helpers\url_helper.php(128): CodeIgniter\HTTP\URI->resolveRelativeURI('http://localhos...')
#3 C:\xamppp\htdocs\the-final-boss\app\Views\frontend\articulos.php(87): base_url('http://localhos...')
#4 C:\xamppp\htdocs\the-final-boss\system\View\View.php(246): include('C:\\xamppp\\htdoc...')
#5 C:\xamppp\htdocs\the-final-boss\system\Common.php(1087): CodeIgniter\View\View->render('frontend/articu...', Array, true)
#6 C:\xamppp\htdocs\the-final-boss\app\Controllers\Blog.php(11): view('frontend/articu...', Array)
#7 C:\xamppp\htdocs\the-final-boss\system\CodeIgniter.php(914): App\Controllers\Blog->index()
#8 C:\xamppp\htdocs\the-final-boss\system\CodeIgniter.php(400): CodeIgniter\CodeIgniter->runController(Object(App\Controllers\Blog))
#9 C:\xamppp\htdocs\the-final-boss\system\CodeIgniter.php(308): CodeIgniter\CodeIgniter->handleRequest(NULL, Object(Config\Cache), false)
#10 C:\xamppp\htdocs\the-final-boss\public\index.php(45): CodeIgniter\CodeIgniter->run()
#11 {main}
CRITICAL - 2020-07-12 08:33:11 --> unlink(C:\xamppp\htdocs\the-final-boss\public\topimgs/Titulo%201_img.jpg): No such file or directory
#0 [internal function]: CodeIgniter\Debug\Exceptions->errorHandler(2, 'unlink(C:\\xampp...', 'C:\\xamppp\\htdoc...', 390, Array)
#1 C:\xamppp\htdocs\the-final-boss\app\Controllers\Content.php(390): unlink('C:\\xamppp\\htdoc...')
#2 C:\xamppp\htdocs\the-final-boss\system\CodeIgniter.php(914): App\Controllers\Content->deletetopimg('Titulo%201_img....')
#3 C:\xamppp\htdocs\the-final-boss\system\CodeIgniter.php(400): CodeIgniter\CodeIgniter->runController(Object(App\Controllers\Content))
#4 C:\xamppp\htdocs\the-final-boss\system\CodeIgniter.php(308): CodeIgniter\CodeIgniter->handleRequest(NULL, Object(Config\Cache), false)
#5 C:\xamppp\htdocs\the-final-boss\public\index.php(45): CodeIgniter\CodeIgniter->run()
#6 {main}
CRITICAL - 2020-07-12 08:33:44 --> unlink(C:\xamppp\htdocs\the-final-boss\public\topimgs/Titulo%201_img.jpg): No such file or directory
#0 [internal function]: CodeIgniter\Debug\Exceptions->errorHandler(2, 'unlink(C:\\xampp...', 'C:\\xamppp\\htdoc...', 390, Array)
#1 C:\xamppp\htdocs\the-final-boss\app\Controllers\Content.php(390): unlink('C:\\xamppp\\htdoc...')
#2 C:\xamppp\htdocs\the-final-boss\system\CodeIgniter.php(914): App\Controllers\Content->deletetopimg('Titulo%201_img....')
#3 C:\xamppp\htdocs\the-final-boss\system\CodeIgniter.php(400): CodeIgniter\CodeIgniter->runController(Object(App\Controllers\Content))
#4 C:\xamppp\htdocs\the-final-boss\system\CodeIgniter.php(308): CodeIgniter\CodeIgniter->handleRequest(NULL, Object(Config\Cache), false)
#5 C:\xamppp\htdocs\the-final-boss\public\index.php(45): CodeIgniter\CodeIgniter->run()
#6 {main}
CRITICAL - 2020-07-12 08:36:23 --> syntax error, unexpected '$img' (T_VARIABLE), expecting identifier (T_STRING)
#0 C:\xamppp\htdocs\the-final-boss\system\Router\Router.php(192): CodeIgniter\Router\Router->autoRoute('content/deletet...')
#1 C:\xamppp\htdocs\the-final-boss\system\CodeIgniter.php(789): CodeIgniter\Router\Router->handle('content/deletet...')
#2 C:\xamppp\htdocs\the-final-boss\system\CodeIgniter.php(360): CodeIgniter\CodeIgniter->tryToRouteIt(Object(CodeIgniter\Router\RouteCollection))
#3 C:\xamppp\htdocs\the-final-boss\system\CodeIgniter.php(308): CodeIgniter\CodeIgniter->handleRequest(NULL, Object(Config\Cache), false)
#4 C:\xamppp\htdocs\the-final-boss\public\index.php(45): CodeIgniter\CodeIgniter->run()
#5 {main}
CRITICAL - 2020-07-12 08:36:31 --> unlink(C:\xamppp\htdocs\the-final-boss\public\topimgs/Titulo%201_img.jpg): No such file or directory
#0 [internal function]: CodeIgniter\Debug\Exceptions->errorHandler(2, 'unlink(C:\\xampp...', 'C:\\xamppp\\htdoc...', 390, Array)
#1 C:\xamppp\htdocs\the-final-boss\app\Controllers\Content.php(390): unlink('C:\\xamppp\\htdoc...')
#2 C:\xamppp\htdocs\the-final-boss\system\CodeIgniter.php(914): App\Controllers\Content->deletetopimg('Titulo%201_img....')
#3 C:\xamppp\htdocs\the-final-boss\system\CodeIgniter.php(400): CodeIgniter\CodeIgniter->runController(Object(App\Controllers\Content))
#4 C:\xamppp\htdocs\the-final-boss\system\CodeIgniter.php(308): CodeIgniter\CodeIgniter->handleRequest(NULL, Object(Config\Cache), false)
#5 C:\xamppp\htdocs\the-final-boss\public\index.php(45): CodeIgniter\CodeIgniter->run()
#6 {main}
CRITICAL - 2020-07-12 08:38:23 --> unlink(C:\xamppp\htdocs\the-final-boss\public\topimgs/Titulo%201_img.jpg): No such file or directory
#0 [internal function]: CodeIgniter\Debug\Exceptions->errorHandler(2, 'unlink(C:\\xampp...', 'C:\\xamppp\\htdoc...', 390, Array)
#1 C:\xamppp\htdocs\the-final-boss\app\Controllers\Content.php(390): unlink('C:\\xamppp\\htdoc...')
#2 C:\xamppp\htdocs\the-final-boss\system\CodeIgniter.php(914): App\Controllers\Content->deletetopimg('Titulo%201_img....')
#3 C:\xamppp\htdocs\the-final-boss\system\CodeIgniter.php(400): CodeIgniter\CodeIgniter->runController(Object(App\Controllers\Content))
#4 C:\xamppp\htdocs\the-final-boss\system\CodeIgniter.php(308): CodeIgniter\CodeIgniter->handleRequest(NULL, Object(Config\Cache), false)
#5 C:\xamppp\htdocs\the-final-boss\public\index.php(45): CodeIgniter\CodeIgniter->run()
#6 {main}
CRITICAL - 2020-07-12 08:42:01 --> Undefined index: 
#0 C:\xamppp\htdocs\the-final-boss\system\HTTP\URI.php(261): CodeIgniter\Debug\Exceptions->errorHandler(8, 'Undefined index...', 'C:\\xamppp\\htdoc...', 261, Array)
#1 C:\xamppp\htdocs\the-final-boss\system\HTTP\URI.php(1002): CodeIgniter\HTTP\URI->getAuthority()
#2 C:\xamppp\htdocs\the-final-boss\system\Helpers\url_helper.php(128): CodeIgniter\HTTP\URI->resolveRelativeURI('http://localhos...')
#3 C:\xamppp\htdocs\the-final-boss\app\Views\frontend\articulos.php(87): base_url('http://localhos...')
#4 C:\xamppp\htdocs\the-final-boss\system\View\View.php(246): include('C:\\xamppp\\htdoc...')
#5 C:\xamppp\htdocs\the-final-boss\system\Common.php(1087): CodeIgniter\View\View->render('frontend/articu...', Array, true)
#6 C:\xamppp\htdocs\the-final-boss\app\Controllers\Blog.php(11): view('frontend/articu...', Array)
#7 C:\xamppp\htdocs\the-final-boss\system\CodeIgniter.php(914): App\Controllers\Blog->index()
#8 C:\xamppp\htdocs\the-final-boss\system\CodeIgniter.php(400): CodeIgniter\CodeIgniter->runController(Object(App\Controllers\Blog))
#9 C:\xamppp\htdocs\the-final-boss\system\CodeIgniter.php(308): CodeIgniter\CodeIgniter->handleRequest(NULL, Object(Config\Cache), false)
#10 C:\xamppp\htdocs\the-final-boss\public\index.php(45): CodeIgniter\CodeIgniter->run()
#11 {main}
CRITICAL - 2020-07-12 10:02:07 --> Undefined index: 
#0 C:\xamppp\htdocs\the-final-boss\system\HTTP\URI.php(261): CodeIgniter\Debug\Exceptions->errorHandler(8, 'Undefined index...', 'C:\\xamppp\\htdoc...', 261, Array)
#1 C:\xamppp\htdocs\the-final-boss\system\HTTP\URI.php(1002): CodeIgniter\HTTP\URI->getAuthority()
#2 C:\xamppp\htdocs\the-final-boss\system\Helpers\url_helper.php(128): CodeIgniter\HTTP\URI->resolveRelativeURI('http://localhos...')
#3 C:\xamppp\htdocs\the-final-boss\app\Views\frontend\articulos.php(87): base_url('http://localhos...')
#4 C:\xamppp\htdocs\the-final-boss\system\View\View.php(246): include('C:\\xamppp\\htdoc...')
#5 C:\xamppp\htdocs\the-final-boss\system\Common.php(1087): CodeIgniter\View\View->render('frontend/articu...', Array, true)
#6 C:\xamppp\htdocs\the-final-boss\app\Controllers\Blog.php(11): view('frontend/articu...', Array)
#7 C:\xamppp\htdocs\the-final-boss\system\CodeIgniter.php(914): App\Controllers\Blog->index()
#8 C:\xamppp\htdocs\the-final-boss\system\CodeIgniter.php(400): CodeIgniter\CodeIgniter->runController(Object(App\Controllers\Blog))
#9 C:\xamppp\htdocs\the-final-boss\system\CodeIgniter.php(308): CodeIgniter\CodeIgniter->handleRequest(NULL, Object(Config\Cache), false)
#10 C:\xamppp\htdocs\the-final-boss\public\index.php(45): CodeIgniter\CodeIgniter->run()
#11 {main}
CRITICAL - 2020-07-12 10:03:18 --> Undefined index: 
#0 C:\xamppp\htdocs\the-final-boss\system\HTTP\URI.php(261): CodeIgniter\Debug\Exceptions->errorHandler(8, 'Undefined index...', 'C:\\xamppp\\htdoc...', 261, Array)
#1 C:\xamppp\htdocs\the-final-boss\system\HTTP\URI.php(1002): CodeIgniter\HTTP\URI->getAuthority()
#2 C:\xamppp\htdocs\the-final-boss\system\Helpers\url_helper.php(128): CodeIgniter\HTTP\URI->resolveRelativeURI('http://localhos...')
#3 C:\xamppp\htdocs\the-final-boss\app\Views\frontend\articulos.php(87): base_url('http://localhos...')
#4 C:\xamppp\htdocs\the-final-boss\system\View\View.php(246): include('C:\\xamppp\\htdoc...')
#5 C:\xamppp\htdocs\the-final-boss\system\Common.php(1087): CodeIgniter\View\View->render('frontend/articu...', Array, true)
#6 C:\xamppp\htdocs\the-final-boss\app\Controllers\Blog.php(11): view('frontend/articu...', Array)
#7 C:\xamppp\htdocs\the-final-boss\system\CodeIgniter.php(914): App\Controllers\Blog->index()
#8 C:\xamppp\htdocs\the-final-boss\system\CodeIgniter.php(400): CodeIgniter\CodeIgniter->runController(Object(App\Controllers\Blog))
#9 C:\xamppp\htdocs\the-final-boss\system\CodeIgniter.php(308): CodeIgniter\CodeIgniter->handleRequest(NULL, Object(Config\Cache), false)
#10 C:\xamppp\htdocs\the-final-boss\public\index.php(45): CodeIgniter\CodeIgniter->run()
#11 {main}
CRITICAL - 2020-07-12 10:03:23 --> Undefined index: 
#0 C:\xamppp\htdocs\the-final-boss\system\HTTP\URI.php(261): CodeIgniter\Debug\Exceptions->errorHandler(8, 'Undefined index...', 'C:\\xamppp\\htdoc...', 261, Array)
#1 C:\xamppp\htdocs\the-final-boss\system\HTTP\URI.php(1002): CodeIgniter\HTTP\URI->getAuthority()
#2 C:\xamppp\htdocs\the-final-boss\system\Helpers\url_helper.php(128): CodeIgniter\HTTP\URI->resolveRelativeURI('http://localhos...')
#3 C:\xamppp\htdocs\the-final-boss\app\Views\frontend\articulos.php(87): base_url('http://localhos...')
#4 C:\xamppp\htdocs\the-final-boss\system\View\View.php(246): include('C:\\xamppp\\htdoc...')
#5 C:\xamppp\htdocs\the-final-boss\system\Common.php(1087): CodeIgniter\View\View->render('frontend/articu...', Array, true)
#6 C:\xamppp\htdocs\the-final-boss\app\Controllers\Blog.php(11): view('frontend/articu...', Array)
#7 C:\xamppp\htdocs\the-final-boss\system\CodeIgniter.php(914): App\Controllers\Blog->index()
#8 C:\xamppp\htdocs\the-final-boss\system\CodeIgniter.php(400): CodeIgniter\CodeIgniter->runController(Object(App\Controllers\Blog))
#9 C:\xamppp\htdocs\the-final-boss\system\CodeIgniter.php(308): CodeIgniter\CodeIgniter->handleRequest(NULL, Object(Config\Cache), false)
#10 C:\xamppp\htdocs\the-final-boss\public\index.php(45): CodeIgniter\CodeIgniter->run()
#11 {main}
