CRITICAL - 2020-06-18 00:01:28 --> Undefined variable: borrado
#0 C:\xamppp\htdocs\Proyecto\app\Controllers\UserController.php(92): CodeIgniter\Debug\Exceptions->errorHandler(8, 'Undefined varia...', 'C:\\xamppp\\htdoc...', 92, Array)
#1 C:\xamppp\htdocs\Proyecto\system\CodeIgniter.php(914): App\Controllers\UserController->borrar()
#2 C:\xamppp\htdocs\Proyecto\system\CodeIgniter.php(400): CodeIgniter\CodeIgniter->runController(Object(App\Controllers\UserController))
#3 C:\xamppp\htdocs\Proyecto\system\CodeIgniter.php(308): CodeIgniter\CodeIgniter->handleRequest(NULL, Object(Config\Cache), false)
#4 C:\xamppp\htdocs\Proyecto\public\index.php(45): CodeIgniter\CodeIgniter->run()
#5 {main}
CRITICAL - 2020-06-18 00:01:57 --> Undefined variable: borrado
#0 C:\xamppp\htdocs\Proyecto\app\Controllers\UserController.php(92): CodeIgniter\Debug\Exceptions->errorHandler(8, 'Undefined varia...', 'C:\\xamppp\\htdoc...', 92, Array)
#1 C:\xamppp\htdocs\Proyecto\system\CodeIgniter.php(914): App\Controllers\UserController->borrar()
#2 C:\xamppp\htdocs\Proyecto\system\CodeIgniter.php(400): CodeIgniter\CodeIgniter->runController(Object(App\Controllers\UserController))
#3 C:\xamppp\htdocs\Proyecto\system\CodeIgniter.php(308): CodeIgniter\CodeIgniter->handleRequest(NULL, Object(Config\Cache), false)
#4 C:\xamppp\htdocs\Proyecto\public\index.php(45): CodeIgniter\CodeIgniter->run()
#5 {main}
CRITICAL - 2020-06-18 00:04:09 --> Undefined index: id
#0 C:\xamppp\htdocs\Proyecto\app\Controllers\UserController.php(85): CodeIgniter\Debug\Exceptions->errorHandler(8, 'Undefined index...', 'C:\\xamppp\\htdoc...', 85, Array)
#1 C:\xamppp\htdocs\Proyecto\system\CodeIgniter.php(914): App\Controllers\UserController->borrar('1')
#2 C:\xamppp\htdocs\Proyecto\system\CodeIgniter.php(400): CodeIgniter\CodeIgniter->runController(Object(App\Controllers\UserController))
#3 C:\xamppp\htdocs\Proyecto\system\CodeIgniter.php(308): CodeIgniter\CodeIgniter->handleRequest(NULL, Object(Config\Cache), false)
#4 C:\xamppp\htdocs\Proyecto\public\index.php(45): CodeIgniter\CodeIgniter->run()
#5 {main}
CRITICAL - 2020-06-18 00:05:02 --> Undefined variable: borrado
#0 C:\xamppp\htdocs\Proyecto\app\Controllers\UserController.php(94): CodeIgniter\Debug\Exceptions->errorHandler(8, 'Undefined varia...', 'C:\\xamppp\\htdoc...', 94, Array)
#1 C:\xamppp\htdocs\Proyecto\system\CodeIgniter.php(914): App\Controllers\UserController->borrar()
#2 C:\xamppp\htdocs\Proyecto\system\CodeIgniter.php(400): CodeIgniter\CodeIgniter->runController(Object(App\Controllers\UserController))
#3 C:\xamppp\htdocs\Proyecto\system\CodeIgniter.php(308): CodeIgniter\CodeIgniter->handleRequest(NULL, Object(Config\Cache), false)
#4 C:\xamppp\htdocs\Proyecto\public\index.php(45): CodeIgniter\CodeIgniter->run()
#5 {main}
CRITICAL - 2020-06-18 00:05:31 --> Undefined variable: borrado
#0 C:\xamppp\htdocs\Proyecto\app\Controllers\UserController.php(94): CodeIgniter\Debug\Exceptions->errorHandler(8, 'Undefined varia...', 'C:\\xamppp\\htdoc...', 94, Array)
#1 C:\xamppp\htdocs\Proyecto\system\CodeIgniter.php(914): App\Controllers\UserController->borrar()
#2 C:\xamppp\htdocs\Proyecto\system\CodeIgniter.php(400): CodeIgniter\CodeIgniter->runController(Object(App\Controllers\UserController))
#3 C:\xamppp\htdocs\Proyecto\system\CodeIgniter.php(308): CodeIgniter\CodeIgniter->handleRequest(NULL, Object(Config\Cache), false)
#4 C:\xamppp\htdocs\Proyecto\public\index.php(45): CodeIgniter\CodeIgniter->run()
#5 {main}
CRITICAL - 2020-06-18 00:05:37 --> Undefined variable: borrado
#0 C:\xamppp\htdocs\Proyecto\app\Controllers\UserController.php(94): CodeIgniter\Debug\Exceptions->errorHandler(8, 'Undefined varia...', 'C:\\xamppp\\htdoc...', 94, Array)
#1 C:\xamppp\htdocs\Proyecto\system\CodeIgniter.php(914): App\Controllers\UserController->borrar()
#2 C:\xamppp\htdocs\Proyecto\system\CodeIgniter.php(400): CodeIgniter\CodeIgniter->runController(Object(App\Controllers\UserController))
#3 C:\xamppp\htdocs\Proyecto\system\CodeIgniter.php(308): CodeIgniter\CodeIgniter->handleRequest(NULL, Object(Config\Cache), false)
#4 C:\xamppp\htdocs\Proyecto\public\index.php(45): CodeIgniter\CodeIgniter->run()
#5 {main}
CRITICAL - 2020-06-18 00:07:04 --> Undefined variable: borrado
#0 C:\xamppp\htdocs\Proyecto\app\Controllers\UserController.php(96): CodeIgniter\Debug\Exceptions->errorHandler(8, 'Undefined varia...', 'C:\\xamppp\\htdoc...', 96, Array)
#1 C:\xamppp\htdocs\Proyecto\system\CodeIgniter.php(914): App\Controllers\UserController->borrar()
#2 C:\xamppp\htdocs\Proyecto\system\CodeIgniter.php(400): CodeIgniter\CodeIgniter->runController(Object(App\Controllers\UserController))
#3 C:\xamppp\htdocs\Proyecto\system\CodeIgniter.php(308): CodeIgniter\CodeIgniter->handleRequest(NULL, Object(Config\Cache), false)
#4 C:\xamppp\htdocs\Proyecto\public\index.php(45): CodeIgniter\CodeIgniter->run()
#5 {main}
CRITICAL - 2020-06-18 00:14:09 --> Too few arguments to function App\Controllers\UserController::borrar(), 0 passed in C:\xamppp\htdocs\Proyecto\system\CodeIgniter.php on line 914 and exactly 1 expected
#0 C:\xamppp\htdocs\Proyecto\system\CodeIgniter.php(914): App\Controllers\UserController->borrar()
#1 C:\xamppp\htdocs\Proyecto\system\CodeIgniter.php(400): CodeIgniter\CodeIgniter->runController(Object(App\Controllers\UserController))
#2 C:\xamppp\htdocs\Proyecto\system\CodeIgniter.php(308): CodeIgniter\CodeIgniter->handleRequest(NULL, Object(Config\Cache), false)
#3 C:\xamppp\htdocs\Proyecto\public\index.php(45): CodeIgniter\CodeIgniter->run()
#4 {main}
CRITICAL - 2020-06-18 00:14:48 --> Too few arguments to function App\Controllers\UserController::borrar(), 0 passed in C:\xamppp\htdocs\Proyecto\system\CodeIgniter.php on line 914 and exactly 1 expected
#0 C:\xamppp\htdocs\Proyecto\system\CodeIgniter.php(914): App\Controllers\UserController->borrar()
#1 C:\xamppp\htdocs\Proyecto\system\CodeIgniter.php(400): CodeIgniter\CodeIgniter->runController(Object(App\Controllers\UserController))
#2 C:\xamppp\htdocs\Proyecto\system\CodeIgniter.php(308): CodeIgniter\CodeIgniter->handleRequest(NULL, Object(Config\Cache), false)
#3 C:\xamppp\htdocs\Proyecto\public\index.php(45): CodeIgniter\CodeIgniter->run()
#4 {main}
CRITICAL - 2020-06-18 00:16:24 --> Too few arguments to function App\Controllers\UserController::borrar(), 0 passed in C:\xamppp\htdocs\Proyecto\system\CodeIgniter.php on line 914 and exactly 1 expected
#0 C:\xamppp\htdocs\Proyecto\system\CodeIgniter.php(914): App\Controllers\UserController->borrar()
#1 C:\xamppp\htdocs\Proyecto\system\CodeIgniter.php(400): CodeIgniter\CodeIgniter->runController(Object(App\Controllers\UserController))
#2 C:\xamppp\htdocs\Proyecto\system\CodeIgniter.php(308): CodeIgniter\CodeIgniter->handleRequest(NULL, Object(Config\Cache), false)
#3 C:\xamppp\htdocs\Proyecto\public\index.php(45): CodeIgniter\CodeIgniter->run()
#4 {main}
CRITICAL - 2020-06-18 00:16:38 --> Too few arguments to function App\Controllers\UserController::borrar(), 0 passed in C:\xamppp\htdocs\Proyecto\system\CodeIgniter.php on line 914 and exactly 1 expected
#0 C:\xamppp\htdocs\Proyecto\system\CodeIgniter.php(914): App\Controllers\UserController->borrar()
#1 C:\xamppp\htdocs\Proyecto\system\CodeIgniter.php(400): CodeIgniter\CodeIgniter->runController(Object(App\Controllers\UserController))
#2 C:\xamppp\htdocs\Proyecto\system\CodeIgniter.php(308): CodeIgniter\CodeIgniter->handleRequest(NULL, Object(Config\Cache), false)
#3 C:\xamppp\htdocs\Proyecto\public\index.php(45): CodeIgniter\CodeIgniter->run()
#4 {main}
CRITICAL - 2020-06-18 00:20:29 --> Too few arguments to function App\Controllers\UserController::borrar(), 0 passed in C:\xamppp\htdocs\Proyecto\system\CodeIgniter.php on line 914 and exactly 1 expected
#0 C:\xamppp\htdocs\Proyecto\system\CodeIgniter.php(914): App\Controllers\UserController->borrar()
#1 C:\xamppp\htdocs\Proyecto\system\CodeIgniter.php(400): CodeIgniter\CodeIgniter->runController(Object(App\Controllers\UserController))
#2 C:\xamppp\htdocs\Proyecto\system\CodeIgniter.php(308): CodeIgniter\CodeIgniter->handleRequest(NULL, Object(Config\Cache), false)
#3 C:\xamppp\htdocs\Proyecto\public\index.php(45): CodeIgniter\CodeIgniter->run()
#4 {main}
CRITICAL - 2020-06-18 00:20:44 --> Too few arguments to function App\Controllers\UserController::borrar(), 0 passed in C:\xamppp\htdocs\Proyecto\system\CodeIgniter.php on line 914 and exactly 1 expected
#0 C:\xamppp\htdocs\Proyecto\system\CodeIgniter.php(914): App\Controllers\UserController->borrar()
#1 C:\xamppp\htdocs\Proyecto\system\CodeIgniter.php(400): CodeIgniter\CodeIgniter->runController(Object(App\Controllers\UserController))
#2 C:\xamppp\htdocs\Proyecto\system\CodeIgniter.php(308): CodeIgniter\CodeIgniter->handleRequest(NULL, Object(Config\Cache), false)
#3 C:\xamppp\htdocs\Proyecto\public\index.php(45): CodeIgniter\CodeIgniter->run()
#4 {main}
CRITICAL - 2020-06-18 00:20:52 --> Table 'userprueba.usuario' doesn't exist
#0 C:\xamppp\htdocs\Proyecto\system\Database\MySQLi\Connection.php(331): mysqli->query('DELETE FROM `us...')
#1 C:\xamppp\htdocs\Proyecto\system\Database\BaseConnection.php(738): CodeIgniter\Database\MySQLi\Connection->execute('DELETE FROM `us...')
#2 C:\xamppp\htdocs\Proyecto\system\Database\BaseConnection.php(666): CodeIgniter\Database\BaseConnection->simpleQuery('DELETE FROM `us...')
#3 C:\xamppp\htdocs\Proyecto\app\Models\UsuarioModel.php(47): CodeIgniter\Database\BaseConnection->query('DELETE FROM `us...', Array)
#4 C:\xamppp\htdocs\Proyecto\app\Controllers\UserController.php(84): App\Models\UsuarioModel->borrar('4')
#5 C:\xamppp\htdocs\Proyecto\system\CodeIgniter.php(914): App\Controllers\UserController->borrar('4')
#6 C:\xamppp\htdocs\Proyecto\system\CodeIgniter.php(400): CodeIgniter\CodeIgniter->runController(Object(App\Controllers\UserController))
#7 C:\xamppp\htdocs\Proyecto\system\CodeIgniter.php(308): CodeIgniter\CodeIgniter->handleRequest(NULL, Object(Config\Cache), false)
#8 C:\xamppp\htdocs\Proyecto\public\index.php(45): CodeIgniter\CodeIgniter->run()
#9 {main}
CRITICAL - 2020-06-18 00:21:13 --> Table 'userprueba.users' doesn't exist
#0 C:\xamppp\htdocs\Proyecto\system\Database\MySQLi\Connection.php(331): mysqli->query('DELETE FROM `us...')
#1 C:\xamppp\htdocs\Proyecto\system\Database\BaseConnection.php(738): CodeIgniter\Database\MySQLi\Connection->execute('DELETE FROM `us...')
#2 C:\xamppp\htdocs\Proyecto\system\Database\BaseConnection.php(666): CodeIgniter\Database\BaseConnection->simpleQuery('DELETE FROM `us...')
#3 C:\xamppp\htdocs\Proyecto\app\Models\UsuarioModel.php(47): CodeIgniter\Database\BaseConnection->query('DELETE FROM `us...', Array)
#4 C:\xamppp\htdocs\Proyecto\app\Controllers\UserController.php(84): App\Models\UsuarioModel->borrar('4')
#5 C:\xamppp\htdocs\Proyecto\system\CodeIgniter.php(914): App\Controllers\UserController->borrar('4')
#6 C:\xamppp\htdocs\Proyecto\system\CodeIgniter.php(400): CodeIgniter\CodeIgniter->runController(Object(App\Controllers\UserController))
#7 C:\xamppp\htdocs\Proyecto\system\CodeIgniter.php(308): CodeIgniter\CodeIgniter->handleRequest(NULL, Object(Config\Cache), false)
#8 C:\xamppp\htdocs\Proyecto\public\index.php(45): CodeIgniter\CodeIgniter->run()
#9 {main}
CRITICAL - 2020-06-18 00:23:31 --> Undefined variable: lista
#0 C:\xamppp\htdocs\Proyecto\app\Views\UserViews\lista.php(22): CodeIgniter\Debug\Exceptions->errorHandler(8, 'Undefined varia...', 'C:\\xamppp\\htdoc...', 22, Array)
#1 C:\xamppp\htdocs\Proyecto\system\View\View.php(246): include('C:\\xamppp\\htdoc...')
#2 C:\xamppp\htdocs\Proyecto\system\Common.php(1087): CodeIgniter\View\View->render('UserViews/lista', Array, true)
#3 C:\xamppp\htdocs\Proyecto\app\Controllers\UserController.php(87): view('UserViews/lista')
#4 C:\xamppp\htdocs\Proyecto\system\CodeIgniter.php(914): App\Controllers\UserController->borrar('6')
#5 C:\xamppp\htdocs\Proyecto\system\CodeIgniter.php(400): CodeIgniter\CodeIgniter->runController(Object(App\Controllers\UserController))
#6 C:\xamppp\htdocs\Proyecto\system\CodeIgniter.php(308): CodeIgniter\CodeIgniter->handleRequest(NULL, Object(Config\Cache), false)
#7 C:\xamppp\htdocs\Proyecto\public\index.php(45): CodeIgniter\CodeIgniter->run()
#8 {main}
CRITICAL - 2020-06-18 00:23:56 --> Undefined variable: lista
#0 C:\xamppp\htdocs\Proyecto\app\Views\UserViews\lista.php(22): CodeIgniter\Debug\Exceptions->errorHandler(8, 'Undefined varia...', 'C:\\xamppp\\htdoc...', 22, Array)
#1 C:\xamppp\htdocs\Proyecto\system\View\View.php(246): include('C:\\xamppp\\htdoc...')
#2 C:\xamppp\htdocs\Proyecto\system\Common.php(1087): CodeIgniter\View\View->render('UserViews/lista', Array, true)
#3 C:\xamppp\htdocs\Proyecto\app\Controllers\UserController.php(87): view('UserViews/lista')
#4 C:\xamppp\htdocs\Proyecto\system\CodeIgniter.php(914): App\Controllers\UserController->borrar('7')
#5 C:\xamppp\htdocs\Proyecto\system\CodeIgniter.php(400): CodeIgniter\CodeIgniter->runController(Object(App\Controllers\UserController))
#6 C:\xamppp\htdocs\Proyecto\system\CodeIgniter.php(308): CodeIgniter\CodeIgniter->handleRequest(NULL, Object(Config\Cache), false)
#7 C:\xamppp\htdocs\Proyecto\public\index.php(45): CodeIgniter\CodeIgniter->run()
#8 {main}
CRITICAL - 2020-06-18 13:18:26 --> Undefined index: contrasena_confir
#0 C:\xamppp\htdocs\Proyecto\app\Views\UserViews\editar.php(41): CodeIgniter\Debug\Exceptions->errorHandler(8, 'Undefined index...', 'C:\\xamppp\\htdoc...', 41, Array)
#1 C:\xamppp\htdocs\Proyecto\system\View\View.php(246): include('C:\\xamppp\\htdoc...')
#2 C:\xamppp\htdocs\Proyecto\system\Common.php(1087): CodeIgniter\View\View->render('UserViews/edita...', Array, true)
#3 C:\xamppp\htdocs\Proyecto\app\Controllers\UserController.php(79): view('UserViews/edita...', Array)
#4 C:\xamppp\htdocs\Proyecto\system\CodeIgniter.php(914): App\Controllers\UserController->editar()
#5 C:\xamppp\htdocs\Proyecto\system\CodeIgniter.php(400): CodeIgniter\CodeIgniter->runController(Object(App\Controllers\UserController))
#6 C:\xamppp\htdocs\Proyecto\system\CodeIgniter.php(308): CodeIgniter\CodeIgniter->handleRequest(NULL, Object(Config\Cache), false)
#7 C:\xamppp\htdocs\Proyecto\public\index.php(45): CodeIgniter\CodeIgniter->run()
#8 {main}
CRITICAL - 2020-06-18 13:37:16 --> Undefined index: nombre_usuario
#0 C:\xamppp\htdocs\Proyecto\app\Views\UserViews\editar.php(20): CodeIgniter\Debug\Exceptions->errorHandler(8, 'Undefined index...', 'C:\\xamppp\\htdoc...', 20, Array)
#1 C:\xamppp\htdocs\Proyecto\system\View\View.php(246): include('C:\\xamppp\\htdoc...')
#2 C:\xamppp\htdocs\Proyecto\system\Common.php(1087): CodeIgniter\View\View->render('UserViews/edita...', Array, true)
#3 C:\xamppp\htdocs\Proyecto\app\Controllers\UserController.php(79): view('UserViews/edita...', Array)
#4 C:\xamppp\htdocs\Proyecto\system\CodeIgniter.php(914): App\Controllers\UserController->editar()
#5 C:\xamppp\htdocs\Proyecto\system\CodeIgniter.php(400): CodeIgniter\CodeIgniter->runController(Object(App\Controllers\UserController))
#6 C:\xamppp\htdocs\Proyecto\system\CodeIgniter.php(308): CodeIgniter\CodeIgniter->handleRequest(NULL, Object(Config\Cache), false)
#7 C:\xamppp\htdocs\Proyecto\public\index.php(45): CodeIgniter\CodeIgniter->run()
#8 {main}
CRITICAL - 2020-06-18 13:40:15 --> Undefined index: nombre_usuario
#0 C:\xamppp\htdocs\Proyecto\app\Views\UserViews\editar.php(20): CodeIgniter\Debug\Exceptions->errorHandler(8, 'Undefined index...', 'C:\\xamppp\\htdoc...', 20, Array)
#1 C:\xamppp\htdocs\Proyecto\system\View\View.php(246): include('C:\\xamppp\\htdoc...')
#2 C:\xamppp\htdocs\Proyecto\system\Common.php(1087): CodeIgniter\View\View->render('UserViews/edita...', Array, true)
#3 C:\xamppp\htdocs\Proyecto\app\Controllers\UserController.php(79): view('UserViews/edita...', Array)
#4 C:\xamppp\htdocs\Proyecto\system\CodeIgniter.php(914): App\Controllers\UserController->editar()
#5 C:\xamppp\htdocs\Proyecto\system\CodeIgniter.php(400): CodeIgniter\CodeIgniter->runController(Object(App\Controllers\UserController))
#6 C:\xamppp\htdocs\Proyecto\system\CodeIgniter.php(308): CodeIgniter\CodeIgniter->handleRequest(NULL, Object(Config\Cache), false)
#7 C:\xamppp\htdocs\Proyecto\public\index.php(45): CodeIgniter\CodeIgniter->run()
#8 {main}
CRITICAL - 2020-06-18 13:40:41 --> Undefined index: contrasena
#0 C:\xamppp\htdocs\Proyecto\app\Views\UserViews\editar.php(37): CodeIgniter\Debug\Exceptions->errorHandler(8, 'Undefined index...', 'C:\\xamppp\\htdoc...', 37, Array)
#1 C:\xamppp\htdocs\Proyecto\system\View\View.php(246): include('C:\\xamppp\\htdoc...')
#2 C:\xamppp\htdocs\Proyecto\system\Common.php(1087): CodeIgniter\View\View->render('UserViews/edita...', Array, true)
#3 C:\xamppp\htdocs\Proyecto\app\Controllers\UserController.php(79): view('UserViews/edita...', Array)
#4 C:\xamppp\htdocs\Proyecto\system\CodeIgniter.php(914): App\Controllers\UserController->editar()
#5 C:\xamppp\htdocs\Proyecto\system\CodeIgniter.php(400): CodeIgniter\CodeIgniter->runController(Object(App\Controllers\UserController))
#6 C:\xamppp\htdocs\Proyecto\system\CodeIgniter.php(308): CodeIgniter\CodeIgniter->handleRequest(NULL, Object(Config\Cache), false)
#7 C:\xamppp\htdocs\Proyecto\public\index.php(45): CodeIgniter\CodeIgniter->run()
#8 {main}
CRITICAL - 2020-06-18 13:41:41 --> Undefined index: contrasena
#0 C:\xamppp\htdocs\Proyecto\app\Views\UserViews\editar.php(37): CodeIgniter\Debug\Exceptions->errorHandler(8, 'Undefined index...', 'C:\\xamppp\\htdoc...', 37, Array)
#1 C:\xamppp\htdocs\Proyecto\system\View\View.php(246): include('C:\\xamppp\\htdoc...')
#2 C:\xamppp\htdocs\Proyecto\system\Common.php(1087): CodeIgniter\View\View->render('UserViews/edita...', Array, true)
#3 C:\xamppp\htdocs\Proyecto\app\Controllers\UserController.php(79): view('UserViews/edita...', Array)
#4 C:\xamppp\htdocs\Proyecto\system\CodeIgniter.php(914): App\Controllers\UserController->editar()
#5 C:\xamppp\htdocs\Proyecto\system\CodeIgniter.php(400): CodeIgniter\CodeIgniter->runController(Object(App\Controllers\UserController))
#6 C:\xamppp\htdocs\Proyecto\system\CodeIgniter.php(308): CodeIgniter\CodeIgniter->handleRequest(NULL, Object(Config\Cache), false)
#7 C:\xamppp\htdocs\Proyecto\public\index.php(45): CodeIgniter\CodeIgniter->run()
#8 {main}
CRITICAL - 2020-06-18 13:43:08 --> Undefined index: contrasena
#0 C:\xamppp\htdocs\Proyecto\app\Views\UserViews\editar.php(37): CodeIgniter\Debug\Exceptions->errorHandler(8, 'Undefined index...', 'C:\\xamppp\\htdoc...', 37, Array)
#1 C:\xamppp\htdocs\Proyecto\system\View\View.php(246): include('C:\\xamppp\\htdoc...')
#2 C:\xamppp\htdocs\Proyecto\system\Common.php(1087): CodeIgniter\View\View->render('UserViews/edita...', Array, true)
#3 C:\xamppp\htdocs\Proyecto\app\Controllers\UserController.php(79): view('UserViews/edita...', Array)
#4 C:\xamppp\htdocs\Proyecto\system\CodeIgniter.php(914): App\Controllers\UserController->editar()
#5 C:\xamppp\htdocs\Proyecto\system\CodeIgniter.php(400): CodeIgniter\CodeIgniter->runController(Object(App\Controllers\UserController))
#6 C:\xamppp\htdocs\Proyecto\system\CodeIgniter.php(308): CodeIgniter\CodeIgniter->handleRequest(NULL, Object(Config\Cache), false)
#7 C:\xamppp\htdocs\Proyecto\public\index.php(45): CodeIgniter\CodeIgniter->run()
#8 {main}
CRITICAL - 2020-06-18 13:54:48 --> Undefined index: nombre_usuario
#0 C:\xamppp\htdocs\Proyecto\app\Views\UserViews\editar.php(21): CodeIgniter\Debug\Exceptions->errorHandler(8, 'Undefined index...', 'C:\\xamppp\\htdoc...', 21, Array)
#1 C:\xamppp\htdocs\Proyecto\system\View\View.php(246): include('C:\\xamppp\\htdoc...')
#2 C:\xamppp\htdocs\Proyecto\system\Common.php(1087): CodeIgniter\View\View->render('UserViews/edita...', Array, true)
#3 C:\xamppp\htdocs\Proyecto\app\Controllers\UserController.php(79): view('UserViews/edita...', Array)
#4 C:\xamppp\htdocs\Proyecto\system\CodeIgniter.php(914): App\Controllers\UserController->editar()
#5 C:\xamppp\htdocs\Proyecto\system\CodeIgniter.php(400): CodeIgniter\CodeIgniter->runController(Object(App\Controllers\UserController))
#6 C:\xamppp\htdocs\Proyecto\system\CodeIgniter.php(308): CodeIgniter\CodeIgniter->handleRequest(NULL, Object(Config\Cache), false)
#7 C:\xamppp\htdocs\Proyecto\public\index.php(45): CodeIgniter\CodeIgniter->run()
#8 {main}
CRITICAL - 2020-06-18 15:09:39 --> syntax error, unexpected '}', expecting ';'
#0 C:\xamppp\htdocs\Proyecto\system\Autoloader\Autoloader.php(296): CodeIgniter\Autoloader\Autoloader->requireFile('C:\\xamppp\\htdoc...')
#1 C:\xamppp\htdocs\Proyecto\system\Autoloader\Autoloader.php(258): CodeIgniter\Autoloader\Autoloader->loadInNamespace('App\\Validation\\...')
#2 [internal function]: CodeIgniter\Autoloader\Autoloader->loadClass('App\\Validation\\...')
#3 C:\xamppp\htdocs\Proyecto\system\Validation\Validation.php(561): spl_autoload_call('App\\Validation\\...')
#4 C:\xamppp\htdocs\Proyecto\system\Validation\Validation.php(147): CodeIgniter\Validation\Validation->loadRuleSets()
#5 C:\xamppp\htdocs\Proyecto\system\Controller.php(219): CodeIgniter\Validation\Validation->run()
#6 C:\xamppp\htdocs\Proyecto\app\Controllers\UserController.php(27): CodeIgniter\Controller->validate(Array, Array)
#7 C:\xamppp\htdocs\Proyecto\system\CodeIgniter.php(914): App\Controllers\UserController->login()
#8 C:\xamppp\htdocs\Proyecto\system\CodeIgniter.php(400): CodeIgniter\CodeIgniter->runController(Object(App\Controllers\UserController))
#9 C:\xamppp\htdocs\Proyecto\system\CodeIgniter.php(308): CodeIgniter\CodeIgniter->handleRequest(NULL, Object(Config\Cache), false)
#10 C:\xamppp\htdocs\Proyecto\public\index.php(45): CodeIgniter\CodeIgniter->run()
#11 {main}
CRITICAL - 2020-06-18 15:39:06 --> Undefined index: validacion
#0 C:\xamppp\htdocs\Proyecto\app\Controllers\UserController.php(44): CodeIgniter\Debug\Exceptions->errorHandler(8, 'Undefined index...', 'C:\\xamppp\\htdoc...', 44, Array)
#1 C:\xamppp\htdocs\Proyecto\system\CodeIgniter.php(914): App\Controllers\UserController->login()
#2 C:\xamppp\htdocs\Proyecto\system\CodeIgniter.php(400): CodeIgniter\CodeIgniter->runController(Object(App\Controllers\UserController))
#3 C:\xamppp\htdocs\Proyecto\system\CodeIgniter.php(308): CodeIgniter\CodeIgniter->handleRequest(NULL, Object(Config\Cache), false)
#4 C:\xamppp\htdocs\Proyecto\public\index.php(45): CodeIgniter\CodeIgniter->run()
#5 {main}
CRITICAL - 2020-06-18 15:39:16 --> Undefined index: validacion
#0 C:\xamppp\htdocs\Proyecto\app\Controllers\UserController.php(44): CodeIgniter\Debug\Exceptions->errorHandler(8, 'Undefined index...', 'C:\\xamppp\\htdoc...', 44, Array)
#1 C:\xamppp\htdocs\Proyecto\system\CodeIgniter.php(914): App\Controllers\UserController->login()
#2 C:\xamppp\htdocs\Proyecto\system\CodeIgniter.php(400): CodeIgniter\CodeIgniter->runController(Object(App\Controllers\UserController))
#3 C:\xamppp\htdocs\Proyecto\system\CodeIgniter.php(308): CodeIgniter\CodeIgniter->handleRequest(NULL, Object(Config\Cache), false)
#4 C:\xamppp\htdocs\Proyecto\public\index.php(45): CodeIgniter\CodeIgniter->run()
#5 {main}
CRITICAL - 2020-06-18 15:39:43 --> Undefined index: validacion
#0 C:\xamppp\htdocs\Proyecto\app\Controllers\UserController.php(44): CodeIgniter\Debug\Exceptions->errorHandler(8, 'Undefined index...', 'C:\\xamppp\\htdoc...', 44, Array)
#1 C:\xamppp\htdocs\Proyecto\system\CodeIgniter.php(914): App\Controllers\UserController->login()
#2 C:\xamppp\htdocs\Proyecto\system\CodeIgniter.php(400): CodeIgniter\CodeIgniter->runController(Object(App\Controllers\UserController))
#3 C:\xamppp\htdocs\Proyecto\system\CodeIgniter.php(308): CodeIgniter\CodeIgniter->handleRequest(NULL, Object(Config\Cache), false)
#4 C:\xamppp\htdocs\Proyecto\public\index.php(45): CodeIgniter\CodeIgniter->run()
#5 {main}
CRITICAL - 2020-06-18 15:40:10 --> Undefined index: validacion
#0 C:\xamppp\htdocs\Proyecto\app\Controllers\UserController.php(44): CodeIgniter\Debug\Exceptions->errorHandler(8, 'Undefined index...', 'C:\\xamppp\\htdoc...', 44, Array)
#1 C:\xamppp\htdocs\Proyecto\system\CodeIgniter.php(914): App\Controllers\UserController->login()
#2 C:\xamppp\htdocs\Proyecto\system\CodeIgniter.php(400): CodeIgniter\CodeIgniter->runController(Object(App\Controllers\UserController))
#3 C:\xamppp\htdocs\Proyecto\system\CodeIgniter.php(308): CodeIgniter\CodeIgniter->handleRequest(NULL, Object(Config\Cache), false)
#4 C:\xamppp\htdocs\Proyecto\public\index.php(45): CodeIgniter\CodeIgniter->run()
#5 {main}
CRITICAL - 2020-06-18 15:40:17 --> Undefined index: validacion
#0 C:\xamppp\htdocs\Proyecto\app\Controllers\UserController.php(44): CodeIgniter\Debug\Exceptions->errorHandler(8, 'Undefined index...', 'C:\\xamppp\\htdoc...', 44, Array)
#1 C:\xamppp\htdocs\Proyecto\system\CodeIgniter.php(914): App\Controllers\UserController->login()
#2 C:\xamppp\htdocs\Proyecto\system\CodeIgniter.php(400): CodeIgniter\CodeIgniter->runController(Object(App\Controllers\UserController))
#3 C:\xamppp\htdocs\Proyecto\system\CodeIgniter.php(308): CodeIgniter\CodeIgniter->handleRequest(NULL, Object(Config\Cache), false)
#4 C:\xamppp\htdocs\Proyecto\public\index.php(45): CodeIgniter\CodeIgniter->run()
#5 {main}
CRITICAL - 2020-06-18 15:41:15 --> Undefined index: validacion
#0 C:\xamppp\htdocs\Proyecto\app\Controllers\UserController.php(44): CodeIgniter\Debug\Exceptions->errorHandler(8, 'Undefined index...', 'C:\\xamppp\\htdoc...', 44, Array)
#1 C:\xamppp\htdocs\Proyecto\system\CodeIgniter.php(914): App\Controllers\UserController->login()
#2 C:\xamppp\htdocs\Proyecto\system\CodeIgniter.php(400): CodeIgniter\CodeIgniter->runController(Object(App\Controllers\UserController))
#3 C:\xamppp\htdocs\Proyecto\system\CodeIgniter.php(308): CodeIgniter\CodeIgniter->handleRequest(NULL, Object(Config\Cache), false)
#4 C:\xamppp\htdocs\Proyecto\public\index.php(45): CodeIgniter\CodeIgniter->run()
#5 {main}
CRITICAL - 2020-06-18 15:45:09 --> Object of class CodeIgniter\Validation\Validation could not be converted to string
#0 C:\xamppp\htdocs\Proyecto\system\View\View.php(246): include()
#1 C:\xamppp\htdocs\Proyecto\system\Common.php(1087): CodeIgniter\View\View->render('UserViews/Login', Array, true)
#2 C:\xamppp\htdocs\Proyecto\app\Controllers\UserController.php(44): view('UserViews/Login', Array)
#3 C:\xamppp\htdocs\Proyecto\system\CodeIgniter.php(914): App\Controllers\UserController->login()
#4 C:\xamppp\htdocs\Proyecto\system\CodeIgniter.php(400): CodeIgniter\CodeIgniter->runController(Object(App\Controllers\UserController))
#5 C:\xamppp\htdocs\Proyecto\system\CodeIgniter.php(308): CodeIgniter\CodeIgniter->handleRequest(NULL, Object(Config\Cache), false)
#6 C:\xamppp\htdocs\Proyecto\public\index.php(45): CodeIgniter\CodeIgniter->run()
#7 {main}
CRITICAL - 2020-06-18 16:02:26 --> Call to a member function listErrors() on array
#0 C:\xamppp\htdocs\Proyecto\system\View\View.php(246): include()
#1 C:\xamppp\htdocs\Proyecto\system\Common.php(1087): CodeIgniter\View\View->render('UserViews/Login', Array, true)
#2 C:\xamppp\htdocs\Proyecto\app\Controllers\UserController.php(43): view('UserViews/Login', Array)
#3 C:\xamppp\htdocs\Proyecto\system\CodeIgniter.php(914): App\Controllers\UserController->login()
#4 C:\xamppp\htdocs\Proyecto\system\CodeIgniter.php(400): CodeIgniter\CodeIgniter->runController(Object(App\Controllers\UserController))
#5 C:\xamppp\htdocs\Proyecto\system\CodeIgniter.php(308): CodeIgniter\CodeIgniter->handleRequest(NULL, Object(Config\Cache), false)
#6 C:\xamppp\htdocs\Proyecto\public\index.php(45): CodeIgniter\CodeIgniter->run()
#7 {main}
CRITICAL - 2020-06-18 16:05:24 --> Undefined index: validacion
#0 C:\xamppp\htdocs\Proyecto\app\Controllers\UserController.php(43): CodeIgniter\Debug\Exceptions->errorHandler(8, 'Undefined index...', 'C:\\xamppp\\htdoc...', 43, Array)
#1 C:\xamppp\htdocs\Proyecto\system\CodeIgniter.php(914): App\Controllers\UserController->login()
#2 C:\xamppp\htdocs\Proyecto\system\CodeIgniter.php(400): CodeIgniter\CodeIgniter->runController(Object(App\Controllers\UserController))
#3 C:\xamppp\htdocs\Proyecto\system\CodeIgniter.php(308): CodeIgniter\CodeIgniter->handleRequest(NULL, Object(Config\Cache), false)
#4 C:\xamppp\htdocs\Proyecto\public\index.php(45): CodeIgniter\CodeIgniter->run()
#5 {main}
CRITICAL - 2020-06-18 16:06:00 --> Undefined index: validacion
#0 C:\xamppp\htdocs\Proyecto\app\Controllers\UserController.php(43): CodeIgniter\Debug\Exceptions->errorHandler(8, 'Undefined index...', 'C:\\xamppp\\htdoc...', 43, Array)
#1 C:\xamppp\htdocs\Proyecto\system\CodeIgniter.php(914): App\Controllers\UserController->login()
#2 C:\xamppp\htdocs\Proyecto\system\CodeIgniter.php(400): CodeIgniter\CodeIgniter->runController(Object(App\Controllers\UserController))
#3 C:\xamppp\htdocs\Proyecto\system\CodeIgniter.php(308): CodeIgniter\CodeIgniter->handleRequest(NULL, Object(Config\Cache), false)
#4 C:\xamppp\htdocs\Proyecto\public\index.php(45): CodeIgniter\CodeIgniter->run()
#5 {main}
CRITICAL - 2020-06-18 16:06:13 --> Undefined index: validacion
#0 C:\xamppp\htdocs\Proyecto\app\Controllers\UserController.php(43): CodeIgniter\Debug\Exceptions->errorHandler(8, 'Undefined index...', 'C:\\xamppp\\htdoc...', 43, Array)
#1 C:\xamppp\htdocs\Proyecto\system\CodeIgniter.php(914): App\Controllers\UserController->login()
#2 C:\xamppp\htdocs\Proyecto\system\CodeIgniter.php(400): CodeIgniter\CodeIgniter->runController(Object(App\Controllers\UserController))
#3 C:\xamppp\htdocs\Proyecto\system\CodeIgniter.php(308): CodeIgniter\CodeIgniter->handleRequest(NULL, Object(Config\Cache), false)
#4 C:\xamppp\htdocs\Proyecto\public\index.php(45): CodeIgniter\CodeIgniter->run()
#5 {main}
CRITICAL - 2020-06-18 16:11:38 --> Undefined index: validacion
#0 C:\xamppp\htdocs\Proyecto\app\Controllers\UserController.php(43): CodeIgniter\Debug\Exceptions->errorHandler(8, 'Undefined index...', 'C:\\xamppp\\htdoc...', 43, Array)
#1 C:\xamppp\htdocs\Proyecto\system\CodeIgniter.php(914): App\Controllers\UserController->login()
#2 C:\xamppp\htdocs\Proyecto\system\CodeIgniter.php(400): CodeIgniter\CodeIgniter->runController(Object(App\Controllers\UserController))
#3 C:\xamppp\htdocs\Proyecto\system\CodeIgniter.php(308): CodeIgniter\CodeIgniter->handleRequest(NULL, Object(Config\Cache), false)
#4 C:\xamppp\htdocs\Proyecto\public\index.php(45): CodeIgniter\CodeIgniter->run()
#5 {main}
CRITICAL - 2020-06-18 16:16:16 --> Undefined index: validacion
#0 C:\xamppp\htdocs\Proyecto\app\Controllers\UserController.php(43): CodeIgniter\Debug\Exceptions->errorHandler(8, 'Undefined index...', 'C:\\xamppp\\htdoc...', 43, Array)
#1 C:\xamppp\htdocs\Proyecto\system\CodeIgniter.php(914): App\Controllers\UserController->login()
#2 C:\xamppp\htdocs\Proyecto\system\CodeIgniter.php(400): CodeIgniter\CodeIgniter->runController(Object(App\Controllers\UserController))
#3 C:\xamppp\htdocs\Proyecto\system\CodeIgniter.php(308): CodeIgniter\CodeIgniter->handleRequest(NULL, Object(Config\Cache), false)
#4 C:\xamppp\htdocs\Proyecto\public\index.php(45): CodeIgniter\CodeIgniter->run()
#5 {main}
CRITICAL - 2020-06-18 16:19:01 --> Undefined index: validacion
#0 C:\xamppp\htdocs\Proyecto\app\Controllers\UserController.php(43): CodeIgniter\Debug\Exceptions->errorHandler(8, 'Undefined index...', 'C:\\xamppp\\htdoc...', 43, Array)
#1 C:\xamppp\htdocs\Proyecto\system\CodeIgniter.php(914): App\Controllers\UserController->login()
#2 C:\xamppp\htdocs\Proyecto\system\CodeIgniter.php(400): CodeIgniter\CodeIgniter->runController(Object(App\Controllers\UserController))
#3 C:\xamppp\htdocs\Proyecto\system\CodeIgniter.php(308): CodeIgniter\CodeIgniter->handleRequest(NULL, Object(Config\Cache), false)
#4 C:\xamppp\htdocs\Proyecto\public\index.php(45): CodeIgniter\CodeIgniter->run()
#5 {main}
CRITICAL - 2020-06-18 16:19:07 --> Undefined index: validacion
#0 C:\xamppp\htdocs\Proyecto\app\Controllers\UserController.php(43): CodeIgniter\Debug\Exceptions->errorHandler(8, 'Undefined index...', 'C:\\xamppp\\htdoc...', 43, Array)
#1 C:\xamppp\htdocs\Proyecto\system\CodeIgniter.php(914): App\Controllers\UserController->login()
#2 C:\xamppp\htdocs\Proyecto\system\CodeIgniter.php(400): CodeIgniter\CodeIgniter->runController(Object(App\Controllers\UserController))
#3 C:\xamppp\htdocs\Proyecto\system\CodeIgniter.php(308): CodeIgniter\CodeIgniter->handleRequest(NULL, Object(Config\Cache), false)
#4 C:\xamppp\htdocs\Proyecto\public\index.php(45): CodeIgniter\CodeIgniter->run()
#5 {main}
CRITICAL - 2020-06-18 16:19:28 --> Undefined index: validacion
#0 C:\xamppp\htdocs\Proyecto\app\Controllers\UserController.php(43): CodeIgniter\Debug\Exceptions->errorHandler(8, 'Undefined index...', 'C:\\xamppp\\htdoc...', 43, Array)
#1 C:\xamppp\htdocs\Proyecto\system\CodeIgniter.php(914): App\Controllers\UserController->login()
#2 C:\xamppp\htdocs\Proyecto\system\CodeIgniter.php(400): CodeIgniter\CodeIgniter->runController(Object(App\Controllers\UserController))
#3 C:\xamppp\htdocs\Proyecto\system\CodeIgniter.php(308): CodeIgniter\CodeIgniter->handleRequest(NULL, Object(Config\Cache), false)
#4 C:\xamppp\htdocs\Proyecto\public\index.php(45): CodeIgniter\CodeIgniter->run()
#5 {main}
CRITICAL - 2020-06-18 16:42:06 --> Undefined variable: datos
#0 C:\xamppp\htdocs\Proyecto\app\Controllers\UserController.php(53): CodeIgniter\Debug\Exceptions->errorHandler(8, 'Undefined varia...', 'C:\\xamppp\\htdoc...', 53, Array)
#1 C:\xamppp\htdocs\Proyecto\system\CodeIgniter.php(914): App\Controllers\UserController->backend()
#2 C:\xamppp\htdocs\Proyecto\system\CodeIgniter.php(400): CodeIgniter\CodeIgniter->runController(Object(App\Controllers\UserController))
#3 C:\xamppp\htdocs\Proyecto\system\CodeIgniter.php(308): CodeIgniter\CodeIgniter->handleRequest(NULL, Object(Config\Cache), false)
#4 C:\xamppp\htdocs\Proyecto\public\index.php(45): CodeIgniter\CodeIgniter->run()
#5 {main}
CRITICAL - 2020-06-18 16:42:59 --> Undefined variable: datos
#0 C:\xamppp\htdocs\Proyecto\app\Controllers\UserController.php(53): CodeIgniter\Debug\Exceptions->errorHandler(8, 'Undefined varia...', 'C:\\xamppp\\htdoc...', 53, Array)
#1 C:\xamppp\htdocs\Proyecto\system\CodeIgniter.php(914): App\Controllers\UserController->backend()
#2 C:\xamppp\htdocs\Proyecto\system\CodeIgniter.php(400): CodeIgniter\CodeIgniter->runController(Object(App\Controllers\UserController))
#3 C:\xamppp\htdocs\Proyecto\system\CodeIgniter.php(308): CodeIgniter\CodeIgniter->handleRequest(NULL, Object(Config\Cache), false)
#4 C:\xamppp\htdocs\Proyecto\public\index.php(45): CodeIgniter\CodeIgniter->run()
#5 {main}
CRITICAL - 2020-06-18 16:43:11 --> Undefined variable: datos
#0 C:\xamppp\htdocs\Proyecto\app\Controllers\UserController.php(53): CodeIgniter\Debug\Exceptions->errorHandler(8, 'Undefined varia...', 'C:\\xamppp\\htdoc...', 53, Array)
#1 C:\xamppp\htdocs\Proyecto\system\CodeIgniter.php(914): App\Controllers\UserController->backend()
#2 C:\xamppp\htdocs\Proyecto\system\CodeIgniter.php(400): CodeIgniter\CodeIgniter->runController(Object(App\Controllers\UserController))
#3 C:\xamppp\htdocs\Proyecto\system\CodeIgniter.php(308): CodeIgniter\CodeIgniter->handleRequest(NULL, Object(Config\Cache), false)
#4 C:\xamppp\htdocs\Proyecto\public\index.php(45): CodeIgniter\CodeIgniter->run()
#5 {main}
CRITICAL - 2020-06-18 16:43:55 --> Undefined variable: datos
#0 C:\xamppp\htdocs\Proyecto\app\Controllers\UserController.php(53): CodeIgniter\Debug\Exceptions->errorHandler(8, 'Undefined varia...', 'C:\\xamppp\\htdoc...', 53, Array)
#1 C:\xamppp\htdocs\Proyecto\system\CodeIgniter.php(914): App\Controllers\UserController->backend()
#2 C:\xamppp\htdocs\Proyecto\system\CodeIgniter.php(400): CodeIgniter\CodeIgniter->runController(Object(App\Controllers\UserController))
#3 C:\xamppp\htdocs\Proyecto\system\CodeIgniter.php(308): CodeIgniter\CodeIgniter->handleRequest(NULL, Object(Config\Cache), false)
#4 C:\xamppp\htdocs\Proyecto\public\index.php(45): CodeIgniter\CodeIgniter->run()
#5 {main}
CRITICAL - 2020-06-18 16:44:20 --> Undefined variable: datos
#0 C:\xamppp\htdocs\Proyecto\app\Views\UserViews\backend.php(9): CodeIgniter\Debug\Exceptions->errorHandler(8, 'Undefined varia...', 'C:\\xamppp\\htdoc...', 9, Array)
#1 C:\xamppp\htdocs\Proyecto\system\View\View.php(246): include('C:\\xamppp\\htdoc...')
#2 C:\xamppp\htdocs\Proyecto\system\Common.php(1087): CodeIgniter\View\View->render('UserViews/backe...', Array, true)
#3 C:\xamppp\htdocs\Proyecto\app\Controllers\UserController.php(53): view('UserViews/backe...')
#4 C:\xamppp\htdocs\Proyecto\system\CodeIgniter.php(914): App\Controllers\UserController->backend()
#5 C:\xamppp\htdocs\Proyecto\system\CodeIgniter.php(400): CodeIgniter\CodeIgniter->runController(Object(App\Controllers\UserController))
#6 C:\xamppp\htdocs\Proyecto\system\CodeIgniter.php(308): CodeIgniter\CodeIgniter->handleRequest(NULL, Object(Config\Cache), false)
#7 C:\xamppp\htdocs\Proyecto\public\index.php(45): CodeIgniter\CodeIgniter->run()
#8 {main}
CRITICAL - 2020-06-18 17:25:50 --> Undefined index: validacion
#0 C:\xamppp\htdocs\Proyecto\app\Controllers\UserController.php(43): CodeIgniter\Debug\Exceptions->errorHandler(8, 'Undefined index...', 'C:\\xamppp\\htdoc...', 43, Array)
#1 C:\xamppp\htdocs\Proyecto\system\CodeIgniter.php(914): App\Controllers\UserController->login()
#2 C:\xamppp\htdocs\Proyecto\system\CodeIgniter.php(400): CodeIgniter\CodeIgniter->runController(Object(App\Controllers\UserController))
#3 C:\xamppp\htdocs\Proyecto\system\CodeIgniter.php(308): CodeIgniter\CodeIgniter->handleRequest(NULL, Object(Config\Cache), false)
#4 C:\xamppp\htdocs\Proyecto\public\index.php(45): CodeIgniter\CodeIgniter->run()
#5 {main}
CRITICAL - 2020-06-18 17:27:00 --> Undefined index: validacion
#0 C:\xamppp\htdocs\Proyecto\app\Controllers\UserController.php(43): CodeIgniter\Debug\Exceptions->errorHandler(8, 'Undefined index...', 'C:\\xamppp\\htdoc...', 43, Array)
#1 C:\xamppp\htdocs\Proyecto\system\CodeIgniter.php(914): App\Controllers\UserController->login()
#2 C:\xamppp\htdocs\Proyecto\system\CodeIgniter.php(400): CodeIgniter\CodeIgniter->runController(Object(App\Controllers\UserController))
#3 C:\xamppp\htdocs\Proyecto\system\CodeIgniter.php(308): CodeIgniter\CodeIgniter->handleRequest(NULL, Object(Config\Cache), false)
#4 C:\xamppp\htdocs\Proyecto\public\index.php(45): CodeIgniter\CodeIgniter->run()
#5 {main}
CRITICAL - 2020-06-18 17:27:16 --> Undefined index: validacion
#0 C:\xamppp\htdocs\Proyecto\app\Controllers\UserController.php(43): CodeIgniter\Debug\Exceptions->errorHandler(8, 'Undefined index...', 'C:\\xamppp\\htdoc...', 43, Array)
#1 C:\xamppp\htdocs\Proyecto\system\CodeIgniter.php(914): App\Controllers\UserController->login()
#2 C:\xamppp\htdocs\Proyecto\system\CodeIgniter.php(400): CodeIgniter\CodeIgniter->runController(Object(App\Controllers\UserController))
#3 C:\xamppp\htdocs\Proyecto\system\CodeIgniter.php(308): CodeIgniter\CodeIgniter->handleRequest(NULL, Object(Config\Cache), false)
#4 C:\xamppp\htdocs\Proyecto\public\index.php(45): CodeIgniter\CodeIgniter->run()
#5 {main}
CRITICAL - 2020-06-18 17:27:26 --> Undefined index: validacion
#0 C:\xamppp\htdocs\Proyecto\app\Controllers\UserController.php(43): CodeIgniter\Debug\Exceptions->errorHandler(8, 'Undefined index...', 'C:\\xamppp\\htdoc...', 43, Array)
#1 C:\xamppp\htdocs\Proyecto\system\CodeIgniter.php(914): App\Controllers\UserController->login()
#2 C:\xamppp\htdocs\Proyecto\system\CodeIgniter.php(400): CodeIgniter\CodeIgniter->runController(Object(App\Controllers\UserController))
#3 C:\xamppp\htdocs\Proyecto\system\CodeIgniter.php(308): CodeIgniter\CodeIgniter->handleRequest(NULL, Object(Config\Cache), false)
#4 C:\xamppp\htdocs\Proyecto\public\index.php(45): CodeIgniter\CodeIgniter->run()
#5 {main}
CRITICAL - 2020-06-18 18:03:41 --> Undefined index: log
#0 C:\xamppp\htdocs\Proyecto\app\Controllers\UserController.php(40): CodeIgniter\Debug\Exceptions->errorHandler(8, 'Undefined index...', 'C:\\xamppp\\htdoc...', 40, Array)
#1 C:\xamppp\htdocs\Proyecto\system\CodeIgniter.php(914): App\Controllers\UserController->login()
#2 C:\xamppp\htdocs\Proyecto\system\CodeIgniter.php(400): CodeIgniter\CodeIgniter->runController(Object(App\Controllers\UserController))
#3 C:\xamppp\htdocs\Proyecto\system\CodeIgniter.php(308): CodeIgniter\CodeIgniter->handleRequest(NULL, Object(Config\Cache), false)
#4 C:\xamppp\htdocs\Proyecto\public\index.php(45): CodeIgniter\CodeIgniter->run()
#5 {main}
CRITICAL - 2020-06-18 18:04:59 --> Undefined index: log
#0 C:\xamppp\htdocs\Proyecto\app\Controllers\UserController.php(41): CodeIgniter\Debug\Exceptions->errorHandler(8, 'Undefined index...', 'C:\\xamppp\\htdoc...', 41, Array)
#1 C:\xamppp\htdocs\Proyecto\system\CodeIgniter.php(914): App\Controllers\UserController->login()
#2 C:\xamppp\htdocs\Proyecto\system\CodeIgniter.php(400): CodeIgniter\CodeIgniter->runController(Object(App\Controllers\UserController))
#3 C:\xamppp\htdocs\Proyecto\system\CodeIgniter.php(308): CodeIgniter\CodeIgniter->handleRequest(NULL, Object(Config\Cache), false)
#4 C:\xamppp\htdocs\Proyecto\public\index.php(45): CodeIgniter\CodeIgniter->run()
#5 {main}
CRITICAL - 2020-06-18 18:06:28 --> Undefined index: log
#0 C:\xamppp\htdocs\Proyecto\app\Controllers\UserController.php(43): CodeIgniter\Debug\Exceptions->errorHandler(8, 'Undefined index...', 'C:\\xamppp\\htdoc...', 43, Array)
#1 C:\xamppp\htdocs\Proyecto\system\CodeIgniter.php(914): App\Controllers\UserController->login()
#2 C:\xamppp\htdocs\Proyecto\system\CodeIgniter.php(400): CodeIgniter\CodeIgniter->runController(Object(App\Controllers\UserController))
#3 C:\xamppp\htdocs\Proyecto\system\CodeIgniter.php(308): CodeIgniter\CodeIgniter->handleRequest(NULL, Object(Config\Cache), false)
#4 C:\xamppp\htdocs\Proyecto\public\index.php(45): CodeIgniter\CodeIgniter->run()
#5 {main}
CRITICAL - 2020-06-18 18:17:11 --> Undefined index: log
#0 C:\xamppp\htdocs\Proyecto\app\Controllers\UserController.php(43): CodeIgniter\Debug\Exceptions->errorHandler(8, 'Undefined index...', 'C:\\xamppp\\htdoc...', 43, Array)
#1 C:\xamppp\htdocs\Proyecto\system\CodeIgniter.php(914): App\Controllers\UserController->login()
#2 C:\xamppp\htdocs\Proyecto\system\CodeIgniter.php(400): CodeIgniter\CodeIgniter->runController(Object(App\Controllers\UserController))
#3 C:\xamppp\htdocs\Proyecto\system\CodeIgniter.php(308): CodeIgniter\CodeIgniter->handleRequest(NULL, Object(Config\Cache), false)
#4 C:\xamppp\htdocs\Proyecto\public\index.php(45): CodeIgniter\CodeIgniter->run()
#5 {main}
CRITICAL - 2020-06-18 18:18:42 --> Illegal string offset 'correo'
#0 C:\xamppp\htdocs\Proyecto\app\Controllers\UserController.php(43): CodeIgniter\Debug\Exceptions->errorHandler(2, 'Illegal string ...', 'C:\\xamppp\\htdoc...', 43, Array)
#1 C:\xamppp\htdocs\Proyecto\system\CodeIgniter.php(914): App\Controllers\UserController->login()
#2 C:\xamppp\htdocs\Proyecto\system\CodeIgniter.php(400): CodeIgniter\CodeIgniter->runController(Object(App\Controllers\UserController))
#3 C:\xamppp\htdocs\Proyecto\system\CodeIgniter.php(308): CodeIgniter\CodeIgniter->handleRequest(NULL, Object(Config\Cache), false)
#4 C:\xamppp\htdocs\Proyecto\public\index.php(45): CodeIgniter\CodeIgniter->run()
#5 {main}
CRITICAL - 2020-06-18 18:18:57 --> password_verify() expects parameter 2 to be string, array given
#0 [internal function]: CodeIgniter\Debug\Exceptions->errorHandler(2, 'password_verify...', 'C:\\xamppp\\htdoc...', 49, Array)
#1 C:\xamppp\htdocs\Proyecto\app\Controllers\UserController.php(49): password_verify('123456', Array)
#2 C:\xamppp\htdocs\Proyecto\system\CodeIgniter.php(914): App\Controllers\UserController->login()
#3 C:\xamppp\htdocs\Proyecto\system\CodeIgniter.php(400): CodeIgniter\CodeIgniter->runController(Object(App\Controllers\UserController))
#4 C:\xamppp\htdocs\Proyecto\system\CodeIgniter.php(308): CodeIgniter\CodeIgniter->handleRequest(NULL, Object(Config\Cache), false)
#5 C:\xamppp\htdocs\Proyecto\public\index.php(45): CodeIgniter\CodeIgniter->run()
#6 {main}
CRITICAL - 2020-06-18 18:19:13 --> password_verify() expects parameter 1 to be string, array given
#0 [internal function]: CodeIgniter\Debug\Exceptions->errorHandler(2, 'password_verify...', 'C:\\xamppp\\htdoc...', 49, Array)
#1 C:\xamppp\htdocs\Proyecto\app\Controllers\UserController.php(49): password_verify(Array, Array)
#2 C:\xamppp\htdocs\Proyecto\system\CodeIgniter.php(914): App\Controllers\UserController->login()
#3 C:\xamppp\htdocs\Proyecto\system\CodeIgniter.php(400): CodeIgniter\CodeIgniter->runController(Object(App\Controllers\UserController))
#4 C:\xamppp\htdocs\Proyecto\system\CodeIgniter.php(308): CodeIgniter\CodeIgniter->handleRequest(NULL, Object(Config\Cache), false)
#5 C:\xamppp\htdocs\Proyecto\public\index.php(45): CodeIgniter\CodeIgniter->run()
#6 {main}
CRITICAL - 2020-06-18 21:35:38 --> syntax error, unexpected ')', expecting ']'
#0 C:\xamppp\htdocs\Proyecto\system\Router\Router.php(192): CodeIgniter\Router\Router->autoRoute('UserController/...')
#1 C:\xamppp\htdocs\Proyecto\system\CodeIgniter.php(789): CodeIgniter\Router\Router->handle('UserController/...')
#2 C:\xamppp\htdocs\Proyecto\system\CodeIgniter.php(360): CodeIgniter\CodeIgniter->tryToRouteIt(Object(CodeIgniter\Router\RouteCollection))
#3 C:\xamppp\htdocs\Proyecto\system\CodeIgniter.php(308): CodeIgniter\CodeIgniter->handleRequest(NULL, Object(Config\Cache), false)
#4 C:\xamppp\htdocs\Proyecto\public\index.php(45): CodeIgniter\CodeIgniter->run()
#5 {main}
CRITICAL - 2020-06-18 21:37:52 --> Argument 2 passed to App\Validation\usuarioReglas::validandoUsuario() must be of the type array, string given, called in C:\xamppp\htdocs\Proyecto\system\Validation\Validation.php on line 294
#0 C:\xamppp\htdocs\Proyecto\system\Validation\Validation.php(294): App\Validation\usuarioReglas->validandoUsuario('123456', 'correo,contrase...', Array, NULL)
#1 C:\xamppp\htdocs\Proyecto\system\Validation\Validation.php(189): CodeIgniter\Validation\Validation->processRules('contrasena', 'contrasena', '123456', Array, Array)
#2 C:\xamppp\htdocs\Proyecto\system\Controller.php(219): CodeIgniter\Validation\Validation->run()
#3 C:\xamppp\htdocs\Proyecto\app\Controllers\UserController.php(28): CodeIgniter\Controller->validate(Array, Array)
#4 C:\xamppp\htdocs\Proyecto\system\CodeIgniter.php(914): App\Controllers\UserController->login()
#5 C:\xamppp\htdocs\Proyecto\system\CodeIgniter.php(400): CodeIgniter\CodeIgniter->runController(Object(App\Controllers\UserController))
#6 C:\xamppp\htdocs\Proyecto\system\CodeIgniter.php(308): CodeIgniter\CodeIgniter->handleRequest(NULL, Object(Config\Cache), false)
#7 C:\xamppp\htdocs\Proyecto\public\index.php(45): CodeIgniter\CodeIgniter->run()
#8 {main}
CRITICAL - 2020-06-18 22:09:22 --> Undefined variable: select
#0 C:\xamppp\htdocs\Proyecto\app\Controllers\UserController.php(42): CodeIgniter\Debug\Exceptions->errorHandler(8, 'Undefined varia...', 'C:\\xamppp\\htdoc...', 42, Array)
#1 C:\xamppp\htdocs\Proyecto\system\CodeIgniter.php(914): App\Controllers\UserController->login()
#2 C:\xamppp\htdocs\Proyecto\system\CodeIgniter.php(400): CodeIgniter\CodeIgniter->runController(Object(App\Controllers\UserController))
#3 C:\xamppp\htdocs\Proyecto\system\CodeIgniter.php(308): CodeIgniter\CodeIgniter->handleRequest(NULL, Object(Config\Cache), false)
#4 C:\xamppp\htdocs\Proyecto\public\index.php(45): CodeIgniter\CodeIgniter->run()
#5 {main}
CRITICAL - 2020-06-18 22:09:40 --> Undefined variable: db
#0 C:\xamppp\htdocs\Proyecto\app\Models\UsuarioModel.php(56): CodeIgniter\Debug\Exceptions->errorHandler(8, 'Undefined varia...', 'C:\\xamppp\\htdoc...', 56, Array)
#1 C:\xamppp\htdocs\Proyecto\app\Controllers\UserController.php(42): App\Models\UsuarioModel->consulta()
#2 C:\xamppp\htdocs\Proyecto\system\CodeIgniter.php(914): App\Controllers\UserController->login()
#3 C:\xamppp\htdocs\Proyecto\system\CodeIgniter.php(400): CodeIgniter\CodeIgniter->runController(Object(App\Controllers\UserController))
#4 C:\xamppp\htdocs\Proyecto\system\CodeIgniter.php(308): CodeIgniter\CodeIgniter->handleRequest(NULL, Object(Config\Cache), false)
#5 C:\xamppp\htdocs\Proyecto\public\index.php(45): CodeIgniter\CodeIgniter->run()
#6 {main}
CRITICAL - 2020-06-18 22:12:14 --> Undefined index: log
#0 C:\xamppp\htdocs\Proyecto\app\Controllers\UserController.php(44): CodeIgniter\Debug\Exceptions->errorHandler(8, 'Undefined index...', 'C:\\xamppp\\htdoc...', 44, Array)
#1 C:\xamppp\htdocs\Proyecto\system\CodeIgniter.php(914): App\Controllers\UserController->login()
#2 C:\xamppp\htdocs\Proyecto\system\CodeIgniter.php(400): CodeIgniter\CodeIgniter->runController(Object(App\Controllers\UserController))
#3 C:\xamppp\htdocs\Proyecto\system\CodeIgniter.php(308): CodeIgniter\CodeIgniter->handleRequest(NULL, Object(Config\Cache), false)
#4 C:\xamppp\htdocs\Proyecto\public\index.php(45): CodeIgniter\CodeIgniter->run()
#5 {main}
CRITICAL - 2020-06-18 22:15:03 --> Undefined index: user
#0 C:\xamppp\htdocs\Proyecto\app\Controllers\UserController.php(44): CodeIgniter\Debug\Exceptions->errorHandler(8, 'Undefined index...', 'C:\\xamppp\\htdoc...', 44, Array)
#1 C:\xamppp\htdocs\Proyecto\system\CodeIgniter.php(914): App\Controllers\UserController->login()
#2 C:\xamppp\htdocs\Proyecto\system\CodeIgniter.php(400): CodeIgniter\CodeIgniter->runController(Object(App\Controllers\UserController))
#3 C:\xamppp\htdocs\Proyecto\system\CodeIgniter.php(308): CodeIgniter\CodeIgniter->handleRequest(NULL, Object(Config\Cache), false)
#4 C:\xamppp\htdocs\Proyecto\public\index.php(45): CodeIgniter\CodeIgniter->run()
#5 {main}
CRITICAL - 2020-06-18 22:15:16 --> Trying to access array offset on value of type null
#0 C:\xamppp\htdocs\Proyecto\app\Controllers\UserController.php(46): CodeIgniter\Debug\Exceptions->errorHandler(8, 'Trying to acces...', 'C:\\xamppp\\htdoc...', 46, Array)
#1 C:\xamppp\htdocs\Proyecto\system\CodeIgniter.php(914): App\Controllers\UserController->login()
#2 C:\xamppp\htdocs\Proyecto\system\CodeIgniter.php(400): CodeIgniter\CodeIgniter->runController(Object(App\Controllers\UserController))
#3 C:\xamppp\htdocs\Proyecto\system\CodeIgniter.php(308): CodeIgniter\CodeIgniter->handleRequest(NULL, Object(Config\Cache), false)
#4 C:\xamppp\htdocs\Proyecto\public\index.php(45): CodeIgniter\CodeIgniter->run()
#5 {main}
CRITICAL - 2020-06-18 22:15:58 --> Trying to access array offset on value of type null
#0 C:\xamppp\htdocs\Proyecto\app\Controllers\UserController.php(46): CodeIgniter\Debug\Exceptions->errorHandler(8, 'Trying to acces...', 'C:\\xamppp\\htdoc...', 46, Array)
#1 C:\xamppp\htdocs\Proyecto\system\CodeIgniter.php(914): App\Controllers\UserController->login()
#2 C:\xamppp\htdocs\Proyecto\system\CodeIgniter.php(400): CodeIgniter\CodeIgniter->runController(Object(App\Controllers\UserController))
#3 C:\xamppp\htdocs\Proyecto\system\CodeIgniter.php(308): CodeIgniter\CodeIgniter->handleRequest(NULL, Object(Config\Cache), false)
#4 C:\xamppp\htdocs\Proyecto\public\index.php(45): CodeIgniter\CodeIgniter->run()
#5 {main}
CRITICAL - 2020-06-18 22:16:24 --> Trying to access array offset on value of type null
#0 C:\xamppp\htdocs\Proyecto\app\Controllers\UserController.php(46): CodeIgniter\Debug\Exceptions->errorHandler(8, 'Trying to acces...', 'C:\\xamppp\\htdoc...', 46, Array)
#1 C:\xamppp\htdocs\Proyecto\system\CodeIgniter.php(914): App\Controllers\UserController->login()
#2 C:\xamppp\htdocs\Proyecto\system\CodeIgniter.php(400): CodeIgniter\CodeIgniter->runController(Object(App\Controllers\UserController))
#3 C:\xamppp\htdocs\Proyecto\system\CodeIgniter.php(308): CodeIgniter\CodeIgniter->handleRequest(NULL, Object(Config\Cache), false)
#4 C:\xamppp\htdocs\Proyecto\public\index.php(45): CodeIgniter\CodeIgniter->run()
#5 {main}
CRITICAL - 2020-06-18 22:20:41 --> Undefined index: user
#0 C:\xamppp\htdocs\Proyecto\app\Controllers\UserController.php(47): CodeIgniter\Debug\Exceptions->errorHandler(8, 'Undefined index...', 'C:\\xamppp\\htdoc...', 47, Array)
#1 C:\xamppp\htdocs\Proyecto\system\CodeIgniter.php(914): App\Controllers\UserController->login()
#2 C:\xamppp\htdocs\Proyecto\system\CodeIgniter.php(400): CodeIgniter\CodeIgniter->runController(Object(App\Controllers\UserController))
#3 C:\xamppp\htdocs\Proyecto\system\CodeIgniter.php(308): CodeIgniter\CodeIgniter->handleRequest(NULL, Object(Config\Cache), false)
#4 C:\xamppp\htdocs\Proyecto\public\index.php(45): CodeIgniter\CodeIgniter->run()
#5 {main}
CRITICAL - 2020-06-18 22:21:12 --> Undefined index: user
#0 C:\xamppp\htdocs\Proyecto\app\Controllers\UserController.php(47): CodeIgniter\Debug\Exceptions->errorHandler(8, 'Undefined index...', 'C:\\xamppp\\htdoc...', 47, Array)
#1 C:\xamppp\htdocs\Proyecto\system\CodeIgniter.php(914): App\Controllers\UserController->login()
#2 C:\xamppp\htdocs\Proyecto\system\CodeIgniter.php(400): CodeIgniter\CodeIgniter->runController(Object(App\Controllers\UserController))
#3 C:\xamppp\htdocs\Proyecto\system\CodeIgniter.php(308): CodeIgniter\CodeIgniter->handleRequest(NULL, Object(Config\Cache), false)
#4 C:\xamppp\htdocs\Proyecto\public\index.php(45): CodeIgniter\CodeIgniter->run()
#5 {main}
CRITICAL - 2020-06-18 22:21:19 --> Call to a member function listErrors() on string
#0 C:\xamppp\htdocs\Proyecto\system\View\View.php(246): include()
#1 C:\xamppp\htdocs\Proyecto\system\Common.php(1087): CodeIgniter\View\View->render('UserViews/login', Array, true)
#2 C:\xamppp\htdocs\Proyecto\app\Controllers\UserController.php(58): view('UserViews/login', Array)
#3 C:\xamppp\htdocs\Proyecto\system\CodeIgniter.php(914): App\Controllers\UserController->login()
#4 C:\xamppp\htdocs\Proyecto\system\CodeIgniter.php(400): CodeIgniter\CodeIgniter->runController(Object(App\Controllers\UserController))
#5 C:\xamppp\htdocs\Proyecto\system\CodeIgniter.php(308): CodeIgniter\CodeIgniter->handleRequest(NULL, Object(Config\Cache), false)
#6 C:\xamppp\htdocs\Proyecto\public\index.php(45): CodeIgniter\CodeIgniter->run()
#7 {main}
CRITICAL - 2020-06-18 22:22:06 --> Call to a member function listErrors() on string
#0 C:\xamppp\htdocs\Proyecto\system\View\View.php(246): include()
#1 C:\xamppp\htdocs\Proyecto\system\Common.php(1087): CodeIgniter\View\View->render('UserViews/login', Array, true)
#2 C:\xamppp\htdocs\Proyecto\app\Controllers\UserController.php(58): view('UserViews/login', Array)
#3 C:\xamppp\htdocs\Proyecto\system\CodeIgniter.php(914): App\Controllers\UserController->login()
#4 C:\xamppp\htdocs\Proyecto\system\CodeIgniter.php(400): CodeIgniter\CodeIgniter->runController(Object(App\Controllers\UserController))
#5 C:\xamppp\htdocs\Proyecto\system\CodeIgniter.php(308): CodeIgniter\CodeIgniter->handleRequest(NULL, Object(Config\Cache), false)
#6 C:\xamppp\htdocs\Proyecto\public\index.php(45): CodeIgniter\CodeIgniter->run()
#7 {main}
CRITICAL - 2020-06-18 22:22:08 --> Call to a member function listErrors() on string
#0 C:\xamppp\htdocs\Proyecto\system\View\View.php(246): include()
#1 C:\xamppp\htdocs\Proyecto\system\Common.php(1087): CodeIgniter\View\View->render('UserViews/login', Array, true)
#2 C:\xamppp\htdocs\Proyecto\app\Controllers\UserController.php(58): view('UserViews/login', Array)
#3 C:\xamppp\htdocs\Proyecto\system\CodeIgniter.php(914): App\Controllers\UserController->login()
#4 C:\xamppp\htdocs\Proyecto\system\CodeIgniter.php(400): CodeIgniter\CodeIgniter->runController(Object(App\Controllers\UserController))
#5 C:\xamppp\htdocs\Proyecto\system\CodeIgniter.php(308): CodeIgniter\CodeIgniter->handleRequest(NULL, Object(Config\Cache), false)
#6 C:\xamppp\htdocs\Proyecto\public\index.php(45): CodeIgniter\CodeIgniter->run()
#7 {main}
CRITICAL - 2020-06-18 22:22:26 --> Trying to access array offset on value of type null
#0 C:\xamppp\htdocs\Proyecto\app\Controllers\UserController.php(49): CodeIgniter\Debug\Exceptions->errorHandler(8, 'Trying to acces...', 'C:\\xamppp\\htdoc...', 49, Array)
#1 C:\xamppp\htdocs\Proyecto\system\CodeIgniter.php(914): App\Controllers\UserController->login()
#2 C:\xamppp\htdocs\Proyecto\system\CodeIgniter.php(400): CodeIgniter\CodeIgniter->runController(Object(App\Controllers\UserController))
#3 C:\xamppp\htdocs\Proyecto\system\CodeIgniter.php(308): CodeIgniter\CodeIgniter->handleRequest(NULL, Object(Config\Cache), false)
#4 C:\xamppp\htdocs\Proyecto\public\index.php(45): CodeIgniter\CodeIgniter->run()
#5 {main}
CRITICAL - 2020-06-18 22:31:06 --> Undefined index: correo
#0 C:\xamppp\htdocs\Proyecto\app\Controllers\UserController.php(47): CodeIgniter\Debug\Exceptions->errorHandler(8, 'Undefined index...', 'C:\\xamppp\\htdoc...', 47, Array)
#1 C:\xamppp\htdocs\Proyecto\system\CodeIgniter.php(914): App\Controllers\UserController->login()
#2 C:\xamppp\htdocs\Proyecto\system\CodeIgniter.php(400): CodeIgniter\CodeIgniter->runController(Object(App\Controllers\UserController))
#3 C:\xamppp\htdocs\Proyecto\system\CodeIgniter.php(308): CodeIgniter\CodeIgniter->handleRequest(NULL, Object(Config\Cache), false)
#4 C:\xamppp\htdocs\Proyecto\public\index.php(45): CodeIgniter\CodeIgniter->run()
#5 {main}
CRITICAL - 2020-06-18 22:32:04 --> Undefined index: correo
#0 C:\xamppp\htdocs\Proyecto\app\Controllers\UserController.php(49): CodeIgniter\Debug\Exceptions->errorHandler(8, 'Undefined index...', 'C:\\xamppp\\htdoc...', 49, Array)
#1 C:\xamppp\htdocs\Proyecto\system\CodeIgniter.php(914): App\Controllers\UserController->login()
#2 C:\xamppp\htdocs\Proyecto\system\CodeIgniter.php(400): CodeIgniter\CodeIgniter->runController(Object(App\Controllers\UserController))
#3 C:\xamppp\htdocs\Proyecto\system\CodeIgniter.php(308): CodeIgniter\CodeIgniter->handleRequest(NULL, Object(Config\Cache), false)
#4 C:\xamppp\htdocs\Proyecto\public\index.php(45): CodeIgniter\CodeIgniter->run()
#5 {main}
CRITICAL - 2020-06-18 22:46:57 --> Trying to access array offset on value of type null
#0 C:\xamppp\htdocs\Proyecto\app\Controllers\UserController.php(55): CodeIgniter\Debug\Exceptions->errorHandler(8, 'Trying to acces...', 'C:\\xamppp\\htdoc...', 55, Array)
#1 C:\xamppp\htdocs\Proyecto\system\CodeIgniter.php(914): App\Controllers\UserController->login()
#2 C:\xamppp\htdocs\Proyecto\system\CodeIgniter.php(400): CodeIgniter\CodeIgniter->runController(Object(App\Controllers\UserController))
#3 C:\xamppp\htdocs\Proyecto\system\CodeIgniter.php(308): CodeIgniter\CodeIgniter->handleRequest(NULL, Object(Config\Cache), false)
#4 C:\xamppp\htdocs\Proyecto\public\index.php(45): CodeIgniter\CodeIgniter->run()
#5 {main}
CRITICAL - 2020-06-18 22:54:16 --> Undefined variable: exito
#0 C:\xamppp\htdocs\Proyecto\app\Views\UserViews\Login.php(18): CodeIgniter\Debug\Exceptions->errorHandler(8, 'Undefined varia...', 'C:\\xamppp\\htdoc...', 18, Array)
#1 C:\xamppp\htdocs\Proyecto\system\View\View.php(246): include('C:\\xamppp\\htdoc...')
#2 C:\xamppp\htdocs\Proyecto\system\Common.php(1087): CodeIgniter\View\View->render('UserViews/login', Array, true)
#3 C:\xamppp\htdocs\Proyecto\app\Controllers\UserController.php(72): view('UserViews/login', Array)
#4 C:\xamppp\htdocs\Proyecto\system\CodeIgniter.php(914): App\Controllers\UserController->login()
#5 C:\xamppp\htdocs\Proyecto\system\CodeIgniter.php(400): CodeIgniter\CodeIgniter->runController(Object(App\Controllers\UserController))
#6 C:\xamppp\htdocs\Proyecto\system\CodeIgniter.php(308): CodeIgniter\CodeIgniter->handleRequest(NULL, Object(Config\Cache), false)
#7 C:\xamppp\htdocs\Proyecto\public\index.php(45): CodeIgniter\CodeIgniter->run()
#8 {main}
CRITICAL - 2020-06-18 22:56:59 --> Undefined variable: row
#0 C:\xamppp\htdocs\Proyecto\app\Controllers\UserController.php(62): CodeIgniter\Debug\Exceptions->errorHandler(8, 'Undefined varia...', 'C:\\xamppp\\htdoc...', 62, Array)
#1 C:\xamppp\htdocs\Proyecto\system\CodeIgniter.php(914): App\Controllers\UserController->login()
#2 C:\xamppp\htdocs\Proyecto\system\CodeIgniter.php(400): CodeIgniter\CodeIgniter->runController(Object(App\Controllers\UserController))
#3 C:\xamppp\htdocs\Proyecto\system\CodeIgniter.php(308): CodeIgniter\CodeIgniter->handleRequest(NULL, Object(Config\Cache), false)
#4 C:\xamppp\htdocs\Proyecto\public\index.php(45): CodeIgniter\CodeIgniter->run()
#5 {main}
CRITICAL - 2020-06-18 23:12:26 --> Illegal string offset 'contrasena'
#0 C:\xamppp\htdocs\Proyecto\app\Models\UsuarioModel.php(57): CodeIgniter\Debug\Exceptions->errorHandler(2, 'Illegal string ...', 'C:\\xamppp\\htdoc...', 57, Array)
#1 C:\xamppp\htdocs\Proyecto\app\Controllers\UserController.php(57): App\Models\UsuarioModel->consulta()
#2 C:\xamppp\htdocs\Proyecto\system\CodeIgniter.php(914): App\Controllers\UserController->login()
#3 C:\xamppp\htdocs\Proyecto\system\CodeIgniter.php(400): CodeIgniter\CodeIgniter->runController(Object(App\Controllers\UserController))
#4 C:\xamppp\htdocs\Proyecto\system\CodeIgniter.php(308): CodeIgniter\CodeIgniter->handleRequest(NULL, Object(Config\Cache), false)
#5 C:\xamppp\htdocs\Proyecto\public\index.php(45): CodeIgniter\CodeIgniter->run()
#6 {main}
CRITICAL - 2020-06-18 23:12:53 --> You have an error in your SQL syntax; check the manual that corresponds to your MariaDB server version for the right syntax to use near 'contrasena=jeniffer@gmail.com' at line 1
#0 C:\xamppp\htdocs\Proyecto\system\Database\MySQLi\Connection.php(331): mysqli->query('SELECT * FROM u...')
#1 C:\xamppp\htdocs\Proyecto\system\Database\BaseConnection.php(738): CodeIgniter\Database\MySQLi\Connection->execute('SELECT * FROM u...')
#2 C:\xamppp\htdocs\Proyecto\system\Database\BaseConnection.php(666): CodeIgniter\Database\BaseConnection->simpleQuery('SELECT * FROM u...')
#3 C:\xamppp\htdocs\Proyecto\app\Models\UsuarioModel.php(57): CodeIgniter\Database\BaseConnection->query('SELECT * FROM u...')
#4 C:\xamppp\htdocs\Proyecto\app\Controllers\UserController.php(57): App\Models\UsuarioModel->consulta()
#5 C:\xamppp\htdocs\Proyecto\system\CodeIgniter.php(914): App\Controllers\UserController->login()
#6 C:\xamppp\htdocs\Proyecto\system\CodeIgniter.php(400): CodeIgniter\CodeIgniter->runController(Object(App\Controllers\UserController))
#7 C:\xamppp\htdocs\Proyecto\system\CodeIgniter.php(308): CodeIgniter\CodeIgniter->handleRequest(NULL, Object(Config\Cache), false)
#8 C:\xamppp\htdocs\Proyecto\public\index.php(45): CodeIgniter\CodeIgniter->run()
#9 {main}
CRITICAL - 2020-06-18 23:13:14 --> You have an error in your SQL syntax; check the manual that corresponds to your MariaDB server version for the right syntax to use near '@gmail.com' at line 1
#0 C:\xamppp\htdocs\Proyecto\system\Database\MySQLi\Connection.php(331): mysqli->query('SELECT * FROM u...')
#1 C:\xamppp\htdocs\Proyecto\system\Database\BaseConnection.php(738): CodeIgniter\Database\MySQLi\Connection->execute('SELECT * FROM u...')
#2 C:\xamppp\htdocs\Proyecto\system\Database\BaseConnection.php(666): CodeIgniter\Database\BaseConnection->simpleQuery('SELECT * FROM u...')
#3 C:\xamppp\htdocs\Proyecto\app\Models\UsuarioModel.php(57): CodeIgniter\Database\BaseConnection->query('SELECT * FROM u...')
#4 C:\xamppp\htdocs\Proyecto\app\Controllers\UserController.php(57): App\Models\UsuarioModel->consulta()
#5 C:\xamppp\htdocs\Proyecto\system\CodeIgniter.php(914): App\Controllers\UserController->login()
#6 C:\xamppp\htdocs\Proyecto\system\CodeIgniter.php(400): CodeIgniter\CodeIgniter->runController(Object(App\Controllers\UserController))
#7 C:\xamppp\htdocs\Proyecto\system\CodeIgniter.php(308): CodeIgniter\CodeIgniter->handleRequest(NULL, Object(Config\Cache), false)
#8 C:\xamppp\htdocs\Proyecto\public\index.php(45): CodeIgniter\CodeIgniter->run()
#9 {main}
