CRITICAL - 2020-07-08 14:32:14 --> syntax error, unexpected end of file
#0 C:\xamppp\htdocs\the-final-boss\system\Common.php(1087): CodeIgniter\View\View->render('frontend/un_art...', Array, true)
#1 C:\xamppp\htdocs\the-final-boss\app\Controllers\Blog.php(48): view('frontend/un_art...', Array)
#2 C:\xamppp\htdocs\the-final-boss\system\CodeIgniter.php(914): App\Controllers\Blog->articulos('35')
#3 C:\xamppp\htdocs\the-final-boss\system\CodeIgniter.php(400): CodeIgniter\CodeIgniter->runController(Object(App\Controllers\Blog))
#4 C:\xamppp\htdocs\the-final-boss\system\CodeIgniter.php(308): CodeIgniter\CodeIgniter->handleRequest(NULL, Object(Config\Cache), false)
#5 C:\xamppp\htdocs\the-final-boss\public\index.php(45): CodeIgniter\CodeIgniter->run()
#6 {main}
CRITICAL - 2020-07-08 14:32:26 --> syntax error, unexpected end of file
#0 C:\xamppp\htdocs\the-final-boss\system\Common.php(1087): CodeIgniter\View\View->render('frontend/un_art...', Array, true)
#1 C:\xamppp\htdocs\the-final-boss\app\Controllers\Blog.php(48): view('frontend/un_art...', Array)
#2 C:\xamppp\htdocs\the-final-boss\system\CodeIgniter.php(914): App\Controllers\Blog->articulos('35')
#3 C:\xamppp\htdocs\the-final-boss\system\CodeIgniter.php(400): CodeIgniter\CodeIgniter->runController(Object(App\Controllers\Blog))
#4 C:\xamppp\htdocs\the-final-boss\system\CodeIgniter.php(308): CodeIgniter\CodeIgniter->handleRequest(NULL, Object(Config\Cache), false)
#5 C:\xamppp\htdocs\the-final-boss\public\index.php(45): CodeIgniter\CodeIgniter->run()
#6 {main}
CRITICAL - 2020-07-08 14:32:44 --> syntax error, unexpected end of file
#0 C:\xamppp\htdocs\the-final-boss\system\Common.php(1087): CodeIgniter\View\View->render('frontend/un_art...', Array, true)
#1 C:\xamppp\htdocs\the-final-boss\app\Controllers\Blog.php(48): view('frontend/un_art...', Array)
#2 C:\xamppp\htdocs\the-final-boss\system\CodeIgniter.php(914): App\Controllers\Blog->articulos('35')
#3 C:\xamppp\htdocs\the-final-boss\system\CodeIgniter.php(400): CodeIgniter\CodeIgniter->runController(Object(App\Controllers\Blog))
#4 C:\xamppp\htdocs\the-final-boss\system\CodeIgniter.php(308): CodeIgniter\CodeIgniter->handleRequest(NULL, Object(Config\Cache), false)
#5 C:\xamppp\htdocs\the-final-boss\public\index.php(45): CodeIgniter\CodeIgniter->run()
#6 {main}
CRITICAL - 2020-07-08 14:48:39 --> Undefined index: nombre
#0 C:\xamppp\htdocs\the-final-boss\app\Views\frontend\un_article.php(50): CodeIgniter\Debug\Exceptions->errorHandler(8, 'Undefined index...', 'C:\\xamppp\\htdoc...', 50, Array)
#1 C:\xamppp\htdocs\the-final-boss\system\View\View.php(246): include('C:\\xamppp\\htdoc...')
#2 C:\xamppp\htdocs\the-final-boss\system\Common.php(1087): CodeIgniter\View\View->render('frontend/un_art...', Array, true)
#3 C:\xamppp\htdocs\the-final-boss\app\Controllers\Blog.php(48): view('frontend/un_art...', Array)
#4 C:\xamppp\htdocs\the-final-boss\system\CodeIgniter.php(914): App\Controllers\Blog->articulos('35')
#5 C:\xamppp\htdocs\the-final-boss\system\CodeIgniter.php(400): CodeIgniter\CodeIgniter->runController(Object(App\Controllers\Blog))
#6 C:\xamppp\htdocs\the-final-boss\system\CodeIgniter.php(308): CodeIgniter\CodeIgniter->handleRequest(NULL, Object(Config\Cache), false)
#7 C:\xamppp\htdocs\the-final-boss\public\index.php(45): CodeIgniter\CodeIgniter->run()
#8 {main}
CRITICAL - 2020-07-08 14:48:55 --> Undefined index: nombre
#0 C:\xamppp\htdocs\the-final-boss\app\Views\frontend\un_article.php(50): CodeIgniter\Debug\Exceptions->errorHandler(8, 'Undefined index...', 'C:\\xamppp\\htdoc...', 50, Array)
#1 C:\xamppp\htdocs\the-final-boss\system\View\View.php(246): include('C:\\xamppp\\htdoc...')
#2 C:\xamppp\htdocs\the-final-boss\system\Common.php(1087): CodeIgniter\View\View->render('frontend/un_art...', Array, true)
#3 C:\xamppp\htdocs\the-final-boss\app\Controllers\Blog.php(48): view('frontend/un_art...', Array)
#4 C:\xamppp\htdocs\the-final-boss\system\CodeIgniter.php(914): App\Controllers\Blog->articulos('35')
#5 C:\xamppp\htdocs\the-final-boss\system\CodeIgniter.php(400): CodeIgniter\CodeIgniter->runController(Object(App\Controllers\Blog))
#6 C:\xamppp\htdocs\the-final-boss\system\CodeIgniter.php(308): CodeIgniter\CodeIgniter->handleRequest(NULL, Object(Config\Cache), false)
#7 C:\xamppp\htdocs\the-final-boss\public\index.php(45): CodeIgniter\CodeIgniter->run()
#8 {main}
CRITICAL - 2020-07-08 14:56:33 --> Undefined index: nombre
#0 C:\xamppp\htdocs\the-final-boss\app\Views\frontend\un_article.php(50): CodeIgniter\Debug\Exceptions->errorHandler(8, 'Undefined index...', 'C:\\xamppp\\htdoc...', 50, Array)
#1 C:\xamppp\htdocs\the-final-boss\system\View\View.php(246): include('C:\\xamppp\\htdoc...')
#2 C:\xamppp\htdocs\the-final-boss\system\Common.php(1087): CodeIgniter\View\View->render('frontend/un_art...', Array, true)
#3 C:\xamppp\htdocs\the-final-boss\app\Controllers\Blog.php(51): view('frontend/un_art...', Array)
#4 C:\xamppp\htdocs\the-final-boss\system\CodeIgniter.php(914): App\Controllers\Blog->articulos('35')
#5 C:\xamppp\htdocs\the-final-boss\system\CodeIgniter.php(400): CodeIgniter\CodeIgniter->runController(Object(App\Controllers\Blog))
#6 C:\xamppp\htdocs\the-final-boss\system\CodeIgniter.php(308): CodeIgniter\CodeIgniter->handleRequest(NULL, Object(Config\Cache), false)
#7 C:\xamppp\htdocs\the-final-boss\public\index.php(45): CodeIgniter\CodeIgniter->run()
#8 {main}
CRITICAL - 2020-07-08 14:56:39 --> Undefined index: nombre
#0 C:\xamppp\htdocs\the-final-boss\app\Views\frontend\un_article.php(50): CodeIgniter\Debug\Exceptions->errorHandler(8, 'Undefined index...', 'C:\\xamppp\\htdoc...', 50, Array)
#1 C:\xamppp\htdocs\the-final-boss\system\View\View.php(246): include('C:\\xamppp\\htdoc...')
#2 C:\xamppp\htdocs\the-final-boss\system\Common.php(1087): CodeIgniter\View\View->render('frontend/un_art...', Array, true)
#3 C:\xamppp\htdocs\the-final-boss\app\Controllers\Blog.php(51): view('frontend/un_art...', Array)
#4 C:\xamppp\htdocs\the-final-boss\system\CodeIgniter.php(914): App\Controllers\Blog->articulos('35')
#5 C:\xamppp\htdocs\the-final-boss\system\CodeIgniter.php(400): CodeIgniter\CodeIgniter->runController(Object(App\Controllers\Blog))
#6 C:\xamppp\htdocs\the-final-boss\system\CodeIgniter.php(308): CodeIgniter\CodeIgniter->handleRequest(NULL, Object(Config\Cache), false)
#7 C:\xamppp\htdocs\the-final-boss\public\index.php(45): CodeIgniter\CodeIgniter->run()
#8 {main}
CRITICAL - 2020-07-08 14:56:44 --> Undefined index: nombre
#0 C:\xamppp\htdocs\the-final-boss\app\Views\frontend\un_article.php(50): CodeIgniter\Debug\Exceptions->errorHandler(8, 'Undefined index...', 'C:\\xamppp\\htdoc...', 50, Array)
#1 C:\xamppp\htdocs\the-final-boss\system\View\View.php(246): include('C:\\xamppp\\htdoc...')
#2 C:\xamppp\htdocs\the-final-boss\system\Common.php(1087): CodeIgniter\View\View->render('frontend/un_art...', Array, true)
#3 C:\xamppp\htdocs\the-final-boss\app\Controllers\Blog.php(51): view('frontend/un_art...', Array)
#4 C:\xamppp\htdocs\the-final-boss\system\CodeIgniter.php(914): App\Controllers\Blog->articulos('35')
#5 C:\xamppp\htdocs\the-final-boss\system\CodeIgniter.php(400): CodeIgniter\CodeIgniter->runController(Object(App\Controllers\Blog))
#6 C:\xamppp\htdocs\the-final-boss\system\CodeIgniter.php(308): CodeIgniter\CodeIgniter->handleRequest(NULL, Object(Config\Cache), false)
#7 C:\xamppp\htdocs\the-final-boss\public\index.php(45): CodeIgniter\CodeIgniter->run()
#8 {main}
CRITICAL - 2020-07-08 15:08:36 --> Undefined index: nombre
#0 C:\xamppp\htdocs\the-final-boss\app\Views\frontend\un_article.php(50): CodeIgniter\Debug\Exceptions->errorHandler(8, 'Undefined index...', 'C:\\xamppp\\htdoc...', 50, Array)
#1 C:\xamppp\htdocs\the-final-boss\system\View\View.php(246): include('C:\\xamppp\\htdoc...')
#2 C:\xamppp\htdocs\the-final-boss\system\Common.php(1087): CodeIgniter\View\View->render('frontend/un_art...', Array, true)
#3 C:\xamppp\htdocs\the-final-boss\app\Controllers\Blog.php(51): view('frontend/un_art...', Array)
#4 C:\xamppp\htdocs\the-final-boss\system\CodeIgniter.php(914): App\Controllers\Blog->articulos('35')
#5 C:\xamppp\htdocs\the-final-boss\system\CodeIgniter.php(400): CodeIgniter\CodeIgniter->runController(Object(App\Controllers\Blog))
#6 C:\xamppp\htdocs\the-final-boss\system\CodeIgniter.php(308): CodeIgniter\CodeIgniter->handleRequest(NULL, Object(Config\Cache), false)
#7 C:\xamppp\htdocs\the-final-boss\public\index.php(45): CodeIgniter\CodeIgniter->run()
#8 {main}
CRITICAL - 2020-07-08 15:11:26 --> Undefined index: nombre
#0 C:\xamppp\htdocs\the-final-boss\app\Views\frontend\un_article.php(50): CodeIgniter\Debug\Exceptions->errorHandler(8, 'Undefined index...', 'C:\\xamppp\\htdoc...', 50, Array)
#1 C:\xamppp\htdocs\the-final-boss\system\View\View.php(246): include('C:\\xamppp\\htdoc...')
#2 C:\xamppp\htdocs\the-final-boss\system\Common.php(1087): CodeIgniter\View\View->render('frontend/un_art...', Array, true)
#3 C:\xamppp\htdocs\the-final-boss\app\Controllers\Blog.php(51): view('frontend/un_art...', Array)
#4 C:\xamppp\htdocs\the-final-boss\system\CodeIgniter.php(914): App\Controllers\Blog->articulos('35')
#5 C:\xamppp\htdocs\the-final-boss\system\CodeIgniter.php(400): CodeIgniter\CodeIgniter->runController(Object(App\Controllers\Blog))
#6 C:\xamppp\htdocs\the-final-boss\system\CodeIgniter.php(308): CodeIgniter\CodeIgniter->handleRequest(NULL, Object(Config\Cache), false)
#7 C:\xamppp\htdocs\the-final-boss\public\index.php(45): CodeIgniter\CodeIgniter->run()
#8 {main}
CRITICAL - 2020-07-08 15:14:20 --> Undefined index: nombre
#0 C:\xamppp\htdocs\the-final-boss\app\Views\frontend\un_article.php(52): CodeIgniter\Debug\Exceptions->errorHandler(8, 'Undefined index...', 'C:\\xamppp\\htdoc...', 52, Array)
#1 C:\xamppp\htdocs\the-final-boss\system\View\View.php(246): include('C:\\xamppp\\htdoc...')
#2 C:\xamppp\htdocs\the-final-boss\system\Common.php(1087): CodeIgniter\View\View->render('frontend/un_art...', Array, true)
#3 C:\xamppp\htdocs\the-final-boss\app\Controllers\Blog.php(51): view('frontend/un_art...', Array)
#4 C:\xamppp\htdocs\the-final-boss\system\CodeIgniter.php(914): App\Controllers\Blog->articulos('35')
#5 C:\xamppp\htdocs\the-final-boss\system\CodeIgniter.php(400): CodeIgniter\CodeIgniter->runController(Object(App\Controllers\Blog))
#6 C:\xamppp\htdocs\the-final-boss\system\CodeIgniter.php(308): CodeIgniter\CodeIgniter->handleRequest(NULL, Object(Config\Cache), false)
#7 C:\xamppp\htdocs\the-final-boss\public\index.php(45): CodeIgniter\CodeIgniter->run()
#8 {main}
CRITICAL - 2020-07-08 15:14:37 --> Undefined index: nombre
#0 C:\xamppp\htdocs\the-final-boss\app\Views\frontend\un_article.php(52): CodeIgniter\Debug\Exceptions->errorHandler(8, 'Undefined index...', 'C:\\xamppp\\htdoc...', 52, Array)
#1 C:\xamppp\htdocs\the-final-boss\system\View\View.php(246): include('C:\\xamppp\\htdoc...')
#2 C:\xamppp\htdocs\the-final-boss\system\Common.php(1087): CodeIgniter\View\View->render('frontend/un_art...', Array, true)
#3 C:\xamppp\htdocs\the-final-boss\app\Controllers\Blog.php(51): view('frontend/un_art...', Array)
#4 C:\xamppp\htdocs\the-final-boss\system\CodeIgniter.php(914): App\Controllers\Blog->articulos('35')
#5 C:\xamppp\htdocs\the-final-boss\system\CodeIgniter.php(400): CodeIgniter\CodeIgniter->runController(Object(App\Controllers\Blog))
#6 C:\xamppp\htdocs\the-final-boss\system\CodeIgniter.php(308): CodeIgniter\CodeIgniter->handleRequest(NULL, Object(Config\Cache), false)
#7 C:\xamppp\htdocs\the-final-boss\public\index.php(45): CodeIgniter\CodeIgniter->run()
#8 {main}
CRITICAL - 2020-07-08 15:16:34 --> Undefined index: nombre
#0 C:\xamppp\htdocs\the-final-boss\app\Views\frontend\un_article.php(51): CodeIgniter\Debug\Exceptions->errorHandler(8, 'Undefined index...', 'C:\\xamppp\\htdoc...', 51, Array)
#1 C:\xamppp\htdocs\the-final-boss\system\View\View.php(246): include('C:\\xamppp\\htdoc...')
#2 C:\xamppp\htdocs\the-final-boss\system\Common.php(1087): CodeIgniter\View\View->render('frontend/un_art...', Array, true)
#3 C:\xamppp\htdocs\the-final-boss\app\Controllers\Blog.php(51): view('frontend/un_art...', Array)
#4 C:\xamppp\htdocs\the-final-boss\system\CodeIgniter.php(914): App\Controllers\Blog->articulos('35')
#5 C:\xamppp\htdocs\the-final-boss\system\CodeIgniter.php(400): CodeIgniter\CodeIgniter->runController(Object(App\Controllers\Blog))
#6 C:\xamppp\htdocs\the-final-boss\system\CodeIgniter.php(308): CodeIgniter\CodeIgniter->handleRequest(NULL, Object(Config\Cache), false)
#7 C:\xamppp\htdocs\the-final-boss\public\index.php(45): CodeIgniter\CodeIgniter->run()
#8 {main}
CRITICAL - 2020-07-08 15:16:56 --> Illegal string offset 'nombre'
#0 C:\xamppp\htdocs\the-final-boss\app\Views\frontend\un_article.php(51): CodeIgniter\Debug\Exceptions->errorHandler(2, 'Illegal string ...', 'C:\\xamppp\\htdoc...', 51, Array)
#1 C:\xamppp\htdocs\the-final-boss\system\View\View.php(246): include('C:\\xamppp\\htdoc...')
#2 C:\xamppp\htdocs\the-final-boss\system\Common.php(1087): CodeIgniter\View\View->render('frontend/un_art...', Array, true)
#3 C:\xamppp\htdocs\the-final-boss\app\Controllers\Blog.php(51): view('frontend/un_art...', Array)
#4 C:\xamppp\htdocs\the-final-boss\system\CodeIgniter.php(914): App\Controllers\Blog->articulos('35')
#5 C:\xamppp\htdocs\the-final-boss\system\CodeIgniter.php(400): CodeIgniter\CodeIgniter->runController(Object(App\Controllers\Blog))
#6 C:\xamppp\htdocs\the-final-boss\system\CodeIgniter.php(308): CodeIgniter\CodeIgniter->handleRequest(NULL, Object(Config\Cache), false)
#7 C:\xamppp\htdocs\the-final-boss\public\index.php(45): CodeIgniter\CodeIgniter->run()
#8 {main}
CRITICAL - 2020-07-08 15:17:49 --> Undefined index: nombre
#0 C:\xamppp\htdocs\the-final-boss\app\Views\frontend\un_article.php(51): CodeIgniter\Debug\Exceptions->errorHandler(8, 'Undefined index...', 'C:\\xamppp\\htdoc...', 51, Array)
#1 C:\xamppp\htdocs\the-final-boss\system\View\View.php(246): include('C:\\xamppp\\htdoc...')
#2 C:\xamppp\htdocs\the-final-boss\system\Common.php(1087): CodeIgniter\View\View->render('frontend/un_art...', Array, true)
#3 C:\xamppp\htdocs\the-final-boss\app\Controllers\Blog.php(51): view('frontend/un_art...', Array)
#4 C:\xamppp\htdocs\the-final-boss\system\CodeIgniter.php(914): App\Controllers\Blog->articulos('35')
#5 C:\xamppp\htdocs\the-final-boss\system\CodeIgniter.php(400): CodeIgniter\CodeIgniter->runController(Object(App\Controllers\Blog))
#6 C:\xamppp\htdocs\the-final-boss\system\CodeIgniter.php(308): CodeIgniter\CodeIgniter->handleRequest(NULL, Object(Config\Cache), false)
#7 C:\xamppp\htdocs\the-final-boss\public\index.php(45): CodeIgniter\CodeIgniter->run()
#8 {main}
CRITICAL - 2020-07-08 15:37:18 --> Undefined variable: datos_user
#0 C:\xamppp\htdocs\the-final-boss\app\Views\frontend\un_article.php(52): CodeIgniter\Debug\Exceptions->errorHandler(8, 'Undefined varia...', 'C:\\xamppp\\htdoc...', 52, Array)
#1 C:\xamppp\htdocs\the-final-boss\system\View\View.php(246): include('C:\\xamppp\\htdoc...')
#2 C:\xamppp\htdocs\the-final-boss\system\Common.php(1087): CodeIgniter\View\View->render('frontend/un_art...', Array, true)
#3 C:\xamppp\htdocs\the-final-boss\app\Controllers\Blog.php(51): view('frontend/un_art...', Array)
#4 C:\xamppp\htdocs\the-final-boss\system\CodeIgniter.php(914): App\Controllers\Blog->articulos('35')
#5 C:\xamppp\htdocs\the-final-boss\system\CodeIgniter.php(400): CodeIgniter\CodeIgniter->runController(Object(App\Controllers\Blog))
#6 C:\xamppp\htdocs\the-final-boss\system\CodeIgniter.php(308): CodeIgniter\CodeIgniter->handleRequest(NULL, Object(Config\Cache), false)
#7 C:\xamppp\htdocs\the-final-boss\public\index.php(45): CodeIgniter\CodeIgniter->run()
#8 {main}
CRITICAL - 2020-07-08 15:46:01 --> syntax error, unexpected '}'
#0 C:\xamppp\htdocs\the-final-boss\system\Common.php(1087): CodeIgniter\View\View->render('frontend/un_art...', Array, true)
#1 C:\xamppp\htdocs\the-final-boss\app\Controllers\Blog.php(51): view('frontend/un_art...', Array)
#2 C:\xamppp\htdocs\the-final-boss\system\CodeIgniter.php(914): App\Controllers\Blog->articulos('33')
#3 C:\xamppp\htdocs\the-final-boss\system\CodeIgniter.php(400): CodeIgniter\CodeIgniter->runController(Object(App\Controllers\Blog))
#4 C:\xamppp\htdocs\the-final-boss\system\CodeIgniter.php(308): CodeIgniter\CodeIgniter->handleRequest(NULL, Object(Config\Cache), false)
#5 C:\xamppp\htdocs\the-final-boss\public\index.php(45): CodeIgniter\CodeIgniter->run()
#6 {main}
CRITICAL - 2020-07-08 15:46:38 --> syntax error, unexpected '}'
#0 C:\xamppp\htdocs\the-final-boss\system\Common.php(1087): CodeIgniter\View\View->render('frontend/un_art...', Array, true)
#1 C:\xamppp\htdocs\the-final-boss\app\Controllers\Blog.php(51): view('frontend/un_art...', Array)
#2 C:\xamppp\htdocs\the-final-boss\system\CodeIgniter.php(914): App\Controllers\Blog->articulos('33')
#3 C:\xamppp\htdocs\the-final-boss\system\CodeIgniter.php(400): CodeIgniter\CodeIgniter->runController(Object(App\Controllers\Blog))
#4 C:\xamppp\htdocs\the-final-boss\system\CodeIgniter.php(308): CodeIgniter\CodeIgniter->handleRequest(NULL, Object(Config\Cache), false)
#5 C:\xamppp\htdocs\the-final-boss\public\index.php(45): CodeIgniter\CodeIgniter->run()
#6 {main}
CRITICAL - 2020-07-08 20:50:12 --> Undefined variable: categorias
#0 C:\xamppp\htdocs\the-final-boss\app\Views\frontend\frontendheader.php(50): CodeIgniter\Debug\Exceptions->errorHandler(8, 'Undefined varia...', 'C:\\xamppp\\htdoc...', 50, Array)
#1 C:\xamppp\htdocs\the-final-boss\system\View\View.php(246): include('C:\\xamppp\\htdoc...')
#2 C:\xamppp\htdocs\the-final-boss\system\Common.php(1087): CodeIgniter\View\View->render('frontend/fronte...', Array, true)
#3 C:\xamppp\htdocs\the-final-boss\app\Views\frontend\pagina.php(2): view('frontend/fronte...')
#4 C:\xamppp\htdocs\the-final-boss\system\View\View.php(246): include('C:\\xamppp\\htdoc...')
#5 C:\xamppp\htdocs\the-final-boss\system\Common.php(1087): CodeIgniter\View\View->render('frontend/pagina', Array, true)
#6 C:\xamppp\htdocs\the-final-boss\app\Controllers\Blog.php(24): view('frontend/pagina', Array)
#7 C:\xamppp\htdocs\the-final-boss\system\CodeIgniter.php(914): App\Controllers\Blog->pagina('6')
#8 C:\xamppp\htdocs\the-final-boss\system\CodeIgniter.php(400): CodeIgniter\CodeIgniter->runController(Object(App\Controllers\Blog))
#9 C:\xamppp\htdocs\the-final-boss\system\CodeIgniter.php(308): CodeIgniter\CodeIgniter->handleRequest(NULL, Object(Config\Cache), false)
#10 C:\xamppp\htdocs\the-final-boss\public\index.php(45): CodeIgniter\CodeIgniter->run()
#11 {main}
CRITICAL - 2020-07-08 20:51:04 --> Undefined variable: categorias
#0 C:\xamppp\htdocs\the-final-boss\app\Views\frontend\frontendheader.php(50): CodeIgniter\Debug\Exceptions->errorHandler(8, 'Undefined varia...', 'C:\\xamppp\\htdoc...', 50, Array)
#1 C:\xamppp\htdocs\the-final-boss\system\View\View.php(246): include('C:\\xamppp\\htdoc...')
#2 C:\xamppp\htdocs\the-final-boss\system\Common.php(1087): CodeIgniter\View\View->render('frontend/fronte...', Array, true)
#3 C:\xamppp\htdocs\the-final-boss\app\Views\frontend\pagina.php(2): view('frontend/fronte...')
#4 C:\xamppp\htdocs\the-final-boss\system\View\View.php(246): include('C:\\xamppp\\htdoc...')
#5 C:\xamppp\htdocs\the-final-boss\system\Common.php(1087): CodeIgniter\View\View->render('frontend/pagina', Array, true)
#6 C:\xamppp\htdocs\the-final-boss\app\Controllers\Blog.php(24): view('frontend/pagina', Array)
#7 C:\xamppp\htdocs\the-final-boss\system\CodeIgniter.php(914): App\Controllers\Blog->pagina('6')
#8 C:\xamppp\htdocs\the-final-boss\system\CodeIgniter.php(400): CodeIgniter\CodeIgniter->runController(Object(App\Controllers\Blog))
#9 C:\xamppp\htdocs\the-final-boss\system\CodeIgniter.php(308): CodeIgniter\CodeIgniter->handleRequest(NULL, Object(Config\Cache), false)
#10 C:\xamppp\htdocs\the-final-boss\public\index.php(45): CodeIgniter\CodeIgniter->run()
#11 {main}
CRITICAL - 2020-07-08 20:51:43 --> Undefined variable: categorias
#0 C:\xamppp\htdocs\the-final-boss\app\Views\frontend\frontendheader.php(50): CodeIgniter\Debug\Exceptions->errorHandler(8, 'Undefined varia...', 'C:\\xamppp\\htdoc...', 50, Array)
#1 C:\xamppp\htdocs\the-final-boss\system\View\View.php(246): include('C:\\xamppp\\htdoc...')
#2 C:\xamppp\htdocs\the-final-boss\system\Common.php(1087): CodeIgniter\View\View->render('frontend/fronte...', Array, true)
#3 C:\xamppp\htdocs\the-final-boss\app\Views\frontend\pagina.php(2): view('frontend/fronte...')
#4 C:\xamppp\htdocs\the-final-boss\system\View\View.php(246): include('C:\\xamppp\\htdoc...')
#5 C:\xamppp\htdocs\the-final-boss\system\Common.php(1087): CodeIgniter\View\View->render('frontend/pagina', Array, true)
#6 C:\xamppp\htdocs\the-final-boss\app\Controllers\Blog.php(24): view('frontend/pagina', Array)
#7 C:\xamppp\htdocs\the-final-boss\system\CodeIgniter.php(914): App\Controllers\Blog->pagina('6')
#8 C:\xamppp\htdocs\the-final-boss\system\CodeIgniter.php(400): CodeIgniter\CodeIgniter->runController(Object(App\Controllers\Blog))
#9 C:\xamppp\htdocs\the-final-boss\system\CodeIgniter.php(308): CodeIgniter\CodeIgniter->handleRequest(NULL, Object(Config\Cache), false)
#10 C:\xamppp\htdocs\the-final-boss\public\index.php(45): CodeIgniter\CodeIgniter->run()
#11 {main}
CRITICAL - 2020-07-08 21:33:58 --> Undefined variable: categorias
#0 C:\xamppp\htdocs\the-final-boss\app\Views\frontend\frontendheader.php(50): CodeIgniter\Debug\Exceptions->errorHandler(8, 'Undefined varia...', 'C:\\xamppp\\htdoc...', 50, Array)
#1 C:\xamppp\htdocs\the-final-boss\system\View\View.php(246): include('C:\\xamppp\\htdoc...')
#2 C:\xamppp\htdocs\the-final-boss\system\Common.php(1087): CodeIgniter\View\View->render('frontend/fronte...', Array, true)
#3 C:\xamppp\htdocs\the-final-boss\app\Views\frontend\pagina.php(2): view('frontend/fronte...')
#4 C:\xamppp\htdocs\the-final-boss\system\View\View.php(246): include('C:\\xamppp\\htdoc...')
#5 C:\xamppp\htdocs\the-final-boss\system\Common.php(1087): CodeIgniter\View\View->render('frontend/pagina', Array, true)
#6 C:\xamppp\htdocs\the-final-boss\app\Controllers\Blog.php(24): view('frontend/pagina', Array)
#7 C:\xamppp\htdocs\the-final-boss\system\CodeIgniter.php(914): App\Controllers\Blog->pagina('1')
#8 C:\xamppp\htdocs\the-final-boss\system\CodeIgniter.php(400): CodeIgniter\CodeIgniter->runController(Object(App\Controllers\Blog))
#9 C:\xamppp\htdocs\the-final-boss\system\CodeIgniter.php(308): CodeIgniter\CodeIgniter->handleRequest(NULL, Object(Config\Cache), false)
#10 C:\xamppp\htdocs\the-final-boss\public\index.php(45): CodeIgniter\CodeIgniter->run()
#11 {main}
CRITICAL - 2020-07-08 21:34:52 --> Undefined variable: categorias
#0 C:\xamppp\htdocs\the-final-boss\app\Views\frontend\frontendheader.php(50): CodeIgniter\Debug\Exceptions->errorHandler(8, 'Undefined varia...', 'C:\\xamppp\\htdoc...', 50, Array)
#1 C:\xamppp\htdocs\the-final-boss\system\View\View.php(246): include('C:\\xamppp\\htdoc...')
#2 C:\xamppp\htdocs\the-final-boss\system\Common.php(1087): CodeIgniter\View\View->render('frontend/fronte...', Array, true)
#3 C:\xamppp\htdocs\the-final-boss\app\Views\frontend\pagina.php(2): view('frontend/fronte...')
#4 C:\xamppp\htdocs\the-final-boss\system\View\View.php(246): include('C:\\xamppp\\htdoc...')
#5 C:\xamppp\htdocs\the-final-boss\system\Common.php(1087): CodeIgniter\View\View->render('frontend/pagina', Array, true)
#6 C:\xamppp\htdocs\the-final-boss\app\Controllers\Blog.php(25): view('frontend/pagina', Array)
#7 C:\xamppp\htdocs\the-final-boss\system\CodeIgniter.php(914): App\Controllers\Blog->pagina('1')
#8 C:\xamppp\htdocs\the-final-boss\system\CodeIgniter.php(400): CodeIgniter\CodeIgniter->runController(Object(App\Controllers\Blog))
#9 C:\xamppp\htdocs\the-final-boss\system\CodeIgniter.php(308): CodeIgniter\CodeIgniter->handleRequest(NULL, Object(Config\Cache), false)
#10 C:\xamppp\htdocs\the-final-boss\public\index.php(45): CodeIgniter\CodeIgniter->run()
#11 {main}
CRITICAL - 2020-07-08 21:39:33 --> Undefined variable: categorias
#0 C:\xamppp\htdocs\the-final-boss\app\Views\frontend\frontendheader.php(50): CodeIgniter\Debug\Exceptions->errorHandler(8, 'Undefined varia...', 'C:\\xamppp\\htdoc...', 50, Array)
#1 C:\xamppp\htdocs\the-final-boss\system\View\View.php(246): include('C:\\xamppp\\htdoc...')
#2 C:\xamppp\htdocs\the-final-boss\system\Common.php(1087): CodeIgniter\View\View->render('frontend/fronte...', Array, true)
#3 C:\xamppp\htdocs\the-final-boss\app\Views\frontend\pagina.php(2): view('frontend/fronte...')
#4 C:\xamppp\htdocs\the-final-boss\system\View\View.php(246): include('C:\\xamppp\\htdoc...')
#5 C:\xamppp\htdocs\the-final-boss\system\Common.php(1087): CodeIgniter\View\View->render('frontend/pagina', Array, true)
#6 C:\xamppp\htdocs\the-final-boss\app\Controllers\Blog.php(25): view('frontend/pagina', Array)
#7 C:\xamppp\htdocs\the-final-boss\system\CodeIgniter.php(914): App\Controllers\Blog->pagina('1')
#8 C:\xamppp\htdocs\the-final-boss\system\CodeIgniter.php(400): CodeIgniter\CodeIgniter->runController(Object(App\Controllers\Blog))
#9 C:\xamppp\htdocs\the-final-boss\system\CodeIgniter.php(308): CodeIgniter\CodeIgniter->handleRequest(NULL, Object(Config\Cache), false)
#10 C:\xamppp\htdocs\the-final-boss\public\index.php(45): CodeIgniter\CodeIgniter->run()
#11 {main}
CRITICAL - 2020-07-08 21:43:01 --> Undefined offset: 0
#0 C:\xamppp\htdocs\the-final-boss\app\Views\frontend\categorias.php(2): CodeIgniter\Debug\Exceptions->errorHandler(8, 'Undefined offse...', 'C:\\xamppp\\htdoc...', 2, Array)
#1 C:\xamppp\htdocs\the-final-boss\system\View\View.php(246): include('C:\\xamppp\\htdoc...')
#2 C:\xamppp\htdocs\the-final-boss\system\Common.php(1087): CodeIgniter\View\View->render('frontend/catego...', Array, true)
#3 C:\xamppp\htdocs\the-final-boss\app\Controllers\Blog.php(40): view('frontend/catego...', Array)
#4 C:\xamppp\htdocs\the-final-boss\system\CodeIgniter.php(914): App\Controllers\Blog->categorias('1')
#5 C:\xamppp\htdocs\the-final-boss\system\CodeIgniter.php(400): CodeIgniter\CodeIgniter->runController(Object(App\Controllers\Blog))
#6 C:\xamppp\htdocs\the-final-boss\system\CodeIgniter.php(308): CodeIgniter\CodeIgniter->handleRequest(NULL, Object(Config\Cache), false)
#7 C:\xamppp\htdocs\the-final-boss\public\index.php(45): CodeIgniter\CodeIgniter->run()
#8 {main}
CRITICAL - 2020-07-08 21:43:43 --> Undefined variable: categorias
#0 C:\xamppp\htdocs\the-final-boss\app\Views\frontend\frontendheader.php(50): CodeIgniter\Debug\Exceptions->errorHandler(8, 'Undefined varia...', 'C:\\xamppp\\htdoc...', 50, Array)
#1 C:\xamppp\htdocs\the-final-boss\system\View\View.php(246): include('C:\\xamppp\\htdoc...')
#2 C:\xamppp\htdocs\the-final-boss\system\Common.php(1087): CodeIgniter\View\View->render('frontend/fronte...', Array, true)
#3 C:\xamppp\htdocs\the-final-boss\app\Views\frontend\categorias.php(2): view('frontend/fronte...', Array)
#4 C:\xamppp\htdocs\the-final-boss\system\View\View.php(246): include('C:\\xamppp\\htdoc...')
#5 C:\xamppp\htdocs\the-final-boss\system\Common.php(1087): CodeIgniter\View\View->render('frontend/catego...', Array, true)
#6 C:\xamppp\htdocs\the-final-boss\app\Controllers\Blog.php(40): view('frontend/catego...', Array)
#7 C:\xamppp\htdocs\the-final-boss\system\CodeIgniter.php(914): App\Controllers\Blog->categorias('1')
#8 C:\xamppp\htdocs\the-final-boss\system\CodeIgniter.php(400): CodeIgniter\CodeIgniter->runController(Object(App\Controllers\Blog))
#9 C:\xamppp\htdocs\the-final-boss\system\CodeIgniter.php(308): CodeIgniter\CodeIgniter->handleRequest(NULL, Object(Config\Cache), false)
#10 C:\xamppp\htdocs\the-final-boss\public\index.php(45): CodeIgniter\CodeIgniter->run()
#11 {main}
CRITICAL - 2020-07-08 21:59:44 --> Undefined offset: 0
#0 C:\xamppp\htdocs\the-final-boss\app\Views\frontend\categorias.php(16): CodeIgniter\Debug\Exceptions->errorHandler(8, 'Undefined offse...', 'C:\\xamppp\\htdoc...', 16, Array)
#1 C:\xamppp\htdocs\the-final-boss\system\View\View.php(246): include('C:\\xamppp\\htdoc...')
#2 C:\xamppp\htdocs\the-final-boss\system\Common.php(1087): CodeIgniter\View\View->render('frontend/catego...', Array, true)
#3 C:\xamppp\htdocs\the-final-boss\app\Controllers\Blog.php(41): view('frontend/catego...', Array)
#4 C:\xamppp\htdocs\the-final-boss\system\CodeIgniter.php(914): App\Controllers\Blog->categorias('1')
#5 C:\xamppp\htdocs\the-final-boss\system\CodeIgniter.php(400): CodeIgniter\CodeIgniter->runController(Object(App\Controllers\Blog))
#6 C:\xamppp\htdocs\the-final-boss\system\CodeIgniter.php(308): CodeIgniter\CodeIgniter->handleRequest(NULL, Object(Config\Cache), false)
#7 C:\xamppp\htdocs\the-final-boss\public\index.php(45): CodeIgniter\CodeIgniter->run()
#8 {main}
CRITICAL - 2020-07-08 22:01:06 --> Undefined index: nombre
#0 C:\xamppp\htdocs\the-final-boss\app\Views\frontend\categorias.php(16): CodeIgniter\Debug\Exceptions->errorHandler(8, 'Undefined index...', 'C:\\xamppp\\htdoc...', 16, Array)
#1 C:\xamppp\htdocs\the-final-boss\system\View\View.php(246): include('C:\\xamppp\\htdoc...')
#2 C:\xamppp\htdocs\the-final-boss\system\Common.php(1087): CodeIgniter\View\View->render('frontend/catego...', Array, true)
#3 C:\xamppp\htdocs\the-final-boss\app\Controllers\Blog.php(41): view('frontend/catego...', Array)
#4 C:\xamppp\htdocs\the-final-boss\system\CodeIgniter.php(914): App\Controllers\Blog->categorias('1')
#5 C:\xamppp\htdocs\the-final-boss\system\CodeIgniter.php(400): CodeIgniter\CodeIgniter->runController(Object(App\Controllers\Blog))
#6 C:\xamppp\htdocs\the-final-boss\system\CodeIgniter.php(308): CodeIgniter\CodeIgniter->handleRequest(NULL, Object(Config\Cache), false)
#7 C:\xamppp\htdocs\the-final-boss\public\index.php(45): CodeIgniter\CodeIgniter->run()
#8 {main}
CRITICAL - 2020-07-08 22:02:34 --> Undefined variable: categorias
#0 C:\xamppp\htdocs\the-final-boss\app\Views\frontend\frontendheader.php(50): CodeIgniter\Debug\Exceptions->errorHandler(8, 'Undefined varia...', 'C:\\xamppp\\htdoc...', 50, Array)
#1 C:\xamppp\htdocs\the-final-boss\system\View\View.php(246): include('C:\\xamppp\\htdoc...')
#2 C:\xamppp\htdocs\the-final-boss\system\Common.php(1087): CodeIgniter\View\View->render('frontend/fronte...', Array, true)
#3 C:\xamppp\htdocs\the-final-boss\app\Views\frontend\categorias.php(2): view('frontend/fronte...')
#4 C:\xamppp\htdocs\the-final-boss\system\View\View.php(246): include('C:\\xamppp\\htdoc...')
#5 C:\xamppp\htdocs\the-final-boss\system\Common.php(1087): CodeIgniter\View\View->render('frontend/catego...', Array, true)
#6 C:\xamppp\htdocs\the-final-boss\app\Controllers\Blog.php(43): view('frontend/catego...', Array)
#7 C:\xamppp\htdocs\the-final-boss\system\CodeIgniter.php(914): App\Controllers\Blog->categorias('1')
#8 C:\xamppp\htdocs\the-final-boss\system\CodeIgniter.php(400): CodeIgniter\CodeIgniter->runController(Object(App\Controllers\Blog))
#9 C:\xamppp\htdocs\the-final-boss\system\CodeIgniter.php(308): CodeIgniter\CodeIgniter->handleRequest(NULL, Object(Config\Cache), false)
#10 C:\xamppp\htdocs\the-final-boss\public\index.php(45): CodeIgniter\CodeIgniter->run()
#11 {main}
CRITICAL - 2020-07-08 22:02:44 --> Undefined index: nombre
#0 C:\xamppp\htdocs\the-final-boss\app\Views\frontend\categorias.php(16): CodeIgniter\Debug\Exceptions->errorHandler(8, 'Undefined index...', 'C:\\xamppp\\htdoc...', 16, Array)
#1 C:\xamppp\htdocs\the-final-boss\system\View\View.php(246): include('C:\\xamppp\\htdoc...')
#2 C:\xamppp\htdocs\the-final-boss\system\Common.php(1087): CodeIgniter\View\View->render('frontend/catego...', Array, true)
#3 C:\xamppp\htdocs\the-final-boss\app\Controllers\Blog.php(43): view('frontend/catego...', Array)
#4 C:\xamppp\htdocs\the-final-boss\system\CodeIgniter.php(914): App\Controllers\Blog->categorias('1')
#5 C:\xamppp\htdocs\the-final-boss\system\CodeIgniter.php(400): CodeIgniter\CodeIgniter->runController(Object(App\Controllers\Blog))
#6 C:\xamppp\htdocs\the-final-boss\system\CodeIgniter.php(308): CodeIgniter\CodeIgniter->handleRequest(NULL, Object(Config\Cache), false)
#7 C:\xamppp\htdocs\the-final-boss\public\index.php(45): CodeIgniter\CodeIgniter->run()
#8 {main}
CRITICAL - 2020-07-08 22:04:38 --> Undefined index: nombre
#0 C:\xamppp\htdocs\the-final-boss\app\Views\frontend\categorias.php(16): CodeIgniter\Debug\Exceptions->errorHandler(8, 'Undefined index...', 'C:\\xamppp\\htdoc...', 16, Array)
#1 C:\xamppp\htdocs\the-final-boss\system\View\View.php(246): include('C:\\xamppp\\htdoc...')
#2 C:\xamppp\htdocs\the-final-boss\system\Common.php(1087): CodeIgniter\View\View->render('frontend/catego...', Array, true)
#3 C:\xamppp\htdocs\the-final-boss\app\Controllers\Blog.php(43): view('frontend/catego...', Array)
#4 C:\xamppp\htdocs\the-final-boss\system\CodeIgniter.php(914): App\Controllers\Blog->categorias('1')
#5 C:\xamppp\htdocs\the-final-boss\system\CodeIgniter.php(400): CodeIgniter\CodeIgniter->runController(Object(App\Controllers\Blog))
#6 C:\xamppp\htdocs\the-final-boss\system\CodeIgniter.php(308): CodeIgniter\CodeIgniter->handleRequest(NULL, Object(Config\Cache), false)
#7 C:\xamppp\htdocs\the-final-boss\public\index.php(45): CodeIgniter\CodeIgniter->run()
#8 {main}
CRITICAL - 2020-07-08 22:04:53 --> Undefined index: nombre
#0 C:\xamppp\htdocs\the-final-boss\app\Views\frontend\categorias.php(16): CodeIgniter\Debug\Exceptions->errorHandler(8, 'Undefined index...', 'C:\\xamppp\\htdoc...', 16, Array)
#1 C:\xamppp\htdocs\the-final-boss\system\View\View.php(246): include('C:\\xamppp\\htdoc...')
#2 C:\xamppp\htdocs\the-final-boss\system\Common.php(1087): CodeIgniter\View\View->render('frontend/catego...', Array, true)
#3 C:\xamppp\htdocs\the-final-boss\app\Controllers\Blog.php(43): view('frontend/catego...', Array)
#4 C:\xamppp\htdocs\the-final-boss\system\CodeIgniter.php(914): App\Controllers\Blog->categorias('coronavirus')
#5 C:\xamppp\htdocs\the-final-boss\system\CodeIgniter.php(400): CodeIgniter\CodeIgniter->runController(Object(App\Controllers\Blog))
#6 C:\xamppp\htdocs\the-final-boss\system\CodeIgniter.php(308): CodeIgniter\CodeIgniter->handleRequest(NULL, Object(Config\Cache), false)
#7 C:\xamppp\htdocs\the-final-boss\public\index.php(45): CodeIgniter\CodeIgniter->run()
#8 {main}
CRITICAL - 2020-07-08 22:07:01 --> Undefined index: nombre
#0 C:\xamppp\htdocs\the-final-boss\app\Views\frontend\categorias.php(16): CodeIgniter\Debug\Exceptions->errorHandler(8, 'Undefined index...', 'C:\\xamppp\\htdoc...', 16, Array)
#1 C:\xamppp\htdocs\the-final-boss\system\View\View.php(246): include('C:\\xamppp\\htdoc...')
#2 C:\xamppp\htdocs\the-final-boss\system\Common.php(1087): CodeIgniter\View\View->render('frontend/catego...', Array, true)
#3 C:\xamppp\htdocs\the-final-boss\app\Controllers\Blog.php(43): view('frontend/catego...', Array)
#4 C:\xamppp\htdocs\the-final-boss\system\CodeIgniter.php(914): App\Controllers\Blog->categorias('coronavirus')
#5 C:\xamppp\htdocs\the-final-boss\system\CodeIgniter.php(400): CodeIgniter\CodeIgniter->runController(Object(App\Controllers\Blog))
#6 C:\xamppp\htdocs\the-final-boss\system\CodeIgniter.php(308): CodeIgniter\CodeIgniter->handleRequest(NULL, Object(Config\Cache), false)
#7 C:\xamppp\htdocs\the-final-boss\public\index.php(45): CodeIgniter\CodeIgniter->run()
#8 {main}
CRITICAL - 2020-07-08 22:07:16 --> Undefined index: nombre
#0 C:\xamppp\htdocs\the-final-boss\app\Views\frontend\categorias.php(16): CodeIgniter\Debug\Exceptions->errorHandler(8, 'Undefined index...', 'C:\\xamppp\\htdoc...', 16, Array)
#1 C:\xamppp\htdocs\the-final-boss\system\View\View.php(246): include('C:\\xamppp\\htdoc...')
#2 C:\xamppp\htdocs\the-final-boss\system\Common.php(1087): CodeIgniter\View\View->render('frontend/catego...', Array, true)
#3 C:\xamppp\htdocs\the-final-boss\app\Controllers\Blog.php(43): view('frontend/catego...', Array)
#4 C:\xamppp\htdocs\the-final-boss\system\CodeIgniter.php(914): App\Controllers\Blog->categorias('coronavirus')
#5 C:\xamppp\htdocs\the-final-boss\system\CodeIgniter.php(400): CodeIgniter\CodeIgniter->runController(Object(App\Controllers\Blog))
#6 C:\xamppp\htdocs\the-final-boss\system\CodeIgniter.php(308): CodeIgniter\CodeIgniter->handleRequest(NULL, Object(Config\Cache), false)
#7 C:\xamppp\htdocs\the-final-boss\public\index.php(45): CodeIgniter\CodeIgniter->run()
#8 {main}
CRITICAL - 2020-07-08 22:09:16 --> Undefined variable: dato
#0 C:\xamppp\htdocs\the-final-boss\app\Views\frontend\frontendheader.php(54): CodeIgniter\Debug\Exceptions->errorHandler(8, 'Undefined varia...', 'C:\\xamppp\\htdoc...', 54, Array)
#1 C:\xamppp\htdocs\the-final-boss\system\View\View.php(246): include('C:\\xamppp\\htdoc...')
#2 C:\xamppp\htdocs\the-final-boss\system\Common.php(1087): CodeIgniter\View\View->render('frontend/fronte...', Array, true)
#3 C:\xamppp\htdocs\the-final-boss\app\Views\frontend\categorias.php(2): view('frontend/fronte...')
#4 C:\xamppp\htdocs\the-final-boss\system\View\View.php(246): include('C:\\xamppp\\htdoc...')
#5 C:\xamppp\htdocs\the-final-boss\system\Common.php(1087): CodeIgniter\View\View->render('frontend/catego...', Array, true)
#6 C:\xamppp\htdocs\the-final-boss\app\Controllers\Blog.php(43): view('frontend/catego...', Array)
#7 C:\xamppp\htdocs\the-final-boss\system\CodeIgniter.php(914): App\Controllers\Blog->categorias('coronavirus')
#8 C:\xamppp\htdocs\the-final-boss\system\CodeIgniter.php(400): CodeIgniter\CodeIgniter->runController(Object(App\Controllers\Blog))
#9 C:\xamppp\htdocs\the-final-boss\system\CodeIgniter.php(308): CodeIgniter\CodeIgniter->handleRequest(NULL, Object(Config\Cache), false)
#10 C:\xamppp\htdocs\the-final-boss\public\index.php(45): CodeIgniter\CodeIgniter->run()
#11 {main}
CRITICAL - 2020-07-08 22:09:47 --> Undefined index: categoria
#0 C:\xamppp\htdocs\the-final-boss\app\Views\frontend\frontendheader.php(54): CodeIgniter\Debug\Exceptions->errorHandler(8, 'Undefined index...', 'C:\\xamppp\\htdoc...', 54, Array)
#1 C:\xamppp\htdocs\the-final-boss\system\View\View.php(246): include('C:\\xamppp\\htdoc...')
#2 C:\xamppp\htdocs\the-final-boss\system\Common.php(1087): CodeIgniter\View\View->render('frontend/fronte...', Array, true)
#3 C:\xamppp\htdocs\the-final-boss\app\Views\frontend\categorias.php(2): view('frontend/fronte...')
#4 C:\xamppp\htdocs\the-final-boss\system\View\View.php(246): include('C:\\xamppp\\htdoc...')
#5 C:\xamppp\htdocs\the-final-boss\system\Common.php(1087): CodeIgniter\View\View->render('frontend/catego...', Array, true)
#6 C:\xamppp\htdocs\the-final-boss\app\Controllers\Blog.php(43): view('frontend/catego...', Array)
#7 C:\xamppp\htdocs\the-final-boss\system\CodeIgniter.php(914): App\Controllers\Blog->categorias('coronavirus')
#8 C:\xamppp\htdocs\the-final-boss\system\CodeIgniter.php(400): CodeIgniter\CodeIgniter->runController(Object(App\Controllers\Blog))
#9 C:\xamppp\htdocs\the-final-boss\system\CodeIgniter.php(308): CodeIgniter\CodeIgniter->handleRequest(NULL, Object(Config\Cache), false)
#10 C:\xamppp\htdocs\the-final-boss\public\index.php(45): CodeIgniter\CodeIgniter->run()
#11 {main}
CRITICAL - 2020-07-08 22:10:05 --> Undefined index: categoria
#0 C:\xamppp\htdocs\the-final-boss\app\Views\frontend\frontendheader.php(54): CodeIgniter\Debug\Exceptions->errorHandler(8, 'Undefined index...', 'C:\\xamppp\\htdoc...', 54, Array)
#1 C:\xamppp\htdocs\the-final-boss\system\View\View.php(246): include('C:\\xamppp\\htdoc...')
#2 C:\xamppp\htdocs\the-final-boss\system\Common.php(1087): CodeIgniter\View\View->render('frontend/fronte...', Array, true)
#3 C:\xamppp\htdocs\the-final-boss\app\Views\frontend\categorias.php(2): view('frontend/fronte...')
#4 C:\xamppp\htdocs\the-final-boss\system\View\View.php(246): include('C:\\xamppp\\htdoc...')
#5 C:\xamppp\htdocs\the-final-boss\system\Common.php(1087): CodeIgniter\View\View->render('frontend/catego...', Array, true)
#6 C:\xamppp\htdocs\the-final-boss\app\Controllers\Blog.php(43): view('frontend/catego...', Array)
#7 C:\xamppp\htdocs\the-final-boss\system\CodeIgniter.php(914): App\Controllers\Blog->categorias('coronavirus')
#8 C:\xamppp\htdocs\the-final-boss\system\CodeIgniter.php(400): CodeIgniter\CodeIgniter->runController(Object(App\Controllers\Blog))
#9 C:\xamppp\htdocs\the-final-boss\system\CodeIgniter.php(308): CodeIgniter\CodeIgniter->handleRequest(NULL, Object(Config\Cache), false)
#10 C:\xamppp\htdocs\the-final-boss\public\index.php(45): CodeIgniter\CodeIgniter->run()
#11 {main}
CRITICAL - 2020-07-08 22:10:10 --> Undefined index: categoria
#0 C:\xamppp\htdocs\the-final-boss\app\Views\frontend\frontendheader.php(54): CodeIgniter\Debug\Exceptions->errorHandler(8, 'Undefined index...', 'C:\\xamppp\\htdoc...', 54, Array)
#1 C:\xamppp\htdocs\the-final-boss\system\View\View.php(246): include('C:\\xamppp\\htdoc...')
#2 C:\xamppp\htdocs\the-final-boss\system\Common.php(1087): CodeIgniter\View\View->render('frontend/fronte...', Array, true)
#3 C:\xamppp\htdocs\the-final-boss\app\Views\frontend\categorias.php(2): view('frontend/fronte...')
#4 C:\xamppp\htdocs\the-final-boss\system\View\View.php(246): include('C:\\xamppp\\htdoc...')
#5 C:\xamppp\htdocs\the-final-boss\system\Common.php(1087): CodeIgniter\View\View->render('frontend/catego...', Array, true)
#6 C:\xamppp\htdocs\the-final-boss\app\Controllers\Blog.php(43): view('frontend/catego...', Array)
#7 C:\xamppp\htdocs\the-final-boss\system\CodeIgniter.php(914): App\Controllers\Blog->categorias('coronavirus')
#8 C:\xamppp\htdocs\the-final-boss\system\CodeIgniter.php(400): CodeIgniter\CodeIgniter->runController(Object(App\Controllers\Blog))
#9 C:\xamppp\htdocs\the-final-boss\system\CodeIgniter.php(308): CodeIgniter\CodeIgniter->handleRequest(NULL, Object(Config\Cache), false)
#10 C:\xamppp\htdocs\the-final-boss\public\index.php(45): CodeIgniter\CodeIgniter->run()
#11 {main}
CRITICAL - 2020-07-08 22:10:38 --> Undefined index: nombre
#0 C:\xamppp\htdocs\the-final-boss\app\Views\frontend\categorias.php(16): CodeIgniter\Debug\Exceptions->errorHandler(8, 'Undefined index...', 'C:\\xamppp\\htdoc...', 16, Array)
#1 C:\xamppp\htdocs\the-final-boss\system\View\View.php(246): include('C:\\xamppp\\htdoc...')
#2 C:\xamppp\htdocs\the-final-boss\system\Common.php(1087): CodeIgniter\View\View->render('frontend/catego...', Array, true)
#3 C:\xamppp\htdocs\the-final-boss\app\Controllers\Blog.php(43): view('frontend/catego...', Array)
#4 C:\xamppp\htdocs\the-final-boss\system\CodeIgniter.php(914): App\Controllers\Blog->categorias('coronavirus')
#5 C:\xamppp\htdocs\the-final-boss\system\CodeIgniter.php(400): CodeIgniter\CodeIgniter->runController(Object(App\Controllers\Blog))
#6 C:\xamppp\htdocs\the-final-boss\system\CodeIgniter.php(308): CodeIgniter\CodeIgniter->handleRequest(NULL, Object(Config\Cache), false)
#7 C:\xamppp\htdocs\the-final-boss\public\index.php(45): CodeIgniter\CodeIgniter->run()
#8 {main}
CRITICAL - 2020-07-08 22:11:02 --> Undefined index: nombre
#0 C:\xamppp\htdocs\the-final-boss\app\Views\frontend\categorias.php(16): CodeIgniter\Debug\Exceptions->errorHandler(8, 'Undefined index...', 'C:\\xamppp\\htdoc...', 16, Array)
#1 C:\xamppp\htdocs\the-final-boss\system\View\View.php(246): include('C:\\xamppp\\htdoc...')
#2 C:\xamppp\htdocs\the-final-boss\system\Common.php(1087): CodeIgniter\View\View->render('frontend/catego...', Array, true)
#3 C:\xamppp\htdocs\the-final-boss\app\Controllers\Blog.php(43): view('frontend/catego...', Array)
#4 C:\xamppp\htdocs\the-final-boss\system\CodeIgniter.php(914): App\Controllers\Blog->categorias('sin-categoria')
#5 C:\xamppp\htdocs\the-final-boss\system\CodeIgniter.php(400): CodeIgniter\CodeIgniter->runController(Object(App\Controllers\Blog))
#6 C:\xamppp\htdocs\the-final-boss\system\CodeIgniter.php(308): CodeIgniter\CodeIgniter->handleRequest(NULL, Object(Config\Cache), false)
#7 C:\xamppp\htdocs\the-final-boss\public\index.php(45): CodeIgniter\CodeIgniter->run()
#8 {main}
CRITICAL - 2020-07-08 22:12:44 --> Undefined index: nombre
#0 C:\xamppp\htdocs\the-final-boss\app\Views\frontend\categorias.php(16): CodeIgniter\Debug\Exceptions->errorHandler(8, 'Undefined index...', 'C:\\xamppp\\htdoc...', 16, Array)
#1 C:\xamppp\htdocs\the-final-boss\system\View\View.php(246): include('C:\\xamppp\\htdoc...')
#2 C:\xamppp\htdocs\the-final-boss\system\Common.php(1087): CodeIgniter\View\View->render('frontend/catego...', Array, true)
#3 C:\xamppp\htdocs\the-final-boss\app\Controllers\Blog.php(43): view('frontend/catego...', Array)
#4 C:\xamppp\htdocs\the-final-boss\system\CodeIgniter.php(914): App\Controllers\Blog->categorias('sin-categoria')
#5 C:\xamppp\htdocs\the-final-boss\system\CodeIgniter.php(400): CodeIgniter\CodeIgniter->runController(Object(App\Controllers\Blog))
#6 C:\xamppp\htdocs\the-final-boss\system\CodeIgniter.php(308): CodeIgniter\CodeIgniter->handleRequest(NULL, Object(Config\Cache), false)
#7 C:\xamppp\htdocs\the-final-boss\public\index.php(45): CodeIgniter\CodeIgniter->run()
#8 {main}
CRITICAL - 2020-07-08 22:12:50 --> Undefined index: nombre
#0 C:\xamppp\htdocs\the-final-boss\app\Views\frontend\categorias.php(16): CodeIgniter\Debug\Exceptions->errorHandler(8, 'Undefined index...', 'C:\\xamppp\\htdoc...', 16, Array)
#1 C:\xamppp\htdocs\the-final-boss\system\View\View.php(246): include('C:\\xamppp\\htdoc...')
#2 C:\xamppp\htdocs\the-final-boss\system\Common.php(1087): CodeIgniter\View\View->render('frontend/catego...', Array, true)
#3 C:\xamppp\htdocs\the-final-boss\app\Controllers\Blog.php(43): view('frontend/catego...', Array)
#4 C:\xamppp\htdocs\the-final-boss\system\CodeIgniter.php(914): App\Controllers\Blog->categorias('sin-categoria')
#5 C:\xamppp\htdocs\the-final-boss\system\CodeIgniter.php(400): CodeIgniter\CodeIgniter->runController(Object(App\Controllers\Blog))
#6 C:\xamppp\htdocs\the-final-boss\system\CodeIgniter.php(308): CodeIgniter\CodeIgniter->handleRequest(NULL, Object(Config\Cache), false)
#7 C:\xamppp\htdocs\the-final-boss\public\index.php(45): CodeIgniter\CodeIgniter->run()
#8 {main}
CRITICAL - 2020-07-08 22:12:51 --> Undefined index: nombre
#0 C:\xamppp\htdocs\the-final-boss\app\Views\frontend\categorias.php(16): CodeIgniter\Debug\Exceptions->errorHandler(8, 'Undefined index...', 'C:\\xamppp\\htdoc...', 16, Array)
#1 C:\xamppp\htdocs\the-final-boss\system\View\View.php(246): include('C:\\xamppp\\htdoc...')
#2 C:\xamppp\htdocs\the-final-boss\system\Common.php(1087): CodeIgniter\View\View->render('frontend/catego...', Array, true)
#3 C:\xamppp\htdocs\the-final-boss\app\Controllers\Blog.php(43): view('frontend/catego...', Array)
#4 C:\xamppp\htdocs\the-final-boss\system\CodeIgniter.php(914): App\Controllers\Blog->categorias('sin-categoria')
#5 C:\xamppp\htdocs\the-final-boss\system\CodeIgniter.php(400): CodeIgniter\CodeIgniter->runController(Object(App\Controllers\Blog))
#6 C:\xamppp\htdocs\the-final-boss\system\CodeIgniter.php(308): CodeIgniter\CodeIgniter->handleRequest(NULL, Object(Config\Cache), false)
#7 C:\xamppp\htdocs\the-final-boss\public\index.php(45): CodeIgniter\CodeIgniter->run()
#8 {main}
CRITICAL - 2020-07-08 22:25:59 --> Undefined index: nombre
#0 C:\xamppp\htdocs\the-final-boss\app\Views\frontend\categorias.php(16): CodeIgniter\Debug\Exceptions->errorHandler(8, 'Undefined index...', 'C:\\xamppp\\htdoc...', 16, Array)
#1 C:\xamppp\htdocs\the-final-boss\system\View\View.php(246): include('C:\\xamppp\\htdoc...')
#2 C:\xamppp\htdocs\the-final-boss\system\Common.php(1087): CodeIgniter\View\View->render('frontend/catego...', Array, true)
#3 C:\xamppp\htdocs\the-final-boss\app\Controllers\Blog.php(43): view('frontend/catego...', Array)
#4 C:\xamppp\htdocs\the-final-boss\system\CodeIgniter.php(914): App\Controllers\Blog->categorias('sin-categoria')
#5 C:\xamppp\htdocs\the-final-boss\system\CodeIgniter.php(400): CodeIgniter\CodeIgniter->runController(Object(App\Controllers\Blog))
#6 C:\xamppp\htdocs\the-final-boss\system\CodeIgniter.php(308): CodeIgniter\CodeIgniter->handleRequest(NULL, Object(Config\Cache), false)
#7 C:\xamppp\htdocs\the-final-boss\public\index.php(45): CodeIgniter\CodeIgniter->run()
#8 {main}
CRITICAL - 2020-07-08 22:30:07 --> Undefined offset: 0
#0 C:\xamppp\htdocs\the-final-boss\app\Views\frontend\categorias.php(14): CodeIgniter\Debug\Exceptions->errorHandler(8, 'Undefined offse...', 'C:\\xamppp\\htdoc...', 14, Array)
#1 C:\xamppp\htdocs\the-final-boss\system\View\View.php(246): include('C:\\xamppp\\htdoc...')
#2 C:\xamppp\htdocs\the-final-boss\system\Common.php(1087): CodeIgniter\View\View->render('frontend/catego...', Array, true)
#3 C:\xamppp\htdocs\the-final-boss\app\Controllers\Blog.php(43): view('frontend/catego...', Array)
#4 C:\xamppp\htdocs\the-final-boss\system\CodeIgniter.php(914): App\Controllers\Blog->categorias('img', 'fav.png')
#5 C:\xamppp\htdocs\the-final-boss\system\CodeIgniter.php(400): CodeIgniter\CodeIgniter->runController(Object(App\Controllers\Blog))
#6 C:\xamppp\htdocs\the-final-boss\system\CodeIgniter.php(308): CodeIgniter\CodeIgniter->handleRequest(NULL, Object(Config\Cache), false)
#7 C:\xamppp\htdocs\the-final-boss\public\index.php(45): CodeIgniter\CodeIgniter->run()
#8 {main}
CRITICAL - 2020-07-08 22:42:51 --> Undefined index: categoria
#0 C:\xamppp\htdocs\the-final-boss\app\Views\frontend\un_article.php(41): CodeIgniter\Debug\Exceptions->errorHandler(8, 'Undefined index...', 'C:\\xamppp\\htdoc...', 41, Array)
#1 C:\xamppp\htdocs\the-final-boss\system\View\View.php(246): include('C:\\xamppp\\htdoc...')
#2 C:\xamppp\htdocs\the-final-boss\system\Common.php(1087): CodeIgniter\View\View->render('frontend/un_art...', Array, true)
#3 C:\xamppp\htdocs\the-final-boss\app\Controllers\Blog.php(61): view('frontend/un_art...', Array)
#4 C:\xamppp\htdocs\the-final-boss\system\CodeIgniter.php(914): App\Controllers\Blog->articulos('54')
#5 C:\xamppp\htdocs\the-final-boss\system\CodeIgniter.php(400): CodeIgniter\CodeIgniter->runController(Object(App\Controllers\Blog))
#6 C:\xamppp\htdocs\the-final-boss\system\CodeIgniter.php(308): CodeIgniter\CodeIgniter->handleRequest(NULL, Object(Config\Cache), false)
#7 C:\xamppp\htdocs\the-final-boss\public\index.php(45): CodeIgniter\CodeIgniter->run()
#8 {main}
CRITICAL - 2020-07-08 22:48:44 --> syntax error, unexpected '}', expecting end of file
#0 C:\xamppp\htdocs\the-final-boss\system\Common.php(1087): CodeIgniter\View\View->render('frontend/catego...', Array, true)
#1 C:\xamppp\htdocs\the-final-boss\app\Controllers\Blog.php(34): view('frontend/catego...', Array)
#2 C:\xamppp\htdocs\the-final-boss\system\CodeIgniter.php(914): App\Controllers\Blog->categorias('coronavirus')
#3 C:\xamppp\htdocs\the-final-boss\system\CodeIgniter.php(400): CodeIgniter\CodeIgniter->runController(Object(App\Controllers\Blog))
#4 C:\xamppp\htdocs\the-final-boss\system\CodeIgniter.php(308): CodeIgniter\CodeIgniter->handleRequest(NULL, Object(Config\Cache), false)
#5 C:\xamppp\htdocs\the-final-boss\public\index.php(45): CodeIgniter\CodeIgniter->run()
#6 {main}
CRITICAL - 2020-07-08 22:49:10 --> syntax error, unexpected end of file
#0 C:\xamppp\htdocs\the-final-boss\system\Common.php(1087): CodeIgniter\View\View->render('frontend/un_art...', Array, true)
#1 C:\xamppp\htdocs\the-final-boss\app\Controllers\Blog.php(61): view('frontend/un_art...', Array)
#2 C:\xamppp\htdocs\the-final-boss\system\CodeIgniter.php(914): App\Controllers\Blog->articulos('54')
#3 C:\xamppp\htdocs\the-final-boss\system\CodeIgniter.php(400): CodeIgniter\CodeIgniter->runController(Object(App\Controllers\Blog))
#4 C:\xamppp\htdocs\the-final-boss\system\CodeIgniter.php(308): CodeIgniter\CodeIgniter->handleRequest(NULL, Object(Config\Cache), false)
#5 C:\xamppp\htdocs\the-final-boss\public\index.php(45): CodeIgniter\CodeIgniter->run()
#6 {main}
CRITICAL - 2020-07-08 22:49:12 --> syntax error, unexpected end of file
#0 C:\xamppp\htdocs\the-final-boss\system\Common.php(1087): CodeIgniter\View\View->render('frontend/un_art...', Array, true)
#1 C:\xamppp\htdocs\the-final-boss\app\Controllers\Blog.php(61): view('frontend/un_art...', Array)
#2 C:\xamppp\htdocs\the-final-boss\system\CodeIgniter.php(914): App\Controllers\Blog->articulos('54')
#3 C:\xamppp\htdocs\the-final-boss\system\CodeIgniter.php(400): CodeIgniter\CodeIgniter->runController(Object(App\Controllers\Blog))
#4 C:\xamppp\htdocs\the-final-boss\system\CodeIgniter.php(308): CodeIgniter\CodeIgniter->handleRequest(NULL, Object(Config\Cache), false)
#5 C:\xamppp\htdocs\the-final-boss\public\index.php(45): CodeIgniter\CodeIgniter->run()
#6 {main}
CRITICAL - 2020-07-08 22:49:32 --> Undefined variable: dato
#0 C:\xamppp\htdocs\the-final-boss\app\Views\frontend\categorias.php(13): CodeIgniter\Debug\Exceptions->errorHandler(8, 'Undefined varia...', 'C:\\xamppp\\htdoc...', 13, Array)
#1 C:\xamppp\htdocs\the-final-boss\system\View\View.php(246): include('C:\\xamppp\\htdoc...')
#2 C:\xamppp\htdocs\the-final-boss\system\Common.php(1087): CodeIgniter\View\View->render('frontend/catego...', Array, true)
#3 C:\xamppp\htdocs\the-final-boss\app\Controllers\Blog.php(34): view('frontend/catego...', Array)
#4 C:\xamppp\htdocs\the-final-boss\system\CodeIgniter.php(914): App\Controllers\Blog->categorias('sin-categoria')
#5 C:\xamppp\htdocs\the-final-boss\system\CodeIgniter.php(400): CodeIgniter\CodeIgniter->runController(Object(App\Controllers\Blog))
#6 C:\xamppp\htdocs\the-final-boss\system\CodeIgniter.php(308): CodeIgniter\CodeIgniter->handleRequest(NULL, Object(Config\Cache), false)
#7 C:\xamppp\htdocs\the-final-boss\public\index.php(45): CodeIgniter\CodeIgniter->run()
#8 {main}
CRITICAL - 2020-07-08 22:49:52 --> Undefined index: titulo
#0 C:\xamppp\htdocs\the-final-boss\app\Views\frontend\categorias.php(13): CodeIgniter\Debug\Exceptions->errorHandler(8, 'Undefined index...', 'C:\\xamppp\\htdoc...', 13, Array)
#1 C:\xamppp\htdocs\the-final-boss\system\View\View.php(246): include('C:\\xamppp\\htdoc...')
#2 C:\xamppp\htdocs\the-final-boss\system\Common.php(1087): CodeIgniter\View\View->render('frontend/catego...', Array, true)
#3 C:\xamppp\htdocs\the-final-boss\app\Controllers\Blog.php(34): view('frontend/catego...', Array)
#4 C:\xamppp\htdocs\the-final-boss\system\CodeIgniter.php(914): App\Controllers\Blog->categorias('sin-categoria')
#5 C:\xamppp\htdocs\the-final-boss\system\CodeIgniter.php(400): CodeIgniter\CodeIgniter->runController(Object(App\Controllers\Blog))
#6 C:\xamppp\htdocs\the-final-boss\system\CodeIgniter.php(308): CodeIgniter\CodeIgniter->handleRequest(NULL, Object(Config\Cache), false)
#7 C:\xamppp\htdocs\the-final-boss\public\index.php(45): CodeIgniter\CodeIgniter->run()
#8 {main}
CRITICAL - 2020-07-08 22:50:04 --> Undefined index: encabezado
#0 C:\xamppp\htdocs\the-final-boss\app\Views\frontend\categorias.php(28): CodeIgniter\Debug\Exceptions->errorHandler(8, 'Undefined index...', 'C:\\xamppp\\htdoc...', 28, Array)
#1 C:\xamppp\htdocs\the-final-boss\system\View\View.php(246): include('C:\\xamppp\\htdoc...')
#2 C:\xamppp\htdocs\the-final-boss\system\Common.php(1087): CodeIgniter\View\View->render('frontend/catego...', Array, true)
#3 C:\xamppp\htdocs\the-final-boss\app\Controllers\Blog.php(34): view('frontend/catego...', Array)
#4 C:\xamppp\htdocs\the-final-boss\system\CodeIgniter.php(914): App\Controllers\Blog->categorias('sin-categoria')
#5 C:\xamppp\htdocs\the-final-boss\system\CodeIgniter.php(400): CodeIgniter\CodeIgniter->runController(Object(App\Controllers\Blog))
#6 C:\xamppp\htdocs\the-final-boss\system\CodeIgniter.php(308): CodeIgniter\CodeIgniter->handleRequest(NULL, Object(Config\Cache), false)
#7 C:\xamppp\htdocs\the-final-boss\public\index.php(45): CodeIgniter\CodeIgniter->run()
#8 {main}
CRITICAL - 2020-07-08 22:51:38 --> syntax error, unexpected '}', expecting end of file
#0 C:\xamppp\htdocs\the-final-boss\system\Common.php(1087): CodeIgniter\View\View->render('frontend/catego...', Array, true)
#1 C:\xamppp\htdocs\the-final-boss\app\Controllers\Blog.php(34): view('frontend/catego...', Array)
#2 C:\xamppp\htdocs\the-final-boss\system\CodeIgniter.php(914): App\Controllers\Blog->categorias('sin-categoria')
#3 C:\xamppp\htdocs\the-final-boss\system\CodeIgniter.php(400): CodeIgniter\CodeIgniter->runController(Object(App\Controllers\Blog))
#4 C:\xamppp\htdocs\the-final-boss\system\CodeIgniter.php(308): CodeIgniter\CodeIgniter->handleRequest(NULL, Object(Config\Cache), false)
#5 C:\xamppp\htdocs\the-final-boss\public\index.php(45): CodeIgniter\CodeIgniter->run()
#6 {main}
CRITICAL - 2020-07-08 22:51:57 --> Undefined variable: datos
#0 C:\xamppp\htdocs\the-final-boss\app\Views\frontend\categorias.php(33): CodeIgniter\Debug\Exceptions->errorHandler(8, 'Undefined varia...', 'C:\\xamppp\\htdoc...', 33, Array)
#1 C:\xamppp\htdocs\the-final-boss\system\View\View.php(246): include('C:\\xamppp\\htdoc...')
#2 C:\xamppp\htdocs\the-final-boss\system\Common.php(1087): CodeIgniter\View\View->render('frontend/catego...', Array, true)
#3 C:\xamppp\htdocs\the-final-boss\app\Controllers\Blog.php(34): view('frontend/catego...', Array)
#4 C:\xamppp\htdocs\the-final-boss\system\CodeIgniter.php(914): App\Controllers\Blog->categorias('sin-categoria')
#5 C:\xamppp\htdocs\the-final-boss\system\CodeIgniter.php(400): CodeIgniter\CodeIgniter->runController(Object(App\Controllers\Blog))
#6 C:\xamppp\htdocs\the-final-boss\system\CodeIgniter.php(308): CodeIgniter\CodeIgniter->handleRequest(NULL, Object(Config\Cache), false)
#7 C:\xamppp\htdocs\the-final-boss\public\index.php(45): CodeIgniter\CodeIgniter->run()
#8 {main}
CRITICAL - 2020-07-08 22:52:16 --> Undefined variable: datos
#0 C:\xamppp\htdocs\the-final-boss\app\Views\frontend\categorias.php(33): CodeIgniter\Debug\Exceptions->errorHandler(8, 'Undefined varia...', 'C:\\xamppp\\htdoc...', 33, Array)
#1 C:\xamppp\htdocs\the-final-boss\system\View\View.php(246): include('C:\\xamppp\\htdoc...')
#2 C:\xamppp\htdocs\the-final-boss\system\Common.php(1087): CodeIgniter\View\View->render('frontend/catego...', Array, true)
#3 C:\xamppp\htdocs\the-final-boss\app\Controllers\Blog.php(34): view('frontend/catego...', Array)
#4 C:\xamppp\htdocs\the-final-boss\system\CodeIgniter.php(914): App\Controllers\Blog->categorias('sin-categoria')
#5 C:\xamppp\htdocs\the-final-boss\system\CodeIgniter.php(400): CodeIgniter\CodeIgniter->runController(Object(App\Controllers\Blog))
#6 C:\xamppp\htdocs\the-final-boss\system\CodeIgniter.php(308): CodeIgniter\CodeIgniter->handleRequest(NULL, Object(Config\Cache), false)
#7 C:\xamppp\htdocs\the-final-boss\public\index.php(45): CodeIgniter\CodeIgniter->run()
#8 {main}
CRITICAL - 2020-07-08 22:52:22 --> Undefined variable: datos
#0 C:\xamppp\htdocs\the-final-boss\app\Views\frontend\categorias.php(33): CodeIgniter\Debug\Exceptions->errorHandler(8, 'Undefined varia...', 'C:\\xamppp\\htdoc...', 33, Array)
#1 C:\xamppp\htdocs\the-final-boss\system\View\View.php(246): include('C:\\xamppp\\htdoc...')
#2 C:\xamppp\htdocs\the-final-boss\system\Common.php(1087): CodeIgniter\View\View->render('frontend/catego...', Array, true)
#3 C:\xamppp\htdocs\the-final-boss\app\Controllers\Blog.php(34): view('frontend/catego...', Array)
#4 C:\xamppp\htdocs\the-final-boss\system\CodeIgniter.php(914): App\Controllers\Blog->categorias('sin-categoria')
#5 C:\xamppp\htdocs\the-final-boss\system\CodeIgniter.php(400): CodeIgniter\CodeIgniter->runController(Object(App\Controllers\Blog))
#6 C:\xamppp\htdocs\the-final-boss\system\CodeIgniter.php(308): CodeIgniter\CodeIgniter->handleRequest(NULL, Object(Config\Cache), false)
#7 C:\xamppp\htdocs\the-final-boss\public\index.php(45): CodeIgniter\CodeIgniter->run()
#8 {main}
CRITICAL - 2020-07-08 23:00:19 --> syntax error, unexpected end of file
#0 C:\xamppp\htdocs\the-final-boss\system\Common.php(1087): CodeIgniter\View\View->render('frontend/catego...', Array, true)
#1 C:\xamppp\htdocs\the-final-boss\app\Controllers\Blog.php(34): view('frontend/catego...', Array)
#2 C:\xamppp\htdocs\the-final-boss\system\CodeIgniter.php(914): App\Controllers\Blog->categorias('sin-categoria')
#3 C:\xamppp\htdocs\the-final-boss\system\CodeIgniter.php(400): CodeIgniter\CodeIgniter->runController(Object(App\Controllers\Blog))
#4 C:\xamppp\htdocs\the-final-boss\system\CodeIgniter.php(308): CodeIgniter\CodeIgniter->handleRequest(NULL, Object(Config\Cache), false)
#5 C:\xamppp\htdocs\the-final-boss\public\index.php(45): CodeIgniter\CodeIgniter->run()
#6 {main}
CRITICAL - 2020-07-08 23:06:20 --> Undefined variable: datos
#0 C:\xamppp\htdocs\the-final-boss\app\Views\frontend\categorias.php(13): CodeIgniter\Debug\Exceptions->errorHandler(8, 'Undefined varia...', 'C:\\xamppp\\htdoc...', 13, Array)
#1 C:\xamppp\htdocs\the-final-boss\system\View\View.php(246): include('C:\\xamppp\\htdoc...')
#2 C:\xamppp\htdocs\the-final-boss\system\Common.php(1087): CodeIgniter\View\View->render('frontend/catego...', Array, true)
#3 C:\xamppp\htdocs\the-final-boss\app\Controllers\Blog.php(34): view('frontend/catego...', Array)
#4 C:\xamppp\htdocs\the-final-boss\system\CodeIgniter.php(914): App\Controllers\Blog->categorias('sin-categoria')
#5 C:\xamppp\htdocs\the-final-boss\system\CodeIgniter.php(400): CodeIgniter\CodeIgniter->runController(Object(App\Controllers\Blog))
#6 C:\xamppp\htdocs\the-final-boss\system\CodeIgniter.php(308): CodeIgniter\CodeIgniter->handleRequest(NULL, Object(Config\Cache), false)
#7 C:\xamppp\htdocs\the-final-boss\public\index.php(45): CodeIgniter\CodeIgniter->run()
#8 {main}
CRITICAL - 2020-07-08 23:07:23 --> Undefined variable: datos
#0 C:\xamppp\htdocs\the-final-boss\app\Views\frontend\categorias.php(13): CodeIgniter\Debug\Exceptions->errorHandler(8, 'Undefined varia...', 'C:\\xamppp\\htdoc...', 13, Array)
#1 C:\xamppp\htdocs\the-final-boss\system\View\View.php(246): include('C:\\xamppp\\htdoc...')
#2 C:\xamppp\htdocs\the-final-boss\system\Common.php(1087): CodeIgniter\View\View->render('frontend/catego...', Array, true)
#3 C:\xamppp\htdocs\the-final-boss\app\Controllers\Blog.php(34): view('frontend/catego...', Array)
#4 C:\xamppp\htdocs\the-final-boss\system\CodeIgniter.php(914): App\Controllers\Blog->categorias('sin-categoria')
#5 C:\xamppp\htdocs\the-final-boss\system\CodeIgniter.php(400): CodeIgniter\CodeIgniter->runController(Object(App\Controllers\Blog))
#6 C:\xamppp\htdocs\the-final-boss\system\CodeIgniter.php(308): CodeIgniter\CodeIgniter->handleRequest(NULL, Object(Config\Cache), false)
#7 C:\xamppp\htdocs\the-final-boss\public\index.php(45): CodeIgniter\CodeIgniter->run()
#8 {main}
CRITICAL - 2020-07-08 23:09:35 --> Undefined index: nombre
#0 C:\xamppp\htdocs\the-final-boss\app\Views\frontend\categorias.php(13): CodeIgniter\Debug\Exceptions->errorHandler(8, 'Undefined index...', 'C:\\xamppp\\htdoc...', 13, Array)
#1 C:\xamppp\htdocs\the-final-boss\system\View\View.php(246): include('C:\\xamppp\\htdoc...')
#2 C:\xamppp\htdocs\the-final-boss\system\Common.php(1087): CodeIgniter\View\View->render('frontend/catego...', Array, true)
#3 C:\xamppp\htdocs\the-final-boss\app\Controllers\Blog.php(34): view('frontend/catego...', Array)
#4 C:\xamppp\htdocs\the-final-boss\system\CodeIgniter.php(914): App\Controllers\Blog->categorias('sin-categoria')
#5 C:\xamppp\htdocs\the-final-boss\system\CodeIgniter.php(400): CodeIgniter\CodeIgniter->runController(Object(App\Controllers\Blog))
#6 C:\xamppp\htdocs\the-final-boss\system\CodeIgniter.php(308): CodeIgniter\CodeIgniter->handleRequest(NULL, Object(Config\Cache), false)
#7 C:\xamppp\htdocs\the-final-boss\public\index.php(45): CodeIgniter\CodeIgniter->run()
#8 {main}
CRITICAL - 2020-07-08 23:25:25 --> Undefined variable: categorias
#0 C:\xamppp\htdocs\the-final-boss\app\Views\frontend\frontendheader.php(50): CodeIgniter\Debug\Exceptions->errorHandler(8, 'Undefined varia...', 'C:\\xamppp\\htdoc...', 50, Array)
#1 C:\xamppp\htdocs\the-final-boss\system\View\View.php(246): include('C:\\xamppp\\htdoc...')
#2 C:\xamppp\htdocs\the-final-boss\system\Common.php(1087): CodeIgniter\View\View->render('frontend/fronte...', Array, true)
#3 C:\xamppp\htdocs\the-final-boss\app\Views\frontend\contacto.php(2): view('frontend/fronte...')
#4 C:\xamppp\htdocs\the-final-boss\system\View\View.php(246): include('C:\\xamppp\\htdoc...')
#5 C:\xamppp\htdocs\the-final-boss\system\Common.php(1087): CodeIgniter\View\View->render('frontend/contac...', Array, true)
#6 C:\xamppp\htdocs\the-final-boss\app\Controllers\contacto.php(89): view('frontend/contac...', Array)
#7 C:\xamppp\htdocs\the-final-boss\system\CodeIgniter.php(914): App\Controllers\Contacto->index()
#8 C:\xamppp\htdocs\the-final-boss\system\CodeIgniter.php(400): CodeIgniter\CodeIgniter->runController(Object(App\Controllers\Contacto))
#9 C:\xamppp\htdocs\the-final-boss\system\CodeIgniter.php(308): CodeIgniter\CodeIgniter->handleRequest(NULL, Object(Config\Cache), false)
#10 C:\xamppp\htdocs\the-final-boss\public\index.php(45): CodeIgniter\CodeIgniter->run()
#11 {main}
