CRITICAL - 2020-06-24 00:01:55 --> Undefined variable: paginas
#0 C:\xamppp\htdocs\the-final-boss\app\Views\common\adminlte\header.php(37): CodeIgniter\Debug\Exceptions->errorHandler(8, 'Undefined varia...', 'C:\\xamppp\\htdoc...', 37, Array)
#1 C:\xamppp\htdocs\the-final-boss\system\View\View.php(246): include('C:\\xamppp\\htdoc...')
#2 C:\xamppp\htdocs\the-final-boss\system\Common.php(1087): CodeIgniter\View\View->render('common/adminlte...', Array, true)
#3 C:\xamppp\htdocs\the-final-boss\app\Views\UserViews\lista.php(1): view('common/adminlte...')
#4 C:\xamppp\htdocs\the-final-boss\system\View\View.php(246): include('C:\\xamppp\\htdoc...')
#5 C:\xamppp\htdocs\the-final-boss\system\Common.php(1087): CodeIgniter\View\View->render('UserViews/lista', Array, true)
#6 C:\xamppp\htdocs\the-final-boss\app\Controllers\UserController.php(119): view('UserViews/lista', Array)
#7 C:\xamppp\htdocs\the-final-boss\system\CodeIgniter.php(914): App\Controllers\UserController->listar()
#8 C:\xamppp\htdocs\the-final-boss\system\CodeIgniter.php(400): CodeIgniter\CodeIgniter->runController(Object(App\Controllers\UserController))
#9 C:\xamppp\htdocs\the-final-boss\system\CodeIgniter.php(308): CodeIgniter\CodeIgniter->handleRequest(NULL, Object(Config\Cache), false)
#10 C:\xamppp\htdocs\the-final-boss\public\index.php(45): CodeIgniter\CodeIgniter->run()
#11 {main}
CRITICAL - 2020-06-24 00:02:12 --> Undefined variable: paginas
#0 C:\xamppp\htdocs\the-final-boss\app\Views\common\adminlte\header.php(37): CodeIgniter\Debug\Exceptions->errorHandler(8, 'Undefined varia...', 'C:\\xamppp\\htdoc...', 37, Array)
#1 C:\xamppp\htdocs\the-final-boss\system\View\View.php(246): include('C:\\xamppp\\htdoc...')
#2 C:\xamppp\htdocs\the-final-boss\system\Common.php(1087): CodeIgniter\View\View->render('common/adminlte...', Array, true)
#3 C:\xamppp\htdocs\the-final-boss\app\Views\UserViews\lista.php(1): view('common/adminlte...')
#4 C:\xamppp\htdocs\the-final-boss\system\View\View.php(246): include('C:\\xamppp\\htdoc...')
#5 C:\xamppp\htdocs\the-final-boss\system\Common.php(1087): CodeIgniter\View\View->render('UserViews/lista', Array, true)
#6 C:\xamppp\htdocs\the-final-boss\app\Controllers\UserController.php(119): view('UserViews/lista', Array)
#7 C:\xamppp\htdocs\the-final-boss\system\CodeIgniter.php(914): App\Controllers\UserController->listar()
#8 C:\xamppp\htdocs\the-final-boss\system\CodeIgniter.php(400): CodeIgniter\CodeIgniter->runController(Object(App\Controllers\UserController))
#9 C:\xamppp\htdocs\the-final-boss\system\CodeIgniter.php(308): CodeIgniter\CodeIgniter->handleRequest(NULL, Object(Config\Cache), false)
#10 C:\xamppp\htdocs\the-final-boss\public\index.php(45): CodeIgniter\CodeIgniter->run()
#11 {main}
CRITICAL - 2020-06-24 00:02:35 --> Undefined variable: paginas
#0 C:\xamppp\htdocs\the-final-boss\app\Views\common\adminlte\header.php(37): CodeIgniter\Debug\Exceptions->errorHandler(8, 'Undefined varia...', 'C:\\xamppp\\htdoc...', 37, Array)
#1 C:\xamppp\htdocs\the-final-boss\system\View\View.php(246): include('C:\\xamppp\\htdoc...')
#2 C:\xamppp\htdocs\the-final-boss\system\Common.php(1087): CodeIgniter\View\View->render('common/adminlte...', Array, true)
#3 C:\xamppp\htdocs\the-final-boss\app\Views\UserViews\lista.php(1): view('common/adminlte...')
#4 C:\xamppp\htdocs\the-final-boss\system\View\View.php(246): include('C:\\xamppp\\htdoc...')
#5 C:\xamppp\htdocs\the-final-boss\system\Common.php(1087): CodeIgniter\View\View->render('UserViews/lista', Array, true)
#6 C:\xamppp\htdocs\the-final-boss\app\Controllers\UserController.php(119): view('UserViews/lista', Array)
#7 C:\xamppp\htdocs\the-final-boss\system\CodeIgniter.php(914): App\Controllers\UserController->listar()
#8 C:\xamppp\htdocs\the-final-boss\system\CodeIgniter.php(400): CodeIgniter\CodeIgniter->runController(Object(App\Controllers\UserController))
#9 C:\xamppp\htdocs\the-final-boss\system\CodeIgniter.php(308): CodeIgniter\CodeIgniter->handleRequest(NULL, Object(Config\Cache), false)
#10 C:\xamppp\htdocs\the-final-boss\public\index.php(45): CodeIgniter\CodeIgniter->run()
#11 {main}
CRITICAL - 2020-06-24 00:03:21 --> Undefined variable: paginas
#0 C:\xamppp\htdocs\the-final-boss\app\Views\common\adminlte\header.php(37): CodeIgniter\Debug\Exceptions->errorHandler(8, 'Undefined varia...', 'C:\\xamppp\\htdoc...', 37, Array)
#1 C:\xamppp\htdocs\the-final-boss\system\View\View.php(246): include('C:\\xamppp\\htdoc...')
#2 C:\xamppp\htdocs\the-final-boss\system\Common.php(1087): CodeIgniter\View\View->render('common/adminlte...', Array, true)
#3 C:\xamppp\htdocs\the-final-boss\app\Views\UserViews\lista.php(1): view('common/adminlte...')
#4 C:\xamppp\htdocs\the-final-boss\system\View\View.php(246): include('C:\\xamppp\\htdoc...')
#5 C:\xamppp\htdocs\the-final-boss\system\Common.php(1087): CodeIgniter\View\View->render('UserViews/lista', Array, true)
#6 C:\xamppp\htdocs\the-final-boss\app\Controllers\UserController.php(119): view('UserViews/lista', Array)
#7 C:\xamppp\htdocs\the-final-boss\system\CodeIgniter.php(914): App\Controllers\UserController->listar()
#8 C:\xamppp\htdocs\the-final-boss\system\CodeIgniter.php(400): CodeIgniter\CodeIgniter->runController(Object(App\Controllers\UserController))
#9 C:\xamppp\htdocs\the-final-boss\system\CodeIgniter.php(308): CodeIgniter\CodeIgniter->handleRequest(NULL, Object(Config\Cache), false)
#10 C:\xamppp\htdocs\the-final-boss\public\index.php(45): CodeIgniter\CodeIgniter->run()
#11 {main}
CRITICAL - 2020-06-24 00:04:26 --> Undefined variable: paginas
#0 C:\xamppp\htdocs\the-final-boss\app\Views\common\adminlte\header.php(37): CodeIgniter\Debug\Exceptions->errorHandler(8, 'Undefined varia...', 'C:\\xamppp\\htdoc...', 37, Array)
#1 C:\xamppp\htdocs\the-final-boss\system\View\View.php(246): include('C:\\xamppp\\htdoc...')
#2 C:\xamppp\htdocs\the-final-boss\system\Common.php(1087): CodeIgniter\View\View->render('common/adminlte...', Array, true)
#3 C:\xamppp\htdocs\the-final-boss\app\Views\UserViews\lista.php(1): view('common/adminlte...')
#4 C:\xamppp\htdocs\the-final-boss\system\View\View.php(246): include('C:\\xamppp\\htdoc...')
#5 C:\xamppp\htdocs\the-final-boss\system\Common.php(1087): CodeIgniter\View\View->render('UserViews/lista', Array, true)
#6 C:\xamppp\htdocs\the-final-boss\app\Controllers\UserController.php(119): view('UserViews/lista', Array)
#7 C:\xamppp\htdocs\the-final-boss\system\CodeIgniter.php(914): App\Controllers\UserController->listar()
#8 C:\xamppp\htdocs\the-final-boss\system\CodeIgniter.php(400): CodeIgniter\CodeIgniter->runController(Object(App\Controllers\UserController))
#9 C:\xamppp\htdocs\the-final-boss\system\CodeIgniter.php(308): CodeIgniter\CodeIgniter->handleRequest(NULL, Object(Config\Cache), false)
#10 C:\xamppp\htdocs\the-final-boss\public\index.php(45): CodeIgniter\CodeIgniter->run()
#11 {main}
CRITICAL - 2020-06-24 00:05:40 --> 'continue' not in the 'loop' or 'switch' context
#0 [internal function]: CodeIgniter\Debug\Exceptions->shutdownHandler()
#1 {main}
CRITICAL - 2020-06-24 00:06:01 --> 'continue' not in the 'loop' or 'switch' context
#0 [internal function]: CodeIgniter\Debug\Exceptions->shutdownHandler()
#1 {main}
CRITICAL - 2020-06-24 00:07:14 --> syntax error, unexpected end of file
#0 C:\xamppp\htdocs\the-final-boss\system\Common.php(1087): CodeIgniter\View\View->render('common/adminlte...', Array, true)
#1 C:\xamppp\htdocs\the-final-boss\app\Views\contenidos\articulos\showArticles.php(2): view('common/adminlte...')
#2 C:\xamppp\htdocs\the-final-boss\system\View\View.php(246): include('C:\\xamppp\\htdoc...')
#3 C:\xamppp\htdocs\the-final-boss\system\Common.php(1087): CodeIgniter\View\View->render('contenidos/arti...', Array, true)
#4 C:\xamppp\htdocs\the-final-boss\app\Controllers\Content.php(30): view('contenidos/arti...', Array)
#5 C:\xamppp\htdocs\the-final-boss\system\CodeIgniter.php(914): App\Controllers\Content->index()
#6 C:\xamppp\htdocs\the-final-boss\system\CodeIgniter.php(400): CodeIgniter\CodeIgniter->runController(Object(App\Controllers\Content))
#7 C:\xamppp\htdocs\the-final-boss\system\CodeIgniter.php(308): CodeIgniter\CodeIgniter->handleRequest(NULL, Object(Config\Cache), false)
#8 C:\xamppp\htdocs\the-final-boss\public\index.php(45): CodeIgniter\CodeIgniter->run()
#9 {main}
CRITICAL - 2020-06-24 00:07:38 --> syntax error, unexpected end of file
#0 C:\xamppp\htdocs\the-final-boss\system\Common.php(1087): CodeIgniter\View\View->render('common/adminlte...', Array, true)
#1 C:\xamppp\htdocs\the-final-boss\app\Views\contenidos\articulos\showArticles.php(2): view('common/adminlte...')
#2 C:\xamppp\htdocs\the-final-boss\system\View\View.php(246): include('C:\\xamppp\\htdoc...')
#3 C:\xamppp\htdocs\the-final-boss\system\Common.php(1087): CodeIgniter\View\View->render('contenidos/arti...', Array, true)
#4 C:\xamppp\htdocs\the-final-boss\app\Controllers\Content.php(30): view('contenidos/arti...', Array)
#5 C:\xamppp\htdocs\the-final-boss\system\CodeIgniter.php(914): App\Controllers\Content->index()
#6 C:\xamppp\htdocs\the-final-boss\system\CodeIgniter.php(400): CodeIgniter\CodeIgniter->runController(Object(App\Controllers\Content))
#7 C:\xamppp\htdocs\the-final-boss\system\CodeIgniter.php(308): CodeIgniter\CodeIgniter->handleRequest(NULL, Object(Config\Cache), false)
#8 C:\xamppp\htdocs\the-final-boss\public\index.php(45): CodeIgniter\CodeIgniter->run()
#9 {main}
CRITICAL - 2020-06-24 00:07:54 --> syntax error, unexpected end of file
#0 C:\xamppp\htdocs\the-final-boss\system\Common.php(1087): CodeIgniter\View\View->render('common/adminlte...', Array, true)
#1 C:\xamppp\htdocs\the-final-boss\app\Views\contenidos\articulos\showArticles.php(2): view('common/adminlte...')
#2 C:\xamppp\htdocs\the-final-boss\system\View\View.php(246): include('C:\\xamppp\\htdoc...')
#3 C:\xamppp\htdocs\the-final-boss\system\Common.php(1087): CodeIgniter\View\View->render('contenidos/arti...', Array, true)
#4 C:\xamppp\htdocs\the-final-boss\app\Controllers\Content.php(30): view('contenidos/arti...', Array)
#5 C:\xamppp\htdocs\the-final-boss\system\CodeIgniter.php(914): App\Controllers\Content->index()
#6 C:\xamppp\htdocs\the-final-boss\system\CodeIgniter.php(400): CodeIgniter\CodeIgniter->runController(Object(App\Controllers\Content))
#7 C:\xamppp\htdocs\the-final-boss\system\CodeIgniter.php(308): CodeIgniter\CodeIgniter->handleRequest(NULL, Object(Config\Cache), false)
#8 C:\xamppp\htdocs\the-final-boss\public\index.php(45): CodeIgniter\CodeIgniter->run()
#9 {main}
CRITICAL - 2020-06-24 00:09:55 --> Undefined variable: paginas
#0 C:\xamppp\htdocs\the-final-boss\app\Views\common\adminlte\header.php(37): CodeIgniter\Debug\Exceptions->errorHandler(8, 'Undefined varia...', 'C:\\xamppp\\htdoc...', 37, Array)
#1 C:\xamppp\htdocs\the-final-boss\system\View\View.php(246): include('C:\\xamppp\\htdoc...')
#2 C:\xamppp\htdocs\the-final-boss\system\Common.php(1087): CodeIgniter\View\View->render('common/adminlte...', Array, true)
#3 C:\xamppp\htdocs\the-final-boss\app\Views\UserViews\lista.php(1): view('common/adminlte...')
#4 C:\xamppp\htdocs\the-final-boss\system\View\View.php(246): include('C:\\xamppp\\htdoc...')
#5 C:\xamppp\htdocs\the-final-boss\system\Common.php(1087): CodeIgniter\View\View->render('UserViews/lista', Array, true)
#6 C:\xamppp\htdocs\the-final-boss\app\Controllers\UserController.php(119): view('UserViews/lista', Array)
#7 C:\xamppp\htdocs\the-final-boss\system\CodeIgniter.php(914): App\Controllers\UserController->listar()
#8 C:\xamppp\htdocs\the-final-boss\system\CodeIgniter.php(400): CodeIgniter\CodeIgniter->runController(Object(App\Controllers\UserController))
#9 C:\xamppp\htdocs\the-final-boss\system\CodeIgniter.php(308): CodeIgniter\CodeIgniter->handleRequest(NULL, Object(Config\Cache), false)
#10 C:\xamppp\htdocs\the-final-boss\public\index.php(45): CodeIgniter\CodeIgniter->run()
#11 {main}
CRITICAL - 2020-06-24 00:12:07 --> Undefined variable: pagina
#0 C:\xamppp\htdocs\the-final-boss\app\Controllers\UserController.php(120): CodeIgniter\Debug\Exceptions->errorHandler(8, 'Undefined varia...', 'C:\\xamppp\\htdoc...', 120, Array)
#1 C:\xamppp\htdocs\the-final-boss\system\CodeIgniter.php(914): App\Controllers\UserController->listar()
#2 C:\xamppp\htdocs\the-final-boss\system\CodeIgniter.php(400): CodeIgniter\CodeIgniter->runController(Object(App\Controllers\UserController))
#3 C:\xamppp\htdocs\the-final-boss\system\CodeIgniter.php(308): CodeIgniter\CodeIgniter->handleRequest(NULL, Object(Config\Cache), false)
#4 C:\xamppp\htdocs\the-final-boss\public\index.php(45): CodeIgniter\CodeIgniter->run()
#5 {main}
CRITICAL - 2020-06-24 00:21:02 --> Undefined index: titulo
#0 C:\xamppp\htdocs\the-final-boss\app\Views\common\adminlte\header.php(39): CodeIgniter\Debug\Exceptions->errorHandler(8, 'Undefined index...', 'C:\\xamppp\\htdoc...', 39, Array)
#1 C:\xamppp\htdocs\the-final-boss\system\View\View.php(246): include('C:\\xamppp\\htdoc...')
#2 C:\xamppp\htdocs\the-final-boss\system\Common.php(1087): CodeIgniter\View\View->render('common/adminlte...', Array, true)
#3 C:\xamppp\htdocs\the-final-boss\app\Views\UserViews\lista.php(1): view('common/adminlte...')
#4 C:\xamppp\htdocs\the-final-boss\system\View\View.php(246): include('C:\\xamppp\\htdoc...')
#5 C:\xamppp\htdocs\the-final-boss\system\Common.php(1087): CodeIgniter\View\View->render('UserViews/lista', Array, true)
#6 C:\xamppp\htdocs\the-final-boss\app\Controllers\UserController.php(122): view('UserViews/lista', Array)
#7 C:\xamppp\htdocs\the-final-boss\system\CodeIgniter.php(914): App\Controllers\UserController->listar()
#8 C:\xamppp\htdocs\the-final-boss\system\CodeIgniter.php(400): CodeIgniter\CodeIgniter->runController(Object(App\Controllers\UserController))
#9 C:\xamppp\htdocs\the-final-boss\system\CodeIgniter.php(308): CodeIgniter\CodeIgniter->handleRequest(NULL, Object(Config\Cache), false)
#10 C:\xamppp\htdocs\the-final-boss\public\index.php(45): CodeIgniter\CodeIgniter->run()
#11 {main}
CRITICAL - 2020-06-24 00:22:20 --> Undefined index: titulo
#0 C:\xamppp\htdocs\the-final-boss\app\Views\common\adminlte\header.php(39): CodeIgniter\Debug\Exceptions->errorHandler(8, 'Undefined index...', 'C:\\xamppp\\htdoc...', 39, Array)
#1 C:\xamppp\htdocs\the-final-boss\system\View\View.php(246): include('C:\\xamppp\\htdoc...')
#2 C:\xamppp\htdocs\the-final-boss\system\Common.php(1087): CodeIgniter\View\View->render('common/adminlte...', Array, true)
#3 C:\xamppp\htdocs\the-final-boss\app\Views\UserViews\lista.php(1): view('common/adminlte...')
#4 C:\xamppp\htdocs\the-final-boss\system\View\View.php(246): include('C:\\xamppp\\htdoc...')
#5 C:\xamppp\htdocs\the-final-boss\system\Common.php(1087): CodeIgniter\View\View->render('UserViews/lista', Array, true)
#6 C:\xamppp\htdocs\the-final-boss\app\Controllers\UserController.php(122): view('UserViews/lista', Array)
#7 C:\xamppp\htdocs\the-final-boss\system\CodeIgniter.php(914): App\Controllers\UserController->listar()
#8 C:\xamppp\htdocs\the-final-boss\system\CodeIgniter.php(400): CodeIgniter\CodeIgniter->runController(Object(App\Controllers\UserController))
#9 C:\xamppp\htdocs\the-final-boss\system\CodeIgniter.php(308): CodeIgniter\CodeIgniter->handleRequest(NULL, Object(Config\Cache), false)
#10 C:\xamppp\htdocs\the-final-boss\public\index.php(45): CodeIgniter\CodeIgniter->run()
#11 {main}
CRITICAL - 2020-06-24 00:46:03 --> syntax error, unexpected '"', expecting '-' or identifier (T_STRING) or variable (T_VARIABLE) or number (T_NUM_STRING)
#0 C:\xamppp\htdocs\the-final-boss\system\Common.php(1087): CodeIgniter\View\View->render('common/adminlte...', Array, true)
#1 C:\xamppp\htdocs\the-final-boss\app\Views\contenidos\articulos\showArticles.php(2): view('common/adminlte...')
#2 C:\xamppp\htdocs\the-final-boss\system\View\View.php(246): include('C:\\xamppp\\htdoc...')
#3 C:\xamppp\htdocs\the-final-boss\system\Common.php(1087): CodeIgniter\View\View->render('contenidos/arti...', Array, true)
#4 C:\xamppp\htdocs\the-final-boss\app\Controllers\Content.php(30): view('contenidos/arti...', Array)
#5 C:\xamppp\htdocs\the-final-boss\system\CodeIgniter.php(914): App\Controllers\Content->index()
#6 C:\xamppp\htdocs\the-final-boss\system\CodeIgniter.php(400): CodeIgniter\CodeIgniter->runController(Object(App\Controllers\Content))
#7 C:\xamppp\htdocs\the-final-boss\system\CodeIgniter.php(308): CodeIgniter\CodeIgniter->handleRequest(NULL, Object(Config\Cache), false)
#8 C:\xamppp\htdocs\the-final-boss\public\index.php(45): CodeIgniter\CodeIgniter->run()
#9 {main}
CRITICAL - 2020-06-24 00:46:39 --> syntax error, unexpected '<', expecting end of file
#0 C:\xamppp\htdocs\the-final-boss\system\Common.php(1087): CodeIgniter\View\View->render('common/adminlte...', Array, true)
#1 C:\xamppp\htdocs\the-final-boss\app\Views\contenidos\articulos\showArticles.php(2): view('common/adminlte...')
#2 C:\xamppp\htdocs\the-final-boss\system\View\View.php(246): include('C:\\xamppp\\htdoc...')
#3 C:\xamppp\htdocs\the-final-boss\system\Common.php(1087): CodeIgniter\View\View->render('contenidos/arti...', Array, true)
#4 C:\xamppp\htdocs\the-final-boss\app\Controllers\Content.php(30): view('contenidos/arti...', Array)
#5 C:\xamppp\htdocs\the-final-boss\system\CodeIgniter.php(914): App\Controllers\Content->index()
#6 C:\xamppp\htdocs\the-final-boss\system\CodeIgniter.php(400): CodeIgniter\CodeIgniter->runController(Object(App\Controllers\Content))
#7 C:\xamppp\htdocs\the-final-boss\system\CodeIgniter.php(308): CodeIgniter\CodeIgniter->handleRequest(NULL, Object(Config\Cache), false)
#8 C:\xamppp\htdocs\the-final-boss\public\index.php(45): CodeIgniter\CodeIgniter->run()
#9 {main}
CRITICAL - 2020-06-24 00:50:18 --> Undefined variable: paginas
#0 C:\xamppp\htdocs\the-final-boss\app\Views\common\adminlte\header.php(37): CodeIgniter\Debug\Exceptions->errorHandler(8, 'Undefined varia...', 'C:\\xamppp\\htdoc...', 37, Array)
#1 C:\xamppp\htdocs\the-final-boss\system\View\View.php(246): include('C:\\xamppp\\htdoc...')
#2 C:\xamppp\htdocs\the-final-boss\system\Common.php(1087): CodeIgniter\View\View->render('common/adminlte...', Array, true)
#3 C:\xamppp\htdocs\the-final-boss\app\Views\UserViews\Registro.php(3): view('common/adminlte...', Array)
#4 C:\xamppp\htdocs\the-final-boss\system\View\View.php(246): include('C:\\xamppp\\htdoc...')
#5 C:\xamppp\htdocs\the-final-boss\system\Common.php(1087): CodeIgniter\View\View->render('UserViews/Regis...', Array, true)
#6 C:\xamppp\htdocs\the-final-boss\app\Controllers\UserController.php(110): view('UserViews/Regis...', Array)
#7 C:\xamppp\htdocs\the-final-boss\system\CodeIgniter.php(914): App\Controllers\UserController->registro()
#8 C:\xamppp\htdocs\the-final-boss\system\CodeIgniter.php(400): CodeIgniter\CodeIgniter->runController(Object(App\Controllers\UserController))
#9 C:\xamppp\htdocs\the-final-boss\system\CodeIgniter.php(308): CodeIgniter\CodeIgniter->handleRequest(NULL, Object(Config\Cache), false)
#10 C:\xamppp\htdocs\the-final-boss\public\index.php(45): CodeIgniter\CodeIgniter->run()
#11 {main}
CRITICAL - 2020-06-24 00:50:40 --> Undefined variable: paginas
#0 C:\xamppp\htdocs\the-final-boss\app\Views\common\adminlte\header.php(37): CodeIgniter\Debug\Exceptions->errorHandler(8, 'Undefined varia...', 'C:\\xamppp\\htdoc...', 37, Array)
#1 C:\xamppp\htdocs\the-final-boss\system\View\View.php(246): include('C:\\xamppp\\htdoc...')
#2 C:\xamppp\htdocs\the-final-boss\system\Common.php(1087): CodeIgniter\View\View->render('common/adminlte...', Array, true)
#3 C:\xamppp\htdocs\the-final-boss\app\Views\UserViews\Registro.php(3): view('common/adminlte...', Array)
#4 C:\xamppp\htdocs\the-final-boss\system\View\View.php(246): include('C:\\xamppp\\htdoc...')
#5 C:\xamppp\htdocs\the-final-boss\system\Common.php(1087): CodeIgniter\View\View->render('UserViews/Regis...', Array, true)
#6 C:\xamppp\htdocs\the-final-boss\app\Controllers\UserController.php(110): view('UserViews/Regis...', Array)
#7 C:\xamppp\htdocs\the-final-boss\system\CodeIgniter.php(914): App\Controllers\UserController->registro()
#8 C:\xamppp\htdocs\the-final-boss\system\CodeIgniter.php(400): CodeIgniter\CodeIgniter->runController(Object(App\Controllers\UserController))
#9 C:\xamppp\htdocs\the-final-boss\system\CodeIgniter.php(308): CodeIgniter\CodeIgniter->handleRequest(NULL, Object(Config\Cache), false)
#10 C:\xamppp\htdocs\the-final-boss\public\index.php(45): CodeIgniter\CodeIgniter->run()
#11 {main}
CRITICAL - 2020-06-24 00:51:58 --> Undefined variable: listarPage
#0 C:\xamppp\htdocs\the-final-boss\app\Controllers\UserController.php(114): CodeIgniter\Debug\Exceptions->errorHandler(8, 'Undefined varia...', 'C:\\xamppp\\htdoc...', 114, Array)
#1 C:\xamppp\htdocs\the-final-boss\system\CodeIgniter.php(914): App\Controllers\UserController->registro()
#2 C:\xamppp\htdocs\the-final-boss\system\CodeIgniter.php(400): CodeIgniter\CodeIgniter->runController(Object(App\Controllers\UserController))
#3 C:\xamppp\htdocs\the-final-boss\system\CodeIgniter.php(308): CodeIgniter\CodeIgniter->handleRequest(NULL, Object(Config\Cache), false)
#4 C:\xamppp\htdocs\the-final-boss\public\index.php(45): CodeIgniter\CodeIgniter->run()
#5 {main}
CRITICAL - 2020-06-24 00:53:02 --> Undefined variable: listarPage
#0 C:\xamppp\htdocs\the-final-boss\app\Controllers\UserController.php(115): CodeIgniter\Debug\Exceptions->errorHandler(8, 'Undefined varia...', 'C:\\xamppp\\htdoc...', 115, Array)
#1 C:\xamppp\htdocs\the-final-boss\system\CodeIgniter.php(914): App\Controllers\UserController->registro()
#2 C:\xamppp\htdocs\the-final-boss\system\CodeIgniter.php(400): CodeIgniter\CodeIgniter->runController(Object(App\Controllers\UserController))
#3 C:\xamppp\htdocs\the-final-boss\system\CodeIgniter.php(308): CodeIgniter\CodeIgniter->handleRequest(NULL, Object(Config\Cache), false)
#4 C:\xamppp\htdocs\the-final-boss\public\index.php(45): CodeIgniter\CodeIgniter->run()
#5 {main}
CRITICAL - 2020-06-24 00:53:28 --> Undefined variable: listarPage
#0 C:\xamppp\htdocs\the-final-boss\app\Controllers\UserController.php(115): CodeIgniter\Debug\Exceptions->errorHandler(8, 'Undefined varia...', 'C:\\xamppp\\htdoc...', 115, Array)
#1 C:\xamppp\htdocs\the-final-boss\system\CodeIgniter.php(914): App\Controllers\UserController->registro()
#2 C:\xamppp\htdocs\the-final-boss\system\CodeIgniter.php(400): CodeIgniter\CodeIgniter->runController(Object(App\Controllers\UserController))
#3 C:\xamppp\htdocs\the-final-boss\system\CodeIgniter.php(308): CodeIgniter\CodeIgniter->handleRequest(NULL, Object(Config\Cache), false)
#4 C:\xamppp\htdocs\the-final-boss\public\index.php(45): CodeIgniter\CodeIgniter->run()
#5 {main}
CRITICAL - 2020-06-24 00:53:50 --> Undefined variable: paginas
#0 C:\xamppp\htdocs\the-final-boss\app\Views\common\adminlte\header.php(37): CodeIgniter\Debug\Exceptions->errorHandler(8, 'Undefined varia...', 'C:\\xamppp\\htdoc...', 37, Array)
#1 C:\xamppp\htdocs\the-final-boss\system\View\View.php(246): include('C:\\xamppp\\htdoc...')
#2 C:\xamppp\htdocs\the-final-boss\system\Common.php(1087): CodeIgniter\View\View->render('common/adminlte...', Array, true)
#3 C:\xamppp\htdocs\the-final-boss\app\Views\UserViews\Registro.php(3): view('common/adminlte...', Array)
#4 C:\xamppp\htdocs\the-final-boss\system\View\View.php(246): include('C:\\xamppp\\htdoc...')
#5 C:\xamppp\htdocs\the-final-boss\system\Common.php(1087): CodeIgniter\View\View->render('UserViews/Regis...', Array, true)
#6 C:\xamppp\htdocs\the-final-boss\app\Controllers\UserController.php(115): view('UserViews/Regis...', Array)
#7 C:\xamppp\htdocs\the-final-boss\system\CodeIgniter.php(914): App\Controllers\UserController->registro()
#8 C:\xamppp\htdocs\the-final-boss\system\CodeIgniter.php(400): CodeIgniter\CodeIgniter->runController(Object(App\Controllers\UserController))
#9 C:\xamppp\htdocs\the-final-boss\system\CodeIgniter.php(308): CodeIgniter\CodeIgniter->handleRequest(NULL, Object(Config\Cache), false)
#10 C:\xamppp\htdocs\the-final-boss\public\index.php(45): CodeIgniter\CodeIgniter->run()
#11 {main}
CRITICAL - 2020-06-24 00:55:00 --> Undefined variable: instancia_paginas
#0 C:\xamppp\htdocs\the-final-boss\app\Controllers\UserController.php(113): CodeIgniter\Debug\Exceptions->errorHandler(8, 'Undefined varia...', 'C:\\xamppp\\htdoc...', 113, Array)
#1 C:\xamppp\htdocs\the-final-boss\system\CodeIgniter.php(914): App\Controllers\UserController->registro()
#2 C:\xamppp\htdocs\the-final-boss\system\CodeIgniter.php(400): CodeIgniter\CodeIgniter->runController(Object(App\Controllers\UserController))
#3 C:\xamppp\htdocs\the-final-boss\system\CodeIgniter.php(308): CodeIgniter\CodeIgniter->handleRequest(NULL, Object(Config\Cache), false)
#4 C:\xamppp\htdocs\the-final-boss\public\index.php(45): CodeIgniter\CodeIgniter->run()
#5 {main}
CRITICAL - 2020-06-24 00:55:31 --> Undefined variable: listarPage
#0 C:\xamppp\htdocs\the-final-boss\app\Controllers\UserController.php(116): CodeIgniter\Debug\Exceptions->errorHandler(8, 'Undefined varia...', 'C:\\xamppp\\htdoc...', 116, Array)
#1 C:\xamppp\htdocs\the-final-boss\system\CodeIgniter.php(914): App\Controllers\UserController->registro()
#2 C:\xamppp\htdocs\the-final-boss\system\CodeIgniter.php(400): CodeIgniter\CodeIgniter->runController(Object(App\Controllers\UserController))
#3 C:\xamppp\htdocs\the-final-boss\system\CodeIgniter.php(308): CodeIgniter\CodeIgniter->handleRequest(NULL, Object(Config\Cache), false)
#4 C:\xamppp\htdocs\the-final-boss\public\index.php(45): CodeIgniter\CodeIgniter->run()
#5 {main}
CRITICAL - 2020-06-24 00:55:42 --> Undefined variable: listarPage
#0 C:\xamppp\htdocs\the-final-boss\app\Controllers\UserController.php(116): CodeIgniter\Debug\Exceptions->errorHandler(8, 'Undefined varia...', 'C:\\xamppp\\htdoc...', 116, Array)
#1 C:\xamppp\htdocs\the-final-boss\system\CodeIgniter.php(914): App\Controllers\UserController->registro()
#2 C:\xamppp\htdocs\the-final-boss\system\CodeIgniter.php(400): CodeIgniter\CodeIgniter->runController(Object(App\Controllers\UserController))
#3 C:\xamppp\htdocs\the-final-boss\system\CodeIgniter.php(308): CodeIgniter\CodeIgniter->handleRequest(NULL, Object(Config\Cache), false)
#4 C:\xamppp\htdocs\the-final-boss\public\index.php(45): CodeIgniter\CodeIgniter->run()
#5 {main}
CRITICAL - 2020-06-24 00:55:57 --> Undefined variable: listarPage
#0 C:\xamppp\htdocs\the-final-boss\app\Controllers\UserController.php(116): CodeIgniter\Debug\Exceptions->errorHandler(8, 'Undefined varia...', 'C:\\xamppp\\htdoc...', 116, Array)
#1 C:\xamppp\htdocs\the-final-boss\system\CodeIgniter.php(914): App\Controllers\UserController->registro()
#2 C:\xamppp\htdocs\the-final-boss\system\CodeIgniter.php(400): CodeIgniter\CodeIgniter->runController(Object(App\Controllers\UserController))
#3 C:\xamppp\htdocs\the-final-boss\system\CodeIgniter.php(308): CodeIgniter\CodeIgniter->handleRequest(NULL, Object(Config\Cache), false)
#4 C:\xamppp\htdocs\the-final-boss\public\index.php(45): CodeIgniter\CodeIgniter->run()
#5 {main}
CRITICAL - 2020-06-24 00:57:50 --> Undefined variable: paginas
#0 C:\xamppp\htdocs\the-final-boss\app\Views\common\adminlte\header.php(37): CodeIgniter\Debug\Exceptions->errorHandler(8, 'Undefined varia...', 'C:\\xamppp\\htdoc...', 37, Array)
#1 C:\xamppp\htdocs\the-final-boss\system\View\View.php(246): include('C:\\xamppp\\htdoc...')
#2 C:\xamppp\htdocs\the-final-boss\system\Common.php(1087): CodeIgniter\View\View->render('common/adminlte...', Array, true)
#3 C:\xamppp\htdocs\the-final-boss\app\Views\contenidos\comentarios\showListOfComments.php(2): view('common/adminlte...', Array)
#4 C:\xamppp\htdocs\the-final-boss\system\View\View.php(246): include('C:\\xamppp\\htdoc...')
#5 C:\xamppp\htdocs\the-final-boss\system\Common.php(1087): CodeIgniter\View\View->render('contenidos/come...', Array, true)
#6 C:\xamppp\htdocs\the-final-boss\app\Controllers\Content.php(209): view('contenidos/come...', Array)
#7 C:\xamppp\htdocs\the-final-boss\system\CodeIgniter.php(914): App\Controllers\Content->vercomentarios()
#8 C:\xamppp\htdocs\the-final-boss\system\CodeIgniter.php(400): CodeIgniter\CodeIgniter->runController(Object(App\Controllers\Content))
#9 C:\xamppp\htdocs\the-final-boss\system\CodeIgniter.php(308): CodeIgniter\CodeIgniter->handleRequest(NULL, Object(Config\Cache), false)
#10 C:\xamppp\htdocs\the-final-boss\public\index.php(45): CodeIgniter\CodeIgniter->run()
#11 {main}
CRITICAL - 2020-06-24 01:58:14 --> syntax error, unexpected '<', expecting end of file
#0 C:\xamppp\htdocs\the-final-boss\system\Common.php(1087): CodeIgniter\View\View->render('common/adminlte...', Array, true)
#1 C:\xamppp\htdocs\the-final-boss\app\Views\UserViews\Login.php(3): view('common/adminlte...', Array)
#2 C:\xamppp\htdocs\the-final-boss\system\View\View.php(246): include('C:\\xamppp\\htdoc...')
#3 C:\xamppp\htdocs\the-final-boss\system\Common.php(1087): CodeIgniter\View\View->render('UserViews/login', Array, true)
#4 C:\xamppp\htdocs\the-final-boss\app\Controllers\UserController.php(57): view('UserViews/login', Array)
#5 C:\xamppp\htdocs\the-final-boss\system\CodeIgniter.php(914): App\Controllers\UserController->login()
#6 C:\xamppp\htdocs\the-final-boss\system\CodeIgniter.php(400): CodeIgniter\CodeIgniter->runController(Object(App\Controllers\UserController))
#7 C:\xamppp\htdocs\the-final-boss\system\CodeIgniter.php(308): CodeIgniter\CodeIgniter->handleRequest(NULL, Object(Config\Cache), false)
#8 C:\xamppp\htdocs\the-final-boss\public\index.php(45): CodeIgniter\CodeIgniter->run()
#9 {main}
CRITICAL - 2020-06-24 02:05:14 --> syntax error, unexpected '}', expecting end of file
#0 C:\xamppp\htdocs\the-final-boss\system\Common.php(1087): CodeIgniter\View\View->render('common/adminlte...', Array, true)
#1 C:\xamppp\htdocs\the-final-boss\app\Views\UserViews\Login.php(3): view('common/adminlte...', Array)
#2 C:\xamppp\htdocs\the-final-boss\system\View\View.php(246): include('C:\\xamppp\\htdoc...')
#3 C:\xamppp\htdocs\the-final-boss\system\Common.php(1087): CodeIgniter\View\View->render('UserViews/login', Array, true)
#4 C:\xamppp\htdocs\the-final-boss\app\Controllers\UserController.php(57): view('UserViews/login', Array)
#5 C:\xamppp\htdocs\the-final-boss\system\CodeIgniter.php(914): App\Controllers\UserController->login()
#6 C:\xamppp\htdocs\the-final-boss\system\CodeIgniter.php(400): CodeIgniter\CodeIgniter->runController(Object(App\Controllers\UserController))
#7 C:\xamppp\htdocs\the-final-boss\system\CodeIgniter.php(308): CodeIgniter\CodeIgniter->handleRequest(NULL, Object(Config\Cache), false)
#8 C:\xamppp\htdocs\the-final-boss\public\index.php(45): CodeIgniter\CodeIgniter->run()
#9 {main}
CRITICAL - 2020-06-24 02:05:31 --> syntax error, unexpected '}', expecting end of file
#0 C:\xamppp\htdocs\the-final-boss\system\Common.php(1087): CodeIgniter\View\View->render('common/adminlte...', Array, true)
#1 C:\xamppp\htdocs\the-final-boss\app\Views\UserViews\Login.php(3): view('common/adminlte...', Array)
#2 C:\xamppp\htdocs\the-final-boss\system\View\View.php(246): include('C:\\xamppp\\htdoc...')
#3 C:\xamppp\htdocs\the-final-boss\system\Common.php(1087): CodeIgniter\View\View->render('UserViews/login', Array, true)
#4 C:\xamppp\htdocs\the-final-boss\app\Controllers\UserController.php(57): view('UserViews/login', Array)
#5 C:\xamppp\htdocs\the-final-boss\system\CodeIgniter.php(914): App\Controllers\UserController->login()
#6 C:\xamppp\htdocs\the-final-boss\system\CodeIgniter.php(400): CodeIgniter\CodeIgniter->runController(Object(App\Controllers\UserController))
#7 C:\xamppp\htdocs\the-final-boss\system\CodeIgniter.php(308): CodeIgniter\CodeIgniter->handleRequest(NULL, Object(Config\Cache), false)
#8 C:\xamppp\htdocs\the-final-boss\public\index.php(45): CodeIgniter\CodeIgniter->run()
#9 {main}
CRITICAL - 2020-06-24 02:08:15 --> Trying to access array offset on value of type null
#0 C:\xamppp\htdocs\the-final-boss\app\Controllers\UserController.php(34): CodeIgniter\Debug\Exceptions->errorHandler(8, 'Trying to acces...', 'C:\\xamppp\\htdoc...', 34, Array)
#1 C:\xamppp\htdocs\the-final-boss\system\CodeIgniter.php(914): App\Controllers\UserController->login()
#2 C:\xamppp\htdocs\the-final-boss\system\CodeIgniter.php(400): CodeIgniter\CodeIgniter->runController(Object(App\Controllers\UserController))
#3 C:\xamppp\htdocs\the-final-boss\system\CodeIgniter.php(308): CodeIgniter\CodeIgniter->handleRequest(NULL, Object(Config\Cache), false)
#4 C:\xamppp\htdocs\the-final-boss\public\index.php(45): CodeIgniter\CodeIgniter->run()
#5 {main}
CRITICAL - 2020-06-24 02:11:21 --> Trying to access array offset on value of type null
#0 C:\xamppp\htdocs\the-final-boss\app\Controllers\UserController.php(34): CodeIgniter\Debug\Exceptions->errorHandler(8, 'Trying to acces...', 'C:\\xamppp\\htdoc...', 34, Array)
#1 C:\xamppp\htdocs\the-final-boss\system\CodeIgniter.php(914): App\Controllers\UserController->login()
#2 C:\xamppp\htdocs\the-final-boss\system\CodeIgniter.php(400): CodeIgniter\CodeIgniter->runController(Object(App\Controllers\UserController))
#3 C:\xamppp\htdocs\the-final-boss\system\CodeIgniter.php(308): CodeIgniter\CodeIgniter->handleRequest(NULL, Object(Config\Cache), false)
#4 C:\xamppp\htdocs\the-final-boss\public\index.php(45): CodeIgniter\CodeIgniter->run()
#5 {main}
CRITICAL - 2020-06-24 02:12:23 --> Trying to access array offset on value of type null
#0 C:\xamppp\htdocs\the-final-boss\app\Controllers\UserController.php(34): CodeIgniter\Debug\Exceptions->errorHandler(8, 'Trying to acces...', 'C:\\xamppp\\htdoc...', 34, Array)
#1 C:\xamppp\htdocs\the-final-boss\system\CodeIgniter.php(914): App\Controllers\UserController->login()
#2 C:\xamppp\htdocs\the-final-boss\system\CodeIgniter.php(400): CodeIgniter\CodeIgniter->runController(Object(App\Controllers\UserController))
#3 C:\xamppp\htdocs\the-final-boss\system\CodeIgniter.php(308): CodeIgniter\CodeIgniter->handleRequest(NULL, Object(Config\Cache), false)
#4 C:\xamppp\htdocs\the-final-boss\public\index.php(45): CodeIgniter\CodeIgniter->run()
#5 {main}
CRITICAL - 2020-06-24 02:12:48 --> Trying to access array offset on value of type null
#0 C:\xamppp\htdocs\the-final-boss\app\Controllers\UserController.php(34): CodeIgniter\Debug\Exceptions->errorHandler(8, 'Trying to acces...', 'C:\\xamppp\\htdoc...', 34, Array)
#1 C:\xamppp\htdocs\the-final-boss\system\CodeIgniter.php(914): App\Controllers\UserController->login()
#2 C:\xamppp\htdocs\the-final-boss\system\CodeIgniter.php(400): CodeIgniter\CodeIgniter->runController(Object(App\Controllers\UserController))
#3 C:\xamppp\htdocs\the-final-boss\system\CodeIgniter.php(308): CodeIgniter\CodeIgniter->handleRequest(NULL, Object(Config\Cache), false)
#4 C:\xamppp\htdocs\the-final-boss\public\index.php(45): CodeIgniter\CodeIgniter->run()
#5 {main}
CRITICAL - 2020-06-24 02:14:06 --> Trying to access array offset on value of type null
#0 C:\xamppp\htdocs\the-final-boss\app\Controllers\UserController.php(33): CodeIgniter\Debug\Exceptions->errorHandler(8, 'Trying to acces...', 'C:\\xamppp\\htdoc...', 33, Array)
#1 C:\xamppp\htdocs\the-final-boss\system\CodeIgniter.php(914): App\Controllers\UserController->login()
#2 C:\xamppp\htdocs\the-final-boss\system\CodeIgniter.php(400): CodeIgniter\CodeIgniter->runController(Object(App\Controllers\UserController))
#3 C:\xamppp\htdocs\the-final-boss\system\CodeIgniter.php(308): CodeIgniter\CodeIgniter->handleRequest(NULL, Object(Config\Cache), false)
#4 C:\xamppp\htdocs\the-final-boss\public\index.php(45): CodeIgniter\CodeIgniter->run()
#5 {main}
CRITICAL - 2020-06-24 02:14:28 --> Trying to access array offset on value of type null
#0 C:\xamppp\htdocs\the-final-boss\app\Controllers\UserController.php(33): CodeIgniter\Debug\Exceptions->errorHandler(8, 'Trying to acces...', 'C:\\xamppp\\htdoc...', 33, Array)
#1 C:\xamppp\htdocs\the-final-boss\system\CodeIgniter.php(914): App\Controllers\UserController->login()
#2 C:\xamppp\htdocs\the-final-boss\system\CodeIgniter.php(400): CodeIgniter\CodeIgniter->runController(Object(App\Controllers\UserController))
#3 C:\xamppp\htdocs\the-final-boss\system\CodeIgniter.php(308): CodeIgniter\CodeIgniter->handleRequest(NULL, Object(Config\Cache), false)
#4 C:\xamppp\htdocs\the-final-boss\public\index.php(45): CodeIgniter\CodeIgniter->run()
#5 {main}
CRITICAL - 2020-06-24 02:17:24 --> Trying to access array offset on value of type null
#0 C:\xamppp\htdocs\the-final-boss\app\Controllers\UserController.php(32): CodeIgniter\Debug\Exceptions->errorHandler(8, 'Trying to acces...', 'C:\\xamppp\\htdoc...', 32, Array)
#1 C:\xamppp\htdocs\the-final-boss\system\CodeIgniter.php(914): App\Controllers\UserController->login()
#2 C:\xamppp\htdocs\the-final-boss\system\CodeIgniter.php(400): CodeIgniter\CodeIgniter->runController(Object(App\Controllers\UserController))
#3 C:\xamppp\htdocs\the-final-boss\system\CodeIgniter.php(308): CodeIgniter\CodeIgniter->handleRequest(NULL, Object(Config\Cache), false)
#4 C:\xamppp\htdocs\the-final-boss\public\index.php(45): CodeIgniter\CodeIgniter->run()
#5 {main}
CRITICAL - 2020-06-24 08:31:29 --> Undefined variable: paginas
#0 C:\Users\ahft_\Documents\Tareas\Universidad\UDABOL\Investigacion Operativa\XAMPP\htdocs\the-final-boss\app\Views\common\basicheader.php(39): CodeIgniter\Debug\Exceptions->errorHandler(8, 'Undefined varia...', 'C:\\Users\\ahft_\\...', 39, Array)
#1 C:\Users\ahft_\Documents\Tareas\Universidad\UDABOL\Investigacion Operativa\XAMPP\htdocs\the-final-boss\system\View\View.php(246): include('C:\\Users\\ahft_\\...')
#2 C:\Users\ahft_\Documents\Tareas\Universidad\UDABOL\Investigacion Operativa\XAMPP\htdocs\the-final-boss\system\Common.php(1087): CodeIgniter\View\View->render('common/basichea...', Array, true)
#3 C:\Users\ahft_\Documents\Tareas\Universidad\UDABOL\Investigacion Operativa\XAMPP\htdocs\the-final-boss\app\Views\contenidos\articulos\showListOfArticles.php(2): view('common/basichea...', Array)
#4 C:\Users\ahft_\Documents\Tareas\Universidad\UDABOL\Investigacion Operativa\XAMPP\htdocs\the-final-boss\system\View\View.php(246): include('C:\\Users\\ahft_\\...')
#5 C:\Users\ahft_\Documents\Tareas\Universidad\UDABOL\Investigacion Operativa\XAMPP\htdocs\the-final-boss\system\Common.php(1087): CodeIgniter\View\View->render('contenidos/arti...', Array, true)
#6 C:\Users\ahft_\Documents\Tareas\Universidad\UDABOL\Investigacion Operativa\XAMPP\htdocs\the-final-boss\app\Controllers\Content.php(147): view('contenidos/arti...', Array)
#7 C:\Users\ahft_\Documents\Tareas\Universidad\UDABOL\Investigacion Operativa\XAMPP\htdocs\the-final-boss\system\CodeIgniter.php(914): App\Controllers\Content->verarticulos()
#8 C:\Users\ahft_\Documents\Tareas\Universidad\UDABOL\Investigacion Operativa\XAMPP\htdocs\the-final-boss\system\CodeIgniter.php(400): CodeIgniter\CodeIgniter->runController(Object(App\Controllers\Content))
#9 C:\Users\ahft_\Documents\Tareas\Universidad\UDABOL\Investigacion Operativa\XAMPP\htdocs\the-final-boss\system\CodeIgniter.php(308): CodeIgniter\CodeIgniter->handleRequest(NULL, Object(Config\Cache), false)
#10 C:\Users\ahft_\Documents\Tareas\Universidad\UDABOL\Investigacion Operativa\XAMPP\htdocs\the-final-boss\public\index.php(45): CodeIgniter\CodeIgniter->run()
#11 {main}
CRITICAL - 2020-06-24 08:35:51 --> Undefined variable: paginas
#0 C:\Users\ahft_\Documents\Tareas\Universidad\UDABOL\Investigacion Operativa\XAMPP\htdocs\the-final-boss\app\Views\common\basicheader.php(39): CodeIgniter\Debug\Exceptions->errorHandler(8, 'Undefined varia...', 'C:\\Users\\ahft_\\...', 39, Array)
#1 C:\Users\ahft_\Documents\Tareas\Universidad\UDABOL\Investigacion Operativa\XAMPP\htdocs\the-final-boss\system\View\View.php(246): include('C:\\Users\\ahft_\\...')
#2 C:\Users\ahft_\Documents\Tareas\Universidad\UDABOL\Investigacion Operativa\XAMPP\htdocs\the-final-boss\system\Common.php(1087): CodeIgniter\View\View->render('common/basichea...', Array, true)
#3 C:\Users\ahft_\Documents\Tareas\Universidad\UDABOL\Investigacion Operativa\XAMPP\htdocs\the-final-boss\app\Views\contenidos\paginas\showListOfPages.php(2): view('common/basichea...', Array)
#4 C:\Users\ahft_\Documents\Tareas\Universidad\UDABOL\Investigacion Operativa\XAMPP\htdocs\the-final-boss\system\View\View.php(246): include('C:\\Users\\ahft_\\...')
#5 C:\Users\ahft_\Documents\Tareas\Universidad\UDABOL\Investigacion Operativa\XAMPP\htdocs\the-final-boss\system\Common.php(1087): CodeIgniter\View\View->render('contenidos/pagi...', Array, true)
#6 C:\Users\ahft_\Documents\Tareas\Universidad\UDABOL\Investigacion Operativa\XAMPP\htdocs\the-final-boss\app\Controllers\Content.php(198): view('contenidos/pagi...', Array)
#7 C:\Users\ahft_\Documents\Tareas\Universidad\UDABOL\Investigacion Operativa\XAMPP\htdocs\the-final-boss\system\CodeIgniter.php(914): App\Controllers\Content->verpaginas()
#8 C:\Users\ahft_\Documents\Tareas\Universidad\UDABOL\Investigacion Operativa\XAMPP\htdocs\the-final-boss\system\CodeIgniter.php(400): CodeIgniter\CodeIgniter->runController(Object(App\Controllers\Content))
#9 C:\Users\ahft_\Documents\Tareas\Universidad\UDABOL\Investigacion Operativa\XAMPP\htdocs\the-final-boss\system\CodeIgniter.php(308): CodeIgniter\CodeIgniter->handleRequest(NULL, Object(Config\Cache), false)
#10 C:\Users\ahft_\Documents\Tareas\Universidad\UDABOL\Investigacion Operativa\XAMPP\htdocs\the-final-boss\public\index.php(45): CodeIgniter\CodeIgniter->run()
#11 {main}
CRITICAL - 2020-06-24 08:37:12 --> Undefined variable: paginas
#0 C:\Users\ahft_\Documents\Tareas\Universidad\UDABOL\Investigacion Operativa\XAMPP\htdocs\the-final-boss\app\Views\common\basicheader.php(39): CodeIgniter\Debug\Exceptions->errorHandler(8, 'Undefined varia...', 'C:\\Users\\ahft_\\...', 39, Array)
#1 C:\Users\ahft_\Documents\Tareas\Universidad\UDABOL\Investigacion Operativa\XAMPP\htdocs\the-final-boss\system\View\View.php(246): include('C:\\Users\\ahft_\\...')
#2 C:\Users\ahft_\Documents\Tareas\Universidad\UDABOL\Investigacion Operativa\XAMPP\htdocs\the-final-boss\system\Common.php(1087): CodeIgniter\View\View->render('common/basichea...', Array, true)
#3 C:\Users\ahft_\Documents\Tareas\Universidad\UDABOL\Investigacion Operativa\XAMPP\htdocs\the-final-boss\app\Views\UserViews\backend.php(3): view('common/basichea...', Array)
#4 C:\Users\ahft_\Documents\Tareas\Universidad\UDABOL\Investigacion Operativa\XAMPP\htdocs\the-final-boss\system\View\View.php(246): include('C:\\Users\\ahft_\\...')
#5 C:\Users\ahft_\Documents\Tareas\Universidad\UDABOL\Investigacion Operativa\XAMPP\htdocs\the-final-boss\system\Common.php(1087): CodeIgniter\View\View->render('UserViews/backe...', Array, true)
#6 C:\Users\ahft_\Documents\Tareas\Universidad\UDABOL\Investigacion Operativa\XAMPP\htdocs\the-final-boss\app\Controllers\UserController.php(71): view('UserViews/backe...')
#7 C:\Users\ahft_\Documents\Tareas\Universidad\UDABOL\Investigacion Operativa\XAMPP\htdocs\the-final-boss\system\CodeIgniter.php(914): App\Controllers\UserController->backend()
#8 C:\Users\ahft_\Documents\Tareas\Universidad\UDABOL\Investigacion Operativa\XAMPP\htdocs\the-final-boss\system\CodeIgniter.php(400): CodeIgniter\CodeIgniter->runController(Object(App\Controllers\UserController))
#9 C:\Users\ahft_\Documents\Tareas\Universidad\UDABOL\Investigacion Operativa\XAMPP\htdocs\the-final-boss\system\CodeIgniter.php(308): CodeIgniter\CodeIgniter->handleRequest(NULL, Object(Config\Cache), false)
#10 C:\Users\ahft_\Documents\Tareas\Universidad\UDABOL\Investigacion Operativa\XAMPP\htdocs\the-final-boss\public\index.php(45): CodeIgniter\CodeIgniter->run()
#11 {main}
CRITICAL - 2020-06-24 08:49:06 --> Undefined variable: paginas
#0 C:\Users\ahft_\Documents\Tareas\Universidad\UDABOL\Investigacion Operativa\XAMPP\htdocs\the-final-boss\app\Views\common\formheader.php(39): CodeIgniter\Debug\Exceptions->errorHandler(8, 'Undefined varia...', 'C:\\Users\\ahft_\\...', 39, Array)
#1 C:\Users\ahft_\Documents\Tareas\Universidad\UDABOL\Investigacion Operativa\XAMPP\htdocs\the-final-boss\system\View\View.php(246): include('C:\\Users\\ahft_\\...')
#2 C:\Users\ahft_\Documents\Tareas\Universidad\UDABOL\Investigacion Operativa\XAMPP\htdocs\the-final-boss\system\Common.php(1087): CodeIgniter\View\View->render('common/formhead...', Array, true)
#3 C:\Users\ahft_\Documents\Tareas\Universidad\UDABOL\Investigacion Operativa\XAMPP\htdocs\the-final-boss\app\Views\contenidos\articulos\createArticle.php(2): view('common/formhead...', Array)
#4 C:\Users\ahft_\Documents\Tareas\Universidad\UDABOL\Investigacion Operativa\XAMPP\htdocs\the-final-boss\system\View\View.php(246): include('C:\\Users\\ahft_\\...')
#5 C:\Users\ahft_\Documents\Tareas\Universidad\UDABOL\Investigacion Operativa\XAMPP\htdocs\the-final-boss\system\Common.php(1087): CodeIgniter\View\View->render('contenidos/arti...', Array, true)
#6 C:\Users\ahft_\Documents\Tareas\Universidad\UDABOL\Investigacion Operativa\XAMPP\htdocs\the-final-boss\app\Controllers\Content.php(93): view('contenidos/arti...', Array)
#7 C:\Users\ahft_\Documents\Tareas\Universidad\UDABOL\Investigacion Operativa\XAMPP\htdocs\the-final-boss\system\CodeIgniter.php(914): App\Controllers\Content->crearArticulo()
#8 C:\Users\ahft_\Documents\Tareas\Universidad\UDABOL\Investigacion Operativa\XAMPP\htdocs\the-final-boss\system\CodeIgniter.php(400): CodeIgniter\CodeIgniter->runController(Object(App\Controllers\Content))
#9 C:\Users\ahft_\Documents\Tareas\Universidad\UDABOL\Investigacion Operativa\XAMPP\htdocs\the-final-boss\system\CodeIgniter.php(308): CodeIgniter\CodeIgniter->handleRequest(NULL, Object(Config\Cache), false)
#10 C:\Users\ahft_\Documents\Tareas\Universidad\UDABOL\Investigacion Operativa\XAMPP\htdocs\the-final-boss\public\index.php(45): CodeIgniter\CodeIgniter->run()
#11 {main}
CRITICAL - 2020-06-24 09:07:22 --> Undefined index: pagina
#0 C:\Users\ahft_\Documents\Tareas\Universidad\UDABOL\Investigacion Operativa\XAMPP\htdocs\the-final-boss\system\HTTP\URI.php(261): CodeIgniter\Debug\Exceptions->errorHandler(8, 'Undefined index...', 'C:\\Users\\ahft_\\...', 261, Array)
#1 C:\Users\ahft_\Documents\Tareas\Universidad\UDABOL\Investigacion Operativa\XAMPP\htdocs\the-final-boss\system\HTTP\URI.php(538): CodeIgniter\HTTP\URI->getAuthority()
#2 C:\Users\ahft_\Documents\Tareas\Universidad\UDABOL\Investigacion Operativa\XAMPP\htdocs\the-final-boss\system\Helpers\url_helper.php(143): CodeIgniter\HTTP\URI->__toString()
#3 C:\Users\ahft_\Documents\Tareas\Universidad\UDABOL\Investigacion Operativa\XAMPP\htdocs\the-final-boss\app\Views\common\basicheader.php(39): base_url('content/pagina1', 'Pagina', Array)
#4 C:\Users\ahft_\Documents\Tareas\Universidad\UDABOL\Investigacion Operativa\XAMPP\htdocs\the-final-boss\system\View\View.php(246): include('C:\\Users\\ahft_\\...')
#5 C:\Users\ahft_\Documents\Tareas\Universidad\UDABOL\Investigacion Operativa\XAMPP\htdocs\the-final-boss\system\Common.php(1087): CodeIgniter\View\View->render('common/basichea...', Array, true)
#6 C:\Users\ahft_\Documents\Tareas\Universidad\UDABOL\Investigacion Operativa\XAMPP\htdocs\the-final-boss\app\Views\contenidos\articulos\showArticles.php(2): view('common/basichea...', Array)
#7 C:\Users\ahft_\Documents\Tareas\Universidad\UDABOL\Investigacion Operativa\XAMPP\htdocs\the-final-boss\system\View\View.php(246): include('C:\\Users\\ahft_\\...')
#8 C:\Users\ahft_\Documents\Tareas\Universidad\UDABOL\Investigacion Operativa\XAMPP\htdocs\the-final-boss\system\Common.php(1087): CodeIgniter\View\View->render('contenidos/arti...', Array, true)
#9 C:\Users\ahft_\Documents\Tareas\Universidad\UDABOL\Investigacion Operativa\XAMPP\htdocs\the-final-boss\app\Controllers\Content.php(18): view('contenidos/arti...', Array)
#10 C:\Users\ahft_\Documents\Tareas\Universidad\UDABOL\Investigacion Operativa\XAMPP\htdocs\the-final-boss\system\CodeIgniter.php(914): App\Controllers\Content->index()
#11 C:\Users\ahft_\Documents\Tareas\Universidad\UDABOL\Investigacion Operativa\XAMPP\htdocs\the-final-boss\system\CodeIgniter.php(400): CodeIgniter\CodeIgniter->runController(Object(App\Controllers\Content))
#12 C:\Users\ahft_\Documents\Tareas\Universidad\UDABOL\Investigacion Operativa\XAMPP\htdocs\the-final-boss\system\CodeIgniter.php(308): CodeIgniter\CodeIgniter->handleRequest(NULL, Object(Config\Cache), false)
#13 C:\Users\ahft_\Documents\Tareas\Universidad\UDABOL\Investigacion Operativa\XAMPP\htdocs\the-final-boss\public\index.php(45): CodeIgniter\CodeIgniter->run()
#14 {main}
CRITICAL - 2020-06-24 09:07:35 --> Undefined index: pagina
#0 C:\Users\ahft_\Documents\Tareas\Universidad\UDABOL\Investigacion Operativa\XAMPP\htdocs\the-final-boss\system\HTTP\URI.php(261): CodeIgniter\Debug\Exceptions->errorHandler(8, 'Undefined index...', 'C:\\Users\\ahft_\\...', 261, Array)
#1 C:\Users\ahft_\Documents\Tareas\Universidad\UDABOL\Investigacion Operativa\XAMPP\htdocs\the-final-boss\system\HTTP\URI.php(538): CodeIgniter\HTTP\URI->getAuthority()
#2 C:\Users\ahft_\Documents\Tareas\Universidad\UDABOL\Investigacion Operativa\XAMPP\htdocs\the-final-boss\system\Helpers\url_helper.php(143): CodeIgniter\HTTP\URI->__toString()
#3 C:\Users\ahft_\Documents\Tareas\Universidad\UDABOL\Investigacion Operativa\XAMPP\htdocs\the-final-boss\app\Views\common\basicheader.php(39): base_url('content/pagina1', 'Pagina', Array)
#4 C:\Users\ahft_\Documents\Tareas\Universidad\UDABOL\Investigacion Operativa\XAMPP\htdocs\the-final-boss\system\View\View.php(246): include('C:\\Users\\ahft_\\...')
#5 C:\Users\ahft_\Documents\Tareas\Universidad\UDABOL\Investigacion Operativa\XAMPP\htdocs\the-final-boss\system\Common.php(1087): CodeIgniter\View\View->render('common/basichea...', Array, true)
#6 C:\Users\ahft_\Documents\Tareas\Universidad\UDABOL\Investigacion Operativa\XAMPP\htdocs\the-final-boss\app\Views\contenidos\articulos\showArticles.php(2): view('common/basichea...', Array)
#7 C:\Users\ahft_\Documents\Tareas\Universidad\UDABOL\Investigacion Operativa\XAMPP\htdocs\the-final-boss\system\View\View.php(246): include('C:\\Users\\ahft_\\...')
#8 C:\Users\ahft_\Documents\Tareas\Universidad\UDABOL\Investigacion Operativa\XAMPP\htdocs\the-final-boss\system\Common.php(1087): CodeIgniter\View\View->render('contenidos/arti...', Array, true)
#9 C:\Users\ahft_\Documents\Tareas\Universidad\UDABOL\Investigacion Operativa\XAMPP\htdocs\the-final-boss\app\Controllers\Content.php(18): view('contenidos/arti...', Array)
#10 C:\Users\ahft_\Documents\Tareas\Universidad\UDABOL\Investigacion Operativa\XAMPP\htdocs\the-final-boss\system\CodeIgniter.php(914): App\Controllers\Content->index()
#11 C:\Users\ahft_\Documents\Tareas\Universidad\UDABOL\Investigacion Operativa\XAMPP\htdocs\the-final-boss\system\CodeIgniter.php(400): CodeIgniter\CodeIgniter->runController(Object(App\Controllers\Content))
#12 C:\Users\ahft_\Documents\Tareas\Universidad\UDABOL\Investigacion Operativa\XAMPP\htdocs\the-final-boss\system\CodeIgniter.php(308): CodeIgniter\CodeIgniter->handleRequest(NULL, Object(Config\Cache), false)
#13 C:\Users\ahft_\Documents\Tareas\Universidad\UDABOL\Investigacion Operativa\XAMPP\htdocs\the-final-boss\public\index.php(45): CodeIgniter\CodeIgniter->run()
#14 {main}
CRITICAL - 2020-06-24 09:08:06 --> Undefined index: pagina
#0 C:\Users\ahft_\Documents\Tareas\Universidad\UDABOL\Investigacion Operativa\XAMPP\htdocs\the-final-boss\system\HTTP\URI.php(261): CodeIgniter\Debug\Exceptions->errorHandler(8, 'Undefined index...', 'C:\\Users\\ahft_\\...', 261, Array)
#1 C:\Users\ahft_\Documents\Tareas\Universidad\UDABOL\Investigacion Operativa\XAMPP\htdocs\the-final-boss\system\HTTP\URI.php(538): CodeIgniter\HTTP\URI->getAuthority()
#2 C:\Users\ahft_\Documents\Tareas\Universidad\UDABOL\Investigacion Operativa\XAMPP\htdocs\the-final-boss\system\Helpers\url_helper.php(143): CodeIgniter\HTTP\URI->__toString()
#3 C:\Users\ahft_\Documents\Tareas\Universidad\UDABOL\Investigacion Operativa\XAMPP\htdocs\the-final-boss\app\Views\common\basicheader.php(39): base_url('content/pagina1', 'Pagina', Array)
#4 C:\Users\ahft_\Documents\Tareas\Universidad\UDABOL\Investigacion Operativa\XAMPP\htdocs\the-final-boss\system\View\View.php(246): include('C:\\Users\\ahft_\\...')
#5 C:\Users\ahft_\Documents\Tareas\Universidad\UDABOL\Investigacion Operativa\XAMPP\htdocs\the-final-boss\system\Common.php(1087): CodeIgniter\View\View->render('common/basichea...', Array, true)
#6 C:\Users\ahft_\Documents\Tareas\Universidad\UDABOL\Investigacion Operativa\XAMPP\htdocs\the-final-boss\app\Views\contenidos\articulos\showArticles.php(2): view('common/basichea...', Array)
#7 C:\Users\ahft_\Documents\Tareas\Universidad\UDABOL\Investigacion Operativa\XAMPP\htdocs\the-final-boss\system\View\View.php(246): include('C:\\Users\\ahft_\\...')
#8 C:\Users\ahft_\Documents\Tareas\Universidad\UDABOL\Investigacion Operativa\XAMPP\htdocs\the-final-boss\system\Common.php(1087): CodeIgniter\View\View->render('contenidos/arti...', Array, true)
#9 C:\Users\ahft_\Documents\Tareas\Universidad\UDABOL\Investigacion Operativa\XAMPP\htdocs\the-final-boss\app\Controllers\Content.php(18): view('contenidos/arti...', Array)
#10 C:\Users\ahft_\Documents\Tareas\Universidad\UDABOL\Investigacion Operativa\XAMPP\htdocs\the-final-boss\system\CodeIgniter.php(914): App\Controllers\Content->index()
#11 C:\Users\ahft_\Documents\Tareas\Universidad\UDABOL\Investigacion Operativa\XAMPP\htdocs\the-final-boss\system\CodeIgniter.php(400): CodeIgniter\CodeIgniter->runController(Object(App\Controllers\Content))
#12 C:\Users\ahft_\Documents\Tareas\Universidad\UDABOL\Investigacion Operativa\XAMPP\htdocs\the-final-boss\system\CodeIgniter.php(308): CodeIgniter\CodeIgniter->handleRequest(NULL, Object(Config\Cache), false)
#13 C:\Users\ahft_\Documents\Tareas\Universidad\UDABOL\Investigacion Operativa\XAMPP\htdocs\the-final-boss\public\index.php(45): CodeIgniter\CodeIgniter->run()
#14 {main}
CRITICAL - 2020-06-24 09:08:07 --> Undefined index: pagina
#0 C:\Users\ahft_\Documents\Tareas\Universidad\UDABOL\Investigacion Operativa\XAMPP\htdocs\the-final-boss\system\HTTP\URI.php(261): CodeIgniter\Debug\Exceptions->errorHandler(8, 'Undefined index...', 'C:\\Users\\ahft_\\...', 261, Array)
#1 C:\Users\ahft_\Documents\Tareas\Universidad\UDABOL\Investigacion Operativa\XAMPP\htdocs\the-final-boss\system\HTTP\URI.php(538): CodeIgniter\HTTP\URI->getAuthority()
#2 C:\Users\ahft_\Documents\Tareas\Universidad\UDABOL\Investigacion Operativa\XAMPP\htdocs\the-final-boss\system\Helpers\url_helper.php(143): CodeIgniter\HTTP\URI->__toString()
#3 C:\Users\ahft_\Documents\Tareas\Universidad\UDABOL\Investigacion Operativa\XAMPP\htdocs\the-final-boss\app\Views\common\basicheader.php(39): base_url('content/pagina1', 'Pagina', Array)
#4 C:\Users\ahft_\Documents\Tareas\Universidad\UDABOL\Investigacion Operativa\XAMPP\htdocs\the-final-boss\system\View\View.php(246): include('C:\\Users\\ahft_\\...')
#5 C:\Users\ahft_\Documents\Tareas\Universidad\UDABOL\Investigacion Operativa\XAMPP\htdocs\the-final-boss\system\Common.php(1087): CodeIgniter\View\View->render('common/basichea...', Array, true)
#6 C:\Users\ahft_\Documents\Tareas\Universidad\UDABOL\Investigacion Operativa\XAMPP\htdocs\the-final-boss\app\Views\contenidos\articulos\showArticles.php(2): view('common/basichea...', Array)
#7 C:\Users\ahft_\Documents\Tareas\Universidad\UDABOL\Investigacion Operativa\XAMPP\htdocs\the-final-boss\system\View\View.php(246): include('C:\\Users\\ahft_\\...')
#8 C:\Users\ahft_\Documents\Tareas\Universidad\UDABOL\Investigacion Operativa\XAMPP\htdocs\the-final-boss\system\Common.php(1087): CodeIgniter\View\View->render('contenidos/arti...', Array, true)
#9 C:\Users\ahft_\Documents\Tareas\Universidad\UDABOL\Investigacion Operativa\XAMPP\htdocs\the-final-boss\app\Controllers\Content.php(18): view('contenidos/arti...', Array)
#10 C:\Users\ahft_\Documents\Tareas\Universidad\UDABOL\Investigacion Operativa\XAMPP\htdocs\the-final-boss\system\CodeIgniter.php(914): App\Controllers\Content->index()
#11 C:\Users\ahft_\Documents\Tareas\Universidad\UDABOL\Investigacion Operativa\XAMPP\htdocs\the-final-boss\system\CodeIgniter.php(400): CodeIgniter\CodeIgniter->runController(Object(App\Controllers\Content))
#12 C:\Users\ahft_\Documents\Tareas\Universidad\UDABOL\Investigacion Operativa\XAMPP\htdocs\the-final-boss\system\CodeIgniter.php(308): CodeIgniter\CodeIgniter->handleRequest(NULL, Object(Config\Cache), false)
#13 C:\Users\ahft_\Documents\Tareas\Universidad\UDABOL\Investigacion Operativa\XAMPP\htdocs\the-final-boss\public\index.php(45): CodeIgniter\CodeIgniter->run()
#14 {main}
CRITICAL - 2020-06-24 09:08:29 --> Invalid file: {0}
#0 C:\Users\ahft_\Documents\Tareas\Universidad\UDABOL\Investigacion Operativa\XAMPP\htdocs\the-final-boss\system\View\View.php(228): CodeIgniter\Exceptions\FrameworkException::forInvalidFile('common/bascifoo...')
#1 C:\Users\ahft_\Documents\Tareas\Universidad\UDABOL\Investigacion Operativa\XAMPP\htdocs\the-final-boss\system\Common.php(1087): CodeIgniter\View\View->render('common/bascifoo...', Array, true)
#2 C:\Users\ahft_\Documents\Tareas\Universidad\UDABOL\Investigacion Operativa\XAMPP\htdocs\the-final-boss\app\Views\contenidos\articulos\showArticles.php(41): view('common/bascifoo...')
#3 C:\Users\ahft_\Documents\Tareas\Universidad\UDABOL\Investigacion Operativa\XAMPP\htdocs\the-final-boss\system\View\View.php(246): include('C:\\Users\\ahft_\\...')
#4 C:\Users\ahft_\Documents\Tareas\Universidad\UDABOL\Investigacion Operativa\XAMPP\htdocs\the-final-boss\system\Common.php(1087): CodeIgniter\View\View->render('contenidos/arti...', Array, true)
#5 C:\Users\ahft_\Documents\Tareas\Universidad\UDABOL\Investigacion Operativa\XAMPP\htdocs\the-final-boss\app\Controllers\Content.php(18): view('contenidos/arti...', Array)
#6 C:\Users\ahft_\Documents\Tareas\Universidad\UDABOL\Investigacion Operativa\XAMPP\htdocs\the-final-boss\system\CodeIgniter.php(914): App\Controllers\Content->index()
#7 C:\Users\ahft_\Documents\Tareas\Universidad\UDABOL\Investigacion Operativa\XAMPP\htdocs\the-final-boss\system\CodeIgniter.php(400): CodeIgniter\CodeIgniter->runController(Object(App\Controllers\Content))
#8 C:\Users\ahft_\Documents\Tareas\Universidad\UDABOL\Investigacion Operativa\XAMPP\htdocs\the-final-boss\system\CodeIgniter.php(308): CodeIgniter\CodeIgniter->handleRequest(NULL, Object(Config\Cache), false)
#9 C:\Users\ahft_\Documents\Tareas\Universidad\UDABOL\Investigacion Operativa\XAMPP\htdocs\the-final-boss\public\index.php(45): CodeIgniter\CodeIgniter->run()
#10 {main}
CRITICAL - 2020-06-24 09:08:33 --> Invalid file: {0}
#0 C:\Users\ahft_\Documents\Tareas\Universidad\UDABOL\Investigacion Operativa\XAMPP\htdocs\the-final-boss\system\View\View.php(228): CodeIgniter\Exceptions\FrameworkException::forInvalidFile('common/bascifoo...')
#1 C:\Users\ahft_\Documents\Tareas\Universidad\UDABOL\Investigacion Operativa\XAMPP\htdocs\the-final-boss\system\Common.php(1087): CodeIgniter\View\View->render('common/bascifoo...', Array, true)
#2 C:\Users\ahft_\Documents\Tareas\Universidad\UDABOL\Investigacion Operativa\XAMPP\htdocs\the-final-boss\app\Views\contenidos\articulos\showArticles.php(41): view('common/bascifoo...')
#3 C:\Users\ahft_\Documents\Tareas\Universidad\UDABOL\Investigacion Operativa\XAMPP\htdocs\the-final-boss\system\View\View.php(246): include('C:\\Users\\ahft_\\...')
#4 C:\Users\ahft_\Documents\Tareas\Universidad\UDABOL\Investigacion Operativa\XAMPP\htdocs\the-final-boss\system\Common.php(1087): CodeIgniter\View\View->render('contenidos/arti...', Array, true)
#5 C:\Users\ahft_\Documents\Tareas\Universidad\UDABOL\Investigacion Operativa\XAMPP\htdocs\the-final-boss\app\Controllers\Content.php(18): view('contenidos/arti...', Array)
#6 C:\Users\ahft_\Documents\Tareas\Universidad\UDABOL\Investigacion Operativa\XAMPP\htdocs\the-final-boss\system\CodeIgniter.php(914): App\Controllers\Content->index()
#7 C:\Users\ahft_\Documents\Tareas\Universidad\UDABOL\Investigacion Operativa\XAMPP\htdocs\the-final-boss\system\CodeIgniter.php(400): CodeIgniter\CodeIgniter->runController(Object(App\Controllers\Content))
#8 C:\Users\ahft_\Documents\Tareas\Universidad\UDABOL\Investigacion Operativa\XAMPP\htdocs\the-final-boss\system\CodeIgniter.php(308): CodeIgniter\CodeIgniter->handleRequest(NULL, Object(Config\Cache), false)
#9 C:\Users\ahft_\Documents\Tareas\Universidad\UDABOL\Investigacion Operativa\XAMPP\htdocs\the-final-boss\public\index.php(45): CodeIgniter\CodeIgniter->run()
#10 {main}
CRITICAL - 2020-06-24 09:08:39 --> Invalid file: {0}
#0 C:\Users\ahft_\Documents\Tareas\Universidad\UDABOL\Investigacion Operativa\XAMPP\htdocs\the-final-boss\system\View\View.php(228): CodeIgniter\Exceptions\FrameworkException::forInvalidFile('common/bascifoo...')
#1 C:\Users\ahft_\Documents\Tareas\Universidad\UDABOL\Investigacion Operativa\XAMPP\htdocs\the-final-boss\system\Common.php(1087): CodeIgniter\View\View->render('common/bascifoo...', Array, true)
#2 C:\Users\ahft_\Documents\Tareas\Universidad\UDABOL\Investigacion Operativa\XAMPP\htdocs\the-final-boss\app\Views\contenidos\articulos\showArticles.php(41): view('common/bascifoo...')
#3 C:\Users\ahft_\Documents\Tareas\Universidad\UDABOL\Investigacion Operativa\XAMPP\htdocs\the-final-boss\system\View\View.php(246): include('C:\\Users\\ahft_\\...')
#4 C:\Users\ahft_\Documents\Tareas\Universidad\UDABOL\Investigacion Operativa\XAMPP\htdocs\the-final-boss\system\Common.php(1087): CodeIgniter\View\View->render('contenidos/arti...', Array, true)
#5 C:\Users\ahft_\Documents\Tareas\Universidad\UDABOL\Investigacion Operativa\XAMPP\htdocs\the-final-boss\app\Controllers\Content.php(18): view('contenidos/arti...', Array)
#6 C:\Users\ahft_\Documents\Tareas\Universidad\UDABOL\Investigacion Operativa\XAMPP\htdocs\the-final-boss\system\CodeIgniter.php(914): App\Controllers\Content->index()
#7 C:\Users\ahft_\Documents\Tareas\Universidad\UDABOL\Investigacion Operativa\XAMPP\htdocs\the-final-boss\system\CodeIgniter.php(400): CodeIgniter\CodeIgniter->runController(Object(App\Controllers\Content))
#8 C:\Users\ahft_\Documents\Tareas\Universidad\UDABOL\Investigacion Operativa\XAMPP\htdocs\the-final-boss\system\CodeIgniter.php(308): CodeIgniter\CodeIgniter->handleRequest(NULL, Object(Config\Cache), false)
#9 C:\Users\ahft_\Documents\Tareas\Universidad\UDABOL\Investigacion Operativa\XAMPP\htdocs\the-final-boss\public\index.php(45): CodeIgniter\CodeIgniter->run()
#10 {main}
CRITICAL - 2020-06-24 09:08:42 --> Invalid file: {0}
#0 C:\Users\ahft_\Documents\Tareas\Universidad\UDABOL\Investigacion Operativa\XAMPP\htdocs\the-final-boss\system\View\View.php(228): CodeIgniter\Exceptions\FrameworkException::forInvalidFile('common/bascifoo...')
#1 C:\Users\ahft_\Documents\Tareas\Universidad\UDABOL\Investigacion Operativa\XAMPP\htdocs\the-final-boss\system\Common.php(1087): CodeIgniter\View\View->render('common/bascifoo...', Array, true)
#2 C:\Users\ahft_\Documents\Tareas\Universidad\UDABOL\Investigacion Operativa\XAMPP\htdocs\the-final-boss\app\Views\contenidos\articulos\showArticles.php(41): view('common/bascifoo...')
#3 C:\Users\ahft_\Documents\Tareas\Universidad\UDABOL\Investigacion Operativa\XAMPP\htdocs\the-final-boss\system\View\View.php(246): include('C:\\Users\\ahft_\\...')
#4 C:\Users\ahft_\Documents\Tareas\Universidad\UDABOL\Investigacion Operativa\XAMPP\htdocs\the-final-boss\system\Common.php(1087): CodeIgniter\View\View->render('contenidos/arti...', Array, true)
#5 C:\Users\ahft_\Documents\Tareas\Universidad\UDABOL\Investigacion Operativa\XAMPP\htdocs\the-final-boss\app\Controllers\Content.php(18): view('contenidos/arti...', Array)
#6 C:\Users\ahft_\Documents\Tareas\Universidad\UDABOL\Investigacion Operativa\XAMPP\htdocs\the-final-boss\system\CodeIgniter.php(914): App\Controllers\Content->index()
#7 C:\Users\ahft_\Documents\Tareas\Universidad\UDABOL\Investigacion Operativa\XAMPP\htdocs\the-final-boss\system\CodeIgniter.php(400): CodeIgniter\CodeIgniter->runController(Object(App\Controllers\Content))
#8 C:\Users\ahft_\Documents\Tareas\Universidad\UDABOL\Investigacion Operativa\XAMPP\htdocs\the-final-boss\system\CodeIgniter.php(308): CodeIgniter\CodeIgniter->handleRequest(NULL, Object(Config\Cache), false)
#9 C:\Users\ahft_\Documents\Tareas\Universidad\UDABOL\Investigacion Operativa\XAMPP\htdocs\the-final-boss\public\index.php(45): CodeIgniter\CodeIgniter->run()
#10 {main}
CRITICAL - 2020-06-24 09:08:43 --> Invalid file: {0}
#0 C:\Users\ahft_\Documents\Tareas\Universidad\UDABOL\Investigacion Operativa\XAMPP\htdocs\the-final-boss\system\View\View.php(228): CodeIgniter\Exceptions\FrameworkException::forInvalidFile('common/bascifoo...')
#1 C:\Users\ahft_\Documents\Tareas\Universidad\UDABOL\Investigacion Operativa\XAMPP\htdocs\the-final-boss\system\Common.php(1087): CodeIgniter\View\View->render('common/bascifoo...', Array, true)
#2 C:\Users\ahft_\Documents\Tareas\Universidad\UDABOL\Investigacion Operativa\XAMPP\htdocs\the-final-boss\app\Views\contenidos\articulos\showArticles.php(41): view('common/bascifoo...')
#3 C:\Users\ahft_\Documents\Tareas\Universidad\UDABOL\Investigacion Operativa\XAMPP\htdocs\the-final-boss\system\View\View.php(246): include('C:\\Users\\ahft_\\...')
#4 C:\Users\ahft_\Documents\Tareas\Universidad\UDABOL\Investigacion Operativa\XAMPP\htdocs\the-final-boss\system\Common.php(1087): CodeIgniter\View\View->render('contenidos/arti...', Array, true)
#5 C:\Users\ahft_\Documents\Tareas\Universidad\UDABOL\Investigacion Operativa\XAMPP\htdocs\the-final-boss\app\Controllers\Content.php(18): view('contenidos/arti...', Array)
#6 C:\Users\ahft_\Documents\Tareas\Universidad\UDABOL\Investigacion Operativa\XAMPP\htdocs\the-final-boss\system\CodeIgniter.php(914): App\Controllers\Content->index()
#7 C:\Users\ahft_\Documents\Tareas\Universidad\UDABOL\Investigacion Operativa\XAMPP\htdocs\the-final-boss\system\CodeIgniter.php(400): CodeIgniter\CodeIgniter->runController(Object(App\Controllers\Content))
#8 C:\Users\ahft_\Documents\Tareas\Universidad\UDABOL\Investigacion Operativa\XAMPP\htdocs\the-final-boss\system\CodeIgniter.php(308): CodeIgniter\CodeIgniter->handleRequest(NULL, Object(Config\Cache), false)
#9 C:\Users\ahft_\Documents\Tareas\Universidad\UDABOL\Investigacion Operativa\XAMPP\htdocs\the-final-boss\public\index.php(45): CodeIgniter\CodeIgniter->run()
#10 {main}
CRITICAL - 2020-06-24 09:16:08 --> Invalid file: {0}
#0 C:\Users\ahft_\Documents\Tareas\Universidad\UDABOL\Investigacion Operativa\XAMPP\htdocs\the-final-boss\system\View\View.php(228): CodeIgniter\Exceptions\FrameworkException::forInvalidFile('content.php')
#1 C:\Users\ahft_\Documents\Tareas\Universidad\UDABOL\Investigacion Operativa\XAMPP\htdocs\the-final-boss\system\Common.php(1087): CodeIgniter\View\View->render('content', Array, true)
#2 C:\Users\ahft_\Documents\Tareas\Universidad\UDABOL\Investigacion Operativa\XAMPP\htdocs\the-final-boss\app\Controllers\UserController.php(68): view('content', Array)
#3 C:\Users\ahft_\Documents\Tareas\Universidad\UDABOL\Investigacion Operativa\XAMPP\htdocs\the-final-boss\system\CodeIgniter.php(914): App\Controllers\UserController->backend()
#4 C:\Users\ahft_\Documents\Tareas\Universidad\UDABOL\Investigacion Operativa\XAMPP\htdocs\the-final-boss\system\CodeIgniter.php(400): CodeIgniter\CodeIgniter->runController(Object(App\Controllers\UserController))
#5 C:\Users\ahft_\Documents\Tareas\Universidad\UDABOL\Investigacion Operativa\XAMPP\htdocs\the-final-boss\system\CodeIgniter.php(308): CodeIgniter\CodeIgniter->handleRequest(NULL, Object(Config\Cache), false)
#6 C:\Users\ahft_\Documents\Tareas\Universidad\UDABOL\Investigacion Operativa\XAMPP\htdocs\the-final-boss\public\index.php(45): CodeIgniter\CodeIgniter->run()
#7 {main}
CRITICAL - 2020-06-24 09:16:18 --> Invalid file: {0}
#0 C:\Users\ahft_\Documents\Tareas\Universidad\UDABOL\Investigacion Operativa\XAMPP\htdocs\the-final-boss\system\View\View.php(228): CodeIgniter\Exceptions\FrameworkException::forInvalidFile('content.php')
#1 C:\Users\ahft_\Documents\Tareas\Universidad\UDABOL\Investigacion Operativa\XAMPP\htdocs\the-final-boss\system\Common.php(1087): CodeIgniter\View\View->render('content', Array, true)
#2 C:\Users\ahft_\Documents\Tareas\Universidad\UDABOL\Investigacion Operativa\XAMPP\htdocs\the-final-boss\app\Controllers\UserController.php(68): view('content', Array)
#3 C:\Users\ahft_\Documents\Tareas\Universidad\UDABOL\Investigacion Operativa\XAMPP\htdocs\the-final-boss\system\CodeIgniter.php(914): App\Controllers\UserController->backend()
#4 C:\Users\ahft_\Documents\Tareas\Universidad\UDABOL\Investigacion Operativa\XAMPP\htdocs\the-final-boss\system\CodeIgniter.php(400): CodeIgniter\CodeIgniter->runController(Object(App\Controllers\UserController))
#5 C:\Users\ahft_\Documents\Tareas\Universidad\UDABOL\Investigacion Operativa\XAMPP\htdocs\the-final-boss\system\CodeIgniter.php(308): CodeIgniter\CodeIgniter->handleRequest(NULL, Object(Config\Cache), false)
#6 C:\Users\ahft_\Documents\Tareas\Universidad\UDABOL\Investigacion Operativa\XAMPP\htdocs\the-final-boss\public\index.php(45): CodeIgniter\CodeIgniter->run()
#7 {main}
CRITICAL - 2020-06-24 09:17:29 --> Undefined variable: datos
#0 C:\Users\ahft_\Documents\Tareas\Universidad\UDABOL\Investigacion Operativa\XAMPP\htdocs\the-final-boss\app\Views\contenidos\articulos\showArticles.php(11): CodeIgniter\Debug\Exceptions->errorHandler(8, 'Undefined varia...', 'C:\\Users\\ahft_\\...', 11, Array)
#1 C:\Users\ahft_\Documents\Tareas\Universidad\UDABOL\Investigacion Operativa\XAMPP\htdocs\the-final-boss\system\View\View.php(246): include('C:\\Users\\ahft_\\...')
#2 C:\Users\ahft_\Documents\Tareas\Universidad\UDABOL\Investigacion Operativa\XAMPP\htdocs\the-final-boss\system\Common.php(1087): CodeIgniter\View\View->render('contenidos/arti...', Array, true)
#3 C:\Users\ahft_\Documents\Tareas\Universidad\UDABOL\Investigacion Operativa\XAMPP\htdocs\the-final-boss\app\Controllers\UserController.php(68): view('contenidos/arti...', Array)
#4 C:\Users\ahft_\Documents\Tareas\Universidad\UDABOL\Investigacion Operativa\XAMPP\htdocs\the-final-boss\system\CodeIgniter.php(914): App\Controllers\UserController->backend()
#5 C:\Users\ahft_\Documents\Tareas\Universidad\UDABOL\Investigacion Operativa\XAMPP\htdocs\the-final-boss\system\CodeIgniter.php(400): CodeIgniter\CodeIgniter->runController(Object(App\Controllers\UserController))
#6 C:\Users\ahft_\Documents\Tareas\Universidad\UDABOL\Investigacion Operativa\XAMPP\htdocs\the-final-boss\system\CodeIgniter.php(308): CodeIgniter\CodeIgniter->handleRequest(NULL, Object(Config\Cache), false)
#7 C:\Users\ahft_\Documents\Tareas\Universidad\UDABOL\Investigacion Operativa\XAMPP\htdocs\the-final-boss\public\index.php(45): CodeIgniter\CodeIgniter->run()
#8 {main}
CRITICAL - 2020-06-24 09:17:45 --> Undefined variable: datos
#0 C:\Users\ahft_\Documents\Tareas\Universidad\UDABOL\Investigacion Operativa\XAMPP\htdocs\the-final-boss\app\Views\contenidos\articulos\showArticles.php(11): CodeIgniter\Debug\Exceptions->errorHandler(8, 'Undefined varia...', 'C:\\Users\\ahft_\\...', 11, Array)
#1 C:\Users\ahft_\Documents\Tareas\Universidad\UDABOL\Investigacion Operativa\XAMPP\htdocs\the-final-boss\system\View\View.php(246): include('C:\\Users\\ahft_\\...')
#2 C:\Users\ahft_\Documents\Tareas\Universidad\UDABOL\Investigacion Operativa\XAMPP\htdocs\the-final-boss\system\Common.php(1087): CodeIgniter\View\View->render('contenidos/arti...', Array, true)
#3 C:\Users\ahft_\Documents\Tareas\Universidad\UDABOL\Investigacion Operativa\XAMPP\htdocs\the-final-boss\app\Controllers\UserController.php(68): view('contenidos/arti...', Array)
#4 C:\Users\ahft_\Documents\Tareas\Universidad\UDABOL\Investigacion Operativa\XAMPP\htdocs\the-final-boss\system\CodeIgniter.php(914): App\Controllers\UserController->backend()
#5 C:\Users\ahft_\Documents\Tareas\Universidad\UDABOL\Investigacion Operativa\XAMPP\htdocs\the-final-boss\system\CodeIgniter.php(400): CodeIgniter\CodeIgniter->runController(Object(App\Controllers\UserController))
#6 C:\Users\ahft_\Documents\Tareas\Universidad\UDABOL\Investigacion Operativa\XAMPP\htdocs\the-final-boss\system\CodeIgniter.php(308): CodeIgniter\CodeIgniter->handleRequest(NULL, Object(Config\Cache), false)
#7 C:\Users\ahft_\Documents\Tareas\Universidad\UDABOL\Investigacion Operativa\XAMPP\htdocs\the-final-boss\public\index.php(45): CodeIgniter\CodeIgniter->run()
#8 {main}
