CRITICAL - 2020-07-09 22:21:30 --> The original file is not a valid file.
#0 C:\Users\ahft_\Documents\Tareas\Universidad\UDABOL\Investigacion Operativa\XAMPP\htdocs\the-final-boss\system\HTTP\Files\UploadedFile.php(172): CodeIgniter\HTTP\Exceptions\HTTPException::forInvalidFile()
#1 C:\Users\ahft_\Documents\Tareas\Universidad\UDABOL\Investigacion Operativa\XAMPP\htdocs\the-final-boss\app\Controllers\Content.php(89): CodeIgniter\HTTP\Files\UploadedFile->move('C:\\Users\\ahft_\\...', 'El arcoiris mat...')
#2 C:\Users\ahft_\Documents\Tareas\Universidad\UDABOL\Investigacion Operativa\XAMPP\htdocs\the-final-boss\app\Controllers\Content.php(126): App\Controllers\Content->guardar_imagen_principal()
#3 C:\Users\ahft_\Documents\Tareas\Universidad\UDABOL\Investigacion Operativa\XAMPP\htdocs\the-final-boss\system\CodeIgniter.php(914): App\Controllers\Content->editArticulo('34')
#4 C:\Users\ahft_\Documents\Tareas\Universidad\UDABOL\Investigacion Operativa\XAMPP\htdocs\the-final-boss\system\CodeIgniter.php(400): CodeIgniter\CodeIgniter->runController(Object(App\Controllers\Content))
#5 C:\Users\ahft_\Documents\Tareas\Universidad\UDABOL\Investigacion Operativa\XAMPP\htdocs\the-final-boss\system\CodeIgniter.php(308): CodeIgniter\CodeIgniter->handleRequest(NULL, Object(Config\Cache), false)
#6 C:\Users\ahft_\Documents\Tareas\Universidad\UDABOL\Investigacion Operativa\XAMPP\htdocs\the-final-boss\public\index.php(45): CodeIgniter\CodeIgniter->run()
#7 {main}
CRITICAL - 2020-07-09 22:22:07 --> The original file is not a valid file.
#0 C:\Users\ahft_\Documents\Tareas\Universidad\UDABOL\Investigacion Operativa\XAMPP\htdocs\the-final-boss\system\HTTP\Files\UploadedFile.php(172): CodeIgniter\HTTP\Exceptions\HTTPException::forInvalidFile()
#1 C:\Users\ahft_\Documents\Tareas\Universidad\UDABOL\Investigacion Operativa\XAMPP\htdocs\the-final-boss\app\Controllers\Content.php(89): CodeIgniter\HTTP\Files\UploadedFile->move('C:\\Users\\ahft_\\...', 'Presentacion_im...')
#2 C:\Users\ahft_\Documents\Tareas\Universidad\UDABOL\Investigacion Operativa\XAMPP\htdocs\the-final-boss\app\Controllers\Content.php(126): App\Controllers\Content->guardar_imagen_principal()
#3 C:\Users\ahft_\Documents\Tareas\Universidad\UDABOL\Investigacion Operativa\XAMPP\htdocs\the-final-boss\system\CodeIgniter.php(914): App\Controllers\Content->editArticulo('37')
#4 C:\Users\ahft_\Documents\Tareas\Universidad\UDABOL\Investigacion Operativa\XAMPP\htdocs\the-final-boss\system\CodeIgniter.php(400): CodeIgniter\CodeIgniter->runController(Object(App\Controllers\Content))
#5 C:\Users\ahft_\Documents\Tareas\Universidad\UDABOL\Investigacion Operativa\XAMPP\htdocs\the-final-boss\system\CodeIgniter.php(308): CodeIgniter\CodeIgniter->handleRequest(NULL, Object(Config\Cache), false)
#6 C:\Users\ahft_\Documents\Tareas\Universidad\UDABOL\Investigacion Operativa\XAMPP\htdocs\the-final-boss\public\index.php(45): CodeIgniter\CodeIgniter->run()
#7 {main}
CRITICAL - 2020-07-09 22:23:27 --> The original file is not a valid file.
#0 C:\Users\ahft_\Documents\Tareas\Universidad\UDABOL\Investigacion Operativa\XAMPP\htdocs\the-final-boss\system\HTTP\Files\UploadedFile.php(172): CodeIgniter\HTTP\Exceptions\HTTPException::forInvalidFile()
#1 C:\Users\ahft_\Documents\Tareas\Universidad\UDABOL\Investigacion Operativa\XAMPP\htdocs\the-final-boss\app\Controllers\Content.php(89): CodeIgniter\HTTP\Files\UploadedFile->move('C:\\Users\\ahft_\\...', 'ESta es la hist...')
#2 C:\Users\ahft_\Documents\Tareas\Universidad\UDABOL\Investigacion Operativa\XAMPP\htdocs\the-final-boss\app\Controllers\Content.php(110): App\Controllers\Content->guardar_imagen_principal()
#3 C:\Users\ahft_\Documents\Tareas\Universidad\UDABOL\Investigacion Operativa\XAMPP\htdocs\the-final-boss\system\CodeIgniter.php(914): App\Controllers\Content->crearArticulo()
#4 C:\Users\ahft_\Documents\Tareas\Universidad\UDABOL\Investigacion Operativa\XAMPP\htdocs\the-final-boss\system\CodeIgniter.php(400): CodeIgniter\CodeIgniter->runController(Object(App\Controllers\Content))
#5 C:\Users\ahft_\Documents\Tareas\Universidad\UDABOL\Investigacion Operativa\XAMPP\htdocs\the-final-boss\system\CodeIgniter.php(308): CodeIgniter\CodeIgniter->handleRequest(NULL, Object(Config\Cache), false)
#6 C:\Users\ahft_\Documents\Tareas\Universidad\UDABOL\Investigacion Operativa\XAMPP\htdocs\the-final-boss\public\index.php(45): CodeIgniter\CodeIgniter->run()
#7 {main}
CRITICAL - 2020-07-09 22:23:49 --> The original file is not a valid file.
#0 C:\Users\ahft_\Documents\Tareas\Universidad\UDABOL\Investigacion Operativa\XAMPP\htdocs\the-final-boss\system\HTTP\Files\UploadedFile.php(172): CodeIgniter\HTTP\Exceptions\HTTPException::forInvalidFile()
#1 C:\Users\ahft_\Documents\Tareas\Universidad\UDABOL\Investigacion Operativa\XAMPP\htdocs\the-final-boss\app\Controllers\Content.php(89): CodeIgniter\HTTP\Files\UploadedFile->move('C:\\Users\\ahft_\\...', 'La historia2_im...')
#2 C:\Users\ahft_\Documents\Tareas\Universidad\UDABOL\Investigacion Operativa\XAMPP\htdocs\the-final-boss\app\Controllers\Content.php(126): App\Controllers\Content->guardar_imagen_principal()
#3 C:\Users\ahft_\Documents\Tareas\Universidad\UDABOL\Investigacion Operativa\XAMPP\htdocs\the-final-boss\system\CodeIgniter.php(914): App\Controllers\Content->editArticulo('39')
#4 C:\Users\ahft_\Documents\Tareas\Universidad\UDABOL\Investigacion Operativa\XAMPP\htdocs\the-final-boss\system\CodeIgniter.php(400): CodeIgniter\CodeIgniter->runController(Object(App\Controllers\Content))
#5 C:\Users\ahft_\Documents\Tareas\Universidad\UDABOL\Investigacion Operativa\XAMPP\htdocs\the-final-boss\system\CodeIgniter.php(308): CodeIgniter\CodeIgniter->handleRequest(NULL, Object(Config\Cache), false)
#6 C:\Users\ahft_\Documents\Tareas\Universidad\UDABOL\Investigacion Operativa\XAMPP\htdocs\the-final-boss\public\index.php(45): CodeIgniter\CodeIgniter->run()
#7 {main}
