CRITICAL - 2020-07-02 08:33:02 --> syntax error, unexpected end of file
#0 C:\xamppp\htdocs\the-final-boss\system\Common.php(1087): CodeIgniter\View\View->render('common/adminlte...', Array, true)
#1 C:\xamppp\htdocs\the-final-boss\app\Views\UserViews\Login.php(9): view('common/adminlte...', Array)
#2 C:\xamppp\htdocs\the-final-boss\system\View\View.php(246): include('C:\\xamppp\\htdoc...')
#3 C:\xamppp\htdocs\the-final-boss\system\Common.php(1087): CodeIgniter\View\View->render('UserViews/login', Array, true)
#4 C:\xamppp\htdocs\the-final-boss\app\Controllers\UserController.php(61): view('UserViews/login', Array)
#5 C:\xamppp\htdocs\the-final-boss\system\CodeIgniter.php(914): App\Controllers\UserController->login()
#6 C:\xamppp\htdocs\the-final-boss\system\CodeIgniter.php(400): CodeIgniter\CodeIgniter->runController(Object(App\Controllers\UserController))
#7 C:\xamppp\htdocs\the-final-boss\system\CodeIgniter.php(308): CodeIgniter\CodeIgniter->handleRequest(NULL, Object(Config\Cache), false)
#8 C:\xamppp\htdocs\the-final-boss\public\index.php(45): CodeIgniter\CodeIgniter->run()
#9 {main}
CRITICAL - 2020-07-02 08:33:43 --> syntax error, unexpected end of file
#0 C:\xamppp\htdocs\the-final-boss\system\Common.php(1087): CodeIgniter\View\View->render('common/adminlte...', Array, true)
#1 C:\xamppp\htdocs\the-final-boss\app\Views\UserViews\Login.php(9): view('common/adminlte...', Array)
#2 C:\xamppp\htdocs\the-final-boss\system\View\View.php(246): include('C:\\xamppp\\htdoc...')
#3 C:\xamppp\htdocs\the-final-boss\system\Common.php(1087): CodeIgniter\View\View->render('UserViews/login', Array, true)
#4 C:\xamppp\htdocs\the-final-boss\app\Controllers\UserController.php(61): view('UserViews/login', Array)
#5 C:\xamppp\htdocs\the-final-boss\system\CodeIgniter.php(914): App\Controllers\UserController->login()
#6 C:\xamppp\htdocs\the-final-boss\system\CodeIgniter.php(400): CodeIgniter\CodeIgniter->runController(Object(App\Controllers\UserController))
#7 C:\xamppp\htdocs\the-final-boss\system\CodeIgniter.php(308): CodeIgniter\CodeIgniter->handleRequest(NULL, Object(Config\Cache), false)
#8 C:\xamppp\htdocs\the-final-boss\public\index.php(45): CodeIgniter\CodeIgniter->run()
#9 {main}
CRITICAL - 2020-07-02 08:48:51 --> syntax error, unexpected 'else' (T_ELSE), expecting end of file
#0 C:\xamppp\htdocs\the-final-boss\system\Common.php(1087): CodeIgniter\View\View->render('common/formcont...', Array, true)
#1 C:\xamppp\htdocs\the-final-boss\app\Views\contenidos\articulos\createArticle.php(27): view('common/formcont...')
#2 C:\xamppp\htdocs\the-final-boss\system\View\View.php(246): include('C:\\xamppp\\htdoc...')
#3 C:\xamppp\htdocs\the-final-boss\system\Common.php(1087): CodeIgniter\View\View->render('contenidos/arti...', Array, true)
#4 C:\xamppp\htdocs\the-final-boss\app\Controllers\Content.php(97): view('contenidos/arti...', Array)
#5 C:\xamppp\htdocs\the-final-boss\system\CodeIgniter.php(914): App\Controllers\Content->crearArticulo()
#6 C:\xamppp\htdocs\the-final-boss\system\CodeIgniter.php(400): CodeIgniter\CodeIgniter->runController(Object(App\Controllers\Content))
#7 C:\xamppp\htdocs\the-final-boss\system\CodeIgniter.php(308): CodeIgniter\CodeIgniter->handleRequest(NULL, Object(Config\Cache), false)
#8 C:\xamppp\htdocs\the-final-boss\public\index.php(45): CodeIgniter\CodeIgniter->run()
#9 {main}
CRITICAL - 2020-07-02 08:49:27 --> syntax error, unexpected 'else' (T_ELSE), expecting end of file
#0 C:\xamppp\htdocs\the-final-boss\system\Common.php(1087): CodeIgniter\View\View->render('common/formcont...', Array, true)
#1 C:\xamppp\htdocs\the-final-boss\app\Views\contenidos\articulos\createArticle.php(27): view('common/formcont...')
#2 C:\xamppp\htdocs\the-final-boss\system\View\View.php(246): include('C:\\xamppp\\htdoc...')
#3 C:\xamppp\htdocs\the-final-boss\system\Common.php(1087): CodeIgniter\View\View->render('contenidos/arti...', Array, true)
#4 C:\xamppp\htdocs\the-final-boss\app\Controllers\Content.php(97): view('contenidos/arti...', Array)
#5 C:\xamppp\htdocs\the-final-boss\system\CodeIgniter.php(914): App\Controllers\Content->crearArticulo()
#6 C:\xamppp\htdocs\the-final-boss\system\CodeIgniter.php(400): CodeIgniter\CodeIgniter->runController(Object(App\Controllers\Content))
#7 C:\xamppp\htdocs\the-final-boss\system\CodeIgniter.php(308): CodeIgniter\CodeIgniter->handleRequest(NULL, Object(Config\Cache), false)
#8 C:\xamppp\htdocs\the-final-boss\public\index.php(45): CodeIgniter\CodeIgniter->run()
#9 {main}
CRITICAL - 2020-07-02 08:56:25 --> syntax error, unexpected 'else' (T_ELSE)
#0 C:\xamppp\htdocs\the-final-boss\system\Common.php(1087): CodeIgniter\View\View->render('common/formcont...', Array, true)
#1 C:\xamppp\htdocs\the-final-boss\app\Views\contenidos\articulos\createArticle.php(27): view('common/formcont...')
#2 C:\xamppp\htdocs\the-final-boss\system\View\View.php(246): include('C:\\xamppp\\htdoc...')
#3 C:\xamppp\htdocs\the-final-boss\system\Common.php(1087): CodeIgniter\View\View->render('contenidos/arti...', Array, true)
#4 C:\xamppp\htdocs\the-final-boss\app\Controllers\Content.php(97): view('contenidos/arti...', Array)
#5 C:\xamppp\htdocs\the-final-boss\system\CodeIgniter.php(914): App\Controllers\Content->crearArticulo()
#6 C:\xamppp\htdocs\the-final-boss\system\CodeIgniter.php(400): CodeIgniter\CodeIgniter->runController(Object(App\Controllers\Content))
#7 C:\xamppp\htdocs\the-final-boss\system\CodeIgniter.php(308): CodeIgniter\CodeIgniter->handleRequest(NULL, Object(Config\Cache), false)
#8 C:\xamppp\htdocs\the-final-boss\public\index.php(45): CodeIgniter\CodeIgniter->run()
#9 {main}
CRITICAL - 2020-07-02 08:58:06 --> syntax error, unexpected end of file
#0 C:\xamppp\htdocs\the-final-boss\system\Common.php(1087): CodeIgniter\View\View->render('common/formcont...', Array, true)
#1 C:\xamppp\htdocs\the-final-boss\app\Views\contenidos\articulos\createArticle.php(27): view('common/formcont...')
#2 C:\xamppp\htdocs\the-final-boss\system\View\View.php(246): include('C:\\xamppp\\htdoc...')
#3 C:\xamppp\htdocs\the-final-boss\system\Common.php(1087): CodeIgniter\View\View->render('contenidos/arti...', Array, true)
#4 C:\xamppp\htdocs\the-final-boss\app\Controllers\Content.php(97): view('contenidos/arti...', Array)
#5 C:\xamppp\htdocs\the-final-boss\system\CodeIgniter.php(914): App\Controllers\Content->crearArticulo()
#6 C:\xamppp\htdocs\the-final-boss\system\CodeIgniter.php(400): CodeIgniter\CodeIgniter->runController(Object(App\Controllers\Content))
#7 C:\xamppp\htdocs\the-final-boss\system\CodeIgniter.php(308): CodeIgniter\CodeIgniter->handleRequest(NULL, Object(Config\Cache), false)
#8 C:\xamppp\htdocs\the-final-boss\public\index.php(45): CodeIgniter\CodeIgniter->run()
#9 {main}
CRITICAL - 2020-07-02 08:59:56 --> syntax error, unexpected 'else' (T_ELSE)
#0 C:\xamppp\htdocs\the-final-boss\system\Common.php(1087): CodeIgniter\View\View->render('common/formcont...', Array, true)
#1 C:\xamppp\htdocs\the-final-boss\app\Views\contenidos\articulos\createArticle.php(27): view('common/formcont...')
#2 C:\xamppp\htdocs\the-final-boss\system\View\View.php(246): include('C:\\xamppp\\htdoc...')
#3 C:\xamppp\htdocs\the-final-boss\system\Common.php(1087): CodeIgniter\View\View->render('contenidos/arti...', Array, true)
#4 C:\xamppp\htdocs\the-final-boss\app\Controllers\Content.php(97): view('contenidos/arti...', Array)
#5 C:\xamppp\htdocs\the-final-boss\system\CodeIgniter.php(914): App\Controllers\Content->crearArticulo()
#6 C:\xamppp\htdocs\the-final-boss\system\CodeIgniter.php(400): CodeIgniter\CodeIgniter->runController(Object(App\Controllers\Content))
#7 C:\xamppp\htdocs\the-final-boss\system\CodeIgniter.php(308): CodeIgniter\CodeIgniter->handleRequest(NULL, Object(Config\Cache), false)
#8 C:\xamppp\htdocs\the-final-boss\public\index.php(45): CodeIgniter\CodeIgniter->run()
#9 {main}
CRITICAL - 2020-07-02 09:04:04 --> syntax error, unexpected end of file
#0 C:\xamppp\htdocs\the-final-boss\system\Common.php(1087): CodeIgniter\View\View->render('common/formcont...', Array, true)
#1 C:\xamppp\htdocs\the-final-boss\app\Views\contenidos\articulos\createArticle.php(27): view('common/formcont...')
#2 C:\xamppp\htdocs\the-final-boss\system\View\View.php(246): include('C:\\xamppp\\htdoc...')
#3 C:\xamppp\htdocs\the-final-boss\system\Common.php(1087): CodeIgniter\View\View->render('contenidos/arti...', Array, true)
#4 C:\xamppp\htdocs\the-final-boss\app\Controllers\Content.php(97): view('contenidos/arti...', Array)
#5 C:\xamppp\htdocs\the-final-boss\system\CodeIgniter.php(914): App\Controllers\Content->crearArticulo()
#6 C:\xamppp\htdocs\the-final-boss\system\CodeIgniter.php(400): CodeIgniter\CodeIgniter->runController(Object(App\Controllers\Content))
#7 C:\xamppp\htdocs\the-final-boss\system\CodeIgniter.php(308): CodeIgniter\CodeIgniter->handleRequest(NULL, Object(Config\Cache), false)
#8 C:\xamppp\htdocs\the-final-boss\public\index.php(45): CodeIgniter\CodeIgniter->run()
#9 {main}
CRITICAL - 2020-07-02 09:04:58 --> syntax error, unexpected end of file
#0 C:\xamppp\htdocs\the-final-boss\system\Common.php(1087): CodeIgniter\View\View->render('common/formcont...', Array, true)
#1 C:\xamppp\htdocs\the-final-boss\app\Views\contenidos\articulos\createArticle.php(27): view('common/formcont...')
#2 C:\xamppp\htdocs\the-final-boss\system\View\View.php(246): include('C:\\xamppp\\htdoc...')
#3 C:\xamppp\htdocs\the-final-boss\system\Common.php(1087): CodeIgniter\View\View->render('contenidos/arti...', Array, true)
#4 C:\xamppp\htdocs\the-final-boss\app\Controllers\Content.php(97): view('contenidos/arti...', Array)
#5 C:\xamppp\htdocs\the-final-boss\system\CodeIgniter.php(914): App\Controllers\Content->crearArticulo()
#6 C:\xamppp\htdocs\the-final-boss\system\CodeIgniter.php(400): CodeIgniter\CodeIgniter->runController(Object(App\Controllers\Content))
#7 C:\xamppp\htdocs\the-final-boss\system\CodeIgniter.php(308): CodeIgniter\CodeIgniter->handleRequest(NULL, Object(Config\Cache), false)
#8 C:\xamppp\htdocs\the-final-boss\public\index.php(45): CodeIgniter\CodeIgniter->run()
#9 {main}
CRITICAL - 2020-07-02 09:05:24 --> syntax error, unexpected end of file
#0 C:\xamppp\htdocs\the-final-boss\system\Common.php(1087): CodeIgniter\View\View->render('common/formcont...', Array, true)
#1 C:\xamppp\htdocs\the-final-boss\app\Views\contenidos\articulos\createArticle.php(27): view('common/formcont...')
#2 C:\xamppp\htdocs\the-final-boss\system\View\View.php(246): include('C:\\xamppp\\htdoc...')
#3 C:\xamppp\htdocs\the-final-boss\system\Common.php(1087): CodeIgniter\View\View->render('contenidos/arti...', Array, true)
#4 C:\xamppp\htdocs\the-final-boss\app\Controllers\Content.php(97): view('contenidos/arti...', Array)
#5 C:\xamppp\htdocs\the-final-boss\system\CodeIgniter.php(914): App\Controllers\Content->crearArticulo()
#6 C:\xamppp\htdocs\the-final-boss\system\CodeIgniter.php(400): CodeIgniter\CodeIgniter->runController(Object(App\Controllers\Content))
#7 C:\xamppp\htdocs\the-final-boss\system\CodeIgniter.php(308): CodeIgniter\CodeIgniter->handleRequest(NULL, Object(Config\Cache), false)
#8 C:\xamppp\htdocs\the-final-boss\public\index.php(45): CodeIgniter\CodeIgniter->run()
#9 {main}
CRITICAL - 2020-07-02 09:06:51 --> syntax error, unexpected 'elseif' (T_ELSEIF)
#0 C:\xamppp\htdocs\the-final-boss\system\Common.php(1087): CodeIgniter\View\View->render('common/formcont...', Array, true)
#1 C:\xamppp\htdocs\the-final-boss\app\Views\contenidos\articulos\createArticle.php(27): view('common/formcont...')
#2 C:\xamppp\htdocs\the-final-boss\system\View\View.php(246): include('C:\\xamppp\\htdoc...')
#3 C:\xamppp\htdocs\the-final-boss\system\Common.php(1087): CodeIgniter\View\View->render('contenidos/arti...', Array, true)
#4 C:\xamppp\htdocs\the-final-boss\app\Controllers\Content.php(97): view('contenidos/arti...', Array)
#5 C:\xamppp\htdocs\the-final-boss\system\CodeIgniter.php(914): App\Controllers\Content->crearArticulo()
#6 C:\xamppp\htdocs\the-final-boss\system\CodeIgniter.php(400): CodeIgniter\CodeIgniter->runController(Object(App\Controllers\Content))
#7 C:\xamppp\htdocs\the-final-boss\system\CodeIgniter.php(308): CodeIgniter\CodeIgniter->handleRequest(NULL, Object(Config\Cache), false)
#8 C:\xamppp\htdocs\the-final-boss\public\index.php(45): CodeIgniter\CodeIgniter->run()
#9 {main}
CRITICAL - 2020-07-02 09:07:05 --> syntax error, unexpected 'else' (T_ELSE)
#0 C:\xamppp\htdocs\the-final-boss\system\Common.php(1087): CodeIgniter\View\View->render('common/formcont...', Array, true)
#1 C:\xamppp\htdocs\the-final-boss\app\Views\contenidos\articulos\createArticle.php(27): view('common/formcont...')
#2 C:\xamppp\htdocs\the-final-boss\system\View\View.php(246): include('C:\\xamppp\\htdoc...')
#3 C:\xamppp\htdocs\the-final-boss\system\Common.php(1087): CodeIgniter\View\View->render('contenidos/arti...', Array, true)
#4 C:\xamppp\htdocs\the-final-boss\app\Controllers\Content.php(97): view('contenidos/arti...', Array)
#5 C:\xamppp\htdocs\the-final-boss\system\CodeIgniter.php(914): App\Controllers\Content->crearArticulo()
#6 C:\xamppp\htdocs\the-final-boss\system\CodeIgniter.php(400): CodeIgniter\CodeIgniter->runController(Object(App\Controllers\Content))
#7 C:\xamppp\htdocs\the-final-boss\system\CodeIgniter.php(308): CodeIgniter\CodeIgniter->handleRequest(NULL, Object(Config\Cache), false)
#8 C:\xamppp\htdocs\the-final-boss\public\index.php(45): CodeIgniter\CodeIgniter->run()
#9 {main}
CRITICAL - 2020-07-02 09:07:20 --> syntax error, unexpected 'else' (T_ELSE)
#0 C:\xamppp\htdocs\the-final-boss\system\Common.php(1087): CodeIgniter\View\View->render('common/formcont...', Array, true)
#1 C:\xamppp\htdocs\the-final-boss\app\Views\contenidos\articulos\createArticle.php(27): view('common/formcont...')
#2 C:\xamppp\htdocs\the-final-boss\system\View\View.php(246): include('C:\\xamppp\\htdoc...')
#3 C:\xamppp\htdocs\the-final-boss\system\Common.php(1087): CodeIgniter\View\View->render('contenidos/arti...', Array, true)
#4 C:\xamppp\htdocs\the-final-boss\app\Controllers\Content.php(97): view('contenidos/arti...', Array)
#5 C:\xamppp\htdocs\the-final-boss\system\CodeIgniter.php(914): App\Controllers\Content->crearArticulo()
#6 C:\xamppp\htdocs\the-final-boss\system\CodeIgniter.php(400): CodeIgniter\CodeIgniter->runController(Object(App\Controllers\Content))
#7 C:\xamppp\htdocs\the-final-boss\system\CodeIgniter.php(308): CodeIgniter\CodeIgniter->handleRequest(NULL, Object(Config\Cache), false)
#8 C:\xamppp\htdocs\the-final-boss\public\index.php(45): CodeIgniter\CodeIgniter->run()
#9 {main}
CRITICAL - 2020-07-02 09:08:03 --> syntax error, unexpected end of file
#0 C:\xamppp\htdocs\the-final-boss\system\Common.php(1087): CodeIgniter\View\View->render('common/formcont...', Array, true)
#1 C:\xamppp\htdocs\the-final-boss\app\Views\contenidos\articulos\createArticle.php(27): view('common/formcont...')
#2 C:\xamppp\htdocs\the-final-boss\system\View\View.php(246): include('C:\\xamppp\\htdoc...')
#3 C:\xamppp\htdocs\the-final-boss\system\Common.php(1087): CodeIgniter\View\View->render('contenidos/arti...', Array, true)
#4 C:\xamppp\htdocs\the-final-boss\app\Controllers\Content.php(97): view('contenidos/arti...', Array)
#5 C:\xamppp\htdocs\the-final-boss\system\CodeIgniter.php(914): App\Controllers\Content->crearArticulo()
#6 C:\xamppp\htdocs\the-final-boss\system\CodeIgniter.php(400): CodeIgniter\CodeIgniter->runController(Object(App\Controllers\Content))
#7 C:\xamppp\htdocs\the-final-boss\system\CodeIgniter.php(308): CodeIgniter\CodeIgniter->handleRequest(NULL, Object(Config\Cache), false)
#8 C:\xamppp\htdocs\the-final-boss\public\index.php(45): CodeIgniter\CodeIgniter->run()
#9 {main}
CRITICAL - 2020-07-02 09:09:45 --> syntax error, unexpected 'else' (T_ELSE), expecting end of file
#0 C:\xamppp\htdocs\the-final-boss\system\Common.php(1087): CodeIgniter\View\View->render('common/formcont...', Array, true)
#1 C:\xamppp\htdocs\the-final-boss\app\Views\contenidos\articulos\createArticle.php(27): view('common/formcont...')
#2 C:\xamppp\htdocs\the-final-boss\system\View\View.php(246): include('C:\\xamppp\\htdoc...')
#3 C:\xamppp\htdocs\the-final-boss\system\Common.php(1087): CodeIgniter\View\View->render('contenidos/arti...', Array, true)
#4 C:\xamppp\htdocs\the-final-boss\app\Controllers\Content.php(97): view('contenidos/arti...', Array)
#5 C:\xamppp\htdocs\the-final-boss\system\CodeIgniter.php(914): App\Controllers\Content->crearArticulo()
#6 C:\xamppp\htdocs\the-final-boss\system\CodeIgniter.php(400): CodeIgniter\CodeIgniter->runController(Object(App\Controllers\Content))
#7 C:\xamppp\htdocs\the-final-boss\system\CodeIgniter.php(308): CodeIgniter\CodeIgniter->handleRequest(NULL, Object(Config\Cache), false)
#8 C:\xamppp\htdocs\the-final-boss\public\index.php(45): CodeIgniter\CodeIgniter->run()
#9 {main}
CRITICAL - 2020-07-02 09:22:29 --> syntax error, unexpected 'else' (T_ELSE), expecting end of file
#0 C:\xamppp\htdocs\the-final-boss\system\Common.php(1087): CodeIgniter\View\View->render('common/formcont...', Array, true)
#1 C:\xamppp\htdocs\the-final-boss\app\Views\contenidos\articulos\createArticle.php(27): view('common/formcont...')
#2 C:\xamppp\htdocs\the-final-boss\system\View\View.php(246): include('C:\\xamppp\\htdoc...')
#3 C:\xamppp\htdocs\the-final-boss\system\Common.php(1087): CodeIgniter\View\View->render('contenidos/arti...', Array, true)
#4 C:\xamppp\htdocs\the-final-boss\app\Controllers\Content.php(97): view('contenidos/arti...', Array)
#5 C:\xamppp\htdocs\the-final-boss\system\CodeIgniter.php(914): App\Controllers\Content->crearArticulo()
#6 C:\xamppp\htdocs\the-final-boss\system\CodeIgniter.php(400): CodeIgniter\CodeIgniter->runController(Object(App\Controllers\Content))
#7 C:\xamppp\htdocs\the-final-boss\system\CodeIgniter.php(308): CodeIgniter\CodeIgniter->handleRequest(NULL, Object(Config\Cache), false)
#8 C:\xamppp\htdocs\the-final-boss\public\index.php(45): CodeIgniter\CodeIgniter->run()
#9 {main}
CRITICAL - 2020-07-02 09:22:32 --> syntax error, unexpected 'else' (T_ELSE), expecting end of file
#0 C:\xamppp\htdocs\the-final-boss\system\Common.php(1087): CodeIgniter\View\View->render('common/formcont...', Array, true)
#1 C:\xamppp\htdocs\the-final-boss\app\Views\contenidos\articulos\createArticle.php(27): view('common/formcont...')
#2 C:\xamppp\htdocs\the-final-boss\system\View\View.php(246): include('C:\\xamppp\\htdoc...')
#3 C:\xamppp\htdocs\the-final-boss\system\Common.php(1087): CodeIgniter\View\View->render('contenidos/arti...', Array, true)
#4 C:\xamppp\htdocs\the-final-boss\app\Controllers\Content.php(97): view('contenidos/arti...', Array)
#5 C:\xamppp\htdocs\the-final-boss\system\CodeIgniter.php(914): App\Controllers\Content->crearArticulo()
#6 C:\xamppp\htdocs\the-final-boss\system\CodeIgniter.php(400): CodeIgniter\CodeIgniter->runController(Object(App\Controllers\Content))
#7 C:\xamppp\htdocs\the-final-boss\system\CodeIgniter.php(308): CodeIgniter\CodeIgniter->handleRequest(NULL, Object(Config\Cache), false)
#8 C:\xamppp\htdocs\the-final-boss\public\index.php(45): CodeIgniter\CodeIgniter->run()
#9 {main}
CRITICAL - 2020-07-02 09:24:51 --> syntax error, unexpected 'elseif' (T_ELSEIF), expecting end of file
#0 C:\xamppp\htdocs\the-final-boss\system\Common.php(1087): CodeIgniter\View\View->render('common/formcont...', Array, true)
#1 C:\xamppp\htdocs\the-final-boss\app\Views\contenidos\articulos\createArticle.php(27): view('common/formcont...')
#2 C:\xamppp\htdocs\the-final-boss\system\View\View.php(246): include('C:\\xamppp\\htdoc...')
#3 C:\xamppp\htdocs\the-final-boss\system\Common.php(1087): CodeIgniter\View\View->render('contenidos/arti...', Array, true)
#4 C:\xamppp\htdocs\the-final-boss\app\Controllers\Content.php(97): view('contenidos/arti...', Array)
#5 C:\xamppp\htdocs\the-final-boss\system\CodeIgniter.php(914): App\Controllers\Content->crearArticulo()
#6 C:\xamppp\htdocs\the-final-boss\system\CodeIgniter.php(400): CodeIgniter\CodeIgniter->runController(Object(App\Controllers\Content))
#7 C:\xamppp\htdocs\the-final-boss\system\CodeIgniter.php(308): CodeIgniter\CodeIgniter->handleRequest(NULL, Object(Config\Cache), false)
#8 C:\xamppp\htdocs\the-final-boss\public\index.php(45): CodeIgniter\CodeIgniter->run()
#9 {main}
CRITICAL - 2020-07-02 09:29:54 --> syntax error, unexpected 'else' (T_ELSE)
#0 C:\xamppp\htdocs\the-final-boss\system\Common.php(1087): CodeIgniter\View\View->render('common/formcont...', Array, true)
#1 C:\xamppp\htdocs\the-final-boss\app\Views\contenidos\articulos\createArticle.php(27): view('common/formcont...')
#2 C:\xamppp\htdocs\the-final-boss\system\View\View.php(246): include('C:\\xamppp\\htdoc...')
#3 C:\xamppp\htdocs\the-final-boss\system\Common.php(1087): CodeIgniter\View\View->render('contenidos/arti...', Array, true)
#4 C:\xamppp\htdocs\the-final-boss\app\Controllers\Content.php(97): view('contenidos/arti...', Array)
#5 C:\xamppp\htdocs\the-final-boss\system\CodeIgniter.php(914): App\Controllers\Content->crearArticulo()
#6 C:\xamppp\htdocs\the-final-boss\system\CodeIgniter.php(400): CodeIgniter\CodeIgniter->runController(Object(App\Controllers\Content))
#7 C:\xamppp\htdocs\the-final-boss\system\CodeIgniter.php(308): CodeIgniter\CodeIgniter->handleRequest(NULL, Object(Config\Cache), false)
#8 C:\xamppp\htdocs\the-final-boss\public\index.php(45): CodeIgniter\CodeIgniter->run()
#9 {main}
CRITICAL - 2020-07-02 09:30:35 --> syntax error, unexpected end of file
#0 C:\xamppp\htdocs\the-final-boss\system\Common.php(1087): CodeIgniter\View\View->render('common/formcont...', Array, true)
#1 C:\xamppp\htdocs\the-final-boss\app\Views\contenidos\articulos\createArticle.php(27): view('common/formcont...')
#2 C:\xamppp\htdocs\the-final-boss\system\View\View.php(246): include('C:\\xamppp\\htdoc...')
#3 C:\xamppp\htdocs\the-final-boss\system\Common.php(1087): CodeIgniter\View\View->render('contenidos/arti...', Array, true)
#4 C:\xamppp\htdocs\the-final-boss\app\Controllers\Content.php(97): view('contenidos/arti...', Array)
#5 C:\xamppp\htdocs\the-final-boss\system\CodeIgniter.php(914): App\Controllers\Content->crearArticulo()
#6 C:\xamppp\htdocs\the-final-boss\system\CodeIgniter.php(400): CodeIgniter\CodeIgniter->runController(Object(App\Controllers\Content))
#7 C:\xamppp\htdocs\the-final-boss\system\CodeIgniter.php(308): CodeIgniter\CodeIgniter->handleRequest(NULL, Object(Config\Cache), false)
#8 C:\xamppp\htdocs\the-final-boss\public\index.php(45): CodeIgniter\CodeIgniter->run()
#9 {main}
CRITICAL - 2020-07-02 09:30:59 --> syntax error, unexpected end of file
#0 C:\xamppp\htdocs\the-final-boss\system\Common.php(1087): CodeIgniter\View\View->render('common/formcont...', Array, true)
#1 C:\xamppp\htdocs\the-final-boss\app\Views\contenidos\articulos\createArticle.php(27): view('common/formcont...')
#2 C:\xamppp\htdocs\the-final-boss\system\View\View.php(246): include('C:\\xamppp\\htdoc...')
#3 C:\xamppp\htdocs\the-final-boss\system\Common.php(1087): CodeIgniter\View\View->render('contenidos/arti...', Array, true)
#4 C:\xamppp\htdocs\the-final-boss\app\Controllers\Content.php(97): view('contenidos/arti...', Array)
#5 C:\xamppp\htdocs\the-final-boss\system\CodeIgniter.php(914): App\Controllers\Content->crearArticulo()
#6 C:\xamppp\htdocs\the-final-boss\system\CodeIgniter.php(400): CodeIgniter\CodeIgniter->runController(Object(App\Controllers\Content))
#7 C:\xamppp\htdocs\the-final-boss\system\CodeIgniter.php(308): CodeIgniter\CodeIgniter->handleRequest(NULL, Object(Config\Cache), false)
#8 C:\xamppp\htdocs\the-final-boss\public\index.php(45): CodeIgniter\CodeIgniter->run()
#9 {main}
CRITICAL - 2020-07-02 09:31:20 --> syntax error, unexpected end of file
#0 C:\xamppp\htdocs\the-final-boss\system\Common.php(1087): CodeIgniter\View\View->render('common/formcont...', Array, true)
#1 C:\xamppp\htdocs\the-final-boss\app\Views\contenidos\articulos\createArticle.php(27): view('common/formcont...')
#2 C:\xamppp\htdocs\the-final-boss\system\View\View.php(246): include('C:\\xamppp\\htdoc...')
#3 C:\xamppp\htdocs\the-final-boss\system\Common.php(1087): CodeIgniter\View\View->render('contenidos/arti...', Array, true)
#4 C:\xamppp\htdocs\the-final-boss\app\Controllers\Content.php(97): view('contenidos/arti...', Array)
#5 C:\xamppp\htdocs\the-final-boss\system\CodeIgniter.php(914): App\Controllers\Content->crearArticulo()
#6 C:\xamppp\htdocs\the-final-boss\system\CodeIgniter.php(400): CodeIgniter\CodeIgniter->runController(Object(App\Controllers\Content))
#7 C:\xamppp\htdocs\the-final-boss\system\CodeIgniter.php(308): CodeIgniter\CodeIgniter->handleRequest(NULL, Object(Config\Cache), false)
#8 C:\xamppp\htdocs\the-final-boss\public\index.php(45): CodeIgniter\CodeIgniter->run()
#9 {main}
CRITICAL - 2020-07-02 09:31:45 --> syntax error, unexpected end of file
#0 C:\xamppp\htdocs\the-final-boss\system\Common.php(1087): CodeIgniter\View\View->render('common/formcont...', Array, true)
#1 C:\xamppp\htdocs\the-final-boss\app\Views\contenidos\articulos\createArticle.php(27): view('common/formcont...')
#2 C:\xamppp\htdocs\the-final-boss\system\View\View.php(246): include('C:\\xamppp\\htdoc...')
#3 C:\xamppp\htdocs\the-final-boss\system\Common.php(1087): CodeIgniter\View\View->render('contenidos/arti...', Array, true)
#4 C:\xamppp\htdocs\the-final-boss\app\Controllers\Content.php(97): view('contenidos/arti...', Array)
#5 C:\xamppp\htdocs\the-final-boss\system\CodeIgniter.php(914): App\Controllers\Content->crearArticulo()
#6 C:\xamppp\htdocs\the-final-boss\system\CodeIgniter.php(400): CodeIgniter\CodeIgniter->runController(Object(App\Controllers\Content))
#7 C:\xamppp\htdocs\the-final-boss\system\CodeIgniter.php(308): CodeIgniter\CodeIgniter->handleRequest(NULL, Object(Config\Cache), false)
#8 C:\xamppp\htdocs\the-final-boss\public\index.php(45): CodeIgniter\CodeIgniter->run()
#9 {main}
