CRITICAL - 2020-06-23 17:39:04 --> Argument 2 passed to form_input() must be of the type string, null given, called in C:\Users\ahft_\Documents\Tareas\Universidad\UDABOL\Investigacion Operativa\XAMPP\htdocs\the-final-boss\app\Views\UserViews\editar.php on line 18
#0 C:\Users\ahft_\Documents\Tareas\Universidad\UDABOL\Investigacion Operativa\XAMPP\htdocs\the-final-boss\app\Views\UserViews\editar.php(18): form_input('user[nombre_usu...', NULL, Array)
#1 C:\Users\ahft_\Documents\Tareas\Universidad\UDABOL\Investigacion Operativa\XAMPP\htdocs\the-final-boss\system\View\View.php(246): include('C:\\Users\\ahft_\\...')
#2 C:\Users\ahft_\Documents\Tareas\Universidad\UDABOL\Investigacion Operativa\XAMPP\htdocs\the-final-boss\system\Common.php(1087): CodeIgniter\View\View->render('UserViews/edita...', Array, true)
#3 C:\Users\ahft_\Documents\Tareas\Universidad\UDABOL\Investigacion Operativa\XAMPP\htdocs\the-final-boss\app\Controllers\UserController.php(156): view('UserViews/edita...', Array)
#4 C:\Users\ahft_\Documents\Tareas\Universidad\UDABOL\Investigacion Operativa\XAMPP\htdocs\the-final-boss\system\CodeIgniter.php(914): App\Controllers\UserController->editar()
#5 C:\Users\ahft_\Documents\Tareas\Universidad\UDABOL\Investigacion Operativa\XAMPP\htdocs\the-final-boss\system\CodeIgniter.php(400): CodeIgniter\CodeIgniter->runController(Object(App\Controllers\UserController))
#6 C:\Users\ahft_\Documents\Tareas\Universidad\UDABOL\Investigacion Operativa\XAMPP\htdocs\the-final-boss\system\CodeIgniter.php(308): CodeIgniter\CodeIgniter->handleRequest(NULL, Object(Config\Cache), false)
#7 C:\Users\ahft_\Documents\Tareas\Universidad\UDABOL\Investigacion Operativa\XAMPP\htdocs\the-final-boss\public\index.php(45): CodeIgniter\CodeIgniter->run()
#8 {main}
CRITICAL - 2020-06-23 17:39:20 --> session_start(): A session had already been started - ignoring
#0 [internal function]: CodeIgniter\Debug\Exceptions->errorHandler(8, 'session_start()...', 'C:\\Users\\ahft_\\...', 5, Array)
#1 C:\Users\ahft_\Documents\Tareas\Universidad\UDABOL\Investigacion Operativa\XAMPP\htdocs\the-final-boss\app\Views\common\basicheader.php(5): session_start()
#2 C:\Users\ahft_\Documents\Tareas\Universidad\UDABOL\Investigacion Operativa\XAMPP\htdocs\the-final-boss\system\View\View.php(246): include('C:\\Users\\ahft_\\...')
#3 C:\Users\ahft_\Documents\Tareas\Universidad\UDABOL\Investigacion Operativa\XAMPP\htdocs\the-final-boss\system\Common.php(1087): CodeIgniter\View\View->render('common/basichea...', Array, true)
#4 C:\Users\ahft_\Documents\Tareas\Universidad\UDABOL\Investigacion Operativa\XAMPP\htdocs\the-final-boss\app\Views\UserViews\editar.php(3): view('common/basichea...', Array)
#5 C:\Users\ahft_\Documents\Tareas\Universidad\UDABOL\Investigacion Operativa\XAMPP\htdocs\the-final-boss\system\View\View.php(246): include('C:\\Users\\ahft_\\...')
#6 C:\Users\ahft_\Documents\Tareas\Universidad\UDABOL\Investigacion Operativa\XAMPP\htdocs\the-final-boss\system\Common.php(1087): CodeIgniter\View\View->render('UserViews/edita...', Array, true)
#7 C:\Users\ahft_\Documents\Tareas\Universidad\UDABOL\Investigacion Operativa\XAMPP\htdocs\the-final-boss\app\Controllers\UserController.php(156): view('UserViews/edita...', Array)
#8 C:\Users\ahft_\Documents\Tareas\Universidad\UDABOL\Investigacion Operativa\XAMPP\htdocs\the-final-boss\system\CodeIgniter.php(914): App\Controllers\UserController->editar()
#9 C:\Users\ahft_\Documents\Tareas\Universidad\UDABOL\Investigacion Operativa\XAMPP\htdocs\the-final-boss\system\CodeIgniter.php(400): CodeIgniter\CodeIgniter->runController(Object(App\Controllers\UserController))
#10 C:\Users\ahft_\Documents\Tareas\Universidad\UDABOL\Investigacion Operativa\XAMPP\htdocs\the-final-boss\system\CodeIgniter.php(308): CodeIgniter\CodeIgniter->handleRequest(NULL, Object(Config\Cache), false)
#11 C:\Users\ahft_\Documents\Tareas\Universidad\UDABOL\Investigacion Operativa\XAMPP\htdocs\the-final-boss\public\index.php(45): CodeIgniter\CodeIgniter->run()
#12 {main}
CRITICAL - 2020-06-23 17:39:30 --> session_start(): A session had already been started - ignoring
#0 [internal function]: CodeIgniter\Debug\Exceptions->errorHandler(8, 'session_start()...', 'C:\\Users\\ahft_\\...', 5, Array)
#1 C:\Users\ahft_\Documents\Tareas\Universidad\UDABOL\Investigacion Operativa\XAMPP\htdocs\the-final-boss\app\Views\common\basicheader.php(5): session_start()
#2 C:\Users\ahft_\Documents\Tareas\Universidad\UDABOL\Investigacion Operativa\XAMPP\htdocs\the-final-boss\system\View\View.php(246): include('C:\\Users\\ahft_\\...')
#3 C:\Users\ahft_\Documents\Tareas\Universidad\UDABOL\Investigacion Operativa\XAMPP\htdocs\the-final-boss\system\Common.php(1087): CodeIgniter\View\View->render('common/basichea...', Array, true)
#4 C:\Users\ahft_\Documents\Tareas\Universidad\UDABOL\Investigacion Operativa\XAMPP\htdocs\the-final-boss\app\Views\UserViews\editar.php(3): view('common/basichea...', Array)
#5 C:\Users\ahft_\Documents\Tareas\Universidad\UDABOL\Investigacion Operativa\XAMPP\htdocs\the-final-boss\system\View\View.php(246): include('C:\\Users\\ahft_\\...')
#6 C:\Users\ahft_\Documents\Tareas\Universidad\UDABOL\Investigacion Operativa\XAMPP\htdocs\the-final-boss\system\Common.php(1087): CodeIgniter\View\View->render('UserViews/edita...', Array, true)
#7 C:\Users\ahft_\Documents\Tareas\Universidad\UDABOL\Investigacion Operativa\XAMPP\htdocs\the-final-boss\app\Controllers\UserController.php(156): view('UserViews/edita...', Array)
#8 C:\Users\ahft_\Documents\Tareas\Universidad\UDABOL\Investigacion Operativa\XAMPP\htdocs\the-final-boss\system\CodeIgniter.php(914): App\Controllers\UserController->editar()
#9 C:\Users\ahft_\Documents\Tareas\Universidad\UDABOL\Investigacion Operativa\XAMPP\htdocs\the-final-boss\system\CodeIgniter.php(400): CodeIgniter\CodeIgniter->runController(Object(App\Controllers\UserController))
#10 C:\Users\ahft_\Documents\Tareas\Universidad\UDABOL\Investigacion Operativa\XAMPP\htdocs\the-final-boss\system\CodeIgniter.php(308): CodeIgniter\CodeIgniter->handleRequest(NULL, Object(Config\Cache), false)
#11 C:\Users\ahft_\Documents\Tareas\Universidad\UDABOL\Investigacion Operativa\XAMPP\htdocs\the-final-boss\public\index.php(45): CodeIgniter\CodeIgniter->run()
#12 {main}
CRITICAL - 2020-06-23 17:39:34 --> session_start(): A session had already been started - ignoring
#0 [internal function]: CodeIgniter\Debug\Exceptions->errorHandler(8, 'session_start()...', 'C:\\Users\\ahft_\\...', 5, Array)
#1 C:\Users\ahft_\Documents\Tareas\Universidad\UDABOL\Investigacion Operativa\XAMPP\htdocs\the-final-boss\app\Views\common\basicheader.php(5): session_start()
#2 C:\Users\ahft_\Documents\Tareas\Universidad\UDABOL\Investigacion Operativa\XAMPP\htdocs\the-final-boss\system\View\View.php(246): include('C:\\Users\\ahft_\\...')
#3 C:\Users\ahft_\Documents\Tareas\Universidad\UDABOL\Investigacion Operativa\XAMPP\htdocs\the-final-boss\system\Common.php(1087): CodeIgniter\View\View->render('common/basichea...', Array, true)
#4 C:\Users\ahft_\Documents\Tareas\Universidad\UDABOL\Investigacion Operativa\XAMPP\htdocs\the-final-boss\app\Views\UserViews\editar.php(3): view('common/basichea...', Array)
#5 C:\Users\ahft_\Documents\Tareas\Universidad\UDABOL\Investigacion Operativa\XAMPP\htdocs\the-final-boss\system\View\View.php(246): include('C:\\Users\\ahft_\\...')
#6 C:\Users\ahft_\Documents\Tareas\Universidad\UDABOL\Investigacion Operativa\XAMPP\htdocs\the-final-boss\system\Common.php(1087): CodeIgniter\View\View->render('UserViews/edita...', Array, true)
#7 C:\Users\ahft_\Documents\Tareas\Universidad\UDABOL\Investigacion Operativa\XAMPP\htdocs\the-final-boss\app\Controllers\UserController.php(156): view('UserViews/edita...', Array)
#8 C:\Users\ahft_\Documents\Tareas\Universidad\UDABOL\Investigacion Operativa\XAMPP\htdocs\the-final-boss\system\CodeIgniter.php(914): App\Controllers\UserController->editar()
#9 C:\Users\ahft_\Documents\Tareas\Universidad\UDABOL\Investigacion Operativa\XAMPP\htdocs\the-final-boss\system\CodeIgniter.php(400): CodeIgniter\CodeIgniter->runController(Object(App\Controllers\UserController))
#10 C:\Users\ahft_\Documents\Tareas\Universidad\UDABOL\Investigacion Operativa\XAMPP\htdocs\the-final-boss\system\CodeIgniter.php(308): CodeIgniter\CodeIgniter->handleRequest(NULL, Object(Config\Cache), false)
#11 C:\Users\ahft_\Documents\Tareas\Universidad\UDABOL\Investigacion Operativa\XAMPP\htdocs\the-final-boss\public\index.php(45): CodeIgniter\CodeIgniter->run()
#12 {main}
CRITICAL - 2020-06-23 17:39:44 --> session_start(): A session had already been started - ignoring
#0 [internal function]: CodeIgniter\Debug\Exceptions->errorHandler(8, 'session_start()...', 'C:\\Users\\ahft_\\...', 5, Array)
#1 C:\Users\ahft_\Documents\Tareas\Universidad\UDABOL\Investigacion Operativa\XAMPP\htdocs\the-final-boss\app\Views\common\basicheader.php(5): session_start()
#2 C:\Users\ahft_\Documents\Tareas\Universidad\UDABOL\Investigacion Operativa\XAMPP\htdocs\the-final-boss\system\View\View.php(246): include('C:\\Users\\ahft_\\...')
#3 C:\Users\ahft_\Documents\Tareas\Universidad\UDABOL\Investigacion Operativa\XAMPP\htdocs\the-final-boss\system\Common.php(1087): CodeIgniter\View\View->render('common/basichea...', Array, true)
#4 C:\Users\ahft_\Documents\Tareas\Universidad\UDABOL\Investigacion Operativa\XAMPP\htdocs\the-final-boss\app\Views\UserFrontend\LoginFront.php(3): view('common/basichea...', Array)
#5 C:\Users\ahft_\Documents\Tareas\Universidad\UDABOL\Investigacion Operativa\XAMPP\htdocs\the-final-boss\system\View\View.php(246): include('C:\\Users\\ahft_\\...')
#6 C:\Users\ahft_\Documents\Tareas\Universidad\UDABOL\Investigacion Operativa\XAMPP\htdocs\the-final-boss\system\Common.php(1087): CodeIgniter\View\View->render('UserFrontend/lo...', Array, true)
#7 C:\Users\ahft_\Documents\Tareas\Universidad\UDABOL\Investigacion Operativa\XAMPP\htdocs\the-final-boss\app\Controllers\UserController.php(220): view('UserFrontend/lo...', Array)
#8 C:\Users\ahft_\Documents\Tareas\Universidad\UDABOL\Investigacion Operativa\XAMPP\htdocs\the-final-boss\system\CodeIgniter.php(914): App\Controllers\UserController->loginFrontend()
#9 C:\Users\ahft_\Documents\Tareas\Universidad\UDABOL\Investigacion Operativa\XAMPP\htdocs\the-final-boss\system\CodeIgniter.php(400): CodeIgniter\CodeIgniter->runController(Object(App\Controllers\UserController))
#10 C:\Users\ahft_\Documents\Tareas\Universidad\UDABOL\Investigacion Operativa\XAMPP\htdocs\the-final-boss\system\CodeIgniter.php(308): CodeIgniter\CodeIgniter->handleRequest(NULL, Object(Config\Cache), false)
#11 C:\Users\ahft_\Documents\Tareas\Universidad\UDABOL\Investigacion Operativa\XAMPP\htdocs\the-final-boss\public\index.php(45): CodeIgniter\CodeIgniter->run()
#12 {main}
CRITICAL - 2020-06-23 17:41:00 --> Undefined index: nombre_usuario
#0 C:\Users\ahft_\Documents\Tareas\Universidad\UDABOL\Investigacion Operativa\XAMPP\htdocs\the-final-boss\app\Views\UserViews\editar.php(18): CodeIgniter\Debug\Exceptions->errorHandler(8, 'Undefined index...', 'C:\\Users\\ahft_\\...', 18, Array)
#1 C:\Users\ahft_\Documents\Tareas\Universidad\UDABOL\Investigacion Operativa\XAMPP\htdocs\the-final-boss\system\View\View.php(246): include('C:\\Users\\ahft_\\...')
#2 C:\Users\ahft_\Documents\Tareas\Universidad\UDABOL\Investigacion Operativa\XAMPP\htdocs\the-final-boss\system\Common.php(1087): CodeIgniter\View\View->render('UserViews/edita...', Array, true)
#3 C:\Users\ahft_\Documents\Tareas\Universidad\UDABOL\Investigacion Operativa\XAMPP\htdocs\the-final-boss\app\Controllers\UserController.php(156): view('UserViews/edita...', Array)
#4 C:\Users\ahft_\Documents\Tareas\Universidad\UDABOL\Investigacion Operativa\XAMPP\htdocs\the-final-boss\system\CodeIgniter.php(914): App\Controllers\UserController->editar()
#5 C:\Users\ahft_\Documents\Tareas\Universidad\UDABOL\Investigacion Operativa\XAMPP\htdocs\the-final-boss\system\CodeIgniter.php(400): CodeIgniter\CodeIgniter->runController(Object(App\Controllers\UserController))
#6 C:\Users\ahft_\Documents\Tareas\Universidad\UDABOL\Investigacion Operativa\XAMPP\htdocs\the-final-boss\system\CodeIgniter.php(308): CodeIgniter\CodeIgniter->handleRequest(NULL, Object(Config\Cache), false)
#7 C:\Users\ahft_\Documents\Tareas\Universidad\UDABOL\Investigacion Operativa\XAMPP\htdocs\the-final-boss\public\index.php(45): CodeIgniter\CodeIgniter->run()
#8 {main}
CRITICAL - 2020-06-23 17:43:27 --> Undefined index: nombre_usuario
#0 C:\Users\ahft_\Documents\Tareas\Universidad\UDABOL\Investigacion Operativa\XAMPP\htdocs\the-final-boss\app\Views\UserViews\editar.php(18): CodeIgniter\Debug\Exceptions->errorHandler(8, 'Undefined index...', 'C:\\Users\\ahft_\\...', 18, Array)
#1 C:\Users\ahft_\Documents\Tareas\Universidad\UDABOL\Investigacion Operativa\XAMPP\htdocs\the-final-boss\system\View\View.php(246): include('C:\\Users\\ahft_\\...')
#2 C:\Users\ahft_\Documents\Tareas\Universidad\UDABOL\Investigacion Operativa\XAMPP\htdocs\the-final-boss\system\Common.php(1087): CodeIgniter\View\View->render('UserViews/edita...', Array, true)
#3 C:\Users\ahft_\Documents\Tareas\Universidad\UDABOL\Investigacion Operativa\XAMPP\htdocs\the-final-boss\app\Controllers\UserController.php(156): view('UserViews/edita...', Array)
#4 C:\Users\ahft_\Documents\Tareas\Universidad\UDABOL\Investigacion Operativa\XAMPP\htdocs\the-final-boss\system\CodeIgniter.php(914): App\Controllers\UserController->editar()
#5 C:\Users\ahft_\Documents\Tareas\Universidad\UDABOL\Investigacion Operativa\XAMPP\htdocs\the-final-boss\system\CodeIgniter.php(400): CodeIgniter\CodeIgniter->runController(Object(App\Controllers\UserController))
#6 C:\Users\ahft_\Documents\Tareas\Universidad\UDABOL\Investigacion Operativa\XAMPP\htdocs\the-final-boss\system\CodeIgniter.php(308): CodeIgniter\CodeIgniter->handleRequest(NULL, Object(Config\Cache), false)
#7 C:\Users\ahft_\Documents\Tareas\Universidad\UDABOL\Investigacion Operativa\XAMPP\htdocs\the-final-boss\public\index.php(45): CodeIgniter\CodeIgniter->run()
#8 {main}
CRITICAL - 2020-06-23 20:41:44 --> Use of undefined constant common - assumed 'common' (this will throw an Error in a future version of PHP)
#0 C:\xamppp\htdocs\the-final-boss\app\Views\UserViews\lista.php(1): CodeIgniter\Debug\Exceptions->errorHandler(2, 'Use of undefine...', 'C:\\xamppp\\htdoc...', 1, Array)
#1 C:\xamppp\htdocs\the-final-boss\system\View\View.php(246): include('C:\\xamppp\\htdoc...')
#2 C:\xamppp\htdocs\the-final-boss\system\Common.php(1087): CodeIgniter\View\View->render('UserViews/lista', Array, true)
#3 C:\xamppp\htdocs\the-final-boss\app\Controllers\UserController.php(119): view('UserViews/lista', Array)
#4 C:\xamppp\htdocs\the-final-boss\system\CodeIgniter.php(914): App\Controllers\UserController->listar()
#5 C:\xamppp\htdocs\the-final-boss\system\CodeIgniter.php(400): CodeIgniter\CodeIgniter->runController(Object(App\Controllers\UserController))
#6 C:\xamppp\htdocs\the-final-boss\system\CodeIgniter.php(308): CodeIgniter\CodeIgniter->handleRequest(NULL, Object(Config\Cache), false)
#7 C:\xamppp\htdocs\the-final-boss\public\index.php(45): CodeIgniter\CodeIgniter->run()
#8 {main}
CRITICAL - 2020-06-23 20:42:02 --> Use of undefined constant common - assumed 'common' (this will throw an Error in a future version of PHP)
#0 C:\xamppp\htdocs\the-final-boss\app\Views\UserViews\lista.php(1): CodeIgniter\Debug\Exceptions->errorHandler(2, 'Use of undefine...', 'C:\\xamppp\\htdoc...', 1, Array)
#1 C:\xamppp\htdocs\the-final-boss\system\View\View.php(246): include('C:\\xamppp\\htdoc...')
#2 C:\xamppp\htdocs\the-final-boss\system\Common.php(1087): CodeIgniter\View\View->render('UserViews/lista', Array, true)
#3 C:\xamppp\htdocs\the-final-boss\app\Controllers\UserController.php(119): view('UserViews/lista', Array)
#4 C:\xamppp\htdocs\the-final-boss\system\CodeIgniter.php(914): App\Controllers\UserController->listar()
#5 C:\xamppp\htdocs\the-final-boss\system\CodeIgniter.php(400): CodeIgniter\CodeIgniter->runController(Object(App\Controllers\UserController))
#6 C:\xamppp\htdocs\the-final-boss\system\CodeIgniter.php(308): CodeIgniter\CodeIgniter->handleRequest(NULL, Object(Config\Cache), false)
#7 C:\xamppp\htdocs\the-final-boss\public\index.php(45): CodeIgniter\CodeIgniter->run()
#8 {main}
CRITICAL - 2020-06-23 20:42:06 --> Use of undefined constant common - assumed 'common' (this will throw an Error in a future version of PHP)
#0 C:\xamppp\htdocs\the-final-boss\app\Views\UserViews\lista.php(1): CodeIgniter\Debug\Exceptions->errorHandler(2, 'Use of undefine...', 'C:\\xamppp\\htdoc...', 1, Array)
#1 C:\xamppp\htdocs\the-final-boss\system\View\View.php(246): include('C:\\xamppp\\htdoc...')
#2 C:\xamppp\htdocs\the-final-boss\system\Common.php(1087): CodeIgniter\View\View->render('UserViews/lista', Array, true)
#3 C:\xamppp\htdocs\the-final-boss\app\Controllers\UserController.php(119): view('UserViews/lista', Array)
#4 C:\xamppp\htdocs\the-final-boss\system\CodeIgniter.php(914): App\Controllers\UserController->listar()
#5 C:\xamppp\htdocs\the-final-boss\system\CodeIgniter.php(400): CodeIgniter\CodeIgniter->runController(Object(App\Controllers\UserController))
#6 C:\xamppp\htdocs\the-final-boss\system\CodeIgniter.php(308): CodeIgniter\CodeIgniter->handleRequest(NULL, Object(Config\Cache), false)
#7 C:\xamppp\htdocs\the-final-boss\public\index.php(45): CodeIgniter\CodeIgniter->run()
#8 {main}
CRITICAL - 2020-06-23 20:42:26 --> Use of undefined constant common - assumed 'common' (this will throw an Error in a future version of PHP)
#0 C:\xamppp\htdocs\the-final-boss\app\Views\UserViews\lista.php(1): CodeIgniter\Debug\Exceptions->errorHandler(2, 'Use of undefine...', 'C:\\xamppp\\htdoc...', 1, Array)
#1 C:\xamppp\htdocs\the-final-boss\system\View\View.php(246): include('C:\\xamppp\\htdoc...')
#2 C:\xamppp\htdocs\the-final-boss\system\Common.php(1087): CodeIgniter\View\View->render('UserViews/lista', Array, true)
#3 C:\xamppp\htdocs\the-final-boss\app\Controllers\UserController.php(119): view('UserViews/lista', Array)
#4 C:\xamppp\htdocs\the-final-boss\system\CodeIgniter.php(914): App\Controllers\UserController->listar()
#5 C:\xamppp\htdocs\the-final-boss\system\CodeIgniter.php(400): CodeIgniter\CodeIgniter->runController(Object(App\Controllers\UserController))
#6 C:\xamppp\htdocs\the-final-boss\system\CodeIgniter.php(308): CodeIgniter\CodeIgniter->handleRequest(NULL, Object(Config\Cache), false)
#7 C:\xamppp\htdocs\the-final-boss\public\index.php(45): CodeIgniter\CodeIgniter->run()
#8 {main}
CRITICAL - 2020-06-23 20:42:36 --> Use of undefined constant common - assumed 'common' (this will throw an Error in a future version of PHP)
#0 C:\xamppp\htdocs\the-final-boss\app\Views\UserViews\lista.php(1): CodeIgniter\Debug\Exceptions->errorHandler(2, 'Use of undefine...', 'C:\\xamppp\\htdoc...', 1, Array)
#1 C:\xamppp\htdocs\the-final-boss\system\View\View.php(246): include('C:\\xamppp\\htdoc...')
#2 C:\xamppp\htdocs\the-final-boss\system\Common.php(1087): CodeIgniter\View\View->render('UserViews/lista', Array, true)
#3 C:\xamppp\htdocs\the-final-boss\app\Controllers\UserController.php(119): view('UserViews/lista', Array)
#4 C:\xamppp\htdocs\the-final-boss\system\CodeIgniter.php(914): App\Controllers\UserController->listar()
#5 C:\xamppp\htdocs\the-final-boss\system\CodeIgniter.php(400): CodeIgniter\CodeIgniter->runController(Object(App\Controllers\UserController))
#6 C:\xamppp\htdocs\the-final-boss\system\CodeIgniter.php(308): CodeIgniter\CodeIgniter->handleRequest(NULL, Object(Config\Cache), false)
#7 C:\xamppp\htdocs\the-final-boss\public\index.php(45): CodeIgniter\CodeIgniter->run()
#8 {main}
CRITICAL - 2020-06-23 20:43:51 --> Use of undefined constant common - assumed 'common' (this will throw an Error in a future version of PHP)
#0 C:\xamppp\htdocs\the-final-boss\app\Views\UserViews\lista.php(1): CodeIgniter\Debug\Exceptions->errorHandler(2, 'Use of undefine...', 'C:\\xamppp\\htdoc...', 1, Array)
#1 C:\xamppp\htdocs\the-final-boss\system\View\View.php(246): include('C:\\xamppp\\htdoc...')
#2 C:\xamppp\htdocs\the-final-boss\system\Common.php(1087): CodeIgniter\View\View->render('UserViews/lista', Array, true)
#3 C:\xamppp\htdocs\the-final-boss\app\Controllers\UserController.php(119): view('UserViews/lista', Array)
#4 C:\xamppp\htdocs\the-final-boss\system\CodeIgniter.php(914): App\Controllers\UserController->listar()
#5 C:\xamppp\htdocs\the-final-boss\system\CodeIgniter.php(400): CodeIgniter\CodeIgniter->runController(Object(App\Controllers\UserController))
#6 C:\xamppp\htdocs\the-final-boss\system\CodeIgniter.php(308): CodeIgniter\CodeIgniter->handleRequest(NULL, Object(Config\Cache), false)
#7 C:\xamppp\htdocs\the-final-boss\public\index.php(45): CodeIgniter\CodeIgniter->run()
#8 {main}
CRITICAL - 2020-06-23 21:01:25 --> Use of undefined constant common - assumed 'common' (this will throw an Error in a future version of PHP)
#0 C:\xamppp\htdocs\the-final-boss\app\Views\UserViews\lista.php(1): CodeIgniter\Debug\Exceptions->errorHandler(2, 'Use of undefine...', 'C:\\xamppp\\htdoc...', 1, Array)
#1 C:\xamppp\htdocs\the-final-boss\system\View\View.php(246): include('C:\\xamppp\\htdoc...')
#2 C:\xamppp\htdocs\the-final-boss\system\Common.php(1087): CodeIgniter\View\View->render('UserViews/lista', Array, true)
#3 C:\xamppp\htdocs\the-final-boss\app\Controllers\UserController.php(119): view('UserViews/lista', Array)
#4 C:\xamppp\htdocs\the-final-boss\system\CodeIgniter.php(914): App\Controllers\UserController->listar()
#5 C:\xamppp\htdocs\the-final-boss\system\CodeIgniter.php(400): CodeIgniter\CodeIgniter->runController(Object(App\Controllers\UserController))
#6 C:\xamppp\htdocs\the-final-boss\system\CodeIgniter.php(308): CodeIgniter\CodeIgniter->handleRequest(NULL, Object(Config\Cache), false)
#7 C:\xamppp\htdocs\the-final-boss\public\index.php(45): CodeIgniter\CodeIgniter->run()
#8 {main}
CRITICAL - 2020-06-23 22:19:42 --> syntax error, unexpected ''Ver lista de artículos"); ?>' (T_ENCAPSED_AND_WHITESPACE), expecting ')'
#0 C:\xamppp\htdocs\the-final-boss\system\Common.php(1087): CodeIgniter\View\View->render('common/adminlte...', Array, true)
#1 C:\xamppp\htdocs\the-final-boss\app\Views\UserViews\lista.php(1): view('common/adminlte...')
#2 C:\xamppp\htdocs\the-final-boss\system\View\View.php(246): include('C:\\xamppp\\htdoc...')
#3 C:\xamppp\htdocs\the-final-boss\system\Common.php(1087): CodeIgniter\View\View->render('UserViews/lista', Array, true)
#4 C:\xamppp\htdocs\the-final-boss\app\Controllers\UserController.php(119): view('UserViews/lista', Array)
#5 C:\xamppp\htdocs\the-final-boss\system\CodeIgniter.php(914): App\Controllers\UserController->listar()
#6 C:\xamppp\htdocs\the-final-boss\system\CodeIgniter.php(400): CodeIgniter\CodeIgniter->runController(Object(App\Controllers\UserController))
#7 C:\xamppp\htdocs\the-final-boss\system\CodeIgniter.php(308): CodeIgniter\CodeIgniter->handleRequest(NULL, Object(Config\Cache), false)
#8 C:\xamppp\htdocs\the-final-boss\public\index.php(45): CodeIgniter\CodeIgniter->run()
#9 {main}
CRITICAL - 2020-06-23 23:01:01 --> Too few arguments to function App\Controllers\Content::pagina(), 0 passed in C:\xamppp\htdocs\the-final-boss\system\CodeIgniter.php on line 914 and exactly 1 expected
#0 C:\xamppp\htdocs\the-final-boss\system\CodeIgniter.php(914): App\Controllers\Content->pagina()
#1 C:\xamppp\htdocs\the-final-boss\system\CodeIgniter.php(400): CodeIgniter\CodeIgniter->runController(Object(App\Controllers\Content))
#2 C:\xamppp\htdocs\the-final-boss\system\CodeIgniter.php(308): CodeIgniter\CodeIgniter->handleRequest(NULL, Object(Config\Cache), false)
#3 C:\xamppp\htdocs\the-final-boss\public\index.php(45): CodeIgniter\CodeIgniter->run()
#4 {main}
CRITICAL - 2020-06-23 23:01:38 --> syntax error, unexpected '", "' (T_CONSTANT_ENCAPSED_STRING), expecting ')'
#0 C:\xamppp\htdocs\the-final-boss\system\Common.php(1087): CodeIgniter\View\View->render('common/adminlte...', Array, true)
#1 C:\xamppp\htdocs\the-final-boss\app\Views\contenidos\articulos\showArticles.php(2): view('common/adminlte...')
#2 C:\xamppp\htdocs\the-final-boss\system\View\View.php(246): include('C:\\xamppp\\htdoc...')
#3 C:\xamppp\htdocs\the-final-boss\system\Common.php(1087): CodeIgniter\View\View->render('contenidos/arti...', Array, true)
#4 C:\xamppp\htdocs\the-final-boss\app\Controllers\Content.php(30): view('contenidos/arti...', Array)
#5 C:\xamppp\htdocs\the-final-boss\system\CodeIgniter.php(914): App\Controllers\Content->index()
#6 C:\xamppp\htdocs\the-final-boss\system\CodeIgniter.php(400): CodeIgniter\CodeIgniter->runController(Object(App\Controllers\Content))
#7 C:\xamppp\htdocs\the-final-boss\system\CodeIgniter.php(308): CodeIgniter\CodeIgniter->handleRequest(NULL, Object(Config\Cache), false)
#8 C:\xamppp\htdocs\the-final-boss\public\index.php(45): CodeIgniter\CodeIgniter->run()
#9 {main}
CRITICAL - 2020-06-23 23:06:02 --> Too few arguments to function App\Controllers\Content::pagina(), 0 passed in C:\xamppp\htdocs\the-final-boss\system\CodeIgniter.php on line 914 and exactly 1 expected
#0 C:\xamppp\htdocs\the-final-boss\system\CodeIgniter.php(914): App\Controllers\Content->pagina()
#1 C:\xamppp\htdocs\the-final-boss\system\CodeIgniter.php(400): CodeIgniter\CodeIgniter->runController(Object(App\Controllers\Content))
#2 C:\xamppp\htdocs\the-final-boss\system\CodeIgniter.php(308): CodeIgniter\CodeIgniter->handleRequest(NULL, Object(Config\Cache), false)
#3 C:\xamppp\htdocs\the-final-boss\public\index.php(45): CodeIgniter\CodeIgniter->run()
#4 {main}
CRITICAL - 2020-06-23 23:09:36 --> Too few arguments to function App\Controllers\Content::pagina(), 0 passed in C:\xamppp\htdocs\the-final-boss\system\CodeIgniter.php on line 914 and exactly 1 expected
#0 C:\xamppp\htdocs\the-final-boss\system\CodeIgniter.php(914): App\Controllers\Content->pagina()
#1 C:\xamppp\htdocs\the-final-boss\system\CodeIgniter.php(400): CodeIgniter\CodeIgniter->runController(Object(App\Controllers\Content))
#2 C:\xamppp\htdocs\the-final-boss\system\CodeIgniter.php(308): CodeIgniter\CodeIgniter->handleRequest(NULL, Object(Config\Cache), false)
#3 C:\xamppp\htdocs\the-final-boss\public\index.php(45): CodeIgniter\CodeIgniter->run()
#4 {main}
CRITICAL - 2020-06-23 23:27:06 --> syntax error, unexpected 'content' (T_STRING), expecting ';' or ','
#0 C:\xamppp\htdocs\the-final-boss\system\Common.php(1087): CodeIgniter\View\View->render('common/adminlte...', Array, true)
#1 C:\xamppp\htdocs\the-final-boss\app\Views\contenidos\articulos\showArticles.php(2): view('common/adminlte...')
#2 C:\xamppp\htdocs\the-final-boss\system\View\View.php(246): include('C:\\xamppp\\htdoc...')
#3 C:\xamppp\htdocs\the-final-boss\system\Common.php(1087): CodeIgniter\View\View->render('contenidos/arti...', Array, true)
#4 C:\xamppp\htdocs\the-final-boss\app\Controllers\Content.php(30): view('contenidos/arti...', Array)
#5 C:\xamppp\htdocs\the-final-boss\system\CodeIgniter.php(914): App\Controllers\Content->index()
#6 C:\xamppp\htdocs\the-final-boss\system\CodeIgniter.php(400): CodeIgniter\CodeIgniter->runController(Object(App\Controllers\Content))
#7 C:\xamppp\htdocs\the-final-boss\system\CodeIgniter.php(308): CodeIgniter\CodeIgniter->handleRequest(NULL, Object(Config\Cache), false)
#8 C:\xamppp\htdocs\the-final-boss\public\index.php(45): CodeIgniter\CodeIgniter->run()
#9 {main}
CRITICAL - 2020-06-23 23:30:27 --> syntax error, unexpected 'dropdown' (T_STRING), expecting ';' or ','
#0 C:\xamppp\htdocs\the-final-boss\system\Common.php(1087): CodeIgniter\View\View->render('common/adminlte...', Array, true)
#1 C:\xamppp\htdocs\the-final-boss\app\Views\contenidos\articulos\showArticles.php(2): view('common/adminlte...')
#2 C:\xamppp\htdocs\the-final-boss\system\View\View.php(246): include('C:\\xamppp\\htdoc...')
#3 C:\xamppp\htdocs\the-final-boss\system\Common.php(1087): CodeIgniter\View\View->render('contenidos/arti...', Array, true)
#4 C:\xamppp\htdocs\the-final-boss\app\Controllers\Content.php(30): view('contenidos/arti...', Array)
#5 C:\xamppp\htdocs\the-final-boss\system\CodeIgniter.php(914): App\Controllers\Content->index()
#6 C:\xamppp\htdocs\the-final-boss\system\CodeIgniter.php(400): CodeIgniter\CodeIgniter->runController(Object(App\Controllers\Content))
#7 C:\xamppp\htdocs\the-final-boss\system\CodeIgniter.php(308): CodeIgniter\CodeIgniter->handleRequest(NULL, Object(Config\Cache), false)
#8 C:\xamppp\htdocs\the-final-boss\public\index.php(45): CodeIgniter\CodeIgniter->run()
#9 {main}
CRITICAL - 2020-06-23 23:30:45 --> syntax error, unexpected 'dropdown' (T_STRING), expecting ';' or ','
#0 C:\xamppp\htdocs\the-final-boss\system\Common.php(1087): CodeIgniter\View\View->render('common/adminlte...', Array, true)
#1 C:\xamppp\htdocs\the-final-boss\app\Views\contenidos\articulos\showArticles.php(2): view('common/adminlte...')
#2 C:\xamppp\htdocs\the-final-boss\system\View\View.php(246): include('C:\\xamppp\\htdoc...')
#3 C:\xamppp\htdocs\the-final-boss\system\Common.php(1087): CodeIgniter\View\View->render('contenidos/arti...', Array, true)
#4 C:\xamppp\htdocs\the-final-boss\app\Controllers\Content.php(30): view('contenidos/arti...', Array)
#5 C:\xamppp\htdocs\the-final-boss\system\CodeIgniter.php(914): App\Controllers\Content->index()
#6 C:\xamppp\htdocs\the-final-boss\system\CodeIgniter.php(400): CodeIgniter\CodeIgniter->runController(Object(App\Controllers\Content))
#7 C:\xamppp\htdocs\the-final-boss\system\CodeIgniter.php(308): CodeIgniter\CodeIgniter->handleRequest(NULL, Object(Config\Cache), false)
#8 C:\xamppp\htdocs\the-final-boss\public\index.php(45): CodeIgniter\CodeIgniter->run()
#9 {main}
CRITICAL - 2020-06-23 23:31:34 --> syntax error, unexpected 'dropdown' (T_STRING), expecting ';' or ','
#0 C:\xamppp\htdocs\the-final-boss\system\Common.php(1087): CodeIgniter\View\View->render('common/adminlte...', Array, true)
#1 C:\xamppp\htdocs\the-final-boss\app\Views\contenidos\articulos\showArticles.php(2): view('common/adminlte...')
#2 C:\xamppp\htdocs\the-final-boss\system\View\View.php(246): include('C:\\xamppp\\htdoc...')
#3 C:\xamppp\htdocs\the-final-boss\system\Common.php(1087): CodeIgniter\View\View->render('contenidos/arti...', Array, true)
#4 C:\xamppp\htdocs\the-final-boss\app\Controllers\Content.php(30): view('contenidos/arti...', Array)
#5 C:\xamppp\htdocs\the-final-boss\system\CodeIgniter.php(914): App\Controllers\Content->index()
#6 C:\xamppp\htdocs\the-final-boss\system\CodeIgniter.php(400): CodeIgniter\CodeIgniter->runController(Object(App\Controllers\Content))
#7 C:\xamppp\htdocs\the-final-boss\system\CodeIgniter.php(308): CodeIgniter\CodeIgniter->handleRequest(NULL, Object(Config\Cache), false)
#8 C:\xamppp\htdocs\the-final-boss\public\index.php(45): CodeIgniter\CodeIgniter->run()
#9 {main}
CRITICAL - 2020-06-23 23:32:11 --> syntax error, unexpected 'dropdown' (T_STRING), expecting ';' or ','
#0 C:\xamppp\htdocs\the-final-boss\system\Common.php(1087): CodeIgniter\View\View->render('common/adminlte...', Array, true)
#1 C:\xamppp\htdocs\the-final-boss\app\Views\contenidos\articulos\showArticles.php(2): view('common/adminlte...')
#2 C:\xamppp\htdocs\the-final-boss\system\View\View.php(246): include('C:\\xamppp\\htdoc...')
#3 C:\xamppp\htdocs\the-final-boss\system\Common.php(1087): CodeIgniter\View\View->render('contenidos/arti...', Array, true)
#4 C:\xamppp\htdocs\the-final-boss\app\Controllers\Content.php(30): view('contenidos/arti...', Array)
#5 C:\xamppp\htdocs\the-final-boss\system\CodeIgniter.php(914): App\Controllers\Content->index()
#6 C:\xamppp\htdocs\the-final-boss\system\CodeIgniter.php(400): CodeIgniter\CodeIgniter->runController(Object(App\Controllers\Content))
#7 C:\xamppp\htdocs\the-final-boss\system\CodeIgniter.php(308): CodeIgniter\CodeIgniter->handleRequest(NULL, Object(Config\Cache), false)
#8 C:\xamppp\htdocs\the-final-boss\public\index.php(45): CodeIgniter\CodeIgniter->run()
#9 {main}
CRITICAL - 2020-06-23 23:42:27 --> syntax error, unexpected 'common' (T_STRING), expecting ';' or ','
#0 C:\xamppp\htdocs\the-final-boss\system\Common.php(1087): CodeIgniter\View\View->render('contenidos/arti...', Array, true)
#1 C:\xamppp\htdocs\the-final-boss\app\Controllers\Content.php(30): view('contenidos/arti...', Array)
#2 C:\xamppp\htdocs\the-final-boss\system\CodeIgniter.php(914): App\Controllers\Content->index()
#3 C:\xamppp\htdocs\the-final-boss\system\CodeIgniter.php(400): CodeIgniter\CodeIgniter->runController(Object(App\Controllers\Content))
#4 C:\xamppp\htdocs\the-final-boss\system\CodeIgniter.php(308): CodeIgniter\CodeIgniter->handleRequest(NULL, Object(Config\Cache), false)
#5 C:\xamppp\htdocs\the-final-boss\public\index.php(45): CodeIgniter\CodeIgniter->run()
#6 {main}
CRITICAL - 2020-06-23 23:43:10 --> syntax error, unexpected '"', expecting '-' or identifier (T_STRING) or variable (T_VARIABLE) or number (T_NUM_STRING)
#0 C:\xamppp\htdocs\the-final-boss\system\Common.php(1087): CodeIgniter\View\View->render('contenidos/arti...', Array, true)
#1 C:\xamppp\htdocs\the-final-boss\app\Controllers\Content.php(30): view('contenidos/arti...', Array)
#2 C:\xamppp\htdocs\the-final-boss\system\CodeIgniter.php(914): App\Controllers\Content->index()
#3 C:\xamppp\htdocs\the-final-boss\system\CodeIgniter.php(400): CodeIgniter\CodeIgniter->runController(Object(App\Controllers\Content))
#4 C:\xamppp\htdocs\the-final-boss\system\CodeIgniter.php(308): CodeIgniter\CodeIgniter->handleRequest(NULL, Object(Config\Cache), false)
#5 C:\xamppp\htdocs\the-final-boss\public\index.php(45): CodeIgniter\CodeIgniter->run()
#6 {main}
CRITICAL - 2020-06-23 23:43:33 --> syntax error, unexpected '' (T_ENCAPSED_AND_WHITESPACE), expecting '-' or identifier (T_STRING) or variable (T_VARIABLE) or number (T_NUM_STRING)
#0 C:\xamppp\htdocs\the-final-boss\system\Common.php(1087): CodeIgniter\View\View->render('contenidos/arti...', Array, true)
#1 C:\xamppp\htdocs\the-final-boss\app\Controllers\Content.php(30): view('contenidos/arti...', Array)
#2 C:\xamppp\htdocs\the-final-boss\system\CodeIgniter.php(914): App\Controllers\Content->index()
#3 C:\xamppp\htdocs\the-final-boss\system\CodeIgniter.php(400): CodeIgniter\CodeIgniter->runController(Object(App\Controllers\Content))
#4 C:\xamppp\htdocs\the-final-boss\system\CodeIgniter.php(308): CodeIgniter\CodeIgniter->handleRequest(NULL, Object(Config\Cache), false)
#5 C:\xamppp\htdocs\the-final-boss\public\index.php(45): CodeIgniter\CodeIgniter->run()
#6 {main}
CRITICAL - 2020-06-23 23:44:21 --> syntax error, unexpected '' (T_ENCAPSED_AND_WHITESPACE), expecting '-' or identifier (T_STRING) or variable (T_VARIABLE) or number (T_NUM_STRING)
#0 C:\xamppp\htdocs\the-final-boss\system\Common.php(1087): CodeIgniter\View\View->render('contenidos/arti...', Array, true)
#1 C:\xamppp\htdocs\the-final-boss\app\Controllers\Content.php(30): view('contenidos/arti...', Array)
#2 C:\xamppp\htdocs\the-final-boss\system\CodeIgniter.php(914): App\Controllers\Content->index()
#3 C:\xamppp\htdocs\the-final-boss\system\CodeIgniter.php(400): CodeIgniter\CodeIgniter->runController(Object(App\Controllers\Content))
#4 C:\xamppp\htdocs\the-final-boss\system\CodeIgniter.php(308): CodeIgniter\CodeIgniter->handleRequest(NULL, Object(Config\Cache), false)
#5 C:\xamppp\htdocs\the-final-boss\public\index.php(45): CodeIgniter\CodeIgniter->run()
#6 {main}
CRITICAL - 2020-06-23 23:45:15 --> syntax error, unexpected '' (T_ENCAPSED_AND_WHITESPACE), expecting '-' or identifier (T_STRING) or variable (T_VARIABLE) or number (T_NUM_STRING)
#0 C:\xamppp\htdocs\the-final-boss\system\Common.php(1087): CodeIgniter\View\View->render('contenidos/arti...', Array, true)
#1 C:\xamppp\htdocs\the-final-boss\app\Controllers\Content.php(30): view('contenidos/arti...', Array)
#2 C:\xamppp\htdocs\the-final-boss\system\CodeIgniter.php(914): App\Controllers\Content->index()
#3 C:\xamppp\htdocs\the-final-boss\system\CodeIgniter.php(400): CodeIgniter\CodeIgniter->runController(Object(App\Controllers\Content))
#4 C:\xamppp\htdocs\the-final-boss\system\CodeIgniter.php(308): CodeIgniter\CodeIgniter->handleRequest(NULL, Object(Config\Cache), false)
#5 C:\xamppp\htdocs\the-final-boss\public\index.php(45): CodeIgniter\CodeIgniter->run()
#6 {main}
CRITICAL - 2020-06-23 23:47:36 --> syntax error, unexpected '' (T_ENCAPSED_AND_WHITESPACE), expecting '-' or identifier (T_STRING) or variable (T_VARIABLE) or number (T_NUM_STRING)
#0 C:\xamppp\htdocs\the-final-boss\system\Common.php(1087): CodeIgniter\View\View->render('contenidos/arti...', Array, true)
#1 C:\xamppp\htdocs\the-final-boss\app\Controllers\Content.php(30): view('contenidos/arti...', Array)
#2 C:\xamppp\htdocs\the-final-boss\system\CodeIgniter.php(914): App\Controllers\Content->index()
#3 C:\xamppp\htdocs\the-final-boss\system\CodeIgniter.php(400): CodeIgniter\CodeIgniter->runController(Object(App\Controllers\Content))
#4 C:\xamppp\htdocs\the-final-boss\system\CodeIgniter.php(308): CodeIgniter\CodeIgniter->handleRequest(NULL, Object(Config\Cache), false)
#5 C:\xamppp\htdocs\the-final-boss\public\index.php(45): CodeIgniter\CodeIgniter->run()
#6 {main}
CRITICAL - 2020-06-23 23:47:54 --> syntax error, unexpected 'titulo' (T_STRING), expecting ';' or ','
#0 C:\xamppp\htdocs\the-final-boss\system\Common.php(1087): CodeIgniter\View\View->render('contenidos/arti...', Array, true)
#1 C:\xamppp\htdocs\the-final-boss\app\Controllers\Content.php(30): view('contenidos/arti...', Array)
#2 C:\xamppp\htdocs\the-final-boss\system\CodeIgniter.php(914): App\Controllers\Content->index()
#3 C:\xamppp\htdocs\the-final-boss\system\CodeIgniter.php(400): CodeIgniter\CodeIgniter->runController(Object(App\Controllers\Content))
#4 C:\xamppp\htdocs\the-final-boss\system\CodeIgniter.php(308): CodeIgniter\CodeIgniter->handleRequest(NULL, Object(Config\Cache), false)
#5 C:\xamppp\htdocs\the-final-boss\public\index.php(45): CodeIgniter\CodeIgniter->run()
#6 {main}
CRITICAL - 2020-06-23 23:47:56 --> syntax error, unexpected 'titulo' (T_STRING), expecting ';' or ','
#0 C:\xamppp\htdocs\the-final-boss\system\Common.php(1087): CodeIgniter\View\View->render('contenidos/arti...', Array, true)
#1 C:\xamppp\htdocs\the-final-boss\app\Controllers\Content.php(30): view('contenidos/arti...', Array)
#2 C:\xamppp\htdocs\the-final-boss\system\CodeIgniter.php(914): App\Controllers\Content->index()
#3 C:\xamppp\htdocs\the-final-boss\system\CodeIgniter.php(400): CodeIgniter\CodeIgniter->runController(Object(App\Controllers\Content))
#4 C:\xamppp\htdocs\the-final-boss\system\CodeIgniter.php(308): CodeIgniter\CodeIgniter->handleRequest(NULL, Object(Config\Cache), false)
#5 C:\xamppp\htdocs\the-final-boss\public\index.php(45): CodeIgniter\CodeIgniter->run()
#6 {main}
CRITICAL - 2020-06-23 23:48:27 --> syntax error, unexpected 'titulo' (T_STRING), expecting ';' or ','
#0 C:\xamppp\htdocs\the-final-boss\system\Common.php(1087): CodeIgniter\View\View->render('contenidos/arti...', Array, true)
#1 C:\xamppp\htdocs\the-final-boss\app\Controllers\Content.php(30): view('contenidos/arti...', Array)
#2 C:\xamppp\htdocs\the-final-boss\system\CodeIgniter.php(914): App\Controllers\Content->index()
#3 C:\xamppp\htdocs\the-final-boss\system\CodeIgniter.php(400): CodeIgniter\CodeIgniter->runController(Object(App\Controllers\Content))
#4 C:\xamppp\htdocs\the-final-boss\system\CodeIgniter.php(308): CodeIgniter\CodeIgniter->handleRequest(NULL, Object(Config\Cache), false)
#5 C:\xamppp\htdocs\the-final-boss\public\index.php(45): CodeIgniter\CodeIgniter->run()
#6 {main}
CRITICAL - 2020-06-23 23:48:57 --> syntax error, unexpected 'titulo' (T_STRING), expecting ';' or ','
#0 C:\xamppp\htdocs\the-final-boss\system\Common.php(1087): CodeIgniter\View\View->render('contenidos/arti...', Array, true)
#1 C:\xamppp\htdocs\the-final-boss\app\Controllers\Content.php(30): view('contenidos/arti...', Array)
#2 C:\xamppp\htdocs\the-final-boss\system\CodeIgniter.php(914): App\Controllers\Content->index()
#3 C:\xamppp\htdocs\the-final-boss\system\CodeIgniter.php(400): CodeIgniter\CodeIgniter->runController(Object(App\Controllers\Content))
#4 C:\xamppp\htdocs\the-final-boss\system\CodeIgniter.php(308): CodeIgniter\CodeIgniter->handleRequest(NULL, Object(Config\Cache), false)
#5 C:\xamppp\htdocs\the-final-boss\public\index.php(45): CodeIgniter\CodeIgniter->run()
#6 {main}
CRITICAL - 2020-06-23 23:49:02 --> syntax error, unexpected 'titulo' (T_STRING), expecting ';' or ','
#0 C:\xamppp\htdocs\the-final-boss\system\Common.php(1087): CodeIgniter\View\View->render('contenidos/arti...', Array, true)
#1 C:\xamppp\htdocs\the-final-boss\app\Controllers\Content.php(30): view('contenidos/arti...', Array)
#2 C:\xamppp\htdocs\the-final-boss\system\CodeIgniter.php(914): App\Controllers\Content->index()
#3 C:\xamppp\htdocs\the-final-boss\system\CodeIgniter.php(400): CodeIgniter\CodeIgniter->runController(Object(App\Controllers\Content))
#4 C:\xamppp\htdocs\the-final-boss\system\CodeIgniter.php(308): CodeIgniter\CodeIgniter->handleRequest(NULL, Object(Config\Cache), false)
#5 C:\xamppp\htdocs\the-final-boss\public\index.php(45): CodeIgniter\CodeIgniter->run()
#6 {main}
