CRITICAL - 2020-06-22 14:01:30 --> Undefined index: userFr
#0 C:\xamppp\htdocs\Proyecto\app\Controllers\UserController.php(182): CodeIgniter\Debug\Exceptions->errorHandler(8, 'Undefined index...', 'C:\\xamppp\\htdoc...', 182, Array)
#1 C:\xamppp\htdocs\Proyecto\system\CodeIgniter.php(914): App\Controllers\UserController->registroFrontend()
#2 C:\xamppp\htdocs\Proyecto\system\CodeIgniter.php(400): CodeIgniter\CodeIgniter->runController(Object(App\Controllers\UserController))
#3 C:\xamppp\htdocs\Proyecto\system\CodeIgniter.php(308): CodeIgniter\CodeIgniter->handleRequest(NULL, Object(Config\Cache), false)
#4 C:\xamppp\htdocs\Proyecto\public\index.php(45): CodeIgniter\CodeIgniter->run()
#5 {main}
CRITICAL - 2020-06-22 14:03:09 --> Undefined index: userFr
#0 C:\xamppp\htdocs\Proyecto\app\Controllers\UserController.php(182): CodeIgniter\Debug\Exceptions->errorHandler(8, 'Undefined index...', 'C:\\xamppp\\htdoc...', 182, Array)
#1 C:\xamppp\htdocs\Proyecto\system\CodeIgniter.php(914): App\Controllers\UserController->registroFrontend()
#2 C:\xamppp\htdocs\Proyecto\system\CodeIgniter.php(400): CodeIgniter\CodeIgniter->runController(Object(App\Controllers\UserController))
#3 C:\xamppp\htdocs\Proyecto\system\CodeIgniter.php(308): CodeIgniter\CodeIgniter->handleRequest(NULL, Object(Config\Cache), false)
#4 C:\xamppp\htdocs\Proyecto\public\index.php(45): CodeIgniter\CodeIgniter->run()
#5 {main}
CRITICAL - 2020-06-22 14:03:59 --> Undefined index: u
#0 C:\xamppp\htdocs\Proyecto\app\Controllers\UserController.php(182): CodeIgniter\Debug\Exceptions->errorHandler(8, 'Undefined index...', 'C:\\xamppp\\htdoc...', 182, Array)
#1 C:\xamppp\htdocs\Proyecto\system\CodeIgniter.php(914): App\Controllers\UserController->registroFrontend()
#2 C:\xamppp\htdocs\Proyecto\system\CodeIgniter.php(400): CodeIgniter\CodeIgniter->runController(Object(App\Controllers\UserController))
#3 C:\xamppp\htdocs\Proyecto\system\CodeIgniter.php(308): CodeIgniter\CodeIgniter->handleRequest(NULL, Object(Config\Cache), false)
#4 C:\xamppp\htdocs\Proyecto\public\index.php(45): CodeIgniter\CodeIgniter->run()
#5 {main}
CRITICAL - 2020-06-22 14:05:12 --> Undefined index: u
#0 C:\xamppp\htdocs\Proyecto\app\Controllers\UserController.php(182): CodeIgniter\Debug\Exceptions->errorHandler(8, 'Undefined index...', 'C:\\xamppp\\htdoc...', 182, Array)
#1 C:\xamppp\htdocs\Proyecto\system\CodeIgniter.php(914): App\Controllers\UserController->registroFrontend()
#2 C:\xamppp\htdocs\Proyecto\system\CodeIgniter.php(400): CodeIgniter\CodeIgniter->runController(Object(App\Controllers\UserController))
#3 C:\xamppp\htdocs\Proyecto\system\CodeIgniter.php(308): CodeIgniter\CodeIgniter->handleRequest(NULL, Object(Config\Cache), false)
#4 C:\xamppp\htdocs\Proyecto\public\index.php(45): CodeIgniter\CodeIgniter->run()
#5 {main}
CRITICAL - 2020-06-22 14:30:36 --> Call to undefined function form_open_multipart()
#0 C:\xamppp\htdocs\Proyecto\system\View\View.php(246): include()
#1 C:\xamppp\htdocs\Proyecto\system\Common.php(1087): CodeIgniter\View\View->render('UserFrontend/Re...', Array, true)
#2 C:\xamppp\htdocs\Proyecto\app\Controllers\UserController.php(196): view('UserFrontend/Re...')
#3 C:\xamppp\htdocs\Proyecto\system\CodeIgniter.php(914): App\Controllers\UserController->recuperarContra()
#4 C:\xamppp\htdocs\Proyecto\system\CodeIgniter.php(400): CodeIgniter\CodeIgniter->runController(Object(App\Controllers\UserController))
#5 C:\xamppp\htdocs\Proyecto\system\CodeIgniter.php(308): CodeIgniter\CodeIgniter->handleRequest(NULL, Object(Config\Cache), false)
#6 C:\xamppp\htdocs\Proyecto\public\index.php(45): CodeIgniter\CodeIgniter->run()
#7 {main}
CRITICAL - 2020-06-22 14:32:00 --> Call to undefined function form_open_multipart()
#0 C:\xamppp\htdocs\Proyecto\system\View\View.php(246): include()
#1 C:\xamppp\htdocs\Proyecto\system\Common.php(1087): CodeIgniter\View\View->render('UserFrontend/Re...', Array, true)
#2 C:\xamppp\htdocs\Proyecto\app\Controllers\UserController.php(196): view('UserFrontend/Re...')
#3 C:\xamppp\htdocs\Proyecto\system\CodeIgniter.php(914): App\Controllers\UserController->recuperarContra()
#4 C:\xamppp\htdocs\Proyecto\system\CodeIgniter.php(400): CodeIgniter\CodeIgniter->runController(Object(App\Controllers\UserController))
#5 C:\xamppp\htdocs\Proyecto\system\CodeIgniter.php(308): CodeIgniter\CodeIgniter->handleRequest(NULL, Object(Config\Cache), false)
#6 C:\xamppp\htdocs\Proyecto\public\index.php(45): CodeIgniter\CodeIgniter->run()
#7 {main}
CRITICAL - 2020-06-22 14:32:02 --> Call to undefined function form_open_multipart()
#0 C:\xamppp\htdocs\Proyecto\system\View\View.php(246): include()
#1 C:\xamppp\htdocs\Proyecto\system\Common.php(1087): CodeIgniter\View\View->render('UserFrontend/Re...', Array, true)
#2 C:\xamppp\htdocs\Proyecto\app\Controllers\UserController.php(196): view('UserFrontend/Re...')
#3 C:\xamppp\htdocs\Proyecto\system\CodeIgniter.php(914): App\Controllers\UserController->recuperarContra()
#4 C:\xamppp\htdocs\Proyecto\system\CodeIgniter.php(400): CodeIgniter\CodeIgniter->runController(Object(App\Controllers\UserController))
#5 C:\xamppp\htdocs\Proyecto\system\CodeIgniter.php(308): CodeIgniter\CodeIgniter->handleRequest(NULL, Object(Config\Cache), false)
#6 C:\xamppp\htdocs\Proyecto\public\index.php(45): CodeIgniter\CodeIgniter->run()
#7 {main}
CRITICAL - 2020-06-22 14:32:09 --> Call to undefined function form_open_multipart()
#0 C:\xamppp\htdocs\Proyecto\system\View\View.php(246): include()
#1 C:\xamppp\htdocs\Proyecto\system\Common.php(1087): CodeIgniter\View\View->render('UserFrontend/Re...', Array, true)
#2 C:\xamppp\htdocs\Proyecto\app\Controllers\UserController.php(196): view('UserFrontend/Re...')
#3 C:\xamppp\htdocs\Proyecto\system\CodeIgniter.php(914): App\Controllers\UserController->recuperarContra()
#4 C:\xamppp\htdocs\Proyecto\system\CodeIgniter.php(400): CodeIgniter\CodeIgniter->runController(Object(App\Controllers\UserController))
#5 C:\xamppp\htdocs\Proyecto\system\CodeIgniter.php(308): CodeIgniter\CodeIgniter->handleRequest(NULL, Object(Config\Cache), false)
#6 C:\xamppp\htdocs\Proyecto\public\index.php(45): CodeIgniter\CodeIgniter->run()
#7 {main}
CRITICAL - 2020-06-22 14:33:47 --> Call to undefined function form_open_multipart()
#0 C:\xamppp\htdocs\Proyecto\system\View\View.php(246): include()
#1 C:\xamppp\htdocs\Proyecto\system\Common.php(1087): CodeIgniter\View\View->render('UserFrontend/Re...', Array, true)
#2 C:\xamppp\htdocs\Proyecto\app\Controllers\UserController.php(196): view('UserFrontend/Re...')
#3 C:\xamppp\htdocs\Proyecto\system\CodeIgniter.php(914): App\Controllers\UserController->recuperarContra()
#4 C:\xamppp\htdocs\Proyecto\system\CodeIgniter.php(400): CodeIgniter\CodeIgniter->runController(Object(App\Controllers\UserController))
#5 C:\xamppp\htdocs\Proyecto\system\CodeIgniter.php(308): CodeIgniter\CodeIgniter->handleRequest(NULL, Object(Config\Cache), false)
#6 C:\xamppp\htdocs\Proyecto\public\index.php(45): CodeIgniter\CodeIgniter->run()
#7 {main}
CRITICAL - 2020-06-22 14:35:06 --> Call to undefined function form_open_multipart()
#0 C:\xamppp\htdocs\Proyecto\system\View\View.php(246): include()
#1 C:\xamppp\htdocs\Proyecto\system\Common.php(1087): CodeIgniter\View\View->render('UserFrontend/Re...', Array, true)
#2 C:\xamppp\htdocs\Proyecto\app\Controllers\UserController.php(196): view('UserFrontend/Re...')
#3 C:\xamppp\htdocs\Proyecto\system\CodeIgniter.php(914): App\Controllers\UserController->recuperarContra()
#4 C:\xamppp\htdocs\Proyecto\system\CodeIgniter.php(400): CodeIgniter\CodeIgniter->runController(Object(App\Controllers\UserController))
#5 C:\xamppp\htdocs\Proyecto\system\CodeIgniter.php(308): CodeIgniter\CodeIgniter->handleRequest(NULL, Object(Config\Cache), false)
#6 C:\xamppp\htdocs\Proyecto\public\index.php(45): CodeIgniter\CodeIgniter->run()
#7 {main}
CRITICAL - 2020-06-22 14:37:11 --> Call to undefined function form_open_multipart()
#0 C:\xamppp\htdocs\Proyecto\system\View\View.php(246): include()
#1 C:\xamppp\htdocs\Proyecto\system\Common.php(1087): CodeIgniter\View\View->render('UserFrontend/Re...', Array, true)
#2 C:\xamppp\htdocs\Proyecto\app\Controllers\UserController.php(196): view('UserFrontend/Re...')
#3 C:\xamppp\htdocs\Proyecto\system\CodeIgniter.php(914): App\Controllers\UserController->recuperarContra()
#4 C:\xamppp\htdocs\Proyecto\system\CodeIgniter.php(400): CodeIgniter\CodeIgniter->runController(Object(App\Controllers\UserController))
#5 C:\xamppp\htdocs\Proyecto\system\CodeIgniter.php(308): CodeIgniter\CodeIgniter->handleRequest(NULL, Object(Config\Cache), false)
#6 C:\xamppp\htdocs\Proyecto\public\index.php(45): CodeIgniter\CodeIgniter->run()
#7 {main}
CRITICAL - 2020-06-22 14:37:53 --> Call to undefined function form_open()
#0 C:\xamppp\htdocs\Proyecto\system\View\View.php(246): include()
#1 C:\xamppp\htdocs\Proyecto\system\Common.php(1087): CodeIgniter\View\View->render('UserFrontend/Re...', Array, true)
#2 C:\xamppp\htdocs\Proyecto\app\Controllers\UserController.php(196): view('UserFrontend/Re...')
#3 C:\xamppp\htdocs\Proyecto\system\CodeIgniter.php(914): App\Controllers\UserController->recuperarContra()
#4 C:\xamppp\htdocs\Proyecto\system\CodeIgniter.php(400): CodeIgniter\CodeIgniter->runController(Object(App\Controllers\UserController))
#5 C:\xamppp\htdocs\Proyecto\system\CodeIgniter.php(308): CodeIgniter\CodeIgniter->handleRequest(NULL, Object(Config\Cache), false)
#6 C:\xamppp\htdocs\Proyecto\public\index.php(45): CodeIgniter\CodeIgniter->run()
#7 {main}
CRITICAL - 2020-06-22 14:38:09 --> Call to undefined function form_open()
#0 C:\xamppp\htdocs\Proyecto\system\View\View.php(246): include()
#1 C:\xamppp\htdocs\Proyecto\system\Common.php(1087): CodeIgniter\View\View->render('UserFrontend/Re...', Array, true)
#2 C:\xamppp\htdocs\Proyecto\app\Controllers\UserController.php(196): view('UserFrontend/Re...')
#3 C:\xamppp\htdocs\Proyecto\system\CodeIgniter.php(914): App\Controllers\UserController->recuperarContra()
#4 C:\xamppp\htdocs\Proyecto\system\CodeIgniter.php(400): CodeIgniter\CodeIgniter->runController(Object(App\Controllers\UserController))
#5 C:\xamppp\htdocs\Proyecto\system\CodeIgniter.php(308): CodeIgniter\CodeIgniter->handleRequest(NULL, Object(Config\Cache), false)
#6 C:\xamppp\htdocs\Proyecto\public\index.php(45): CodeIgniter\CodeIgniter->run()
#7 {main}
CRITICAL - 2020-06-22 14:38:16 --> Call to undefined function form_open()
#0 C:\xamppp\htdocs\Proyecto\system\View\View.php(246): include()
#1 C:\xamppp\htdocs\Proyecto\system\Common.php(1087): CodeIgniter\View\View->render('UserFrontend/Re...', Array, true)
#2 C:\xamppp\htdocs\Proyecto\app\Controllers\UserController.php(196): view('UserFrontend/Re...')
#3 C:\xamppp\htdocs\Proyecto\system\CodeIgniter.php(914): App\Controllers\UserController->recuperarContra()
#4 C:\xamppp\htdocs\Proyecto\system\CodeIgniter.php(400): CodeIgniter\CodeIgniter->runController(Object(App\Controllers\UserController))
#5 C:\xamppp\htdocs\Proyecto\system\CodeIgniter.php(308): CodeIgniter\CodeIgniter->handleRequest(NULL, Object(Config\Cache), false)
#6 C:\xamppp\htdocs\Proyecto\public\index.php(45): CodeIgniter\CodeIgniter->run()
#7 {main}
CRITICAL - 2020-06-22 14:38:28 --> Call to undefined function form_open()
#0 C:\xamppp\htdocs\Proyecto\system\View\View.php(246): include()
#1 C:\xamppp\htdocs\Proyecto\system\Common.php(1087): CodeIgniter\View\View->render('UserFrontend/Re...', Array, true)
#2 C:\xamppp\htdocs\Proyecto\app\Controllers\UserController.php(196): view('UserFrontend/Re...')
#3 C:\xamppp\htdocs\Proyecto\system\CodeIgniter.php(914): App\Controllers\UserController->recuperarContra()
#4 C:\xamppp\htdocs\Proyecto\system\CodeIgniter.php(400): CodeIgniter\CodeIgniter->runController(Object(App\Controllers\UserController))
#5 C:\xamppp\htdocs\Proyecto\system\CodeIgniter.php(308): CodeIgniter\CodeIgniter->handleRequest(NULL, Object(Config\Cache), false)
#6 C:\xamppp\htdocs\Proyecto\public\index.php(45): CodeIgniter\CodeIgniter->run()
#7 {main}
CRITICAL - 2020-06-22 14:39:09 --> Call to undefined function form_open()
#0 C:\xamppp\htdocs\Proyecto\system\View\View.php(246): include()
#1 C:\xamppp\htdocs\Proyecto\system\Common.php(1087): CodeIgniter\View\View->render('UserFrontend/Re...', Array, true)
#2 C:\xamppp\htdocs\Proyecto\app\Controllers\UserController.php(196): view('UserFrontend/Re...')
#3 C:\xamppp\htdocs\Proyecto\system\CodeIgniter.php(914): App\Controllers\UserController->recuperarContra()
#4 C:\xamppp\htdocs\Proyecto\system\CodeIgniter.php(400): CodeIgniter\CodeIgniter->runController(Object(App\Controllers\UserController))
#5 C:\xamppp\htdocs\Proyecto\system\CodeIgniter.php(308): CodeIgniter\CodeIgniter->handleRequest(NULL, Object(Config\Cache), false)
#6 C:\xamppp\htdocs\Proyecto\public\index.php(45): CodeIgniter\CodeIgniter->run()
#7 {main}
CRITICAL - 2020-06-22 14:40:50 --> Call to undefined function form_open()
#0 C:\xamppp\htdocs\Proyecto\system\View\View.php(246): include()
#1 C:\xamppp\htdocs\Proyecto\system\Common.php(1087): CodeIgniter\View\View->render('UserFrontend/Re...', Array, true)
#2 C:\xamppp\htdocs\Proyecto\app\Controllers\UserController.php(196): view('UserFrontend/Re...')
#3 C:\xamppp\htdocs\Proyecto\system\CodeIgniter.php(914): App\Controllers\UserController->recuperarContra()
#4 C:\xamppp\htdocs\Proyecto\system\CodeIgniter.php(400): CodeIgniter\CodeIgniter->runController(Object(App\Controllers\UserController))
#5 C:\xamppp\htdocs\Proyecto\system\CodeIgniter.php(308): CodeIgniter\CodeIgniter->handleRequest(NULL, Object(Config\Cache), false)
#6 C:\xamppp\htdocs\Proyecto\public\index.php(45): CodeIgniter\CodeIgniter->run()
#7 {main}
CRITICAL - 2020-06-22 14:41:35 --> Call to undefined function form_open()
#0 C:\xamppp\htdocs\Proyecto\system\View\View.php(246): include()
#1 C:\xamppp\htdocs\Proyecto\system\Common.php(1087): CodeIgniter\View\View->render('UserFrontend/Re...', Array, true)
#2 C:\xamppp\htdocs\Proyecto\app\Controllers\UserController.php(196): view('UserFrontend/Re...')
#3 C:\xamppp\htdocs\Proyecto\system\CodeIgniter.php(914): App\Controllers\UserController->recuperarContra()
#4 C:\xamppp\htdocs\Proyecto\system\CodeIgniter.php(400): CodeIgniter\CodeIgniter->runController(Object(App\Controllers\UserController))
#5 C:\xamppp\htdocs\Proyecto\system\CodeIgniter.php(308): CodeIgniter\CodeIgniter->handleRequest(NULL, Object(Config\Cache), false)
#6 C:\xamppp\htdocs\Proyecto\public\index.php(45): CodeIgniter\CodeIgniter->run()
#7 {main}
CRITICAL - 2020-06-22 14:41:47 --> Call to undefined function form_open()
#0 C:\xamppp\htdocs\Proyecto\system\View\View.php(246): include()
#1 C:\xamppp\htdocs\Proyecto\system\Common.php(1087): CodeIgniter\View\View->render('UserFrontend/Re...', Array, true)
#2 C:\xamppp\htdocs\Proyecto\app\Controllers\UserController.php(196): view('UserFrontend/Re...')
#3 C:\xamppp\htdocs\Proyecto\system\CodeIgniter.php(914): App\Controllers\UserController->recuperarContra()
#4 C:\xamppp\htdocs\Proyecto\system\CodeIgniter.php(400): CodeIgniter\CodeIgniter->runController(Object(App\Controllers\UserController))
#5 C:\xamppp\htdocs\Proyecto\system\CodeIgniter.php(308): CodeIgniter\CodeIgniter->handleRequest(NULL, Object(Config\Cache), false)
#6 C:\xamppp\htdocs\Proyecto\public\index.php(45): CodeIgniter\CodeIgniter->run()
#7 {main}
CRITICAL - 2020-06-22 14:42:00 --> Call to undefined function form_open_multipart()
#0 C:\xamppp\htdocs\Proyecto\system\View\View.php(246): include()
#1 C:\xamppp\htdocs\Proyecto\system\Common.php(1087): CodeIgniter\View\View->render('UserFrontend/Re...', Array, true)
#2 C:\xamppp\htdocs\Proyecto\app\Controllers\UserController.php(196): view('UserFrontend/Re...')
#3 C:\xamppp\htdocs\Proyecto\system\CodeIgniter.php(914): App\Controllers\UserController->recuperarContra()
#4 C:\xamppp\htdocs\Proyecto\system\CodeIgniter.php(400): CodeIgniter\CodeIgniter->runController(Object(App\Controllers\UserController))
#5 C:\xamppp\htdocs\Proyecto\system\CodeIgniter.php(308): CodeIgniter\CodeIgniter->handleRequest(NULL, Object(Config\Cache), false)
#6 C:\xamppp\htdocs\Proyecto\public\index.php(45): CodeIgniter\CodeIgniter->run()
#7 {main}
CRITICAL - 2020-06-22 14:42:48 --> Call to undefined function form_open_multipart()
#0 C:\xamppp\htdocs\Proyecto\system\View\View.php(246): include()
#1 C:\xamppp\htdocs\Proyecto\system\Common.php(1087): CodeIgniter\View\View->render('UserFrontend/Re...', Array, true)
#2 C:\xamppp\htdocs\Proyecto\app\Controllers\UserController.php(196): view('UserFrontend/Re...')
#3 C:\xamppp\htdocs\Proyecto\system\CodeIgniter.php(914): App\Controllers\UserController->recuperarContra()
#4 C:\xamppp\htdocs\Proyecto\system\CodeIgniter.php(400): CodeIgniter\CodeIgniter->runController(Object(App\Controllers\UserController))
#5 C:\xamppp\htdocs\Proyecto\system\CodeIgniter.php(308): CodeIgniter\CodeIgniter->handleRequest(NULL, Object(Config\Cache), false)
#6 C:\xamppp\htdocs\Proyecto\public\index.php(45): CodeIgniter\CodeIgniter->run()
#7 {main}
CRITICAL - 2020-06-22 14:44:04 --> Call to undefined function form_open_multipart()
#0 C:\xamppp\htdocs\Proyecto\system\View\View.php(246): include()
#1 C:\xamppp\htdocs\Proyecto\system\Common.php(1087): CodeIgniter\View\View->render('UserFrontend/Re...', Array, true)
#2 C:\xamppp\htdocs\Proyecto\app\Controllers\UserController.php(196): view('UserFrontend/Re...')
#3 C:\xamppp\htdocs\Proyecto\system\CodeIgniter.php(914): App\Controllers\UserController->recuperarContra()
#4 C:\xamppp\htdocs\Proyecto\system\CodeIgniter.php(400): CodeIgniter\CodeIgniter->runController(Object(App\Controllers\UserController))
#5 C:\xamppp\htdocs\Proyecto\system\CodeIgniter.php(308): CodeIgniter\CodeIgniter->handleRequest(NULL, Object(Config\Cache), false)
#6 C:\xamppp\htdocs\Proyecto\public\index.php(45): CodeIgniter\CodeIgniter->run()
#7 {main}
CRITICAL - 2020-06-22 14:44:54 --> Call to undefined function form_open_multipart()
#0 C:\xamppp\htdocs\Proyecto\system\View\View.php(246): include()
#1 C:\xamppp\htdocs\Proyecto\system\Common.php(1087): CodeIgniter\View\View->render('UserFrontend/Re...', Array, true)
#2 C:\xamppp\htdocs\Proyecto\app\Controllers\UserController.php(196): view('UserFrontend/Re...')
#3 C:\xamppp\htdocs\Proyecto\system\CodeIgniter.php(914): App\Controllers\UserController->recuperarContra()
#4 C:\xamppp\htdocs\Proyecto\system\CodeIgniter.php(400): CodeIgniter\CodeIgniter->runController(Object(App\Controllers\UserController))
#5 C:\xamppp\htdocs\Proyecto\system\CodeIgniter.php(308): CodeIgniter\CodeIgniter->handleRequest(NULL, Object(Config\Cache), false)
#6 C:\xamppp\htdocs\Proyecto\public\index.php(45): CodeIgniter\CodeIgniter->run()
#7 {main}
CRITICAL - 2020-06-22 14:47:10 --> Call to undefined function form_open_multipart()
#0 C:\xamppp\htdocs\Proyecto\system\View\View.php(246): include()
#1 C:\xamppp\htdocs\Proyecto\system\Common.php(1087): CodeIgniter\View\View->render('UserFrontend/Re...', Array, true)
#2 C:\xamppp\htdocs\Proyecto\app\Controllers\UserController.php(196): view('UserFrontend/Re...')
#3 C:\xamppp\htdocs\Proyecto\system\CodeIgniter.php(914): App\Controllers\UserController->recuperarContra()
#4 C:\xamppp\htdocs\Proyecto\system\CodeIgniter.php(400): CodeIgniter\CodeIgniter->runController(Object(App\Controllers\UserController))
#5 C:\xamppp\htdocs\Proyecto\system\CodeIgniter.php(308): CodeIgniter\CodeIgniter->handleRequest(NULL, Object(Config\Cache), false)
#6 C:\xamppp\htdocs\Proyecto\public\index.php(45): CodeIgniter\CodeIgniter->run()
#7 {main}
CRITICAL - 2020-06-22 14:48:44 --> Call to undefined function form_open_multipart()
#0 C:\xamppp\htdocs\Proyecto\system\View\View.php(246): include()
#1 C:\xamppp\htdocs\Proyecto\system\Common.php(1087): CodeIgniter\View\View->render('UserFrontend/Re...', Array, true)
#2 C:\xamppp\htdocs\Proyecto\app\Controllers\UserController.php(196): view('UserFrontend/Re...')
#3 C:\xamppp\htdocs\Proyecto\system\CodeIgniter.php(914): App\Controllers\UserController->recuperarContra()
#4 C:\xamppp\htdocs\Proyecto\system\CodeIgniter.php(400): CodeIgniter\CodeIgniter->runController(Object(App\Controllers\UserController))
#5 C:\xamppp\htdocs\Proyecto\system\CodeIgniter.php(308): CodeIgniter\CodeIgniter->handleRequest(NULL, Object(Config\Cache), false)
#6 C:\xamppp\htdocs\Proyecto\public\index.php(45): CodeIgniter\CodeIgniter->run()
#7 {main}
CRITICAL - 2020-06-22 14:50:34 --> Call to undefined function form_open_multipart()
#0 C:\xamppp\htdocs\Proyecto\system\View\View.php(246): include()
#1 C:\xamppp\htdocs\Proyecto\system\Common.php(1087): CodeIgniter\View\View->render('UserFrontend/Re...', Array, true)
#2 C:\xamppp\htdocs\Proyecto\app\Controllers\UserController.php(196): view('UserFrontend/Re...')
#3 C:\xamppp\htdocs\Proyecto\system\CodeIgniter.php(914): App\Controllers\UserController->recuperarContra()
#4 C:\xamppp\htdocs\Proyecto\system\CodeIgniter.php(400): CodeIgniter\CodeIgniter->runController(Object(App\Controllers\UserController))
#5 C:\xamppp\htdocs\Proyecto\system\CodeIgniter.php(308): CodeIgniter\CodeIgniter->handleRequest(NULL, Object(Config\Cache), false)
#6 C:\xamppp\htdocs\Proyecto\public\index.php(45): CodeIgniter\CodeIgniter->run()
#7 {main}
CRITICAL - 2020-06-22 14:52:13 --> Call to undefined function form_open_multipart()
#0 C:\xamppp\htdocs\Proyecto\system\View\View.php(246): include()
#1 C:\xamppp\htdocs\Proyecto\system\Common.php(1087): CodeIgniter\View\View->render('UserFrontend/Re...', Array, true)
#2 C:\xamppp\htdocs\Proyecto\app\Controllers\UserController.php(196): view('UserFrontend/Re...')
#3 C:\xamppp\htdocs\Proyecto\system\CodeIgniter.php(914): App\Controllers\UserController->recuperarContra()
#4 C:\xamppp\htdocs\Proyecto\system\CodeIgniter.php(400): CodeIgniter\CodeIgniter->runController(Object(App\Controllers\UserController))
#5 C:\xamppp\htdocs\Proyecto\system\CodeIgniter.php(308): CodeIgniter\CodeIgniter->handleRequest(NULL, Object(Config\Cache), false)
#6 C:\xamppp\htdocs\Proyecto\public\index.php(45): CodeIgniter\CodeIgniter->run()
#7 {main}
CRITICAL - 2020-06-22 14:56:52 --> Call to undefined function form_open_multipart()
#0 C:\xamppp\htdocs\Proyecto\system\View\View.php(246): include()
#1 C:\xamppp\htdocs\Proyecto\system\Common.php(1087): CodeIgniter\View\View->render('UserFrontend/Re...', Array, true)
#2 C:\xamppp\htdocs\Proyecto\app\Controllers\UserController.php(196): view('UserFrontend/Re...')
#3 C:\xamppp\htdocs\Proyecto\system\CodeIgniter.php(914): App\Controllers\UserController->recuperarContra()
#4 C:\xamppp\htdocs\Proyecto\system\CodeIgniter.php(400): CodeIgniter\CodeIgniter->runController(Object(App\Controllers\UserController))
#5 C:\xamppp\htdocs\Proyecto\system\CodeIgniter.php(308): CodeIgniter\CodeIgniter->handleRequest(NULL, Object(Config\Cache), false)
#6 C:\xamppp\htdocs\Proyecto\public\index.php(45): CodeIgniter\CodeIgniter->run()
#7 {main}
CRITICAL - 2020-06-22 15:39:41 --> Undefined variable: beforeInsert
#0 C:\xamppp\htdocs\Proyecto\app\Models\UsuarioModel.php(64): CodeIgniter\Debug\Exceptions->errorHandler(8, 'Undefined varia...', 'C:\\xamppp\\htdoc...', 64, Array)
#1 C:\xamppp\htdocs\Proyecto\app\Controllers\UserController.php(179): App\Models\UsuarioModel->__construct()
#2 C:\xamppp\htdocs\Proyecto\system\CodeIgniter.php(914): App\Controllers\UserController->registroFrontend()
#3 C:\xamppp\htdocs\Proyecto\system\CodeIgniter.php(400): CodeIgniter\CodeIgniter->runController(Object(App\Controllers\UserController))
#4 C:\xamppp\htdocs\Proyecto\system\CodeIgniter.php(308): CodeIgniter\CodeIgniter->handleRequest(NULL, Object(Config\Cache), false)
#5 C:\xamppp\htdocs\Proyecto\public\index.php(45): CodeIgniter\CodeIgniter->run()
#6 {main}
CRITICAL - 2020-06-22 15:40:32 --> Trying to access array offset on value of type null
#0 C:\xamppp\htdocs\Proyecto\system\Model.php(728): CodeIgniter\Debug\Exceptions->errorHandler(8, 'Trying to acces...', 'C:\\xamppp\\htdoc...', 728, Array)
#1 C:\xamppp\htdocs\Proyecto\app\Controllers\UserController.php(182): CodeIgniter\Model->insert(Array)
#2 C:\xamppp\htdocs\Proyecto\system\CodeIgniter.php(914): App\Controllers\UserController->registroFrontend()
#3 C:\xamppp\htdocs\Proyecto\system\CodeIgniter.php(400): CodeIgniter\CodeIgniter->runController(Object(App\Controllers\UserController))
#4 C:\xamppp\htdocs\Proyecto\system\CodeIgniter.php(308): CodeIgniter\CodeIgniter->handleRequest(NULL, Object(Config\Cache), false)
#5 C:\xamppp\htdocs\Proyecto\public\index.php(45): CodeIgniter\CodeIgniter->run()
#6 {main}
CRITICAL - 2020-06-22 15:42:30 --> Trying to access array offset on value of type null
#0 C:\xamppp\htdocs\Proyecto\system\Model.php(728): CodeIgniter\Debug\Exceptions->errorHandler(8, 'Trying to acces...', 'C:\\xamppp\\htdoc...', 728, Array)
#1 C:\xamppp\htdocs\Proyecto\app\Controllers\UserController.php(183): CodeIgniter\Model->insert(Array)
#2 C:\xamppp\htdocs\Proyecto\system\CodeIgniter.php(914): App\Controllers\UserController->registroFrontend()
#3 C:\xamppp\htdocs\Proyecto\system\CodeIgniter.php(400): CodeIgniter\CodeIgniter->runController(Object(App\Controllers\UserController))
#4 C:\xamppp\htdocs\Proyecto\system\CodeIgniter.php(308): CodeIgniter\CodeIgniter->handleRequest(NULL, Object(Config\Cache), false)
#5 C:\xamppp\htdocs\Proyecto\public\index.php(45): CodeIgniter\CodeIgniter->run()
#6 {main}
CRITICAL - 2020-06-22 15:43:04 --> Trying to access array offset on value of type null
#0 C:\xamppp\htdocs\Proyecto\system\Model.php(728): CodeIgniter\Debug\Exceptions->errorHandler(8, 'Trying to acces...', 'C:\\xamppp\\htdoc...', 728, Array)
#1 C:\xamppp\htdocs\Proyecto\app\Controllers\UserController.php(183): CodeIgniter\Model->insert(Array)
#2 C:\xamppp\htdocs\Proyecto\system\CodeIgniter.php(914): App\Controllers\UserController->registroFrontend()
#3 C:\xamppp\htdocs\Proyecto\system\CodeIgniter.php(400): CodeIgniter\CodeIgniter->runController(Object(App\Controllers\UserController))
#4 C:\xamppp\htdocs\Proyecto\system\CodeIgniter.php(308): CodeIgniter\CodeIgniter->handleRequest(NULL, Object(Config\Cache), false)
#5 C:\xamppp\htdocs\Proyecto\public\index.php(45): CodeIgniter\CodeIgniter->run()
#6 {main}
CRITICAL - 2020-06-22 15:46:16 --> {0} is not a valid Model Event callback.
#0 C:\xamppp\htdocs\Proyecto\system\Model.php(1630): CodeIgniter\Database\Exceptions\DataException::forInvalidMethodTriggered('beforeInsert')
#1 C:\xamppp\htdocs\Proyecto\system\Model.php(724): CodeIgniter\Model->trigger('beforeInsert', Array)
#2 C:\xamppp\htdocs\Proyecto\app\Controllers\UserController.php(183): CodeIgniter\Model->insert(Array)
#3 C:\xamppp\htdocs\Proyecto\system\CodeIgniter.php(914): App\Controllers\UserController->registroFrontend()
#4 C:\xamppp\htdocs\Proyecto\system\CodeIgniter.php(400): CodeIgniter\CodeIgniter->runController(Object(App\Controllers\UserController))
#5 C:\xamppp\htdocs\Proyecto\system\CodeIgniter.php(308): CodeIgniter\CodeIgniter->handleRequest(NULL, Object(Config\Cache), false)
#6 C:\xamppp\htdocs\Proyecto\public\index.php(45): CodeIgniter\CodeIgniter->run()
#7 {main}
CRITICAL - 2020-06-22 15:48:46 --> {0} is not a valid Model Event callback.
#0 C:\xamppp\htdocs\Proyecto\system\Model.php(1630): CodeIgniter\Database\Exceptions\DataException::forInvalidMethodTriggered('beforeInsert')
#1 C:\xamppp\htdocs\Proyecto\system\Model.php(724): CodeIgniter\Model->trigger('beforeInsert', Array)
#2 C:\xamppp\htdocs\Proyecto\app\Controllers\UserController.php(183): CodeIgniter\Model->insert(Array)
#3 C:\xamppp\htdocs\Proyecto\system\CodeIgniter.php(914): App\Controllers\UserController->registroFrontend()
#4 C:\xamppp\htdocs\Proyecto\system\CodeIgniter.php(400): CodeIgniter\CodeIgniter->runController(Object(App\Controllers\UserController))
#5 C:\xamppp\htdocs\Proyecto\system\CodeIgniter.php(308): CodeIgniter\CodeIgniter->handleRequest(NULL, Object(Config\Cache), false)
#6 C:\xamppp\htdocs\Proyecto\public\index.php(45): CodeIgniter\CodeIgniter->run()
#7 {main}
CRITICAL - 2020-06-22 15:59:43 --> {0} is not a valid Model Event callback.
#0 C:\xamppp\htdocs\Proyecto\system\Model.php(1630): CodeIgniter\Database\Exceptions\DataException::forInvalidMethodTriggered('beforeInsert')
#1 C:\xamppp\htdocs\Proyecto\system\Model.php(724): CodeIgniter\Model->trigger('beforeInsert', Array)
#2 C:\xamppp\htdocs\Proyecto\app\Controllers\UserController.php(185): CodeIgniter\Model->insert(Array)
#3 C:\xamppp\htdocs\Proyecto\system\CodeIgniter.php(914): App\Controllers\UserController->registroFrontend()
#4 C:\xamppp\htdocs\Proyecto\system\CodeIgniter.php(400): CodeIgniter\CodeIgniter->runController(Object(App\Controllers\UserController))
#5 C:\xamppp\htdocs\Proyecto\system\CodeIgniter.php(308): CodeIgniter\CodeIgniter->handleRequest(NULL, Object(Config\Cache), false)
#6 C:\xamppp\htdocs\Proyecto\public\index.php(45): CodeIgniter\CodeIgniter->run()
#7 {main}
CRITICAL - 2020-06-22 16:04:25 --> Undefined variable: contra
#0 C:\xamppp\htdocs\Proyecto\app\Views\UserFrontend\RegistroFront.php(16): CodeIgniter\Debug\Exceptions->errorHandler(8, 'Undefined varia...', 'C:\\xamppp\\htdoc...', 16, Array)
#1 C:\xamppp\htdocs\Proyecto\system\View\View.php(246): include('C:\\xamppp\\htdoc...')
#2 C:\xamppp\htdocs\Proyecto\system\Common.php(1087): CodeIgniter\View\View->render('UserFrontend/Re...', Array, true)
#3 C:\xamppp\htdocs\Proyecto\app\Controllers\UserController.php(196): view('UserFrontend/Re...', Array)
#4 C:\xamppp\htdocs\Proyecto\system\CodeIgniter.php(914): App\Controllers\UserController->registroFrontend()
#5 C:\xamppp\htdocs\Proyecto\system\CodeIgniter.php(400): CodeIgniter\CodeIgniter->runController(Object(App\Controllers\UserController))
#6 C:\xamppp\htdocs\Proyecto\system\CodeIgniter.php(308): CodeIgniter\CodeIgniter->handleRequest(NULL, Object(Config\Cache), false)
#7 C:\xamppp\htdocs\Proyecto\public\index.php(45): CodeIgniter\CodeIgniter->run()
#8 {main}
CRITICAL - 2020-06-22 16:05:05 --> Undefined variable: contra
#0 C:\xamppp\htdocs\Proyecto\app\Controllers\UserController.php(72): CodeIgniter\Debug\Exceptions->errorHandler(8, 'Undefined varia...', 'C:\\xamppp\\htdoc...', 72, Array)
#1 C:\xamppp\htdocs\Proyecto\system\CodeIgniter.php(914): App\Controllers\UserController->registro()
#2 C:\xamppp\htdocs\Proyecto\system\CodeIgniter.php(400): CodeIgniter\CodeIgniter->runController(Object(App\Controllers\UserController))
#3 C:\xamppp\htdocs\Proyecto\system\CodeIgniter.php(308): CodeIgniter\CodeIgniter->handleRequest(NULL, Object(Config\Cache), false)
#4 C:\xamppp\htdocs\Proyecto\public\index.php(45): CodeIgniter\CodeIgniter->run()
#5 {main}
CRITICAL - 2020-06-22 16:08:11 --> Undefined variable: contra
#0 C:\xamppp\htdocs\Proyecto\app\Controllers\UserController.php(72): CodeIgniter\Debug\Exceptions->errorHandler(8, 'Undefined varia...', 'C:\\xamppp\\htdoc...', 72, Array)
#1 C:\xamppp\htdocs\Proyecto\system\CodeIgniter.php(914): App\Controllers\UserController->registro()
#2 C:\xamppp\htdocs\Proyecto\system\CodeIgniter.php(400): CodeIgniter\CodeIgniter->runController(Object(App\Controllers\UserController))
#3 C:\xamppp\htdocs\Proyecto\system\CodeIgniter.php(308): CodeIgniter\CodeIgniter->handleRequest(NULL, Object(Config\Cache), false)
#4 C:\xamppp\htdocs\Proyecto\public\index.php(45): CodeIgniter\CodeIgniter->run()
#5 {main}
CRITICAL - 2020-06-22 16:11:25 --> Undefined variable: contra
#0 C:\xamppp\htdocs\Proyecto\app\Controllers\UserController.php(64): CodeIgniter\Debug\Exceptions->errorHandler(8, 'Undefined varia...', 'C:\\xamppp\\htdoc...', 64, Array)
#1 C:\xamppp\htdocs\Proyecto\system\CodeIgniter.php(914): App\Controllers\UserController->registro()
#2 C:\xamppp\htdocs\Proyecto\system\CodeIgniter.php(400): CodeIgniter\CodeIgniter->runController(Object(App\Controllers\UserController))
#3 C:\xamppp\htdocs\Proyecto\system\CodeIgniter.php(308): CodeIgniter\CodeIgniter->handleRequest(NULL, Object(Config\Cache), false)
#4 C:\xamppp\htdocs\Proyecto\public\index.php(45): CodeIgniter\CodeIgniter->run()
#5 {main}
CRITICAL - 2020-06-22 16:16:59 --> Argument 1 passed to App\Models\UsuarioModel::contrasena() must be of the type array, string given, called in C:\xamppp\htdocs\Proyecto\app\Controllers\UserController.php on line 58
#0 C:\xamppp\htdocs\Proyecto\app\Controllers\UserController.php(58): App\Models\UsuarioModel->contrasena('123456')
#1 C:\xamppp\htdocs\Proyecto\system\CodeIgniter.php(914): App\Controllers\UserController->registro()
#2 C:\xamppp\htdocs\Proyecto\system\CodeIgniter.php(400): CodeIgniter\CodeIgniter->runController(Object(App\Controllers\UserController))
#3 C:\xamppp\htdocs\Proyecto\system\CodeIgniter.php(308): CodeIgniter\CodeIgniter->handleRequest(NULL, Object(Config\Cache), false)
#4 C:\xamppp\htdocs\Proyecto\public\index.php(45): CodeIgniter\CodeIgniter->run()
#5 {main}
CRITICAL - 2020-06-22 16:35:03 --> Argument 1 passed to CodeIgniter\Validation\Validation::run() must be of the type array or null, string given, called in C:\xamppp\htdocs\Proyecto\system\Model.php on line 1443
#0 C:\xamppp\htdocs\Proyecto\system\Model.php(1443): CodeIgniter\Validation\Validation->run('$2y$10$.cjSCBnr...', NULL, NULL)
#1 C:\xamppp\htdocs\Proyecto\system\Model.php(701): CodeIgniter\Model->validate('$2y$10$.cjSCBnr...')
#2 C:\xamppp\htdocs\Proyecto\app\Controllers\UserController.php(68): CodeIgniter\Model->insert('$2y$10$.cjSCBnr...')
#3 C:\xamppp\htdocs\Proyecto\system\CodeIgniter.php(914): App\Controllers\UserController->registro()
#4 C:\xamppp\htdocs\Proyecto\system\CodeIgniter.php(400): CodeIgniter\CodeIgniter->runController(Object(App\Controllers\UserController))
#5 C:\xamppp\htdocs\Proyecto\system\CodeIgniter.php(308): CodeIgniter\CodeIgniter->handleRequest(NULL, Object(Config\Cache), false)
#6 C:\xamppp\htdocs\Proyecto\public\index.php(45): CodeIgniter\CodeIgniter->run()
#7 {main}
CRITICAL - 2020-06-22 16:35:24 --> Argument 1 passed to CodeIgniter\Validation\Validation::run() must be of the type array or null, string given, called in C:\xamppp\htdocs\Proyecto\system\Model.php on line 1443
#0 C:\xamppp\htdocs\Proyecto\system\Model.php(1443): CodeIgniter\Validation\Validation->run('$2y$10$.fpmzlWh...', NULL, NULL)
#1 C:\xamppp\htdocs\Proyecto\system\Model.php(701): CodeIgniter\Model->validate('$2y$10$.fpmzlWh...')
#2 C:\xamppp\htdocs\Proyecto\app\Controllers\UserController.php(68): CodeIgniter\Model->insert('$2y$10$.fpmzlWh...')
#3 C:\xamppp\htdocs\Proyecto\system\CodeIgniter.php(914): App\Controllers\UserController->registro()
#4 C:\xamppp\htdocs\Proyecto\system\CodeIgniter.php(400): CodeIgniter\CodeIgniter->runController(Object(App\Controllers\UserController))
#5 C:\xamppp\htdocs\Proyecto\system\CodeIgniter.php(308): CodeIgniter\CodeIgniter->handleRequest(NULL, Object(Config\Cache), false)
#6 C:\xamppp\htdocs\Proyecto\public\index.php(45): CodeIgniter\CodeIgniter->run()
#7 {main}
CRITICAL - 2020-06-22 16:35:56 --> Argument 1 passed to CodeIgniter\Validation\Validation::run() must be of the type array or null, string given, called in C:\xamppp\htdocs\Proyecto\system\Model.php on line 1443
#0 C:\xamppp\htdocs\Proyecto\system\Model.php(1443): CodeIgniter\Validation\Validation->run('$2y$10$rlppoiFF...', NULL, NULL)
#1 C:\xamppp\htdocs\Proyecto\system\Model.php(701): CodeIgniter\Model->validate('$2y$10$rlppoiFF...')
#2 C:\xamppp\htdocs\Proyecto\app\Controllers\UserController.php(68): CodeIgniter\Model->insert('$2y$10$rlppoiFF...')
#3 C:\xamppp\htdocs\Proyecto\system\CodeIgniter.php(914): App\Controllers\UserController->registro()
#4 C:\xamppp\htdocs\Proyecto\system\CodeIgniter.php(400): CodeIgniter\CodeIgniter->runController(Object(App\Controllers\UserController))
#5 C:\xamppp\htdocs\Proyecto\system\CodeIgniter.php(308): CodeIgniter\CodeIgniter->handleRequest(NULL, Object(Config\Cache), false)
#6 C:\xamppp\htdocs\Proyecto\public\index.php(45): CodeIgniter\CodeIgniter->run()
#7 {main}
CRITICAL - 2020-06-22 16:43:50 --> Illegal string offset 'contrasena_confir'
#0 C:\xamppp\htdocs\Proyecto\app\Controllers\UserController.php(58): CodeIgniter\Debug\Exceptions->errorHandler(2, 'Illegal string ...', 'C:\\xamppp\\htdoc...', 58, Array)
#1 C:\xamppp\htdocs\Proyecto\system\CodeIgniter.php(914): App\Controllers\UserController->registro()
#2 C:\xamppp\htdocs\Proyecto\system\CodeIgniter.php(400): CodeIgniter\CodeIgniter->runController(Object(App\Controllers\UserController))
#3 C:\xamppp\htdocs\Proyecto\system\CodeIgniter.php(308): CodeIgniter\CodeIgniter->handleRequest(NULL, Object(Config\Cache), false)
#4 C:\xamppp\htdocs\Proyecto\public\index.php(45): CodeIgniter\CodeIgniter->run()
#5 {main}
CRITICAL - 2020-06-22 16:59:45 --> Undefined variable: datos
#0 C:\xamppp\htdocs\Proyecto\app\Controllers\UserController.php(71): CodeIgniter\Debug\Exceptions->errorHandler(8, 'Undefined varia...', 'C:\\xamppp\\htdoc...', 71, Array)
#1 C:\xamppp\htdocs\Proyecto\system\CodeIgniter.php(914): App\Controllers\UserController->registro()
#2 C:\xamppp\htdocs\Proyecto\system\CodeIgniter.php(400): CodeIgniter\CodeIgniter->runController(Object(App\Controllers\UserController))
#3 C:\xamppp\htdocs\Proyecto\system\CodeIgniter.php(308): CodeIgniter\CodeIgniter->handleRequest(NULL, Object(Config\Cache), false)
#4 C:\xamppp\htdocs\Proyecto\public\index.php(45): CodeIgniter\CodeIgniter->run()
#5 {main}
CRITICAL - 2020-06-22 17:26:50 --> Undefined index: user
#0 C:\xamppp\htdocs\Proyecto\app\Controllers\UserController.php(193): CodeIgniter\Debug\Exceptions->errorHandler(8, 'Undefined index...', 'C:\\xamppp\\htdoc...', 193, Array)
#1 C:\xamppp\htdocs\Proyecto\system\CodeIgniter.php(914): App\Controllers\UserController->registroFrontend()
#2 C:\xamppp\htdocs\Proyecto\system\CodeIgniter.php(400): CodeIgniter\CodeIgniter->runController(Object(App\Controllers\UserController))
#3 C:\xamppp\htdocs\Proyecto\system\CodeIgniter.php(308): CodeIgniter\CodeIgniter->handleRequest(NULL, Object(Config\Cache), false)
#4 C:\xamppp\htdocs\Proyecto\public\index.php(45): CodeIgniter\CodeIgniter->run()
#5 {main}
CRITICAL - 2020-06-22 17:53:50 --> You have an error in your SQL syntax; check the manual that corresponds to your MariaDB server version for the right syntax to use near ':id:' at line 1
#0 C:\xamppp\htdocs\Proyecto\system\Database\MySQLi\Connection.php(331): mysqli->query('SELECT contrase...')
#1 C:\xamppp\htdocs\Proyecto\system\Database\BaseConnection.php(738): CodeIgniter\Database\MySQLi\Connection->execute('SELECT contrase...')
#2 C:\xamppp\htdocs\Proyecto\system\Database\BaseConnection.php(666): CodeIgniter\Database\BaseConnection->simpleQuery('SELECT contrase...')
#3 C:\xamppp\htdocs\Proyecto\app\Models\UsuarioModel.php(88): CodeIgniter\Database\BaseConnection->query('SELECT contrase...', Array)
#4 C:\xamppp\htdocs\Proyecto\app\Controllers\UserController.php(29): App\Models\UsuarioModel->contra('123456')
#5 C:\xamppp\htdocs\Proyecto\system\CodeIgniter.php(914): App\Controllers\UserController->login()
#6 C:\xamppp\htdocs\Proyecto\system\CodeIgniter.php(400): CodeIgniter\CodeIgniter->runController(Object(App\Controllers\UserController))
#7 C:\xamppp\htdocs\Proyecto\system\CodeIgniter.php(308): CodeIgniter\CodeIgniter->handleRequest(NULL, Object(Config\Cache), false)
#8 C:\xamppp\htdocs\Proyecto\public\index.php(45): CodeIgniter\CodeIgniter->run()
#9 {main}
CRITICAL - 2020-06-22 18:04:07 --> Array to string conversion
#0 C:\xamppp\htdocs\Proyecto\app\Controllers\UserController.php(34): CodeIgniter\Debug\Exceptions->errorHandler(8, 'Array to string...', 'C:\\xamppp\\htdoc...', 34, Array)
#1 C:\xamppp\htdocs\Proyecto\system\CodeIgniter.php(914): App\Controllers\UserController->login()
#2 C:\xamppp\htdocs\Proyecto\system\CodeIgniter.php(400): CodeIgniter\CodeIgniter->runController(Object(App\Controllers\UserController))
#3 C:\xamppp\htdocs\Proyecto\system\CodeIgniter.php(308): CodeIgniter\CodeIgniter->handleRequest(NULL, Object(Config\Cache), false)
#4 C:\xamppp\htdocs\Proyecto\public\index.php(45): CodeIgniter\CodeIgniter->run()
#5 {main}
CRITICAL - 2020-06-22 18:08:57 --> Undefined variable: consulta
#0 C:\xamppp\htdocs\Proyecto\app\Controllers\UserController.php(34): CodeIgniter\Debug\Exceptions->errorHandler(8, 'Undefined varia...', 'C:\\xamppp\\htdoc...', 34, Array)
#1 C:\xamppp\htdocs\Proyecto\system\CodeIgniter.php(914): App\Controllers\UserController->login()
#2 C:\xamppp\htdocs\Proyecto\system\CodeIgniter.php(400): CodeIgniter\CodeIgniter->runController(Object(App\Controllers\UserController))
#3 C:\xamppp\htdocs\Proyecto\system\CodeIgniter.php(308): CodeIgniter\CodeIgniter->handleRequest(NULL, Object(Config\Cache), false)
#4 C:\xamppp\htdocs\Proyecto\public\index.php(45): CodeIgniter\CodeIgniter->run()
#5 {main}
CRITICAL - 2020-06-22 18:12:10 --> Undefined variable: consulta
#0 C:\xamppp\htdocs\Proyecto\app\Controllers\UserController.php(34): CodeIgniter\Debug\Exceptions->errorHandler(8, 'Undefined varia...', 'C:\\xamppp\\htdoc...', 34, Array)
#1 C:\xamppp\htdocs\Proyecto\system\CodeIgniter.php(914): App\Controllers\UserController->login()
#2 C:\xamppp\htdocs\Proyecto\system\CodeIgniter.php(400): CodeIgniter\CodeIgniter->runController(Object(App\Controllers\UserController))
#3 C:\xamppp\htdocs\Proyecto\system\CodeIgniter.php(308): CodeIgniter\CodeIgniter->handleRequest(NULL, Object(Config\Cache), false)
#4 C:\xamppp\htdocs\Proyecto\public\index.php(45): CodeIgniter\CodeIgniter->run()
#5 {main}
CRITICAL - 2020-06-22 18:12:21 --> Undefined variable: contrasena
#0 C:\xamppp\htdocs\Proyecto\app\Controllers\UserController.php(35): CodeIgniter\Debug\Exceptions->errorHandler(8, 'Undefined varia...', 'C:\\xamppp\\htdoc...', 35, Array)
#1 C:\xamppp\htdocs\Proyecto\system\CodeIgniter.php(914): App\Controllers\UserController->login()
#2 C:\xamppp\htdocs\Proyecto\system\CodeIgniter.php(400): CodeIgniter\CodeIgniter->runController(Object(App\Controllers\UserController))
#3 C:\xamppp\htdocs\Proyecto\system\CodeIgniter.php(308): CodeIgniter\CodeIgniter->handleRequest(NULL, Object(Config\Cache), false)
#4 C:\xamppp\htdocs\Proyecto\public\index.php(45): CodeIgniter\CodeIgniter->run()
#5 {main}
CRITICAL - 2020-06-22 18:23:22 --> Cannot use object of type stdClass as array
#0 C:\xamppp\htdocs\Proyecto\system\CodeIgniter.php(914): App\Controllers\UserController->login()
#1 C:\xamppp\htdocs\Proyecto\system\CodeIgniter.php(400): CodeIgniter\CodeIgniter->runController(Object(App\Controllers\UserController))
#2 C:\xamppp\htdocs\Proyecto\system\CodeIgniter.php(308): CodeIgniter\CodeIgniter->handleRequest(NULL, Object(Config\Cache), false)
#3 C:\xamppp\htdocs\Proyecto\public\index.php(45): CodeIgniter\CodeIgniter->run()
#4 {main}
CRITICAL - 2020-06-22 18:23:57 --> Cannot use object of type stdClass as array
#0 C:\xamppp\htdocs\Proyecto\system\CodeIgniter.php(914): App\Controllers\UserController->login()
#1 C:\xamppp\htdocs\Proyecto\system\CodeIgniter.php(400): CodeIgniter\CodeIgniter->runController(Object(App\Controllers\UserController))
#2 C:\xamppp\htdocs\Proyecto\system\CodeIgniter.php(308): CodeIgniter\CodeIgniter->handleRequest(NULL, Object(Config\Cache), false)
#3 C:\xamppp\htdocs\Proyecto\public\index.php(45): CodeIgniter\CodeIgniter->run()
#4 {main}
CRITICAL - 2020-06-22 18:26:28 --> Cannot use object of type stdClass as array
#0 C:\xamppp\htdocs\Proyecto\system\CodeIgniter.php(914): App\Controllers\UserController->login()
#1 C:\xamppp\htdocs\Proyecto\system\CodeIgniter.php(400): CodeIgniter\CodeIgniter->runController(Object(App\Controllers\UserController))
#2 C:\xamppp\htdocs\Proyecto\system\CodeIgniter.php(308): CodeIgniter\CodeIgniter->handleRequest(NULL, Object(Config\Cache), false)
#3 C:\xamppp\htdocs\Proyecto\public\index.php(45): CodeIgniter\CodeIgniter->run()
#4 {main}
CRITICAL - 2020-06-22 18:27:15 --> Undefined variable: coreo
#0 C:\xamppp\htdocs\Proyecto\app\Controllers\UserController.php(33): CodeIgniter\Debug\Exceptions->errorHandler(8, 'Undefined varia...', 'C:\\xamppp\\htdoc...', 33, Array)
#1 C:\xamppp\htdocs\Proyecto\system\CodeIgniter.php(914): App\Controllers\UserController->login()
#2 C:\xamppp\htdocs\Proyecto\system\CodeIgniter.php(400): CodeIgniter\CodeIgniter->runController(Object(App\Controllers\UserController))
#3 C:\xamppp\htdocs\Proyecto\system\CodeIgniter.php(308): CodeIgniter\CodeIgniter->handleRequest(NULL, Object(Config\Cache), false)
#4 C:\xamppp\htdocs\Proyecto\public\index.php(45): CodeIgniter\CodeIgniter->run()
#5 {main}
CRITICAL - 2020-06-22 18:43:18 --> Undefined variable: contra
#0 C:\xamppp\htdocs\Proyecto\app\Controllers\UserController.php(50): CodeIgniter\Debug\Exceptions->errorHandler(8, 'Undefined varia...', 'C:\\xamppp\\htdoc...', 50, Array)
#1 C:\xamppp\htdocs\Proyecto\system\CodeIgniter.php(914): App\Controllers\UserController->login()
#2 C:\xamppp\htdocs\Proyecto\system\CodeIgniter.php(400): CodeIgniter\CodeIgniter->runController(Object(App\Controllers\UserController))
#3 C:\xamppp\htdocs\Proyecto\system\CodeIgniter.php(308): CodeIgniter\CodeIgniter->handleRequest(NULL, Object(Config\Cache), false)
#4 C:\xamppp\htdocs\Proyecto\public\index.php(45): CodeIgniter\CodeIgniter->run()
#5 {main}
CRITICAL - 2020-06-22 18:50:11 --> Undefined variable: opciones
#0 C:\xamppp\htdocs\Proyecto\app\Controllers\UserController.php(99): CodeIgniter\Debug\Exceptions->errorHandler(8, 'Undefined varia...', 'C:\\xamppp\\htdoc...', 99, Array)
#1 C:\xamppp\htdocs\Proyecto\system\CodeIgniter.php(914): App\Controllers\UserController->registro()
#2 C:\xamppp\htdocs\Proyecto\system\CodeIgniter.php(400): CodeIgniter\CodeIgniter->runController(Object(App\Controllers\UserController))
#3 C:\xamppp\htdocs\Proyecto\system\CodeIgniter.php(308): CodeIgniter\CodeIgniter->handleRequest(NULL, Object(Config\Cache), false)
#4 C:\xamppp\htdocs\Proyecto\public\index.php(45): CodeIgniter\CodeIgniter->run()
#5 {main}
CRITICAL - 2020-06-22 18:52:42 --> Call to undefined function App\Controllers\mcrypt_create_iv()
#0 C:\xamppp\htdocs\Proyecto\system\CodeIgniter.php(914): App\Controllers\UserController->registro()
#1 C:\xamppp\htdocs\Proyecto\system\CodeIgniter.php(400): CodeIgniter\CodeIgniter->runController(Object(App\Controllers\UserController))
#2 C:\xamppp\htdocs\Proyecto\system\CodeIgniter.php(308): CodeIgniter\CodeIgniter->handleRequest(NULL, Object(Config\Cache), false)
#3 C:\xamppp\htdocs\Proyecto\public\index.php(45): CodeIgniter\CodeIgniter->run()
#4 {main}
CRITICAL - 2020-06-22 18:53:02 --> Call to undefined function App\Controllers\mcrypt_create_iv()
#0 C:\xamppp\htdocs\Proyecto\system\CodeIgniter.php(914): App\Controllers\UserController->registro()
#1 C:\xamppp\htdocs\Proyecto\system\CodeIgniter.php(400): CodeIgniter\CodeIgniter->runController(Object(App\Controllers\UserController))
#2 C:\xamppp\htdocs\Proyecto\system\CodeIgniter.php(308): CodeIgniter\CodeIgniter->handleRequest(NULL, Object(Config\Cache), false)
#3 C:\xamppp\htdocs\Proyecto\public\index.php(45): CodeIgniter\CodeIgniter->run()
#4 {main}
CRITICAL - 2020-06-22 18:54:35 --> Call to undefined function App\Controllers\mcrypt_create_iv()
#0 C:\xamppp\htdocs\Proyecto\system\CodeIgniter.php(914): App\Controllers\UserController->registro()
#1 C:\xamppp\htdocs\Proyecto\system\CodeIgniter.php(400): CodeIgniter\CodeIgniter->runController(Object(App\Controllers\UserController))
#2 C:\xamppp\htdocs\Proyecto\system\CodeIgniter.php(308): CodeIgniter\CodeIgniter->handleRequest(NULL, Object(Config\Cache), false)
#3 C:\xamppp\htdocs\Proyecto\public\index.php(45): CodeIgniter\CodeIgniter->run()
#4 {main}
CRITICAL - 2020-06-22 18:54:45 --> Call to undefined function App\Controllers\mcrypt_create_iv()
#0 C:\xamppp\htdocs\Proyecto\system\CodeIgniter.php(914): App\Controllers\UserController->registro()
#1 C:\xamppp\htdocs\Proyecto\system\CodeIgniter.php(400): CodeIgniter\CodeIgniter->runController(Object(App\Controllers\UserController))
#2 C:\xamppp\htdocs\Proyecto\system\CodeIgniter.php(308): CodeIgniter\CodeIgniter->handleRequest(NULL, Object(Config\Cache), false)
#3 C:\xamppp\htdocs\Proyecto\public\index.php(45): CodeIgniter\CodeIgniter->run()
#4 {main}
CRITICAL - 2020-06-22 19:12:26 --> Undefined variable: cor
#0 C:\xamppp\htdocs\Proyecto\app\Controllers\UserController.php(28): CodeIgniter\Debug\Exceptions->errorHandler(8, 'Undefined varia...', 'C:\\xamppp\\htdoc...', 28, Array)
#1 C:\xamppp\htdocs\Proyecto\system\CodeIgniter.php(914): App\Controllers\UserController->login()
#2 C:\xamppp\htdocs\Proyecto\system\CodeIgniter.php(400): CodeIgniter\CodeIgniter->runController(Object(App\Controllers\UserController))
#3 C:\xamppp\htdocs\Proyecto\system\CodeIgniter.php(308): CodeIgniter\CodeIgniter->handleRequest(NULL, Object(Config\Cache), false)
#4 C:\xamppp\htdocs\Proyecto\public\index.php(45): CodeIgniter\CodeIgniter->run()
#5 {main}
