CRITICAL - 2020-06-29 22:09:03 --> Undefined index: nombre
#0 C:\xampp\htdocs\the-final-boss\app\Views\common\formheader.php(85): CodeIgniter\Debug\Exceptions->errorHandler(8, 'Undefined index...', 'C:\\xampp\\htdocs...', 85, Array)
#1 C:\xampp\htdocs\the-final-boss\system\View\View.php(246): include('C:\\xampp\\htdocs...')
#2 C:\xampp\htdocs\the-final-boss\system\Common.php(1087): CodeIgniter\View\View->render('common/formhead...', Array, true)
#3 C:\xampp\htdocs\the-final-boss\app\Views\contenidos\paginas\page.php(2): view('common/formhead...', Array)
#4 C:\xampp\htdocs\the-final-boss\system\View\View.php(246): include('C:\\xampp\\htdocs...')
#5 C:\xampp\htdocs\the-final-boss\system\Common.php(1087): CodeIgniter\View\View->render('contenidos/pagi...', Array, true)
#6 C:\xampp\htdocs\the-final-boss\app\Controllers\Content.php(192): view('contenidos/pagi...', Array)
#7 C:\xampp\htdocs\the-final-boss\system\CodeIgniter.php(914): App\Controllers\Content->pagina('1')
#8 C:\xampp\htdocs\the-final-boss\system\CodeIgniter.php(400): CodeIgniter\CodeIgniter->runController(Object(App\Controllers\Content))
#9 C:\xampp\htdocs\the-final-boss\system\CodeIgniter.php(308): CodeIgniter\CodeIgniter->handleRequest(NULL, Object(Config\Cache), false)
#10 C:\xampp\htdocs\the-final-boss\public\index.php(45): CodeIgniter\CodeIgniter->run()
#11 {main}
CRITICAL - 2020-06-29 23:29:53 --> syntax error, unexpected ')'
#0 C:\xampp\htdocs\the-final-boss\system\Common.php(1087): CodeIgniter\View\View->render('contenidos/pagi...', Array, true)
#1 C:\xampp\htdocs\the-final-boss\app\Controllers\Content.php(192): view('contenidos/pagi...', Array)
#2 C:\xampp\htdocs\the-final-boss\system\CodeIgniter.php(914): App\Controllers\Content->pagina('3')
#3 C:\xampp\htdocs\the-final-boss\system\CodeIgniter.php(400): CodeIgniter\CodeIgniter->runController(Object(App\Controllers\Content))
#4 C:\xampp\htdocs\the-final-boss\system\CodeIgniter.php(308): CodeIgniter\CodeIgniter->handleRequest(NULL, Object(Config\Cache), false)
#5 C:\xampp\htdocs\the-final-boss\public\index.php(45): CodeIgniter\CodeIgniter->run()
#6 {main}
CRITICAL - 2020-06-29 23:30:12 --> syntax error, unexpected ')'
#0 C:\xampp\htdocs\the-final-boss\system\Common.php(1087): CodeIgniter\View\View->render('contenidos/pagi...', Array, true)
#1 C:\xampp\htdocs\the-final-boss\app\Controllers\Content.php(192): view('contenidos/pagi...', Array)
#2 C:\xampp\htdocs\the-final-boss\system\CodeIgniter.php(914): App\Controllers\Content->pagina('3')
#3 C:\xampp\htdocs\the-final-boss\system\CodeIgniter.php(400): CodeIgniter\CodeIgniter->runController(Object(App\Controllers\Content))
#4 C:\xampp\htdocs\the-final-boss\system\CodeIgniter.php(308): CodeIgniter\CodeIgniter->handleRequest(NULL, Object(Config\Cache), false)
#5 C:\xampp\htdocs\the-final-boss\public\index.php(45): CodeIgniter\CodeIgniter->run()
#6 {main}
CRITICAL - 2020-06-29 23:30:42 --> syntax error, unexpected ')'
#0 C:\xampp\htdocs\the-final-boss\system\Common.php(1087): CodeIgniter\View\View->render('contenidos/pagi...', Array, true)
#1 C:\xampp\htdocs\the-final-boss\app\Controllers\Content.php(192): view('contenidos/pagi...', Array)
#2 C:\xampp\htdocs\the-final-boss\system\CodeIgniter.php(914): App\Controllers\Content->pagina('3')
#3 C:\xampp\htdocs\the-final-boss\system\CodeIgniter.php(400): CodeIgniter\CodeIgniter->runController(Object(App\Controllers\Content))
#4 C:\xampp\htdocs\the-final-boss\system\CodeIgniter.php(308): CodeIgniter\CodeIgniter->handleRequest(NULL, Object(Config\Cache), false)
#5 C:\xampp\htdocs\the-final-boss\public\index.php(45): CodeIgniter\CodeIgniter->run()
#6 {main}
CRITICAL - 2020-06-29 23:31:14 --> syntax error, unexpected ')'
#0 C:\xampp\htdocs\the-final-boss\system\Common.php(1087): CodeIgniter\View\View->render('contenidos/pagi...', Array, true)
#1 C:\xampp\htdocs\the-final-boss\app\Controllers\Content.php(192): view('contenidos/pagi...', Array)
#2 C:\xampp\htdocs\the-final-boss\system\CodeIgniter.php(914): App\Controllers\Content->pagina('3')
#3 C:\xampp\htdocs\the-final-boss\system\CodeIgniter.php(400): CodeIgniter\CodeIgniter->runController(Object(App\Controllers\Content))
#4 C:\xampp\htdocs\the-final-boss\system\CodeIgniter.php(308): CodeIgniter\CodeIgniter->handleRequest(NULL, Object(Config\Cache), false)
#5 C:\xampp\htdocs\the-final-boss\public\index.php(45): CodeIgniter\CodeIgniter->run()
#6 {main}
